CD000996	num_shown	281
CD000996	rels_found	6
CD000996	num_rels	6
CD000996	last_rel	72
CD000996	norm_last_rel	0.256
CD000996	threshold	101
CD000996	norm_threshold	0.359
CD000996	wss_100	0.744
CD000996	wss_95	0.694
CD000996	cg_total	6.0
CD000996	cg_max	6.0
CD000996	cg_threshold	6.0
CD000996	recall_threshold	1.0
CD000996	threshold	101
CD000996	recall@1.0%	0.0
CD000996	recall@2.0%	0.0
CD000996	recall@3.0%	0.0
CD000996	recall@4.0%	0.0
CD000996	recall@5.0%	0.0
CD000996	recall@6.0%	0.0
CD000996	recall@7.0%	0.0
CD000996	recall@8.0%	0.0
CD000996	recall@9.0%	0.167
CD000996	recall@10.0%	0.333
CD000996	recall@11.0%	0.5
CD000996	recall@12.0%	0.5
CD000996	recall@13.0%	0.5
CD000996	recall@14.0%	0.5
CD000996	recall@15.0%	0.5
CD000996	recall@16.0%	0.5
CD000996	recall@17.0%	0.5
CD000996	recall@18.0%	0.5
CD000996	recall@19.0%	0.667
CD000996	recall@20.0%	0.667
CD000996	recall@21.0%	0.667
CD000996	recall@22.0%	0.667
CD000996	recall@23.0%	0.667
CD000996	recall@24.0%	0.667
CD000996	recall@25.0%	0.833
CD000996	recall@26.0%	1.0
CD000996	recall@27.0%	1.0
CD000996	recall@28.0%	1.0
CD000996	recall@29.0%	1.0
CD000996	recall@30.0%	1.0
CD000996	recall@31.0%	1.0
CD000996	recall@32.0%	1.0
CD000996	recall@33.0%	1.0
CD000996	recall@34.0%	1.0
CD000996	recall@35.0%	1.0
CD000996	recall@36.0%	1.0
CD000996	recall@37.0%	1.0
CD000996	recall@38.0%	1.0
CD000996	recall@39.0%	1.0
CD000996	recall@40.0%	1.0
CD000996	recall@41.0%	1.0
CD000996	recall@42.0%	1.0
CD000996	recall@43.0%	1.0
CD000996	recall@44.0%	1.0
CD000996	recall@45.0%	1.0
CD000996	recall@46.0%	1.0
CD000996	recall@47.0%	1.0
CD000996	recall@48.0%	1.0
CD000996	recall@49.0%	1.0
CD000996	recall@50.0%	1.0
CD000996	recall@51.0%	1.0
CD000996	recall@52.0%	1.0
CD000996	recall@53.0%	1.0
CD000996	recall@54.0%	1.0
CD000996	recall@55.0%	1.0
CD000996	recall@56.0%	1.0
CD000996	recall@57.0%	1.0
CD000996	recall@58.0%	1.0
CD000996	recall@59.0%	1.0
CD000996	recall@60.0%	1.0
CD000996	recall@61.0%	1.0
CD000996	recall@62.0%	1.0
CD000996	recall@63.0%	1.0
CD000996	recall@64.0%	1.0
CD000996	recall@65.0%	1.0
CD000996	recall@66.0%	1.0
CD000996	recall@67.0%	1.0
CD000996	recall@68.0%	1.0
CD000996	recall@69.0%	1.0
CD000996	recall@70.0%	1.0
CD000996	recall@71.0%	1.0
CD000996	recall@72.0%	1.0
CD000996	recall@73.0%	1.0
CD000996	recall@74.0%	1.0
CD000996	recall@75.0%	1.0
CD000996	recall@76.0%	1.0
CD000996	recall@77.0%	1.0
CD000996	recall@78.0%	1.0
CD000996	recall@79.0%	1.0
CD000996	recall@80.0%	1.0
CD000996	recall@81.0%	1.0
CD000996	recall@82.0%	1.0
CD000996	recall@83.0%	1.0
CD000996	recall@84.0%	1.0
CD000996	recall@85.0%	1.0
CD000996	recall@86.0%	1.0
CD000996	recall@87.0%	1.0
CD000996	recall@88.0%	1.0
CD000996	recall@89.0%	1.0
CD000996	recall@90.0%	1.0
CD000996	recall@91.0%	1.0
CD000996	recall@92.0%	1.0
CD000996	recall@93.0%	1.0
CD000996	recall@94.0%	1.0
CD000996	recall@95.0%	1.0
CD000996	recall@96.0%	1.0
CD000996	recall@97.0%	1.0
CD000996	recall@98.0%	1.0
CD000996	recall@99.0%	1.0
CD000996	recall@100.0%	1.0
CD000996	total_cost	-19.0
CD000996	norm_area	0.848
CD000996	ap	0.075
CD000996	r	1.0
CD000996	loss_e	0.115
CD000996	loss_r	0.0
CD000996	loss_er	0.115
CD001261	num_shown	571
CD001261	rels_found	22
CD001261	num_rels	22
CD001261	last_rel	404
CD001261	norm_last_rel	0.708
CD001261	threshold	101
CD001261	norm_threshold	0.177
CD001261	wss_100	0.292
CD001261	wss_95	0.249
CD001261	cg_total	22.0
CD001261	cg_max	22.0
CD001261	cg_threshold	5.0
CD001261	recall_threshold	0.227
CD001261	threshold	101
CD001261	recall@1.0%	0.0
CD001261	recall@2.0%	0.0
CD001261	recall@3.0%	0.0
CD001261	recall@4.0%	0.045
CD001261	recall@5.0%	0.045
CD001261	recall@6.0%	0.045
CD001261	recall@7.0%	0.136
CD001261	recall@8.0%	0.136
CD001261	recall@9.0%	0.136
CD001261	recall@10.0%	0.136
CD001261	recall@11.0%	0.136
CD001261	recall@12.0%	0.136
CD001261	recall@13.0%	0.136
CD001261	recall@14.0%	0.182
CD001261	recall@15.0%	0.182
CD001261	recall@16.0%	0.182
CD001261	recall@17.0%	0.227
CD001261	recall@18.0%	0.227
CD001261	recall@19.0%	0.318
CD001261	recall@20.0%	0.364
CD001261	recall@21.0%	0.364
CD001261	recall@22.0%	0.364
CD001261	recall@23.0%	0.409
CD001261	recall@24.0%	0.409
CD001261	recall@25.0%	0.409
CD001261	recall@26.0%	0.409
CD001261	recall@27.0%	0.409
CD001261	recall@28.0%	0.409
CD001261	recall@29.0%	0.409
CD001261	recall@30.0%	0.455
CD001261	recall@31.0%	0.455
CD001261	recall@32.0%	0.455
CD001261	recall@33.0%	0.455
CD001261	recall@34.0%	0.455
CD001261	recall@35.0%	0.5
CD001261	recall@36.0%	0.5
CD001261	recall@37.0%	0.5
CD001261	recall@38.0%	0.5
CD001261	recall@39.0%	0.545
CD001261	recall@40.0%	0.545
CD001261	recall@41.0%	0.636
CD001261	recall@42.0%	0.636
CD001261	recall@43.0%	0.636
CD001261	recall@44.0%	0.636
CD001261	recall@45.0%	0.636
CD001261	recall@46.0%	0.682
CD001261	recall@47.0%	0.727
CD001261	recall@48.0%	0.727
CD001261	recall@49.0%	0.773
CD001261	recall@50.0%	0.773
CD001261	recall@51.0%	0.818
CD001261	recall@52.0%	0.818
CD001261	recall@53.0%	0.818
CD001261	recall@54.0%	0.818
CD001261	recall@55.0%	0.818
CD001261	recall@56.0%	0.818
CD001261	recall@57.0%	0.818
CD001261	recall@58.0%	0.864
CD001261	recall@59.0%	0.864
CD001261	recall@60.0%	0.864
CD001261	recall@61.0%	0.864
CD001261	recall@62.0%	0.864
CD001261	recall@63.0%	0.864
CD001261	recall@64.0%	0.864
CD001261	recall@65.0%	0.909
CD001261	recall@66.0%	0.909
CD001261	recall@67.0%	0.909
CD001261	recall@68.0%	0.909
CD001261	recall@69.0%	0.909
CD001261	recall@70.0%	0.955
CD001261	recall@71.0%	1.0
CD001261	recall@72.0%	1.0
CD001261	recall@73.0%	1.0
CD001261	recall@74.0%	1.0
CD001261	recall@75.0%	1.0
CD001261	recall@76.0%	1.0
CD001261	recall@77.0%	1.0
CD001261	recall@78.0%	1.0
CD001261	recall@79.0%	1.0
CD001261	recall@80.0%	1.0
CD001261	recall@81.0%	1.0
CD001261	recall@82.0%	1.0
CD001261	recall@83.0%	1.0
CD001261	recall@84.0%	1.0
CD001261	recall@85.0%	1.0
CD001261	recall@86.0%	1.0
CD001261	recall@87.0%	1.0
CD001261	recall@88.0%	1.0
CD001261	recall@89.0%	1.0
CD001261	recall@90.0%	1.0
CD001261	recall@91.0%	1.0
CD001261	recall@92.0%	1.0
CD001261	recall@93.0%	1.0
CD001261	recall@94.0%	1.0
CD001261	recall@95.0%	1.0
CD001261	recall@96.0%	1.0
CD001261	recall@97.0%	1.0
CD001261	recall@98.0%	1.0
CD001261	recall@99.0%	1.0
CD001261	recall@100.0%	1.0
CD001261	total_cost	681.0
CD001261	norm_area	0.668
CD001261	ap	0.059
CD001261	r	0.227
CD001261	loss_e	0.021
CD001261	loss_r	0.597
CD001261	loss_er	0.618
CD004414	num_shown	336
CD004414	rels_found	7
CD004414	num_rels	7
CD004414	last_rel	59
CD004414	norm_last_rel	0.176
CD004414	threshold	101
CD004414	norm_threshold	0.301
CD004414	wss_100	0.824
CD004414	wss_95	0.774
CD004414	cg_total	7.0
CD004414	cg_max	7.0
CD004414	cg_threshold	7.0
CD004414	recall_threshold	1.0
CD004414	threshold	101
CD004414	recall@1.0%	0.143
CD004414	recall@2.0%	0.143
CD004414	recall@3.0%	0.143
CD004414	recall@4.0%	0.143
CD004414	recall@5.0%	0.143
CD004414	recall@6.0%	0.143
CD004414	recall@7.0%	0.143
CD004414	recall@8.0%	0.143
CD004414	recall@9.0%	0.143
CD004414	recall@10.0%	0.286
CD004414	recall@11.0%	0.429
CD004414	recall@12.0%	0.429
CD004414	recall@13.0%	0.571
CD004414	recall@14.0%	0.571
CD004414	recall@15.0%	0.714
CD004414	recall@16.0%	0.857
CD004414	recall@17.0%	0.857
CD004414	recall@18.0%	1.0
CD004414	recall@19.0%	1.0
CD004414	recall@20.0%	1.0
CD004414	recall@21.0%	1.0
CD004414	recall@22.0%	1.0
CD004414	recall@23.0%	1.0
CD004414	recall@24.0%	1.0
CD004414	recall@25.0%	1.0
CD004414	recall@26.0%	1.0
CD004414	recall@27.0%	1.0
CD004414	recall@28.0%	1.0
CD004414	recall@29.0%	1.0
CD004414	recall@30.0%	1.0
CD004414	recall@31.0%	1.0
CD004414	recall@32.0%	1.0
CD004414	recall@33.0%	1.0
CD004414	recall@34.0%	1.0
CD004414	recall@35.0%	1.0
CD004414	recall@36.0%	1.0
CD004414	recall@37.0%	1.0
CD004414	recall@38.0%	1.0
CD004414	recall@39.0%	1.0
CD004414	recall@40.0%	1.0
CD004414	recall@41.0%	1.0
CD004414	recall@42.0%	1.0
CD004414	recall@43.0%	1.0
CD004414	recall@44.0%	1.0
CD004414	recall@45.0%	1.0
CD004414	recall@46.0%	1.0
CD004414	recall@47.0%	1.0
CD004414	recall@48.0%	1.0
CD004414	recall@49.0%	1.0
CD004414	recall@50.0%	1.0
CD004414	recall@51.0%	1.0
CD004414	recall@52.0%	1.0
CD004414	recall@53.0%	1.0
CD004414	recall@54.0%	1.0
CD004414	recall@55.0%	1.0
CD004414	recall@56.0%	1.0
CD004414	recall@57.0%	1.0
CD004414	recall@58.0%	1.0
CD004414	recall@59.0%	1.0
CD004414	recall@60.0%	1.0
CD004414	recall@61.0%	1.0
CD004414	recall@62.0%	1.0
CD004414	recall@63.0%	1.0
CD004414	recall@64.0%	1.0
CD004414	recall@65.0%	1.0
CD004414	recall@66.0%	1.0
CD004414	recall@67.0%	1.0
CD004414	recall@68.0%	1.0
CD004414	recall@69.0%	1.0
CD004414	recall@70.0%	1.0
CD004414	recall@71.0%	1.0
CD004414	recall@72.0%	1.0
CD004414	recall@73.0%	1.0
CD004414	recall@74.0%	1.0
CD004414	recall@75.0%	1.0
CD004414	recall@76.0%	1.0
CD004414	recall@77.0%	1.0
CD004414	recall@78.0%	1.0
CD004414	recall@79.0%	1.0
CD004414	recall@80.0%	1.0
CD004414	recall@81.0%	1.0
CD004414	recall@82.0%	1.0
CD004414	recall@83.0%	1.0
CD004414	recall@84.0%	1.0
CD004414	recall@85.0%	1.0
CD004414	recall@86.0%	1.0
CD004414	recall@87.0%	1.0
CD004414	recall@88.0%	1.0
CD004414	recall@89.0%	1.0
CD004414	recall@90.0%	1.0
CD004414	recall@91.0%	1.0
CD004414	recall@92.0%	1.0
CD004414	recall@93.0%	1.0
CD004414	recall@94.0%	1.0
CD004414	recall@95.0%	1.0
CD004414	recall@96.0%	1.0
CD004414	recall@97.0%	1.0
CD004414	recall@98.0%	1.0
CD004414	recall@99.0%	1.0
CD004414	recall@100.0%	1.0
CD004414	total_cost	-39.0
CD004414	norm_area	0.894
CD004414	ap	0.153
CD004414	r	1.0
CD004414	loss_e	0.079
CD004414	loss_r	0.0
CD004414	loss_er	0.079
CD006468	num_shown	3874
CD006468	rels_found	12
CD006468	num_rels	12
CD006468	last_rel	222
CD006468	norm_last_rel	0.057
CD006468	threshold	101
CD006468	norm_threshold	0.026
CD006468	wss_100	0.943
CD006468	wss_95	0.895
CD006468	cg_total	12.0
CD006468	cg_max	12.0
CD006468	cg_threshold	2.0
CD006468	recall_threshold	0.167
CD006468	threshold	101
CD006468	recall@1.0%	0.0
CD006468	recall@2.0%	0.083
CD006468	recall@3.0%	0.167
CD006468	recall@4.0%	0.75
CD006468	recall@5.0%	0.833
CD006468	recall@6.0%	1.0
CD006468	recall@7.0%	1.0
CD006468	recall@8.0%	1.0
CD006468	recall@9.0%	1.0
CD006468	recall@10.0%	1.0
CD006468	recall@11.0%	1.0
CD006468	recall@12.0%	1.0
CD006468	recall@13.0%	1.0
CD006468	recall@14.0%	1.0
CD006468	recall@15.0%	1.0
CD006468	recall@16.0%	1.0
CD006468	recall@17.0%	1.0
CD006468	recall@18.0%	1.0
CD006468	recall@19.0%	1.0
CD006468	recall@20.0%	1.0
CD006468	recall@21.0%	1.0
CD006468	recall@22.0%	1.0
CD006468	recall@23.0%	1.0
CD006468	recall@24.0%	1.0
CD006468	recall@25.0%	1.0
CD006468	recall@26.0%	1.0
CD006468	recall@27.0%	1.0
CD006468	recall@28.0%	1.0
CD006468	recall@29.0%	1.0
CD006468	recall@30.0%	1.0
CD006468	recall@31.0%	1.0
CD006468	recall@32.0%	1.0
CD006468	recall@33.0%	1.0
CD006468	recall@34.0%	1.0
CD006468	recall@35.0%	1.0
CD006468	recall@36.0%	1.0
CD006468	recall@37.0%	1.0
CD006468	recall@38.0%	1.0
CD006468	recall@39.0%	1.0
CD006468	recall@40.0%	1.0
CD006468	recall@41.0%	1.0
CD006468	recall@42.0%	1.0
CD006468	recall@43.0%	1.0
CD006468	recall@44.0%	1.0
CD006468	recall@45.0%	1.0
CD006468	recall@46.0%	1.0
CD006468	recall@47.0%	1.0
CD006468	recall@48.0%	1.0
CD006468	recall@49.0%	1.0
CD006468	recall@50.0%	1.0
CD006468	recall@51.0%	1.0
CD006468	recall@52.0%	1.0
CD006468	recall@53.0%	1.0
CD006468	recall@54.0%	1.0
CD006468	recall@55.0%	1.0
CD006468	recall@56.0%	1.0
CD006468	recall@57.0%	1.0
CD006468	recall@58.0%	1.0
CD006468	recall@59.0%	1.0
CD006468	recall@60.0%	1.0
CD006468	recall@61.0%	1.0
CD006468	recall@62.0%	1.0
CD006468	recall@63.0%	1.0
CD006468	recall@64.0%	1.0
CD006468	recall@65.0%	1.0
CD006468	recall@66.0%	1.0
CD006468	recall@67.0%	1.0
CD006468	recall@68.0%	1.0
CD006468	recall@69.0%	1.0
CD006468	recall@70.0%	1.0
CD006468	recall@71.0%	1.0
CD006468	recall@72.0%	1.0
CD006468	recall@73.0%	1.0
CD006468	recall@74.0%	1.0
CD006468	recall@75.0%	1.0
CD006468	recall@76.0%	1.0
CD006468	recall@77.0%	1.0
CD006468	recall@78.0%	1.0
CD006468	recall@79.0%	1.0
CD006468	recall@80.0%	1.0
CD006468	recall@81.0%	1.0
CD006468	recall@82.0%	1.0
CD006468	recall@83.0%	1.0
CD006468	recall@84.0%	1.0
CD006468	recall@85.0%	1.0
CD006468	recall@86.0%	1.0
CD006468	recall@87.0%	1.0
CD006468	recall@88.0%	1.0
CD006468	recall@89.0%	1.0
CD006468	recall@90.0%	1.0
CD006468	recall@91.0%	1.0
CD006468	recall@92.0%	1.0
CD006468	recall@93.0%	1.0
CD006468	recall@94.0%	1.0
CD006468	recall@95.0%	1.0
CD006468	recall@96.0%	1.0
CD006468	recall@97.0%	1.0
CD006468	recall@98.0%	1.0
CD006468	recall@99.0%	1.0
CD006468	recall@100.0%	1.0
CD006468	total_cost	461.0
CD006468	norm_area	0.965
CD006468	ap	0.043
CD006468	r	0.167
CD006468	loss_e	0.001
CD006468	loss_r	0.694
CD006468	loss_er	0.695
CD007867	num_shown	943
CD007867	rels_found	9
CD007867	num_rels	9
CD007867	last_rel	723
CD007867	norm_last_rel	0.767
CD007867	threshold	101
CD007867	norm_threshold	0.107
CD007867	wss_100	0.233
CD007867	wss_95	0.183
CD007867	cg_total	9.0
CD007867	cg_max	9.0
CD007867	cg_threshold	6.0
CD007867	recall_threshold	0.667
CD007867	threshold	101
CD007867	recall@1.0%	0.0
CD007867	recall@2.0%	0.111
CD007867	recall@3.0%	0.111
CD007867	recall@4.0%	0.111
CD007867	recall@5.0%	0.111
CD007867	recall@6.0%	0.222
CD007867	recall@7.0%	0.333
CD007867	recall@8.0%	0.556
CD007867	recall@9.0%	0.556
CD007867	recall@10.0%	0.556
CD007867	recall@11.0%	0.667
CD007867	recall@12.0%	0.667
CD007867	recall@13.0%	0.667
CD007867	recall@14.0%	0.667
CD007867	recall@15.0%	0.667
CD007867	recall@16.0%	0.667
CD007867	recall@17.0%	0.667
CD007867	recall@18.0%	0.667
CD007867	recall@19.0%	0.667
CD007867	recall@20.0%	0.667
CD007867	recall@21.0%	0.667
CD007867	recall@22.0%	0.667
CD007867	recall@23.0%	0.667
CD007867	recall@24.0%	0.667
CD007867	recall@25.0%	0.667
CD007867	recall@26.0%	0.667
CD007867	recall@27.0%	0.667
CD007867	recall@28.0%	0.667
CD007867	recall@29.0%	0.667
CD007867	recall@30.0%	0.667
CD007867	recall@31.0%	0.667
CD007867	recall@32.0%	0.667
CD007867	recall@33.0%	0.667
CD007867	recall@34.0%	0.667
CD007867	recall@35.0%	0.667
CD007867	recall@36.0%	0.667
CD007867	recall@37.0%	0.667
CD007867	recall@38.0%	0.667
CD007867	recall@39.0%	0.667
CD007867	recall@40.0%	0.667
CD007867	recall@41.0%	0.667
CD007867	recall@42.0%	0.667
CD007867	recall@43.0%	0.667
CD007867	recall@44.0%	0.667
CD007867	recall@45.0%	0.667
CD007867	recall@46.0%	0.667
CD007867	recall@47.0%	0.667
CD007867	recall@48.0%	0.667
CD007867	recall@49.0%	0.667
CD007867	recall@50.0%	0.667
CD007867	recall@51.0%	0.667
CD007867	recall@52.0%	0.667
CD007867	recall@53.0%	0.667
CD007867	recall@54.0%	0.667
CD007867	recall@55.0%	0.667
CD007867	recall@56.0%	0.667
CD007867	recall@57.0%	0.667
CD007867	recall@58.0%	0.667
CD007867	recall@59.0%	0.667
CD007867	recall@60.0%	0.778
CD007867	recall@61.0%	0.778
CD007867	recall@62.0%	0.778
CD007867	recall@63.0%	0.778
CD007867	recall@64.0%	0.778
CD007867	recall@65.0%	0.778
CD007867	recall@66.0%	0.778
CD007867	recall@67.0%	0.778
CD007867	recall@68.0%	0.778
CD007867	recall@69.0%	0.778
CD007867	recall@70.0%	0.778
CD007867	recall@71.0%	0.778
CD007867	recall@72.0%	0.889
CD007867	recall@73.0%	0.889
CD007867	recall@74.0%	0.889
CD007867	recall@75.0%	0.889
CD007867	recall@76.0%	0.889
CD007867	recall@77.0%	1.0
CD007867	recall@78.0%	1.0
CD007867	recall@79.0%	1.0
CD007867	recall@80.0%	1.0
CD007867	recall@81.0%	1.0
CD007867	recall@82.0%	1.0
CD007867	recall@83.0%	1.0
CD007867	recall@84.0%	1.0
CD007867	recall@85.0%	1.0
CD007867	recall@86.0%	1.0
CD007867	recall@87.0%	1.0
CD007867	recall@88.0%	1.0
CD007867	recall@89.0%	1.0
CD007867	recall@90.0%	1.0
CD007867	recall@91.0%	1.0
CD007867	recall@92.0%	1.0
CD007867	recall@93.0%	1.0
CD007867	recall@94.0%	1.0
CD007867	recall@95.0%	1.0
CD007867	recall@96.0%	1.0
CD007867	recall@97.0%	1.0
CD007867	recall@98.0%	1.0
CD007867	recall@99.0%	1.0
CD007867	recall@100.0%	1.0
CD007867	total_cost	101.0
CD007867	norm_area	0.73
CD007867	ap	0.042
CD007867	r	0.667
CD007867	loss_e	0.01
CD007867	loss_r	0.111
CD007867	loss_er	0.121
CD008874	num_shown	2382
CD008874	rels_found	110
CD008874	num_rels	110
CD008874	last_rel	2119
CD008874	norm_last_rel	0.89
CD008874	threshold	101
CD008874	norm_threshold	0.042
CD008874	wss_100	0.11
CD008874	wss_95	0.33
CD008874	cg_total	110.0
CD008874	cg_max	110.0
CD008874	cg_threshold	32.0
CD008874	recall_threshold	0.291
CD008874	threshold	101
CD008874	recall@1.0%	0.091
CD008874	recall@2.0%	0.136
CD008874	recall@3.0%	0.173
CD008874	recall@4.0%	0.291
CD008874	recall@5.0%	0.382
CD008874	recall@6.0%	0.473
CD008874	recall@7.0%	0.482
CD008874	recall@8.0%	0.491
CD008874	recall@9.0%	0.509
CD008874	recall@10.0%	0.591
CD008874	recall@11.0%	0.618
CD008874	recall@12.0%	0.618
CD008874	recall@13.0%	0.636
CD008874	recall@14.0%	0.645
CD008874	recall@15.0%	0.645
CD008874	recall@16.0%	0.645
CD008874	recall@17.0%	0.645
CD008874	recall@18.0%	0.645
CD008874	recall@19.0%	0.655
CD008874	recall@20.0%	0.655
CD008874	recall@21.0%	0.655
CD008874	recall@22.0%	0.655
CD008874	recall@23.0%	0.655
CD008874	recall@24.0%	0.655
CD008874	recall@25.0%	0.655
CD008874	recall@26.0%	0.655
CD008874	recall@27.0%	0.655
CD008874	recall@28.0%	0.655
CD008874	recall@29.0%	0.664
CD008874	recall@30.0%	0.673
CD008874	recall@31.0%	0.673
CD008874	recall@32.0%	0.673
CD008874	recall@33.0%	0.673
CD008874	recall@34.0%	0.682
CD008874	recall@35.0%	0.682
CD008874	recall@36.0%	0.691
CD008874	recall@37.0%	0.691
CD008874	recall@38.0%	0.691
CD008874	recall@39.0%	0.7
CD008874	recall@40.0%	0.727
CD008874	recall@41.0%	0.727
CD008874	recall@42.0%	0.736
CD008874	recall@43.0%	0.755
CD008874	recall@44.0%	0.755
CD008874	recall@45.0%	0.755
CD008874	recall@46.0%	0.782
CD008874	recall@47.0%	0.8
CD008874	recall@48.0%	0.809
CD008874	recall@49.0%	0.809
CD008874	recall@50.0%	0.809
CD008874	recall@51.0%	0.827
CD008874	recall@52.0%	0.827
CD008874	recall@53.0%	0.855
CD008874	recall@54.0%	0.873
CD008874	recall@55.0%	0.873
CD008874	recall@56.0%	0.882
CD008874	recall@57.0%	0.9
CD008874	recall@58.0%	0.9
CD008874	recall@59.0%	0.909
CD008874	recall@60.0%	0.936
CD008874	recall@61.0%	0.936
CD008874	recall@62.0%	0.945
CD008874	recall@63.0%	0.945
CD008874	recall@64.0%	0.955
CD008874	recall@65.0%	0.955
CD008874	recall@66.0%	0.955
CD008874	recall@67.0%	0.982
CD008874	recall@68.0%	0.982
CD008874	recall@69.0%	0.982
CD008874	recall@70.0%	0.982
CD008874	recall@71.0%	0.982
CD008874	recall@72.0%	0.982
CD008874	recall@73.0%	0.982
CD008874	recall@74.0%	0.982
CD008874	recall@75.0%	0.982
CD008874	recall@76.0%	0.991
CD008874	recall@77.0%	0.991
CD008874	recall@78.0%	0.991
CD008874	recall@79.0%	0.991
CD008874	recall@80.0%	0.991
CD008874	recall@81.0%	0.991
CD008874	recall@82.0%	0.991
CD008874	recall@83.0%	0.991
CD008874	recall@84.0%	0.991
CD008874	recall@85.0%	0.991
CD008874	recall@86.0%	0.991
CD008874	recall@87.0%	0.991
CD008874	recall@88.0%	0.991
CD008874	recall@89.0%	1.0
CD008874	recall@90.0%	1.0
CD008874	recall@91.0%	1.0
CD008874	recall@92.0%	1.0
CD008874	recall@93.0%	1.0
CD008874	recall@94.0%	1.0
CD008874	recall@95.0%	1.0
CD008874	recall@96.0%	1.0
CD008874	recall@97.0%	1.0
CD008874	recall@98.0%	1.0
CD008874	recall@99.0%	1.0
CD008874	recall@100.0%	1.0
CD008874	total_cost	2581.0
CD008874	norm_area	0.807
CD008874	ap	0.238
CD008874	r	0.291
CD008874	loss_e	0.0
CD008874	loss_r	0.503
CD008874	loss_er	0.503
CD009044	num_shown	3169
CD009044	rels_found	1
CD009044	num_rels	1
CD009044	last_rel	434
CD009044	norm_last_rel	0.137
CD009044	threshold	101
CD009044	norm_threshold	0.032
CD009044	wss_100	0.863
CD009044	wss_95	0.813
CD009044	cg_total	1.0
CD009044	cg_max	1.0
CD009044	cg_threshold	0.0
CD009044	recall_threshold	0.0
CD009044	threshold	101
CD009044	recall@1.0%	0.0
CD009044	recall@2.0%	0.0
CD009044	recall@3.0%	0.0
CD009044	recall@4.0%	0.0
CD009044	recall@5.0%	0.0
CD009044	recall@6.0%	0.0
CD009044	recall@7.0%	0.0
CD009044	recall@8.0%	0.0
CD009044	recall@9.0%	0.0
CD009044	recall@10.0%	0.0
CD009044	recall@11.0%	0.0
CD009044	recall@12.0%	0.0
CD009044	recall@13.0%	0.0
CD009044	recall@14.0%	1.0
CD009044	recall@15.0%	1.0
CD009044	recall@16.0%	1.0
CD009044	recall@17.0%	1.0
CD009044	recall@18.0%	1.0
CD009044	recall@19.0%	1.0
CD009044	recall@20.0%	1.0
CD009044	recall@21.0%	1.0
CD009044	recall@22.0%	1.0
CD009044	recall@23.0%	1.0
CD009044	recall@24.0%	1.0
CD009044	recall@25.0%	1.0
CD009044	recall@26.0%	1.0
CD009044	recall@27.0%	1.0
CD009044	recall@28.0%	1.0
CD009044	recall@29.0%	1.0
CD009044	recall@30.0%	1.0
CD009044	recall@31.0%	1.0
CD009044	recall@32.0%	1.0
CD009044	recall@33.0%	1.0
CD009044	recall@34.0%	1.0
CD009044	recall@35.0%	1.0
CD009044	recall@36.0%	1.0
CD009044	recall@37.0%	1.0
CD009044	recall@38.0%	1.0
CD009044	recall@39.0%	1.0
CD009044	recall@40.0%	1.0
CD009044	recall@41.0%	1.0
CD009044	recall@42.0%	1.0
CD009044	recall@43.0%	1.0
CD009044	recall@44.0%	1.0
CD009044	recall@45.0%	1.0
CD009044	recall@46.0%	1.0
CD009044	recall@47.0%	1.0
CD009044	recall@48.0%	1.0
CD009044	recall@49.0%	1.0
CD009044	recall@50.0%	1.0
CD009044	recall@51.0%	1.0
CD009044	recall@52.0%	1.0
CD009044	recall@53.0%	1.0
CD009044	recall@54.0%	1.0
CD009044	recall@55.0%	1.0
CD009044	recall@56.0%	1.0
CD009044	recall@57.0%	1.0
CD009044	recall@58.0%	1.0
CD009044	recall@59.0%	1.0
CD009044	recall@60.0%	1.0
CD009044	recall@61.0%	1.0
CD009044	recall@62.0%	1.0
CD009044	recall@63.0%	1.0
CD009044	recall@64.0%	1.0
CD009044	recall@65.0%	1.0
CD009044	recall@66.0%	1.0
CD009044	recall@67.0%	1.0
CD009044	recall@68.0%	1.0
CD009044	recall@69.0%	1.0
CD009044	recall@70.0%	1.0
CD009044	recall@71.0%	1.0
CD009044	recall@72.0%	1.0
CD009044	recall@73.0%	1.0
CD009044	recall@74.0%	1.0
CD009044	recall@75.0%	1.0
CD009044	recall@76.0%	1.0
CD009044	recall@77.0%	1.0
CD009044	recall@78.0%	1.0
CD009044	recall@79.0%	1.0
CD009044	recall@80.0%	1.0
CD009044	recall@81.0%	1.0
CD009044	recall@82.0%	1.0
CD009044	recall@83.0%	1.0
CD009044	recall@84.0%	1.0
CD009044	recall@85.0%	1.0
CD009044	recall@86.0%	1.0
CD009044	recall@87.0%	1.0
CD009044	recall@88.0%	1.0
CD009044	recall@89.0%	1.0
CD009044	recall@90.0%	1.0
CD009044	recall@91.0%	1.0
CD009044	recall@92.0%	1.0
CD009044	recall@93.0%	1.0
CD009044	recall@94.0%	1.0
CD009044	recall@95.0%	1.0
CD009044	recall@96.0%	1.0
CD009044	recall@97.0%	1.0
CD009044	recall@98.0%	1.0
CD009044	recall@99.0%	1.0
CD009044	recall@100.0%	1.0
CD009044	total_cost	141.0
CD009044	norm_area	0.863
CD009044	ap	0.002
CD009044	r	0.0
CD009044	loss_e	0.001
CD009044	loss_r	1.0
CD009044	loss_er	1.0
CD009069	num_shown	1757
CD009069	rels_found	5
CD009069	num_rels	5
CD009069	last_rel	779
CD009069	norm_last_rel	0.443
CD009069	threshold	101
CD009069	norm_threshold	0.057
CD009069	wss_100	0.557
CD009069	wss_95	0.507
CD009069	cg_total	5.0
CD009069	cg_max	5.0
CD009069	cg_threshold	1.0
CD009069	recall_threshold	0.2
CD009069	threshold	101
CD009069	recall@1.0%	0.0
CD009069	recall@2.0%	0.0
CD009069	recall@3.0%	0.0
CD009069	recall@4.0%	0.0
CD009069	recall@5.0%	0.2
CD009069	recall@6.0%	0.2
CD009069	recall@7.0%	0.2
CD009069	recall@8.0%	0.2
CD009069	recall@9.0%	0.2
CD009069	recall@10.0%	0.2
CD009069	recall@11.0%	0.4
CD009069	recall@12.0%	0.4
CD009069	recall@13.0%	0.4
CD009069	recall@14.0%	0.4
CD009069	recall@15.0%	0.4
CD009069	recall@16.0%	0.4
CD009069	recall@17.0%	0.4
CD009069	recall@18.0%	0.4
CD009069	recall@19.0%	0.4
CD009069	recall@20.0%	0.4
CD009069	recall@21.0%	0.4
CD009069	recall@22.0%	0.4
CD009069	recall@23.0%	0.4
CD009069	recall@24.0%	0.6
CD009069	recall@25.0%	0.6
CD009069	recall@26.0%	0.6
CD009069	recall@27.0%	0.6
CD009069	recall@28.0%	0.6
CD009069	recall@29.0%	0.8
CD009069	recall@30.0%	0.8
CD009069	recall@31.0%	0.8
CD009069	recall@32.0%	0.8
CD009069	recall@33.0%	0.8
CD009069	recall@34.0%	0.8
CD009069	recall@35.0%	0.8
CD009069	recall@36.0%	0.8
CD009069	recall@37.0%	0.8
CD009069	recall@38.0%	0.8
CD009069	recall@39.0%	0.8
CD009069	recall@40.0%	0.8
CD009069	recall@41.0%	0.8
CD009069	recall@42.0%	0.8
CD009069	recall@43.0%	0.8
CD009069	recall@44.0%	0.8
CD009069	recall@45.0%	1.0
CD009069	recall@46.0%	1.0
CD009069	recall@47.0%	1.0
CD009069	recall@48.0%	1.0
CD009069	recall@49.0%	1.0
CD009069	recall@50.0%	1.0
CD009069	recall@51.0%	1.0
CD009069	recall@52.0%	1.0
CD009069	recall@53.0%	1.0
CD009069	recall@54.0%	1.0
CD009069	recall@55.0%	1.0
CD009069	recall@56.0%	1.0
CD009069	recall@57.0%	1.0
CD009069	recall@58.0%	1.0
CD009069	recall@59.0%	1.0
CD009069	recall@60.0%	1.0
CD009069	recall@61.0%	1.0
CD009069	recall@62.0%	1.0
CD009069	recall@63.0%	1.0
CD009069	recall@64.0%	1.0
CD009069	recall@65.0%	1.0
CD009069	recall@66.0%	1.0
CD009069	recall@67.0%	1.0
CD009069	recall@68.0%	1.0
CD009069	recall@69.0%	1.0
CD009069	recall@70.0%	1.0
CD009069	recall@71.0%	1.0
CD009069	recall@72.0%	1.0
CD009069	recall@73.0%	1.0
CD009069	recall@74.0%	1.0
CD009069	recall@75.0%	1.0
CD009069	recall@76.0%	1.0
CD009069	recall@77.0%	1.0
CD009069	recall@78.0%	1.0
CD009069	recall@79.0%	1.0
CD009069	recall@80.0%	1.0
CD009069	recall@81.0%	1.0
CD009069	recall@82.0%	1.0
CD009069	recall@83.0%	1.0
CD009069	recall@84.0%	1.0
CD009069	recall@85.0%	1.0
CD009069	recall@86.0%	1.0
CD009069	recall@87.0%	1.0
CD009069	recall@88.0%	1.0
CD009069	recall@89.0%	1.0
CD009069	recall@90.0%	1.0
CD009069	recall@91.0%	1.0
CD009069	recall@92.0%	1.0
CD009069	recall@93.0%	1.0
CD009069	recall@94.0%	1.0
CD009069	recall@95.0%	1.0
CD009069	recall@96.0%	1.0
CD009069	recall@97.0%	1.0
CD009069	recall@98.0%	1.0
CD009069	recall@99.0%	1.0
CD009069	recall@100.0%	1.0
CD009069	total_cost	241.0
CD009069	norm_area	0.778
CD009069	ap	0.009
CD009069	r	0.2
CD009069	loss_e	0.003
CD009069	loss_r	0.64
CD009069	loss_er	0.643
CD009642	num_shown	1922
CD009642	rels_found	50
CD009642	num_rels	50
CD009642	last_rel	797
CD009642	norm_last_rel	0.415
CD009642	threshold	101
CD009642	norm_threshold	0.053
CD009642	wss_100	0.585
CD009642	wss_95	0.779
CD009642	cg_total	50.0
CD009642	cg_max	50.0
CD009642	cg_threshold	35.0
CD009642	recall_threshold	0.7
CD009642	threshold	101
CD009642	recall@1.0%	0.18
CD009642	recall@2.0%	0.32
CD009642	recall@3.0%	0.46
CD009642	recall@4.0%	0.64
CD009642	recall@5.0%	0.68
CD009642	recall@6.0%	0.74
CD009642	recall@7.0%	0.8
CD009642	recall@8.0%	0.86
CD009642	recall@9.0%	0.86
CD009642	recall@10.0%	0.9
CD009642	recall@11.0%	0.9
CD009642	recall@12.0%	0.9
CD009642	recall@13.0%	0.92
CD009642	recall@14.0%	0.94
CD009642	recall@15.0%	0.94
CD009642	recall@16.0%	0.94
CD009642	recall@17.0%	0.94
CD009642	recall@18.0%	0.96
CD009642	recall@19.0%	0.96
CD009642	recall@20.0%	0.96
CD009642	recall@21.0%	0.96
CD009642	recall@22.0%	0.96
CD009642	recall@23.0%	0.96
CD009642	recall@24.0%	0.96
CD009642	recall@25.0%	0.96
CD009642	recall@26.0%	0.96
CD009642	recall@27.0%	0.96
CD009642	recall@28.0%	0.96
CD009642	recall@29.0%	0.96
CD009642	recall@30.0%	0.96
CD009642	recall@31.0%	0.96
CD009642	recall@32.0%	0.96
CD009642	recall@33.0%	0.96
CD009642	recall@34.0%	0.96
CD009642	recall@35.0%	0.96
CD009642	recall@36.0%	0.96
CD009642	recall@37.0%	0.96
CD009642	recall@38.0%	0.96
CD009642	recall@39.0%	0.98
CD009642	recall@40.0%	0.98
CD009642	recall@41.0%	0.98
CD009642	recall@42.0%	1.0
CD009642	recall@43.0%	1.0
CD009642	recall@44.0%	1.0
CD009642	recall@45.0%	1.0
CD009642	recall@46.0%	1.0
CD009642	recall@47.0%	1.0
CD009642	recall@48.0%	1.0
CD009642	recall@49.0%	1.0
CD009642	recall@50.0%	1.0
CD009642	recall@51.0%	1.0
CD009642	recall@52.0%	1.0
CD009642	recall@53.0%	1.0
CD009642	recall@54.0%	1.0
CD009642	recall@55.0%	1.0
CD009642	recall@56.0%	1.0
CD009642	recall@57.0%	1.0
CD009642	recall@58.0%	1.0
CD009642	recall@59.0%	1.0
CD009642	recall@60.0%	1.0
CD009642	recall@61.0%	1.0
CD009642	recall@62.0%	1.0
CD009642	recall@63.0%	1.0
CD009642	recall@64.0%	1.0
CD009642	recall@65.0%	1.0
CD009642	recall@66.0%	1.0
CD009642	recall@67.0%	1.0
CD009642	recall@68.0%	1.0
CD009642	recall@69.0%	1.0
CD009642	recall@70.0%	1.0
CD009642	recall@71.0%	1.0
CD009642	recall@72.0%	1.0
CD009642	recall@73.0%	1.0
CD009642	recall@74.0%	1.0
CD009642	recall@75.0%	1.0
CD009642	recall@76.0%	1.0
CD009642	recall@77.0%	1.0
CD009642	recall@78.0%	1.0
CD009642	recall@79.0%	1.0
CD009642	recall@80.0%	1.0
CD009642	recall@81.0%	1.0
CD009642	recall@82.0%	1.0
CD009642	recall@83.0%	1.0
CD009642	recall@84.0%	1.0
CD009642	recall@85.0%	1.0
CD009642	recall@86.0%	1.0
CD009642	recall@87.0%	1.0
CD009642	recall@88.0%	1.0
CD009642	recall@89.0%	1.0
CD009642	recall@90.0%	1.0
CD009642	recall@91.0%	1.0
CD009642	recall@92.0%	1.0
CD009642	recall@93.0%	1.0
CD009642	recall@94.0%	1.0
CD009642	recall@95.0%	1.0
CD009642	recall@96.0%	1.0
CD009642	recall@97.0%	1.0
CD009642	recall@98.0%	1.0
CD009642	recall@99.0%	1.0
CD009642	recall@100.0%	1.0
CD009642	total_cost	1.0
CD009642	norm_area	0.958
CD009642	ap	0.403
CD009642	r	0.7
CD009642	loss_e	0.001
CD009642	loss_r	0.09
CD009642	loss_er	0.091
CD010038	num_shown	8867
CD010038	rels_found	9
CD010038	num_rels	9
CD010038	last_rel	4567
CD010038	norm_last_rel	0.515
CD010038	threshold	101
CD010038	norm_threshold	0.011
CD010038	wss_100	0.485
CD010038	wss_95	0.435
CD010038	cg_total	9.0
CD010038	cg_max	9.0
CD010038	cg_threshold	0.0
CD010038	recall_threshold	0.0
CD010038	threshold	101
CD010038	recall@1.0%	0.0
CD010038	recall@2.0%	0.111
CD010038	recall@3.0%	0.333
CD010038	recall@4.0%	0.333
CD010038	recall@5.0%	0.444
CD010038	recall@6.0%	0.667
CD010038	recall@7.0%	0.667
CD010038	recall@8.0%	0.667
CD010038	recall@9.0%	0.778
CD010038	recall@10.0%	0.778
CD010038	recall@11.0%	0.778
CD010038	recall@12.0%	0.778
CD010038	recall@13.0%	0.778
CD010038	recall@14.0%	0.778
CD010038	recall@15.0%	0.778
CD010038	recall@16.0%	0.778
CD010038	recall@17.0%	0.778
CD010038	recall@18.0%	0.778
CD010038	recall@19.0%	0.778
CD010038	recall@20.0%	0.778
CD010038	recall@21.0%	0.889
CD010038	recall@22.0%	0.889
CD010038	recall@23.0%	0.889
CD010038	recall@24.0%	0.889
CD010038	recall@25.0%	0.889
CD010038	recall@26.0%	0.889
CD010038	recall@27.0%	0.889
CD010038	recall@28.0%	0.889
CD010038	recall@29.0%	0.889
CD010038	recall@30.0%	0.889
CD010038	recall@31.0%	0.889
CD010038	recall@32.0%	0.889
CD010038	recall@33.0%	0.889
CD010038	recall@34.0%	0.889
CD010038	recall@35.0%	0.889
CD010038	recall@36.0%	0.889
CD010038	recall@37.0%	0.889
CD010038	recall@38.0%	0.889
CD010038	recall@39.0%	0.889
CD010038	recall@40.0%	0.889
CD010038	recall@41.0%	0.889
CD010038	recall@42.0%	0.889
CD010038	recall@43.0%	0.889
CD010038	recall@44.0%	0.889
CD010038	recall@45.0%	0.889
CD010038	recall@46.0%	0.889
CD010038	recall@47.0%	0.889
CD010038	recall@48.0%	0.889
CD010038	recall@49.0%	0.889
CD010038	recall@50.0%	0.889
CD010038	recall@51.0%	0.889
CD010038	recall@52.0%	1.0
CD010038	recall@53.0%	1.0
CD010038	recall@54.0%	1.0
CD010038	recall@55.0%	1.0
CD010038	recall@56.0%	1.0
CD010038	recall@57.0%	1.0
CD010038	recall@58.0%	1.0
CD010038	recall@59.0%	1.0
CD010038	recall@60.0%	1.0
CD010038	recall@61.0%	1.0
CD010038	recall@62.0%	1.0
CD010038	recall@63.0%	1.0
CD010038	recall@64.0%	1.0
CD010038	recall@65.0%	1.0
CD010038	recall@66.0%	1.0
CD010038	recall@67.0%	1.0
CD010038	recall@68.0%	1.0
CD010038	recall@69.0%	1.0
CD010038	recall@70.0%	1.0
CD010038	recall@71.0%	1.0
CD010038	recall@72.0%	1.0
CD010038	recall@73.0%	1.0
CD010038	recall@74.0%	1.0
CD010038	recall@75.0%	1.0
CD010038	recall@76.0%	1.0
CD010038	recall@77.0%	1.0
CD010038	recall@78.0%	1.0
CD010038	recall@79.0%	1.0
CD010038	recall@80.0%	1.0
CD010038	recall@81.0%	1.0
CD010038	recall@82.0%	1.0
CD010038	recall@83.0%	1.0
CD010038	recall@84.0%	1.0
CD010038	recall@85.0%	1.0
CD010038	recall@86.0%	1.0
CD010038	recall@87.0%	1.0
CD010038	recall@88.0%	1.0
CD010038	recall@89.0%	1.0
CD010038	recall@90.0%	1.0
CD010038	recall@91.0%	1.0
CD010038	recall@92.0%	1.0
CD010038	recall@93.0%	1.0
CD010038	recall@94.0%	1.0
CD010038	recall@95.0%	1.0
CD010038	recall@96.0%	1.0
CD010038	recall@97.0%	1.0
CD010038	recall@98.0%	1.0
CD010038	recall@99.0%	1.0
CD010038	recall@100.0%	1.0
CD010038	total_cost	461.0
CD010038	norm_area	0.885
CD010038	ap	0.008
CD010038	r	0.0
CD010038	loss_e	0.0
CD010038	loss_r	1.0
CD010038	loss_er	1.0
CD010239	num_shown	224
CD010239	rels_found	10
CD010239	num_rels	10
CD010239	last_rel	21
CD010239	norm_last_rel	0.094
CD010239	threshold	101
CD010239	norm_threshold	0.451
CD010239	wss_100	0.906
CD010239	wss_95	0.856
CD010239	cg_total	10.0
CD010239	cg_max	10.0
CD010239	cg_threshold	10.0
CD010239	recall_threshold	1.0
CD010239	threshold	101
CD010239	recall@1.0%	0.2
CD010239	recall@2.0%	0.3
CD010239	recall@3.0%	0.5
CD010239	recall@4.0%	0.6
CD010239	recall@5.0%	0.7
CD010239	recall@6.0%	0.7
CD010239	recall@7.0%	0.7
CD010239	recall@8.0%	0.9
CD010239	recall@9.0%	0.9
CD010239	recall@10.0%	1.0
CD010239	recall@11.0%	1.0
CD010239	recall@12.0%	1.0
CD010239	recall@13.0%	1.0
CD010239	recall@14.0%	1.0
CD010239	recall@15.0%	1.0
CD010239	recall@16.0%	1.0
CD010239	recall@17.0%	1.0
CD010239	recall@18.0%	1.0
CD010239	recall@19.0%	1.0
CD010239	recall@20.0%	1.0
CD010239	recall@21.0%	1.0
CD010239	recall@22.0%	1.0
CD010239	recall@23.0%	1.0
CD010239	recall@24.0%	1.0
CD010239	recall@25.0%	1.0
CD010239	recall@26.0%	1.0
CD010239	recall@27.0%	1.0
CD010239	recall@28.0%	1.0
CD010239	recall@29.0%	1.0
CD010239	recall@30.0%	1.0
CD010239	recall@31.0%	1.0
CD010239	recall@32.0%	1.0
CD010239	recall@33.0%	1.0
CD010239	recall@34.0%	1.0
CD010239	recall@35.0%	1.0
CD010239	recall@36.0%	1.0
CD010239	recall@37.0%	1.0
CD010239	recall@38.0%	1.0
CD010239	recall@39.0%	1.0
CD010239	recall@40.0%	1.0
CD010239	recall@41.0%	1.0
CD010239	recall@42.0%	1.0
CD010239	recall@43.0%	1.0
CD010239	recall@44.0%	1.0
CD010239	recall@45.0%	1.0
CD010239	recall@46.0%	1.0
CD010239	recall@47.0%	1.0
CD010239	recall@48.0%	1.0
CD010239	recall@49.0%	1.0
CD010239	recall@50.0%	1.0
CD010239	recall@51.0%	1.0
CD010239	recall@52.0%	1.0
CD010239	recall@53.0%	1.0
CD010239	recall@54.0%	1.0
CD010239	recall@55.0%	1.0
CD010239	recall@56.0%	1.0
CD010239	recall@57.0%	1.0
CD010239	recall@58.0%	1.0
CD010239	recall@59.0%	1.0
CD010239	recall@60.0%	1.0
CD010239	recall@61.0%	1.0
CD010239	recall@62.0%	1.0
CD010239	recall@63.0%	1.0
CD010239	recall@64.0%	1.0
CD010239	recall@65.0%	1.0
CD010239	recall@66.0%	1.0
CD010239	recall@67.0%	1.0
CD010239	recall@68.0%	1.0
CD010239	recall@69.0%	1.0
CD010239	recall@70.0%	1.0
CD010239	recall@71.0%	1.0
CD010239	recall@72.0%	1.0
CD010239	recall@73.0%	1.0
CD010239	recall@74.0%	1.0
CD010239	recall@75.0%	1.0
CD010239	recall@76.0%	1.0
CD010239	recall@77.0%	1.0
CD010239	recall@78.0%	1.0
CD010239	recall@79.0%	1.0
CD010239	recall@80.0%	1.0
CD010239	recall@81.0%	1.0
CD010239	recall@82.0%	1.0
CD010239	recall@83.0%	1.0
CD010239	recall@84.0%	1.0
CD010239	recall@85.0%	1.0
CD010239	recall@86.0%	1.0
CD010239	recall@87.0%	1.0
CD010239	recall@88.0%	1.0
CD010239	recall@89.0%	1.0
CD010239	recall@90.0%	1.0
CD010239	recall@91.0%	1.0
CD010239	recall@92.0%	1.0
CD010239	recall@93.0%	1.0
CD010239	recall@94.0%	1.0
CD010239	recall@95.0%	1.0
CD010239	recall@96.0%	1.0
CD010239	recall@97.0%	1.0
CD010239	recall@98.0%	1.0
CD010239	recall@99.0%	1.0
CD010239	recall@100.0%	1.0
CD010239	total_cost	-99.0
CD010239	norm_area	0.983
CD010239	ap	0.72
CD010239	r	1.0
CD010239	loss_e	0.168
CD010239	loss_r	0.0
CD010239	loss_er	0.168
CD010558	num_shown	2815
CD010558	rels_found	10
CD010558	num_rels	10
CD010558	last_rel	1384
CD010558	norm_last_rel	0.492
CD010558	threshold	101
CD010558	norm_threshold	0.036
CD010558	wss_100	0.508
CD010558	wss_95	0.458
CD010558	cg_total	10.0
CD010558	cg_max	10.0
CD010558	cg_threshold	1.0
CD010558	recall_threshold	0.1
CD010558	threshold	101
CD010558	recall@1.0%	0.1
CD010558	recall@2.0%	0.1
CD010558	recall@3.0%	0.1
CD010558	recall@4.0%	0.1
CD010558	recall@5.0%	0.3
CD010558	recall@6.0%	0.5
CD010558	recall@7.0%	0.5
CD010558	recall@8.0%	0.6
CD010558	recall@9.0%	0.7
CD010558	recall@10.0%	0.7
CD010558	recall@11.0%	0.7
CD010558	recall@12.0%	0.7
CD010558	recall@13.0%	0.7
CD010558	recall@14.0%	0.7
CD010558	recall@15.0%	0.7
CD010558	recall@16.0%	0.8
CD010558	recall@17.0%	0.8
CD010558	recall@18.0%	0.8
CD010558	recall@19.0%	0.8
CD010558	recall@20.0%	0.8
CD010558	recall@21.0%	0.8
CD010558	recall@22.0%	0.8
CD010558	recall@23.0%	0.8
CD010558	recall@24.0%	0.8
CD010558	recall@25.0%	0.8
CD010558	recall@26.0%	0.8
CD010558	recall@27.0%	0.8
CD010558	recall@28.0%	0.8
CD010558	recall@29.0%	0.8
CD010558	recall@30.0%	0.8
CD010558	recall@31.0%	0.8
CD010558	recall@32.0%	0.8
CD010558	recall@33.0%	0.8
CD010558	recall@34.0%	0.8
CD010558	recall@35.0%	0.8
CD010558	recall@36.0%	0.9
CD010558	recall@37.0%	0.9
CD010558	recall@38.0%	0.9
CD010558	recall@39.0%	0.9
CD010558	recall@40.0%	0.9
CD010558	recall@41.0%	0.9
CD010558	recall@42.0%	0.9
CD010558	recall@43.0%	0.9
CD010558	recall@44.0%	0.9
CD010558	recall@45.0%	0.9
CD010558	recall@46.0%	0.9
CD010558	recall@47.0%	0.9
CD010558	recall@48.0%	0.9
CD010558	recall@49.0%	0.9
CD010558	recall@50.0%	1.0
CD010558	recall@51.0%	1.0
CD010558	recall@52.0%	1.0
CD010558	recall@53.0%	1.0
CD010558	recall@54.0%	1.0
CD010558	recall@55.0%	1.0
CD010558	recall@56.0%	1.0
CD010558	recall@57.0%	1.0
CD010558	recall@58.0%	1.0
CD010558	recall@59.0%	1.0
CD010558	recall@60.0%	1.0
CD010558	recall@61.0%	1.0
CD010558	recall@62.0%	1.0
CD010558	recall@63.0%	1.0
CD010558	recall@64.0%	1.0
CD010558	recall@65.0%	1.0
CD010558	recall@66.0%	1.0
CD010558	recall@67.0%	1.0
CD010558	recall@68.0%	1.0
CD010558	recall@69.0%	1.0
CD010558	recall@70.0%	1.0
CD010558	recall@71.0%	1.0
CD010558	recall@72.0%	1.0
CD010558	recall@73.0%	1.0
CD010558	recall@74.0%	1.0
CD010558	recall@75.0%	1.0
CD010558	recall@76.0%	1.0
CD010558	recall@77.0%	1.0
CD010558	recall@78.0%	1.0
CD010558	recall@79.0%	1.0
CD010558	recall@80.0%	1.0
CD010558	recall@81.0%	1.0
CD010558	recall@82.0%	1.0
CD010558	recall@83.0%	1.0
CD010558	recall@84.0%	1.0
CD010558	recall@85.0%	1.0
CD010558	recall@86.0%	1.0
CD010558	recall@87.0%	1.0
CD010558	recall@88.0%	1.0
CD010558	recall@89.0%	1.0
CD010558	recall@90.0%	1.0
CD010558	recall@91.0%	1.0
CD010558	recall@92.0%	1.0
CD010558	recall@93.0%	1.0
CD010558	recall@94.0%	1.0
CD010558	recall@95.0%	1.0
CD010558	recall@96.0%	1.0
CD010558	recall@97.0%	1.0
CD010558	recall@98.0%	1.0
CD010558	recall@99.0%	1.0
CD010558	recall@100.0%	1.0
CD010558	total_cost	441.0
CD010558	norm_area	0.865
CD010558	ap	0.027
CD010558	r	0.1
CD010558	loss_e	0.001
CD010558	loss_r	0.81
CD010558	loss_er	0.811
CD010753	num_shown	2539
CD010753	rels_found	20
CD010753	num_rels	20
CD010753	last_rel	2138
CD010753	norm_last_rel	0.842
CD010753	threshold	101
CD010753	norm_threshold	0.04
CD010753	wss_100	0.158
CD010753	wss_95	0.165
CD010753	cg_total	20.0
CD010753	cg_max	20.0
CD010753	cg_threshold	1.0
CD010753	recall_threshold	0.05
CD010753	threshold	101
CD010753	recall@1.0%	0.0
CD010753	recall@2.0%	0.0
CD010753	recall@3.0%	0.05
CD010753	recall@4.0%	0.05
CD010753	recall@5.0%	0.05
CD010753	recall@6.0%	0.05
CD010753	recall@7.0%	0.1
CD010753	recall@8.0%	0.15
CD010753	recall@9.0%	0.15
CD010753	recall@10.0%	0.15
CD010753	recall@11.0%	0.2
CD010753	recall@12.0%	0.2
CD010753	recall@13.0%	0.2
CD010753	recall@14.0%	0.2
CD010753	recall@15.0%	0.2
CD010753	recall@16.0%	0.25
CD010753	recall@17.0%	0.3
CD010753	recall@18.0%	0.3
CD010753	recall@19.0%	0.3
CD010753	recall@20.0%	0.35
CD010753	recall@21.0%	0.35
CD010753	recall@22.0%	0.4
CD010753	recall@23.0%	0.4
CD010753	recall@24.0%	0.4
CD010753	recall@25.0%	0.4
CD010753	recall@26.0%	0.4
CD010753	recall@27.0%	0.45
CD010753	recall@28.0%	0.45
CD010753	recall@29.0%	0.45
CD010753	recall@30.0%	0.5
CD010753	recall@31.0%	0.55
CD010753	recall@32.0%	0.55
CD010753	recall@33.0%	0.55
CD010753	recall@34.0%	0.55
CD010753	recall@35.0%	0.55
CD010753	recall@36.0%	0.55
CD010753	recall@37.0%	0.55
CD010753	recall@38.0%	0.6
CD010753	recall@39.0%	0.65
CD010753	recall@40.0%	0.65
CD010753	recall@41.0%	0.65
CD010753	recall@42.0%	0.65
CD010753	recall@43.0%	0.65
CD010753	recall@44.0%	0.7
CD010753	recall@45.0%	0.75
CD010753	recall@46.0%	0.75
CD010753	recall@47.0%	0.75
CD010753	recall@48.0%	0.75
CD010753	recall@49.0%	0.75
CD010753	recall@50.0%	0.8
CD010753	recall@51.0%	0.85
CD010753	recall@52.0%	0.85
CD010753	recall@53.0%	0.85
CD010753	recall@54.0%	0.85
CD010753	recall@55.0%	0.85
CD010753	recall@56.0%	0.85
CD010753	recall@57.0%	0.85
CD010753	recall@58.0%	0.85
CD010753	recall@59.0%	0.85
CD010753	recall@60.0%	0.85
CD010753	recall@61.0%	0.85
CD010753	recall@62.0%	0.85
CD010753	recall@63.0%	0.85
CD010753	recall@64.0%	0.85
CD010753	recall@65.0%	0.85
CD010753	recall@66.0%	0.85
CD010753	recall@67.0%	0.85
CD010753	recall@68.0%	0.9
CD010753	recall@69.0%	0.9
CD010753	recall@70.0%	0.9
CD010753	recall@71.0%	0.9
CD010753	recall@72.0%	0.9
CD010753	recall@73.0%	0.9
CD010753	recall@74.0%	0.9
CD010753	recall@75.0%	0.9
CD010753	recall@76.0%	0.9
CD010753	recall@77.0%	0.9
CD010753	recall@78.0%	0.9
CD010753	recall@79.0%	0.95
CD010753	recall@80.0%	0.95
CD010753	recall@81.0%	0.95
CD010753	recall@82.0%	0.95
CD010753	recall@83.0%	0.95
CD010753	recall@84.0%	0.95
CD010753	recall@85.0%	1.0
CD010753	recall@86.0%	1.0
CD010753	recall@87.0%	1.0
CD010753	recall@88.0%	1.0
CD010753	recall@89.0%	1.0
CD010753	recall@90.0%	1.0
CD010753	recall@91.0%	1.0
CD010753	recall@92.0%	1.0
CD010753	recall@93.0%	1.0
CD010753	recall@94.0%	1.0
CD010753	recall@95.0%	1.0
CD010753	recall@96.0%	1.0
CD010753	recall@97.0%	1.0
CD010753	recall@98.0%	1.0
CD010753	recall@99.0%	1.0
CD010753	recall@100.0%	1.0
CD010753	total_cost	841.0
CD010753	norm_area	0.662
CD010753	ap	0.013
CD010753	r	0.05
CD010753	loss_e	0.001
CD010753	loss_r	0.902
CD010753	loss_er	0.904
Skipping topic: CD011140
Skipping topic: CD011558
CD011571	num_shown	146
CD011571	rels_found	6
CD011571	num_rels	6
CD011571	last_rel	65
CD011571	norm_last_rel	0.445
CD011571	threshold	101
CD011571	norm_threshold	0.692
CD011571	wss_100	0.555
CD011571	wss_95	0.505
CD011571	cg_total	6.0
CD011571	cg_max	6.0
CD011571	cg_threshold	6.0
CD011571	recall_threshold	1.0
CD011571	threshold	101
CD011571	recall@1.0%	0.0
CD011571	recall@2.0%	0.0
CD011571	recall@3.0%	0.167
CD011571	recall@4.0%	0.167
CD011571	recall@5.0%	0.333
CD011571	recall@6.0%	0.333
CD011571	recall@7.0%	0.333
CD011571	recall@8.0%	0.333
CD011571	recall@9.0%	0.333
CD011571	recall@10.0%	0.333
CD011571	recall@11.0%	0.333
CD011571	recall@12.0%	0.333
CD011571	recall@13.0%	0.333
CD011571	recall@14.0%	0.333
CD011571	recall@15.0%	0.333
CD011571	recall@16.0%	0.333
CD011571	recall@17.0%	0.333
CD011571	recall@18.0%	0.333
CD011571	recall@19.0%	0.333
CD011571	recall@20.0%	0.5
CD011571	recall@21.0%	0.5
CD011571	recall@22.0%	0.5
CD011571	recall@23.0%	0.5
CD011571	recall@24.0%	0.5
CD011571	recall@25.0%	0.5
CD011571	recall@26.0%	0.5
CD011571	recall@27.0%	0.5
CD011571	recall@28.0%	0.5
CD011571	recall@29.0%	0.5
CD011571	recall@30.0%	0.5
CD011571	recall@31.0%	0.5
CD011571	recall@32.0%	0.5
CD011571	recall@33.0%	0.667
CD011571	recall@34.0%	0.833
CD011571	recall@35.0%	0.833
CD011571	recall@36.0%	0.833
CD011571	recall@37.0%	0.833
CD011571	recall@38.0%	0.833
CD011571	recall@39.0%	0.833
CD011571	recall@40.0%	0.833
CD011571	recall@41.0%	0.833
CD011571	recall@42.0%	0.833
CD011571	recall@43.0%	0.833
CD011571	recall@44.0%	0.833
CD011571	recall@45.0%	1.0
CD011571	recall@46.0%	1.0
CD011571	recall@47.0%	1.0
CD011571	recall@48.0%	1.0
CD011571	recall@49.0%	1.0
CD011571	recall@50.0%	1.0
CD011571	recall@51.0%	1.0
CD011571	recall@52.0%	1.0
CD011571	recall@53.0%	1.0
CD011571	recall@54.0%	1.0
CD011571	recall@55.0%	1.0
CD011571	recall@56.0%	1.0
CD011571	recall@57.0%	1.0
CD011571	recall@58.0%	1.0
CD011571	recall@59.0%	1.0
CD011571	recall@60.0%	1.0
CD011571	recall@61.0%	1.0
CD011571	recall@62.0%	1.0
CD011571	recall@63.0%	1.0
CD011571	recall@64.0%	1.0
CD011571	recall@65.0%	1.0
CD011571	recall@66.0%	1.0
CD011571	recall@67.0%	1.0
CD011571	recall@68.0%	1.0
CD011571	recall@69.0%	1.0
CD011571	recall@70.0%	1.0
CD011571	recall@71.0%	1.0
CD011571	recall@72.0%	1.0
CD011571	recall@73.0%	1.0
CD011571	recall@74.0%	1.0
CD011571	recall@75.0%	1.0
CD011571	recall@76.0%	1.0
CD011571	recall@77.0%	1.0
CD011571	recall@78.0%	1.0
CD011571	recall@79.0%	1.0
CD011571	recall@80.0%	1.0
CD011571	recall@81.0%	1.0
CD011571	recall@82.0%	1.0
CD011571	recall@83.0%	1.0
CD011571	recall@84.0%	1.0
CD011571	recall@85.0%	1.0
CD011571	recall@86.0%	1.0
CD011571	recall@87.0%	1.0
CD011571	recall@88.0%	1.0
CD011571	recall@89.0%	1.0
CD011571	recall@90.0%	1.0
CD011571	recall@91.0%	1.0
CD011571	recall@92.0%	1.0
CD011571	recall@93.0%	1.0
CD011571	recall@94.0%	1.0
CD011571	recall@95.0%	1.0
CD011571	recall@96.0%	1.0
CD011571	recall@97.0%	1.0
CD011571	recall@98.0%	1.0
CD011571	recall@99.0%	1.0
CD011571	recall@100.0%	1.0
CD011571	total_cost	-19.0
CD011571	norm_area	0.789
CD011571	ap	0.153
CD011571	r	1.0
CD011571	loss_e	0.426
CD011571	loss_r	0.0
CD011571	loss_er	0.426
CD011686	num_shown	9729
CD011686	rels_found	3
CD011686	num_rels	3
CD011686	last_rel	1544
CD011686	norm_last_rel	0.159
CD011686	threshold	101
CD011686	norm_threshold	0.01
CD011686	wss_100	0.841
CD011686	wss_95	0.791
CD011686	cg_total	3.0
CD011686	cg_max	3.0
CD011686	cg_threshold	0.0
CD011686	recall_threshold	0.0
CD011686	threshold	101
CD011686	recall@1.0%	0.0
CD011686	recall@2.0%	0.0
CD011686	recall@3.0%	0.0
CD011686	recall@4.0%	0.0
CD011686	recall@5.0%	0.333
CD011686	recall@6.0%	0.333
CD011686	recall@7.0%	0.333
CD011686	recall@8.0%	0.667
CD011686	recall@9.0%	0.667
CD011686	recall@10.0%	0.667
CD011686	recall@11.0%	0.667
CD011686	recall@12.0%	0.667
CD011686	recall@13.0%	0.667
CD011686	recall@14.0%	0.667
CD011686	recall@15.0%	0.667
CD011686	recall@16.0%	1.0
CD011686	recall@17.0%	1.0
CD011686	recall@18.0%	1.0
CD011686	recall@19.0%	1.0
CD011686	recall@20.0%	1.0
CD011686	recall@21.0%	1.0
CD011686	recall@22.0%	1.0
CD011686	recall@23.0%	1.0
CD011686	recall@24.0%	1.0
CD011686	recall@25.0%	1.0
CD011686	recall@26.0%	1.0
CD011686	recall@27.0%	1.0
CD011686	recall@28.0%	1.0
CD011686	recall@29.0%	1.0
CD011686	recall@30.0%	1.0
CD011686	recall@31.0%	1.0
CD011686	recall@32.0%	1.0
CD011686	recall@33.0%	1.0
CD011686	recall@34.0%	1.0
CD011686	recall@35.0%	1.0
CD011686	recall@36.0%	1.0
CD011686	recall@37.0%	1.0
CD011686	recall@38.0%	1.0
CD011686	recall@39.0%	1.0
CD011686	recall@40.0%	1.0
CD011686	recall@41.0%	1.0
CD011686	recall@42.0%	1.0
CD011686	recall@43.0%	1.0
CD011686	recall@44.0%	1.0
CD011686	recall@45.0%	1.0
CD011686	recall@46.0%	1.0
CD011686	recall@47.0%	1.0
CD011686	recall@48.0%	1.0
CD011686	recall@49.0%	1.0
CD011686	recall@50.0%	1.0
CD011686	recall@51.0%	1.0
CD011686	recall@52.0%	1.0
CD011686	recall@53.0%	1.0
CD011686	recall@54.0%	1.0
CD011686	recall@55.0%	1.0
CD011686	recall@56.0%	1.0
CD011686	recall@57.0%	1.0
CD011686	recall@58.0%	1.0
CD011686	recall@59.0%	1.0
CD011686	recall@60.0%	1.0
CD011686	recall@61.0%	1.0
CD011686	recall@62.0%	1.0
CD011686	recall@63.0%	1.0
CD011686	recall@64.0%	1.0
CD011686	recall@65.0%	1.0
CD011686	recall@66.0%	1.0
CD011686	recall@67.0%	1.0
CD011686	recall@68.0%	1.0
CD011686	recall@69.0%	1.0
CD011686	recall@70.0%	1.0
CD011686	recall@71.0%	1.0
CD011686	recall@72.0%	1.0
CD011686	recall@73.0%	1.0
CD011686	recall@74.0%	1.0
CD011686	recall@75.0%	1.0
CD011686	recall@76.0%	1.0
CD011686	recall@77.0%	1.0
CD011686	recall@78.0%	1.0
CD011686	recall@79.0%	1.0
CD011686	recall@80.0%	1.0
CD011686	recall@81.0%	1.0
CD011686	recall@82.0%	1.0
CD011686	recall@83.0%	1.0
CD011686	recall@84.0%	1.0
CD011686	recall@85.0%	1.0
CD011686	recall@86.0%	1.0
CD011686	recall@87.0%	1.0
CD011686	recall@88.0%	1.0
CD011686	recall@89.0%	1.0
CD011686	recall@90.0%	1.0
CD011686	recall@91.0%	1.0
CD011686	recall@92.0%	1.0
CD011686	recall@93.0%	1.0
CD011686	recall@94.0%	1.0
CD011686	recall@95.0%	1.0
CD011686	recall@96.0%	1.0
CD011686	recall@97.0%	1.0
CD011686	recall@98.0%	1.0
CD011686	recall@99.0%	1.0
CD011686	recall@100.0%	1.0
CD011686	total_cost	221.0
CD011686	norm_area	0.907
CD011686	ap	0.002
CD011686	r	0.0
CD011686	loss_e	0.0
CD011686	loss_r	1.0
CD011686	loss_er	1.0
CD011768	num_shown	9160
CD011768	rels_found	25
CD011768	num_rels	25
CD011768	last_rel	2383
CD011768	norm_last_rel	0.26
CD011768	threshold	101
CD011768	norm_threshold	0.011
CD011768	wss_100	0.74
CD011768	wss_95	0.73
CD011768	cg_total	25.0
CD011768	cg_max	25.0
CD011768	cg_threshold	8.0
CD011768	recall_threshold	0.32
CD011768	threshold	101
CD011768	recall@1.0%	0.32
CD011768	recall@2.0%	0.44
CD011768	recall@3.0%	0.48
CD011768	recall@4.0%	0.52
CD011768	recall@5.0%	0.56
CD011768	recall@6.0%	0.6
CD011768	recall@7.0%	0.64
CD011768	recall@8.0%	0.72
CD011768	recall@9.0%	0.72
CD011768	recall@10.0%	0.72
CD011768	recall@11.0%	0.72
CD011768	recall@12.0%	0.84
CD011768	recall@13.0%	0.84
CD011768	recall@14.0%	0.84
CD011768	recall@15.0%	0.84
CD011768	recall@16.0%	0.84
CD011768	recall@17.0%	0.84
CD011768	recall@18.0%	0.88
CD011768	recall@19.0%	0.88
CD011768	recall@20.0%	0.88
CD011768	recall@21.0%	0.88
CD011768	recall@22.0%	0.92
CD011768	recall@23.0%	0.96
CD011768	recall@24.0%	0.96
CD011768	recall@25.0%	0.96
CD011768	recall@26.0%	0.96
CD011768	recall@27.0%	1.0
CD011768	recall@28.0%	1.0
CD011768	recall@29.0%	1.0
CD011768	recall@30.0%	1.0
CD011768	recall@31.0%	1.0
CD011768	recall@32.0%	1.0
CD011768	recall@33.0%	1.0
CD011768	recall@34.0%	1.0
CD011768	recall@35.0%	1.0
CD011768	recall@36.0%	1.0
CD011768	recall@37.0%	1.0
CD011768	recall@38.0%	1.0
CD011768	recall@39.0%	1.0
CD011768	recall@40.0%	1.0
CD011768	recall@41.0%	1.0
CD011768	recall@42.0%	1.0
CD011768	recall@43.0%	1.0
CD011768	recall@44.0%	1.0
CD011768	recall@45.0%	1.0
CD011768	recall@46.0%	1.0
CD011768	recall@47.0%	1.0
CD011768	recall@48.0%	1.0
CD011768	recall@49.0%	1.0
CD011768	recall@50.0%	1.0
CD011768	recall@51.0%	1.0
CD011768	recall@52.0%	1.0
CD011768	recall@53.0%	1.0
CD011768	recall@54.0%	1.0
CD011768	recall@55.0%	1.0
CD011768	recall@56.0%	1.0
CD011768	recall@57.0%	1.0
CD011768	recall@58.0%	1.0
CD011768	recall@59.0%	1.0
CD011768	recall@60.0%	1.0
CD011768	recall@61.0%	1.0
CD011768	recall@62.0%	1.0
CD011768	recall@63.0%	1.0
CD011768	recall@64.0%	1.0
CD011768	recall@65.0%	1.0
CD011768	recall@66.0%	1.0
CD011768	recall@67.0%	1.0
CD011768	recall@68.0%	1.0
CD011768	recall@69.0%	1.0
CD011768	recall@70.0%	1.0
CD011768	recall@71.0%	1.0
CD011768	recall@72.0%	1.0
CD011768	recall@73.0%	1.0
CD011768	recall@74.0%	1.0
CD011768	recall@75.0%	1.0
CD011768	recall@76.0%	1.0
CD011768	recall@77.0%	1.0
CD011768	recall@78.0%	1.0
CD011768	recall@79.0%	1.0
CD011768	recall@80.0%	1.0
CD011768	recall@81.0%	1.0
CD011768	recall@82.0%	1.0
CD011768	recall@83.0%	1.0
CD011768	recall@84.0%	1.0
CD011768	recall@85.0%	1.0
CD011768	recall@86.0%	1.0
CD011768	recall@87.0%	1.0
CD011768	recall@88.0%	1.0
CD011768	recall@89.0%	1.0
CD011768	recall@90.0%	1.0
CD011768	recall@91.0%	1.0
CD011768	recall@92.0%	1.0
CD011768	recall@93.0%	1.0
CD011768	recall@94.0%	1.0
CD011768	recall@95.0%	1.0
CD011768	recall@96.0%	1.0
CD011768	recall@97.0%	1.0
CD011768	recall@98.0%	1.0
CD011768	recall@99.0%	1.0
CD011768	recall@100.0%	1.0
CD011768	total_cost	621.0
CD011768	norm_area	0.934
CD011768	ap	0.062
CD011768	r	0.32
CD011768	loss_e	0.0
CD011768	loss_r	0.462
CD011768	loss_er	0.462
CD011787	num_shown	4369
CD011787	rels_found	28
CD011787	num_rels	28
CD011787	last_rel	2684
CD011787	norm_last_rel	0.614
CD011787	threshold	101
CD011787	norm_threshold	0.023
CD011787	wss_100	0.386
CD011787	wss_95	0.646
CD011787	cg_total	28.0
CD011787	cg_max	28.0
CD011787	cg_threshold	7.0
CD011787	recall_threshold	0.25
CD011787	threshold	101
CD011787	recall@1.0%	0.143
CD011787	recall@2.0%	0.25
CD011787	recall@3.0%	0.286
CD011787	recall@4.0%	0.357
CD011787	recall@5.0%	0.536
CD011787	recall@6.0%	0.607
CD011787	recall@7.0%	0.643
CD011787	recall@8.0%	0.679
CD011787	recall@9.0%	0.679
CD011787	recall@10.0%	0.679
CD011787	recall@11.0%	0.714
CD011787	recall@12.0%	0.75
CD011787	recall@13.0%	0.75
CD011787	recall@14.0%	0.821
CD011787	recall@15.0%	0.857
CD011787	recall@16.0%	0.857
CD011787	recall@17.0%	0.857
CD011787	recall@18.0%	0.857
CD011787	recall@19.0%	0.857
CD011787	recall@20.0%	0.893
CD011787	recall@21.0%	0.893
CD011787	recall@22.0%	0.893
CD011787	recall@23.0%	0.893
CD011787	recall@24.0%	0.893
CD011787	recall@25.0%	0.893
CD011787	recall@26.0%	0.893
CD011787	recall@27.0%	0.929
CD011787	recall@28.0%	0.929
CD011787	recall@29.0%	0.929
CD011787	recall@30.0%	0.929
CD011787	recall@31.0%	0.964
CD011787	recall@32.0%	0.964
CD011787	recall@33.0%	0.964
CD011787	recall@34.0%	0.964
CD011787	recall@35.0%	0.964
CD011787	recall@36.0%	0.964
CD011787	recall@37.0%	0.964
CD011787	recall@38.0%	0.964
CD011787	recall@39.0%	0.964
CD011787	recall@40.0%	0.964
CD011787	recall@41.0%	0.964
CD011787	recall@42.0%	0.964
CD011787	recall@43.0%	0.964
CD011787	recall@44.0%	0.964
CD011787	recall@45.0%	0.964
CD011787	recall@46.0%	0.964
CD011787	recall@47.0%	0.964
CD011787	recall@48.0%	0.964
CD011787	recall@49.0%	0.964
CD011787	recall@50.0%	0.964
CD011787	recall@51.0%	0.964
CD011787	recall@52.0%	0.964
CD011787	recall@53.0%	0.964
CD011787	recall@54.0%	0.964
CD011787	recall@55.0%	0.964
CD011787	recall@56.0%	0.964
CD011787	recall@57.0%	0.964
CD011787	recall@58.0%	0.964
CD011787	recall@59.0%	0.964
CD011787	recall@60.0%	0.964
CD011787	recall@61.0%	0.964
CD011787	recall@62.0%	1.0
CD011787	recall@63.0%	1.0
CD011787	recall@64.0%	1.0
CD011787	recall@65.0%	1.0
CD011787	recall@66.0%	1.0
CD011787	recall@67.0%	1.0
CD011787	recall@68.0%	1.0
CD011787	recall@69.0%	1.0
CD011787	recall@70.0%	1.0
CD011787	recall@71.0%	1.0
CD011787	recall@72.0%	1.0
CD011787	recall@73.0%	1.0
CD011787	recall@74.0%	1.0
CD011787	recall@75.0%	1.0
CD011787	recall@76.0%	1.0
CD011787	recall@77.0%	1.0
CD011787	recall@78.0%	1.0
CD011787	recall@79.0%	1.0
CD011787	recall@80.0%	1.0
CD011787	recall@81.0%	1.0
CD011787	recall@82.0%	1.0
CD011787	recall@83.0%	1.0
CD011787	recall@84.0%	1.0
CD011787	recall@85.0%	1.0
CD011787	recall@86.0%	1.0
CD011787	recall@87.0%	1.0
CD011787	recall@88.0%	1.0
CD011787	recall@89.0%	1.0
CD011787	recall@90.0%	1.0
CD011787	recall@91.0%	1.0
CD011787	recall@92.0%	1.0
CD011787	recall@93.0%	1.0
CD011787	recall@94.0%	1.0
CD011787	recall@95.0%	1.0
CD011787	recall@96.0%	1.0
CD011787	recall@97.0%	1.0
CD011787	recall@98.0%	1.0
CD011787	recall@99.0%	1.0
CD011787	recall@100.0%	1.0
CD011787	total_cost	801.0
CD011787	norm_area	0.909
CD011787	ap	0.061
CD011787	r	0.25
CD011787	loss_e	0.0
CD011787	loss_r	0.562
CD011787	loss_er	0.563
CD011977	num_shown	195
CD011977	rels_found	37
CD011977	num_rels	37
CD011977	last_rel	129
CD011977	norm_last_rel	0.662
CD011977	threshold	101
CD011977	norm_threshold	0.518
CD011977	wss_100	0.338
CD011977	wss_95	0.453
CD011977	cg_total	37.0
CD011977	cg_max	37.0
CD011977	cg_threshold	35.0
CD011977	recall_threshold	0.946
CD011977	threshold	101
CD011977	recall@1.0%	0.027
CD011977	recall@2.0%	0.081
CD011977	recall@3.0%	0.081
CD011977	recall@4.0%	0.081
CD011977	recall@5.0%	0.081
CD011977	recall@6.0%	0.108
CD011977	recall@7.0%	0.135
CD011977	recall@8.0%	0.162
CD011977	recall@9.0%	0.189
CD011977	recall@10.0%	0.243
CD011977	recall@11.0%	0.27
CD011977	recall@12.0%	0.297
CD011977	recall@13.0%	0.324
CD011977	recall@14.0%	0.324
CD011977	recall@15.0%	0.351
CD011977	recall@16.0%	0.378
CD011977	recall@17.0%	0.432
CD011977	recall@18.0%	0.459
CD011977	recall@19.0%	0.459
CD011977	recall@20.0%	0.459
CD011977	recall@21.0%	0.486
CD011977	recall@22.0%	0.486
CD011977	recall@23.0%	0.514
CD011977	recall@24.0%	0.541
CD011977	recall@25.0%	0.568
CD011977	recall@26.0%	0.595
CD011977	recall@27.0%	0.595
CD011977	recall@28.0%	0.622
CD011977	recall@29.0%	0.622
CD011977	recall@30.0%	0.649
CD011977	recall@31.0%	0.649
CD011977	recall@32.0%	0.649
CD011977	recall@33.0%	0.676
CD011977	recall@34.0%	0.676
CD011977	recall@35.0%	0.676
CD011977	recall@36.0%	0.676
CD011977	recall@37.0%	0.703
CD011977	recall@38.0%	0.73
CD011977	recall@39.0%	0.73
CD011977	recall@40.0%	0.784
CD011977	recall@41.0%	0.784
CD011977	recall@42.0%	0.784
CD011977	recall@43.0%	0.811
CD011977	recall@44.0%	0.838
CD011977	recall@45.0%	0.865
CD011977	recall@46.0%	0.892
CD011977	recall@47.0%	0.892
CD011977	recall@48.0%	0.919
CD011977	recall@49.0%	0.919
CD011977	recall@50.0%	0.946
CD011977	recall@51.0%	0.946
CD011977	recall@52.0%	0.946
CD011977	recall@53.0%	0.946
CD011977	recall@54.0%	0.946
CD011977	recall@55.0%	0.946
CD011977	recall@56.0%	0.973
CD011977	recall@57.0%	0.973
CD011977	recall@58.0%	0.973
CD011977	recall@59.0%	0.973
CD011977	recall@60.0%	0.973
CD011977	recall@61.0%	0.973
CD011977	recall@62.0%	0.973
CD011977	recall@63.0%	0.973
CD011977	recall@64.0%	0.973
CD011977	recall@65.0%	0.973
CD011977	recall@66.0%	1.0
CD011977	recall@67.0%	1.0
CD011977	recall@68.0%	1.0
CD011977	recall@69.0%	1.0
CD011977	recall@70.0%	1.0
CD011977	recall@71.0%	1.0
CD011977	recall@72.0%	1.0
CD011977	recall@73.0%	1.0
CD011977	recall@74.0%	1.0
CD011977	recall@75.0%	1.0
CD011977	recall@76.0%	1.0
CD011977	recall@77.0%	1.0
CD011977	recall@78.0%	1.0
CD011977	recall@79.0%	1.0
CD011977	recall@80.0%	1.0
CD011977	recall@81.0%	1.0
CD011977	recall@82.0%	1.0
CD011977	recall@83.0%	1.0
CD011977	recall@84.0%	1.0
CD011977	recall@85.0%	1.0
CD011977	recall@86.0%	1.0
CD011977	recall@87.0%	1.0
CD011977	recall@88.0%	1.0
CD011977	recall@89.0%	1.0
CD011977	recall@90.0%	1.0
CD011977	recall@91.0%	1.0
CD011977	recall@92.0%	1.0
CD011977	recall@93.0%	1.0
CD011977	recall@94.0%	1.0
CD011977	recall@95.0%	1.0
CD011977	recall@96.0%	1.0
CD011977	recall@97.0%	1.0
CD011977	recall@98.0%	1.0
CD011977	recall@99.0%	1.0
CD011977	recall@100.0%	1.0
CD011977	total_cost	-519.0
CD011977	norm_area	0.83
CD011977	ap	0.439
CD011977	r	0.946
CD011977	loss_e	0.143
CD011977	loss_r	0.003
CD011977	loss_er	0.146
CD012069	num_shown	3479
CD012069	rels_found	245
CD012069	num_rels	245
CD012069	last_rel	3424
CD012069	norm_last_rel	0.984
CD012069	threshold	101
CD012069	norm_threshold	0.029
CD012069	wss_100	0.016
CD012069	wss_95	0.179
CD012069	cg_total	245.0
CD012069	cg_max	245.0
CD012069	cg_threshold	18.0
CD012069	recall_threshold	0.073
CD012069	threshold	101
CD012069	recall@1.0%	0.049
CD012069	recall@2.0%	0.069
CD012069	recall@3.0%	0.073
CD012069	recall@4.0%	0.09
CD012069	recall@5.0%	0.098
CD012069	recall@6.0%	0.102
CD012069	recall@7.0%	0.102
CD012069	recall@8.0%	0.118
CD012069	recall@9.0%	0.127
CD012069	recall@10.0%	0.139
CD012069	recall@11.0%	0.171
CD012069	recall@12.0%	0.184
CD012069	recall@13.0%	0.192
CD012069	recall@14.0%	0.208
CD012069	recall@15.0%	0.216
CD012069	recall@16.0%	0.229
CD012069	recall@17.0%	0.253
CD012069	recall@18.0%	0.282
CD012069	recall@19.0%	0.294
CD012069	recall@20.0%	0.306
CD012069	recall@21.0%	0.331
CD012069	recall@22.0%	0.339
CD012069	recall@23.0%	0.355
CD012069	recall@24.0%	0.38
CD012069	recall@25.0%	0.396
CD012069	recall@26.0%	0.408
CD012069	recall@27.0%	0.424
CD012069	recall@28.0%	0.453
CD012069	recall@29.0%	0.465
CD012069	recall@30.0%	0.49
CD012069	recall@31.0%	0.502
CD012069	recall@32.0%	0.506
CD012069	recall@33.0%	0.518
CD012069	recall@34.0%	0.535
CD012069	recall@35.0%	0.539
CD012069	recall@36.0%	0.559
CD012069	recall@37.0%	0.584
CD012069	recall@38.0%	0.604
CD012069	recall@39.0%	0.612
CD012069	recall@40.0%	0.633
CD012069	recall@41.0%	0.641
CD012069	recall@42.0%	0.645
CD012069	recall@43.0%	0.661
CD012069	recall@44.0%	0.669
CD012069	recall@45.0%	0.69
CD012069	recall@46.0%	0.698
CD012069	recall@47.0%	0.698
CD012069	recall@48.0%	0.698
CD012069	recall@49.0%	0.71
CD012069	recall@50.0%	0.718
CD012069	recall@51.0%	0.739
CD012069	recall@52.0%	0.751
CD012069	recall@53.0%	0.759
CD012069	recall@54.0%	0.771
CD012069	recall@55.0%	0.776
CD012069	recall@56.0%	0.788
CD012069	recall@57.0%	0.792
CD012069	recall@58.0%	0.792
CD012069	recall@59.0%	0.804
CD012069	recall@60.0%	0.808
CD012069	recall@61.0%	0.816
CD012069	recall@62.0%	0.824
CD012069	recall@63.0%	0.829
CD012069	recall@64.0%	0.829
CD012069	recall@65.0%	0.829
CD012069	recall@66.0%	0.829
CD012069	recall@67.0%	0.833
CD012069	recall@68.0%	0.833
CD012069	recall@69.0%	0.833
CD012069	recall@70.0%	0.837
CD012069	recall@71.0%	0.865
CD012069	recall@72.0%	0.869
CD012069	recall@73.0%	0.873
CD012069	recall@74.0%	0.882
CD012069	recall@75.0%	0.91
CD012069	recall@76.0%	0.922
CD012069	recall@77.0%	0.947
CD012069	recall@78.0%	0.951
CD012069	recall@79.0%	0.959
CD012069	recall@80.0%	0.959
CD012069	recall@81.0%	0.959
CD012069	recall@82.0%	0.959
CD012069	recall@83.0%	0.959
CD012069	recall@84.0%	0.959
CD012069	recall@85.0%	0.959
CD012069	recall@86.0%	0.963
CD012069	recall@87.0%	0.976
CD012069	recall@88.0%	0.976
CD012069	recall@89.0%	0.98
CD012069	recall@90.0%	0.984
CD012069	recall@91.0%	0.984
CD012069	recall@92.0%	0.984
CD012069	recall@93.0%	0.984
CD012069	recall@94.0%	0.984
CD012069	recall@95.0%	0.984
CD012069	recall@96.0%	0.992
CD012069	recall@97.0%	0.996
CD012069	recall@98.0%	0.996
CD012069	recall@99.0%	1.0
CD012069	recall@100.0%	1.0
CD012069	total_cost	8821.0
CD012069	norm_area	0.664
CD012069	ap	0.122
CD012069	r	0.073
CD012069	loss_e	0.0
CD012069	loss_r	0.858
CD012069	loss_er	0.859
CD012080	num_shown	6643
CD012080	rels_found	77
CD012080	num_rels	77
CD012080	last_rel	5981
CD012080	norm_last_rel	0.9
CD012080	threshold	101
CD012080	norm_threshold	0.015
CD012080	wss_100	0.1
CD012080	wss_95	0.32
CD012080	cg_total	77.0
CD012080	cg_max	77.0
CD012080	cg_threshold	5.0
CD012080	recall_threshold	0.065
CD012080	threshold	101
CD012080	recall@1.0%	0.039
CD012080	recall@2.0%	0.104
CD012080	recall@3.0%	0.117
CD012080	recall@4.0%	0.195
CD012080	recall@5.0%	0.26
CD012080	recall@6.0%	0.312
CD012080	recall@7.0%	0.351
CD012080	recall@8.0%	0.377
CD012080	recall@9.0%	0.39
CD012080	recall@10.0%	0.416
CD012080	recall@11.0%	0.442
CD012080	recall@12.0%	0.506
CD012080	recall@13.0%	0.532
CD012080	recall@14.0%	0.558
CD012080	recall@15.0%	0.597
CD012080	recall@16.0%	0.61
CD012080	recall@17.0%	0.623
CD012080	recall@18.0%	0.662
CD012080	recall@19.0%	0.714
CD012080	recall@20.0%	0.714
CD012080	recall@21.0%	0.714
CD012080	recall@22.0%	0.727
CD012080	recall@23.0%	0.74
CD012080	recall@24.0%	0.74
CD012080	recall@25.0%	0.753
CD012080	recall@26.0%	0.753
CD012080	recall@27.0%	0.766
CD012080	recall@28.0%	0.766
CD012080	recall@29.0%	0.766
CD012080	recall@30.0%	0.779
CD012080	recall@31.0%	0.779
CD012080	recall@32.0%	0.792
CD012080	recall@33.0%	0.818
CD012080	recall@34.0%	0.818
CD012080	recall@35.0%	0.831
CD012080	recall@36.0%	0.831
CD012080	recall@37.0%	0.844
CD012080	recall@38.0%	0.844
CD012080	recall@39.0%	0.844
CD012080	recall@40.0%	0.844
CD012080	recall@41.0%	0.844
CD012080	recall@42.0%	0.844
CD012080	recall@43.0%	0.857
CD012080	recall@44.0%	0.857
CD012080	recall@45.0%	0.87
CD012080	recall@46.0%	0.87
CD012080	recall@47.0%	0.87
CD012080	recall@48.0%	0.87
CD012080	recall@49.0%	0.87
CD012080	recall@50.0%	0.87
CD012080	recall@51.0%	0.883
CD012080	recall@52.0%	0.883
CD012080	recall@53.0%	0.883
CD012080	recall@54.0%	0.896
CD012080	recall@55.0%	0.896
CD012080	recall@56.0%	0.896
CD012080	recall@57.0%	0.909
CD012080	recall@58.0%	0.922
CD012080	recall@59.0%	0.922
CD012080	recall@60.0%	0.922
CD012080	recall@61.0%	0.935
CD012080	recall@62.0%	0.935
CD012080	recall@63.0%	0.935
CD012080	recall@64.0%	0.948
CD012080	recall@65.0%	0.948
CD012080	recall@66.0%	0.948
CD012080	recall@67.0%	0.961
CD012080	recall@68.0%	0.961
CD012080	recall@69.0%	0.961
CD012080	recall@70.0%	0.961
CD012080	recall@71.0%	0.961
CD012080	recall@72.0%	0.961
CD012080	recall@73.0%	0.961
CD012080	recall@74.0%	0.961
CD012080	recall@75.0%	0.961
CD012080	recall@76.0%	0.961
CD012080	recall@77.0%	0.961
CD012080	recall@78.0%	0.961
CD012080	recall@79.0%	0.987
CD012080	recall@80.0%	0.987
CD012080	recall@81.0%	0.987
CD012080	recall@82.0%	0.987
CD012080	recall@83.0%	0.987
CD012080	recall@84.0%	0.987
CD012080	recall@85.0%	0.987
CD012080	recall@86.0%	0.987
CD012080	recall@87.0%	0.987
CD012080	recall@88.0%	0.987
CD012080	recall@89.0%	0.987
CD012080	recall@90.0%	0.987
CD012080	recall@91.0%	1.0
CD012080	recall@92.0%	1.0
CD012080	recall@93.0%	1.0
CD012080	recall@94.0%	1.0
CD012080	recall@95.0%	1.0
CD012080	recall@96.0%	1.0
CD012080	recall@97.0%	1.0
CD012080	recall@98.0%	1.0
CD012080	recall@99.0%	1.0
CD012080	recall@100.0%	1.0
CD012080	total_cost	2881.0
CD012080	norm_area	0.809
CD012080	ap	0.044
CD012080	r	0.065
CD012080	loss_e	0.0
CD012080	loss_r	0.874
CD012080	loss_er	0.874
CD012164	num_shown	62
CD012164	rels_found	3
CD012164	num_rels	3
CD012164	last_rel	12
CD012164	norm_last_rel	0.194
CD012164	threshold	61
CD012164	norm_threshold	0.984
CD012164	wss_100	0.806
CD012164	wss_95	0.756
CD012164	cg_total	3.0
CD012164	cg_max	3.0
CD012164	cg_threshold	3.0
CD012164	recall_threshold	1.0
CD012164	threshold	61
CD012164	recall@1.0%	0.0
CD012164	recall@2.0%	0.0
CD012164	recall@3.0%	0.333
CD012164	recall@4.0%	0.333
CD012164	recall@5.0%	0.333
CD012164	recall@6.0%	0.333
CD012164	recall@7.0%	0.333
CD012164	recall@8.0%	0.333
CD012164	recall@9.0%	0.333
CD012164	recall@10.0%	0.333
CD012164	recall@11.0%	0.333
CD012164	recall@12.0%	0.333
CD012164	recall@13.0%	0.333
CD012164	recall@14.0%	0.333
CD012164	recall@15.0%	0.333
CD012164	recall@16.0%	0.667
CD012164	recall@17.0%	0.667
CD012164	recall@18.0%	0.667
CD012164	recall@19.0%	1.0
CD012164	recall@20.0%	1.0
CD012164	recall@21.0%	1.0
CD012164	recall@22.0%	1.0
CD012164	recall@23.0%	1.0
CD012164	recall@24.0%	1.0
CD012164	recall@25.0%	1.0
CD012164	recall@26.0%	1.0
CD012164	recall@27.0%	1.0
CD012164	recall@28.0%	1.0
CD012164	recall@29.0%	1.0
CD012164	recall@30.0%	1.0
CD012164	recall@31.0%	1.0
CD012164	recall@32.0%	1.0
CD012164	recall@33.0%	1.0
CD012164	recall@34.0%	1.0
CD012164	recall@35.0%	1.0
CD012164	recall@36.0%	1.0
CD012164	recall@37.0%	1.0
CD012164	recall@38.0%	1.0
CD012164	recall@39.0%	1.0
CD012164	recall@40.0%	1.0
CD012164	recall@41.0%	1.0
CD012164	recall@42.0%	1.0
CD012164	recall@43.0%	1.0
CD012164	recall@44.0%	1.0
CD012164	recall@45.0%	1.0
CD012164	recall@46.0%	1.0
CD012164	recall@47.0%	1.0
CD012164	recall@48.0%	1.0
CD012164	recall@49.0%	1.0
CD012164	recall@50.0%	1.0
CD012164	recall@51.0%	1.0
CD012164	recall@52.0%	1.0
CD012164	recall@53.0%	1.0
CD012164	recall@54.0%	1.0
CD012164	recall@55.0%	1.0
CD012164	recall@56.0%	1.0
CD012164	recall@57.0%	1.0
CD012164	recall@58.0%	1.0
CD012164	recall@59.0%	1.0
CD012164	recall@60.0%	1.0
CD012164	recall@61.0%	1.0
CD012164	recall@62.0%	1.0
CD012164	recall@63.0%	1.0
CD012164	recall@64.0%	1.0
CD012164	recall@65.0%	1.0
CD012164	recall@66.0%	1.0
CD012164	recall@67.0%	1.0
CD012164	recall@68.0%	1.0
CD012164	recall@69.0%	1.0
CD012164	recall@70.0%	1.0
CD012164	recall@71.0%	1.0
CD012164	recall@72.0%	1.0
CD012164	recall@73.0%	1.0
CD012164	recall@74.0%	1.0
CD012164	recall@75.0%	1.0
CD012164	recall@76.0%	1.0
CD012164	recall@77.0%	1.0
CD012164	recall@78.0%	1.0
CD012164	recall@79.0%	1.0
CD012164	recall@80.0%	1.0
CD012164	recall@81.0%	1.0
CD012164	recall@82.0%	1.0
CD012164	recall@83.0%	1.0
CD012164	recall@84.0%	1.0
CD012164	recall@85.0%	1.0
CD012164	recall@86.0%	1.0
CD012164	recall@87.0%	1.0
CD012164	recall@88.0%	1.0
CD012164	recall@89.0%	1.0
CD012164	recall@90.0%	1.0
CD012164	recall@91.0%	1.0
CD012164	recall@92.0%	1.0
CD012164	recall@93.0%	1.0
CD012164	recall@94.0%	1.0
CD012164	recall@95.0%	1.0
CD012164	recall@96.0%	1.0
CD012164	recall@97.0%	1.0
CD012164	recall@98.0%	1.0
CD012164	recall@99.0%	1.0
CD012164	recall@100.0%	1.0
CD012164	total_cost	2.0
CD012164	norm_area	0.901
CD012164	ap	0.317
CD012164	r	1.0
CD012164	loss_e	0.943
CD012164	loss_r	0.0
CD012164	loss_er	0.943
CD012233	num_shown	472
CD012233	rels_found	9
CD012233	num_rels	9
CD012233	last_rel	321
CD012233	norm_last_rel	0.68
CD012233	threshold	101
CD012233	norm_threshold	0.214
CD012233	wss_100	0.32
CD012233	wss_95	0.27
CD012233	cg_total	9.0
CD012233	cg_max	9.0
CD012233	cg_threshold	3.0
CD012233	recall_threshold	0.333
CD012233	threshold	101
CD012233	recall@1.0%	0.222
CD012233	recall@2.0%	0.222
CD012233	recall@3.0%	0.222
CD012233	recall@4.0%	0.222
CD012233	recall@5.0%	0.222
CD012233	recall@6.0%	0.222
CD012233	recall@7.0%	0.222
CD012233	recall@8.0%	0.333
CD012233	recall@9.0%	0.333
CD012233	recall@10.0%	0.333
CD012233	recall@11.0%	0.333
CD012233	recall@12.0%	0.333
CD012233	recall@13.0%	0.333
CD012233	recall@14.0%	0.333
CD012233	recall@15.0%	0.333
CD012233	recall@16.0%	0.333
CD012233	recall@17.0%	0.333
CD012233	recall@18.0%	0.333
CD012233	recall@19.0%	0.333
CD012233	recall@20.0%	0.333
CD012233	recall@21.0%	0.333
CD012233	recall@22.0%	0.333
CD012233	recall@23.0%	0.333
CD012233	recall@24.0%	0.333
CD012233	recall@25.0%	0.333
CD012233	recall@26.0%	0.333
CD012233	recall@27.0%	0.333
CD012233	recall@28.0%	0.444
CD012233	recall@29.0%	0.444
CD012233	recall@30.0%	0.444
CD012233	recall@31.0%	0.444
CD012233	recall@32.0%	0.444
CD012233	recall@33.0%	0.556
CD012233	recall@34.0%	0.667
CD012233	recall@35.0%	0.667
CD012233	recall@36.0%	0.667
CD012233	recall@37.0%	0.667
CD012233	recall@38.0%	0.667
CD012233	recall@39.0%	0.667
CD012233	recall@40.0%	0.778
CD012233	recall@41.0%	0.778
CD012233	recall@42.0%	0.778
CD012233	recall@43.0%	0.778
CD012233	recall@44.0%	0.778
CD012233	recall@45.0%	0.889
CD012233	recall@46.0%	0.889
CD012233	recall@47.0%	0.889
CD012233	recall@48.0%	0.889
CD012233	recall@49.0%	0.889
CD012233	recall@50.0%	0.889
CD012233	recall@51.0%	0.889
CD012233	recall@52.0%	0.889
CD012233	recall@53.0%	0.889
CD012233	recall@54.0%	0.889
CD012233	recall@55.0%	0.889
CD012233	recall@56.0%	0.889
CD012233	recall@57.0%	0.889
CD012233	recall@58.0%	0.889
CD012233	recall@59.0%	0.889
CD012233	recall@60.0%	0.889
CD012233	recall@61.0%	0.889
CD012233	recall@62.0%	0.889
CD012233	recall@63.0%	0.889
CD012233	recall@64.0%	0.889
CD012233	recall@65.0%	0.889
CD012233	recall@66.0%	0.889
CD012233	recall@67.0%	0.889
CD012233	recall@68.0%	1.0
CD012233	recall@69.0%	1.0
CD012233	recall@70.0%	1.0
CD012233	recall@71.0%	1.0
CD012233	recall@72.0%	1.0
CD012233	recall@73.0%	1.0
CD012233	recall@74.0%	1.0
CD012233	recall@75.0%	1.0
CD012233	recall@76.0%	1.0
CD012233	recall@77.0%	1.0
CD012233	recall@78.0%	1.0
CD012233	recall@79.0%	1.0
CD012233	recall@80.0%	1.0
CD012233	recall@81.0%	1.0
CD012233	recall@82.0%	1.0
CD012233	recall@83.0%	1.0
CD012233	recall@84.0%	1.0
CD012233	recall@85.0%	1.0
CD012233	recall@86.0%	1.0
CD012233	recall@87.0%	1.0
CD012233	recall@88.0%	1.0
CD012233	recall@89.0%	1.0
CD012233	recall@90.0%	1.0
CD012233	recall@91.0%	1.0
CD012233	recall@92.0%	1.0
CD012233	recall@93.0%	1.0
CD012233	recall@94.0%	1.0
CD012233	recall@95.0%	1.0
CD012233	recall@96.0%	1.0
CD012233	recall@97.0%	1.0
CD012233	recall@98.0%	1.0
CD012233	recall@99.0%	1.0
CD012233	recall@100.0%	1.0
CD012233	total_cost	281.0
CD012233	norm_area	0.723
CD012233	ap	0.132
CD012233	r	0.333
CD012233	loss_e	0.039
CD012233	loss_r	0.444
CD012233	loss_er	0.483
Skipping topic: CD012342
CD012455	num_shown	1593
CD012455	rels_found	5
CD012455	num_rels	5
CD012455	last_rel	610
CD012455	norm_last_rel	0.383
CD012455	threshold	101
CD012455	norm_threshold	0.063
CD012455	wss_100	0.617
CD012455	wss_95	0.567
CD012455	cg_total	5.0
CD012455	cg_max	5.0
CD012455	cg_threshold	3.0
CD012455	recall_threshold	0.6
CD012455	threshold	101
CD012455	recall@1.0%	0.6
CD012455	recall@2.0%	0.6
CD012455	recall@3.0%	0.6
CD012455	recall@4.0%	0.6
CD012455	recall@5.0%	0.6
CD012455	recall@6.0%	0.6
CD012455	recall@7.0%	0.6
CD012455	recall@8.0%	0.6
CD012455	recall@9.0%	0.6
CD012455	recall@10.0%	0.6
CD012455	recall@11.0%	0.6
CD012455	recall@12.0%	0.8
CD012455	recall@13.0%	0.8
CD012455	recall@14.0%	0.8
CD012455	recall@15.0%	0.8
CD012455	recall@16.0%	0.8
CD012455	recall@17.0%	0.8
CD012455	recall@18.0%	0.8
CD012455	recall@19.0%	0.8
CD012455	recall@20.0%	0.8
CD012455	recall@21.0%	0.8
CD012455	recall@22.0%	0.8
CD012455	recall@23.0%	0.8
CD012455	recall@24.0%	0.8
CD012455	recall@25.0%	0.8
CD012455	recall@26.0%	0.8
CD012455	recall@27.0%	0.8
CD012455	recall@28.0%	0.8
CD012455	recall@29.0%	0.8
CD012455	recall@30.0%	0.8
CD012455	recall@31.0%	0.8
CD012455	recall@32.0%	0.8
CD012455	recall@33.0%	0.8
CD012455	recall@34.0%	0.8
CD012455	recall@35.0%	0.8
CD012455	recall@36.0%	0.8
CD012455	recall@37.0%	0.8
CD012455	recall@38.0%	0.8
CD012455	recall@39.0%	1.0
CD012455	recall@40.0%	1.0
CD012455	recall@41.0%	1.0
CD012455	recall@42.0%	1.0
CD012455	recall@43.0%	1.0
CD012455	recall@44.0%	1.0
CD012455	recall@45.0%	1.0
CD012455	recall@46.0%	1.0
CD012455	recall@47.0%	1.0
CD012455	recall@48.0%	1.0
CD012455	recall@49.0%	1.0
CD012455	recall@50.0%	1.0
CD012455	recall@51.0%	1.0
CD012455	recall@52.0%	1.0
CD012455	recall@53.0%	1.0
CD012455	recall@54.0%	1.0
CD012455	recall@55.0%	1.0
CD012455	recall@56.0%	1.0
CD012455	recall@57.0%	1.0
CD012455	recall@58.0%	1.0
CD012455	recall@59.0%	1.0
CD012455	recall@60.0%	1.0
CD012455	recall@61.0%	1.0
CD012455	recall@62.0%	1.0
CD012455	recall@63.0%	1.0
CD012455	recall@64.0%	1.0
CD012455	recall@65.0%	1.0
CD012455	recall@66.0%	1.0
CD012455	recall@67.0%	1.0
CD012455	recall@68.0%	1.0
CD012455	recall@69.0%	1.0
CD012455	recall@70.0%	1.0
CD012455	recall@71.0%	1.0
CD012455	recall@72.0%	1.0
CD012455	recall@73.0%	1.0
CD012455	recall@74.0%	1.0
CD012455	recall@75.0%	1.0
CD012455	recall@76.0%	1.0
CD012455	recall@77.0%	1.0
CD012455	recall@78.0%	1.0
CD012455	recall@79.0%	1.0
CD012455	recall@80.0%	1.0
CD012455	recall@81.0%	1.0
CD012455	recall@82.0%	1.0
CD012455	recall@83.0%	1.0
CD012455	recall@84.0%	1.0
CD012455	recall@85.0%	1.0
CD012455	recall@86.0%	1.0
CD012455	recall@87.0%	1.0
CD012455	recall@88.0%	1.0
CD012455	recall@89.0%	1.0
CD012455	recall@90.0%	1.0
CD012455	recall@91.0%	1.0
CD012455	recall@92.0%	1.0
CD012455	recall@93.0%	1.0
CD012455	recall@94.0%	1.0
CD012455	recall@95.0%	1.0
CD012455	recall@96.0%	1.0
CD012455	recall@97.0%	1.0
CD012455	recall@98.0%	1.0
CD012455	recall@99.0%	1.0
CD012455	recall@100.0%	1.0
CD012455	total_cost	121.0
CD012455	norm_area	0.899
CD012455	ap	0.182
CD012455	r	0.6
CD012455	loss_e	0.004
CD012455	loss_r	0.16
CD012455	loss_er	0.164
CD012551	num_shown	591
CD012551	rels_found	29
CD012551	num_rels	29
CD012551	last_rel	579
CD012551	norm_last_rel	0.98
CD012551	threshold	101
CD012551	norm_threshold	0.171
CD012551	wss_100	0.02
CD012551	wss_95	0.111
CD012551	cg_total	29.0
CD012551	cg_max	29.0
CD012551	cg_threshold	2.0
CD012551	recall_threshold	0.069
CD012551	threshold	101
CD012551	recall@1.0%	0.034
CD012551	recall@2.0%	0.034
CD012551	recall@3.0%	0.034
CD012551	recall@4.0%	0.034
CD012551	recall@5.0%	0.034
CD012551	recall@6.0%	0.069
CD012551	recall@7.0%	0.069
CD012551	recall@8.0%	0.069
CD012551	recall@9.0%	0.069
CD012551	recall@10.0%	0.069
CD012551	recall@11.0%	0.069
CD012551	recall@12.0%	0.069
CD012551	recall@13.0%	0.069
CD012551	recall@14.0%	0.069
CD012551	recall@15.0%	0.069
CD012551	recall@16.0%	0.069
CD012551	recall@17.0%	0.069
CD012551	recall@18.0%	0.069
CD012551	recall@19.0%	0.103
CD012551	recall@20.0%	0.103
CD012551	recall@21.0%	0.103
CD012551	recall@22.0%	0.138
CD012551	recall@23.0%	0.172
CD012551	recall@24.0%	0.207
CD012551	recall@25.0%	0.207
CD012551	recall@26.0%	0.276
CD012551	recall@27.0%	0.276
CD012551	recall@28.0%	0.345
CD012551	recall@29.0%	0.379
CD012551	recall@30.0%	0.379
CD012551	recall@31.0%	0.379
CD012551	recall@32.0%	0.483
CD012551	recall@33.0%	0.483
CD012551	recall@34.0%	0.517
CD012551	recall@35.0%	0.517
CD012551	recall@36.0%	0.517
CD012551	recall@37.0%	0.517
CD012551	recall@38.0%	0.517
CD012551	recall@39.0%	0.517
CD012551	recall@40.0%	0.552
CD012551	recall@41.0%	0.552
CD012551	recall@42.0%	0.552
CD012551	recall@43.0%	0.552
CD012551	recall@44.0%	0.621
CD012551	recall@45.0%	0.621
CD012551	recall@46.0%	0.655
CD012551	recall@47.0%	0.655
CD012551	recall@48.0%	0.724
CD012551	recall@49.0%	0.724
CD012551	recall@50.0%	0.759
CD012551	recall@51.0%	0.759
CD012551	recall@52.0%	0.759
CD012551	recall@53.0%	0.759
CD012551	recall@54.0%	0.759
CD012551	recall@55.0%	0.793
CD012551	recall@56.0%	0.793
CD012551	recall@57.0%	0.793
CD012551	recall@58.0%	0.793
CD012551	recall@59.0%	0.793
CD012551	recall@60.0%	0.793
CD012551	recall@61.0%	0.793
CD012551	recall@62.0%	0.793
CD012551	recall@63.0%	0.793
CD012551	recall@64.0%	0.793
CD012551	recall@65.0%	0.793
CD012551	recall@66.0%	0.828
CD012551	recall@67.0%	0.828
CD012551	recall@68.0%	0.828
CD012551	recall@69.0%	0.828
CD012551	recall@70.0%	0.828
CD012551	recall@71.0%	0.828
CD012551	recall@72.0%	0.828
CD012551	recall@73.0%	0.828
CD012551	recall@74.0%	0.828
CD012551	recall@75.0%	0.828
CD012551	recall@76.0%	0.828
CD012551	recall@77.0%	0.828
CD012551	recall@78.0%	0.828
CD012551	recall@79.0%	0.862
CD012551	recall@80.0%	0.862
CD012551	recall@81.0%	0.897
CD012551	recall@82.0%	0.897
CD012551	recall@83.0%	0.897
CD012551	recall@84.0%	0.966
CD012551	recall@85.0%	0.966
CD012551	recall@86.0%	0.966
CD012551	recall@87.0%	0.966
CD012551	recall@88.0%	0.966
CD012551	recall@89.0%	0.966
CD012551	recall@90.0%	0.966
CD012551	recall@91.0%	0.966
CD012551	recall@92.0%	0.966
CD012551	recall@93.0%	0.966
CD012551	recall@94.0%	0.966
CD012551	recall@95.0%	0.966
CD012551	recall@96.0%	0.966
CD012551	recall@97.0%	0.966
CD012551	recall@98.0%	1.0
CD012551	recall@99.0%	1.0
CD012551	recall@100.0%	1.0
CD012551	total_cost	1141.0
CD012551	norm_area	0.595
CD012551	ap	0.063
CD012551	r	0.069
CD012551	loss_e	0.018
CD012551	loss_r	0.867
CD012551	loss_er	0.884
CD012567	num_shown	6735
CD012567	rels_found	4
CD012567	num_rels	4
CD012567	last_rel	1084
CD012567	norm_last_rel	0.161
CD012567	threshold	101
CD012567	norm_threshold	0.015
CD012567	wss_100	0.839
CD012567	wss_95	0.789
CD012567	cg_total	4.0
CD012567	cg_max	4.0
CD012567	cg_threshold	0.0
CD012567	recall_threshold	0.0
CD012567	threshold	101
CD012567	recall@1.0%	0.0
CD012567	recall@2.0%	0.0
CD012567	recall@3.0%	0.25
CD012567	recall@4.0%	0.25
CD012567	recall@5.0%	0.25
CD012567	recall@6.0%	0.25
CD012567	recall@7.0%	0.25
CD012567	recall@8.0%	0.5
CD012567	recall@9.0%	0.5
CD012567	recall@10.0%	0.5
CD012567	recall@11.0%	0.5
CD012567	recall@12.0%	0.5
CD012567	recall@13.0%	0.5
CD012567	recall@14.0%	0.75
CD012567	recall@15.0%	0.75
CD012567	recall@16.0%	0.75
CD012567	recall@17.0%	1.0
CD012567	recall@18.0%	1.0
CD012567	recall@19.0%	1.0
CD012567	recall@20.0%	1.0
CD012567	recall@21.0%	1.0
CD012567	recall@22.0%	1.0
CD012567	recall@23.0%	1.0
CD012567	recall@24.0%	1.0
CD012567	recall@25.0%	1.0
CD012567	recall@26.0%	1.0
CD012567	recall@27.0%	1.0
CD012567	recall@28.0%	1.0
CD012567	recall@29.0%	1.0
CD012567	recall@30.0%	1.0
CD012567	recall@31.0%	1.0
CD012567	recall@32.0%	1.0
CD012567	recall@33.0%	1.0
CD012567	recall@34.0%	1.0
CD012567	recall@35.0%	1.0
CD012567	recall@36.0%	1.0
CD012567	recall@37.0%	1.0
CD012567	recall@38.0%	1.0
CD012567	recall@39.0%	1.0
CD012567	recall@40.0%	1.0
CD012567	recall@41.0%	1.0
CD012567	recall@42.0%	1.0
CD012567	recall@43.0%	1.0
CD012567	recall@44.0%	1.0
CD012567	recall@45.0%	1.0
CD012567	recall@46.0%	1.0
CD012567	recall@47.0%	1.0
CD012567	recall@48.0%	1.0
CD012567	recall@49.0%	1.0
CD012567	recall@50.0%	1.0
CD012567	recall@51.0%	1.0
CD012567	recall@52.0%	1.0
CD012567	recall@53.0%	1.0
CD012567	recall@54.0%	1.0
CD012567	recall@55.0%	1.0
CD012567	recall@56.0%	1.0
CD012567	recall@57.0%	1.0
CD012567	recall@58.0%	1.0
CD012567	recall@59.0%	1.0
CD012567	recall@60.0%	1.0
CD012567	recall@61.0%	1.0
CD012567	recall@62.0%	1.0
CD012567	recall@63.0%	1.0
CD012567	recall@64.0%	1.0
CD012567	recall@65.0%	1.0
CD012567	recall@66.0%	1.0
CD012567	recall@67.0%	1.0
CD012567	recall@68.0%	1.0
CD012567	recall@69.0%	1.0
CD012567	recall@70.0%	1.0
CD012567	recall@71.0%	1.0
CD012567	recall@72.0%	1.0
CD012567	recall@73.0%	1.0
CD012567	recall@74.0%	1.0
CD012567	recall@75.0%	1.0
CD012567	recall@76.0%	1.0
CD012567	recall@77.0%	1.0
CD012567	recall@78.0%	1.0
CD012567	recall@79.0%	1.0
CD012567	recall@80.0%	1.0
CD012567	recall@81.0%	1.0
CD012567	recall@82.0%	1.0
CD012567	recall@83.0%	1.0
CD012567	recall@84.0%	1.0
CD012567	recall@85.0%	1.0
CD012567	recall@86.0%	1.0
CD012567	recall@87.0%	1.0
CD012567	recall@88.0%	1.0
CD012567	recall@89.0%	1.0
CD012567	recall@90.0%	1.0
CD012567	recall@91.0%	1.0
CD012567	recall@92.0%	1.0
CD012567	recall@93.0%	1.0
CD012567	recall@94.0%	1.0
CD012567	recall@95.0%	1.0
CD012567	recall@96.0%	1.0
CD012567	recall@97.0%	1.0
CD012567	recall@98.0%	1.0
CD012567	recall@99.0%	1.0
CD012567	recall@100.0%	1.0
CD012567	total_cost	261.0
CD012567	norm_area	0.9
CD012567	ap	0.004
CD012567	r	0.0
CD012567	loss_e	0.0
CD012567	loss_r	1.0
CD012567	loss_er	1.0
CD012661	num_shown	3367
CD012661	rels_found	94
CD012661	num_rels	94
CD012661	last_rel	3126
CD012661	norm_last_rel	0.928
CD012661	threshold	101
CD012661	norm_threshold	0.03
CD012661	wss_100	0.072
CD012661	wss_95	0.076
CD012661	cg_total	94.0
CD012661	cg_max	94.0
CD012661	cg_threshold	4.0
CD012661	recall_threshold	0.043
CD012661	threshold	101
CD012661	recall@1.0%	0.0
CD012661	recall@2.0%	0.021
CD012661	recall@3.0%	0.043
CD012661	recall@4.0%	0.043
CD012661	recall@5.0%	0.053
CD012661	recall@6.0%	0.085
CD012661	recall@7.0%	0.096
CD012661	recall@8.0%	0.106
CD012661	recall@9.0%	0.117
CD012661	recall@10.0%	0.138
CD012661	recall@11.0%	0.138
CD012661	recall@12.0%	0.16
CD012661	recall@13.0%	0.191
CD012661	recall@14.0%	0.202
CD012661	recall@15.0%	0.234
CD012661	recall@16.0%	0.245
CD012661	recall@17.0%	0.255
CD012661	recall@18.0%	0.266
CD012661	recall@19.0%	0.277
CD012661	recall@20.0%	0.287
CD012661	recall@21.0%	0.298
CD012661	recall@22.0%	0.309
CD012661	recall@23.0%	0.319
CD012661	recall@24.0%	0.34
CD012661	recall@25.0%	0.362
CD012661	recall@26.0%	0.383
CD012661	recall@27.0%	0.394
CD012661	recall@28.0%	0.394
CD012661	recall@29.0%	0.394
CD012661	recall@30.0%	0.404
CD012661	recall@31.0%	0.415
CD012661	recall@32.0%	0.426
CD012661	recall@33.0%	0.436
CD012661	recall@34.0%	0.447
CD012661	recall@35.0%	0.457
CD012661	recall@36.0%	0.468
CD012661	recall@37.0%	0.468
CD012661	recall@38.0%	0.5
CD012661	recall@39.0%	0.511
CD012661	recall@40.0%	0.511
CD012661	recall@41.0%	0.511
CD012661	recall@42.0%	0.511
CD012661	recall@43.0%	0.532
CD012661	recall@44.0%	0.543
CD012661	recall@45.0%	0.543
CD012661	recall@46.0%	0.543
CD012661	recall@47.0%	0.543
CD012661	recall@48.0%	0.564
CD012661	recall@49.0%	0.574
CD012661	recall@50.0%	0.574
CD012661	recall@51.0%	0.606
CD012661	recall@52.0%	0.617
CD012661	recall@53.0%	0.617
CD012661	recall@54.0%	0.628
CD012661	recall@55.0%	0.628
CD012661	recall@56.0%	0.628
CD012661	recall@57.0%	0.649
CD012661	recall@58.0%	0.649
CD012661	recall@59.0%	0.66
CD012661	recall@60.0%	0.702
CD012661	recall@61.0%	0.702
CD012661	recall@62.0%	0.702
CD012661	recall@63.0%	0.713
CD012661	recall@64.0%	0.713
CD012661	recall@65.0%	0.723
CD012661	recall@66.0%	0.745
CD012661	recall@67.0%	0.745
CD012661	recall@68.0%	0.745
CD012661	recall@69.0%	0.766
CD012661	recall@70.0%	0.787
CD012661	recall@71.0%	0.809
CD012661	recall@72.0%	0.819
CD012661	recall@73.0%	0.84
CD012661	recall@74.0%	0.862
CD012661	recall@75.0%	0.862
CD012661	recall@76.0%	0.872
CD012661	recall@77.0%	0.883
CD012661	recall@78.0%	0.883
CD012661	recall@79.0%	0.894
CD012661	recall@80.0%	0.894
CD012661	recall@81.0%	0.904
CD012661	recall@82.0%	0.926
CD012661	recall@83.0%	0.926
CD012661	recall@84.0%	0.926
CD012661	recall@85.0%	0.926
CD012661	recall@86.0%	0.936
CD012661	recall@87.0%	0.936
CD012661	recall@88.0%	0.947
CD012661	recall@89.0%	0.947
CD012661	recall@90.0%	0.947
CD012661	recall@91.0%	0.957
CD012661	recall@92.0%	0.968
CD012661	recall@93.0%	1.0
CD012661	recall@94.0%	1.0
CD012661	recall@95.0%	1.0
CD012661	recall@96.0%	1.0
CD012661	recall@97.0%	1.0
CD012661	recall@98.0%	1.0
CD012661	recall@99.0%	1.0
CD012661	recall@100.0%	1.0
CD012661	total_cost	3621.0
CD012661	norm_area	0.585
CD012661	ap	0.035
CD012661	r	0.043
CD012661	loss_e	0.0
CD012661	loss_r	0.917
CD012661	loss_er	0.917
CD012669	num_shown	1260
CD012669	rels_found	24
CD012669	num_rels	24
CD012669	last_rel	612
CD012669	norm_last_rel	0.486
CD012669	threshold	101
CD012669	norm_threshold	0.08
CD012669	wss_100	0.514
CD012669	wss_95	0.537
CD012669	cg_total	24.0
CD012669	cg_max	24.0
CD012669	cg_threshold	5.0
CD012669	recall_threshold	0.208
CD012669	threshold	101
CD012669	recall@1.0%	0.042
CD012669	recall@2.0%	0.083
CD012669	recall@3.0%	0.125
CD012669	recall@4.0%	0.167
CD012669	recall@5.0%	0.167
CD012669	recall@6.0%	0.208
CD012669	recall@7.0%	0.208
CD012669	recall@8.0%	0.208
CD012669	recall@9.0%	0.208
CD012669	recall@10.0%	0.292
CD012669	recall@11.0%	0.292
CD012669	recall@12.0%	0.292
CD012669	recall@13.0%	0.292
CD012669	recall@14.0%	0.292
CD012669	recall@15.0%	0.375
CD012669	recall@16.0%	0.375
CD012669	recall@17.0%	0.375
CD012669	recall@18.0%	0.375
CD012669	recall@19.0%	0.375
CD012669	recall@20.0%	0.417
CD012669	recall@21.0%	0.417
CD012669	recall@22.0%	0.417
CD012669	recall@23.0%	0.417
CD012669	recall@24.0%	0.458
CD012669	recall@25.0%	0.5
CD012669	recall@26.0%	0.542
CD012669	recall@27.0%	0.583
CD012669	recall@28.0%	0.667
CD012669	recall@29.0%	0.708
CD012669	recall@30.0%	0.75
CD012669	recall@31.0%	0.792
CD012669	recall@32.0%	0.792
CD012669	recall@33.0%	0.792
CD012669	recall@34.0%	0.833
CD012669	recall@35.0%	0.833
CD012669	recall@36.0%	0.833
CD012669	recall@37.0%	0.917
CD012669	recall@38.0%	0.917
CD012669	recall@39.0%	0.917
CD012669	recall@40.0%	0.917
CD012669	recall@41.0%	0.917
CD012669	recall@42.0%	0.958
CD012669	recall@43.0%	0.958
CD012669	recall@44.0%	0.958
CD012669	recall@45.0%	0.958
CD012669	recall@46.0%	0.958
CD012669	recall@47.0%	0.958
CD012669	recall@48.0%	0.958
CD012669	recall@49.0%	1.0
CD012669	recall@50.0%	1.0
CD012669	recall@51.0%	1.0
CD012669	recall@52.0%	1.0
CD012669	recall@53.0%	1.0
CD012669	recall@54.0%	1.0
CD012669	recall@55.0%	1.0
CD012669	recall@56.0%	1.0
CD012669	recall@57.0%	1.0
CD012669	recall@58.0%	1.0
CD012669	recall@59.0%	1.0
CD012669	recall@60.0%	1.0
CD012669	recall@61.0%	1.0
CD012669	recall@62.0%	1.0
CD012669	recall@63.0%	1.0
CD012669	recall@64.0%	1.0
CD012669	recall@65.0%	1.0
CD012669	recall@66.0%	1.0
CD012669	recall@67.0%	1.0
CD012669	recall@68.0%	1.0
CD012669	recall@69.0%	1.0
CD012669	recall@70.0%	1.0
CD012669	recall@71.0%	1.0
CD012669	recall@72.0%	1.0
CD012669	recall@73.0%	1.0
CD012669	recall@74.0%	1.0
CD012669	recall@75.0%	1.0
CD012669	recall@76.0%	1.0
CD012669	recall@77.0%	1.0
CD012669	recall@78.0%	1.0
CD012669	recall@79.0%	1.0
CD012669	recall@80.0%	1.0
CD012669	recall@81.0%	1.0
CD012669	recall@82.0%	1.0
CD012669	recall@83.0%	1.0
CD012669	recall@84.0%	1.0
CD012669	recall@85.0%	1.0
CD012669	recall@86.0%	1.0
CD012669	recall@87.0%	1.0
CD012669	recall@88.0%	1.0
CD012669	recall@89.0%	1.0
CD012669	recall@90.0%	1.0
CD012669	recall@91.0%	1.0
CD012669	recall@92.0%	1.0
CD012669	recall@93.0%	1.0
CD012669	recall@94.0%	1.0
CD012669	recall@95.0%	1.0
CD012669	recall@96.0%	1.0
CD012669	recall@97.0%	1.0
CD012669	recall@98.0%	1.0
CD012669	recall@99.0%	1.0
CD012669	recall@100.0%	1.0
CD012669	total_cost	761.0
CD012669	norm_area	0.79
CD012669	ap	0.054
CD012669	r	0.208
CD012669	loss_e	0.004
CD012669	loss_r	0.627
CD012669	loss_er	0.631
CD012768	num_shown	131
CD012768	rels_found	22
CD012768	num_rels	22
CD012768	last_rel	127
CD012768	norm_last_rel	0.969
CD012768	threshold	101
CD012768	norm_threshold	0.771
CD012768	wss_100	0.031
CD012768	wss_95	0.187
CD012768	cg_total	22.0
CD012768	cg_max	22.0
CD012768	cg_threshold	21.0
CD012768	recall_threshold	0.955
CD012768	threshold	101
CD012768	recall@1.0%	0.0
CD012768	recall@2.0%	0.0
CD012768	recall@3.0%	0.0
CD012768	recall@4.0%	0.0
CD012768	recall@5.0%	0.0
CD012768	recall@6.0%	0.0
CD012768	recall@7.0%	0.0
CD012768	recall@8.0%	0.0
CD012768	recall@9.0%	0.0
CD012768	recall@10.0%	0.0
CD012768	recall@11.0%	0.0
CD012768	recall@12.0%	0.091
CD012768	recall@13.0%	0.136
CD012768	recall@14.0%	0.136
CD012768	recall@15.0%	0.136
CD012768	recall@16.0%	0.136
CD012768	recall@17.0%	0.136
CD012768	recall@18.0%	0.136
CD012768	recall@19.0%	0.136
CD012768	recall@20.0%	0.182
CD012768	recall@21.0%	0.227
CD012768	recall@22.0%	0.227
CD012768	recall@23.0%	0.227
CD012768	recall@24.0%	0.227
CD012768	recall@25.0%	0.227
CD012768	recall@26.0%	0.273
CD012768	recall@27.0%	0.273
CD012768	recall@28.0%	0.318
CD012768	recall@29.0%	0.318
CD012768	recall@30.0%	0.318
CD012768	recall@31.0%	0.318
CD012768	recall@32.0%	0.364
CD012768	recall@33.0%	0.364
CD012768	recall@34.0%	0.364
CD012768	recall@35.0%	0.364
CD012768	recall@36.0%	0.364
CD012768	recall@37.0%	0.364
CD012768	recall@38.0%	0.364
CD012768	recall@39.0%	0.364
CD012768	recall@40.0%	0.409
CD012768	recall@41.0%	0.409
CD012768	recall@42.0%	0.409
CD012768	recall@43.0%	0.455
CD012768	recall@44.0%	0.455
CD012768	recall@45.0%	0.455
CD012768	recall@46.0%	0.455
CD012768	recall@47.0%	0.455
CD012768	recall@48.0%	0.455
CD012768	recall@49.0%	0.5
CD012768	recall@50.0%	0.545
CD012768	recall@51.0%	0.591
CD012768	recall@52.0%	0.591
CD012768	recall@53.0%	0.591
CD012768	recall@54.0%	0.591
CD012768	recall@55.0%	0.591
CD012768	recall@56.0%	0.591
CD012768	recall@57.0%	0.591
CD012768	recall@58.0%	0.591
CD012768	recall@59.0%	0.591
CD012768	recall@60.0%	0.591
CD012768	recall@61.0%	0.591
CD012768	recall@62.0%	0.591
CD012768	recall@63.0%	0.636
CD012768	recall@64.0%	0.636
CD012768	recall@65.0%	0.682
CD012768	recall@66.0%	0.682
CD012768	recall@67.0%	0.682
CD012768	recall@68.0%	0.727
CD012768	recall@69.0%	0.773
CD012768	recall@70.0%	0.773
CD012768	recall@71.0%	0.773
CD012768	recall@72.0%	0.818
CD012768	recall@73.0%	0.864
CD012768	recall@74.0%	0.864
CD012768	recall@75.0%	0.864
CD012768	recall@76.0%	0.955
CD012768	recall@77.0%	0.955
CD012768	recall@78.0%	0.955
CD012768	recall@79.0%	0.955
CD012768	recall@80.0%	0.955
CD012768	recall@81.0%	0.955
CD012768	recall@82.0%	0.955
CD012768	recall@83.0%	0.955
CD012768	recall@84.0%	0.955
CD012768	recall@85.0%	0.955
CD012768	recall@86.0%	0.955
CD012768	recall@87.0%	0.955
CD012768	recall@88.0%	0.955
CD012768	recall@89.0%	0.955
CD012768	recall@90.0%	0.955
CD012768	recall@91.0%	0.955
CD012768	recall@92.0%	0.955
CD012768	recall@93.0%	0.955
CD012768	recall@94.0%	0.955
CD012768	recall@95.0%	0.955
CD012768	recall@96.0%	0.955
CD012768	recall@97.0%	1.0
CD012768	recall@98.0%	1.0
CD012768	recall@99.0%	1.0
CD012768	recall@100.0%	1.0
CD012768	total_cost	-279.0
CD012768	norm_area	0.573
CD012768	ap	0.175
CD012768	r	0.955
CD012768	loss_e	0.399
CD012768	loss_r	0.002
CD012768	loss_er	0.401
ALL	num_shown	77612
ALL	rels_found	882
ALL	num_rels	882
ALL	last_rel	1300.0
ALL	norm_last_rel	0.521
ALL	threshold	100.0
ALL	norm_threshold	0.19
ALL	wss_100	0.479
ALL	wss_95	0.502
ALL	cg_total	32.0
ALL	cg_max	32.0
ALL	cg_threshold	8.0
ALL	recall_threshold	0.402
ALL	threshold	100.0
ALL	recall@1.0%	0.066
ALL	recall@2.0%	0.108
ALL	recall@3.0%	0.138
ALL	recall@4.0%	0.189
ALL	recall@5.0%	0.228
ALL	recall@6.0%	0.266
ALL	recall@7.0%	0.283
ALL	recall@8.0%	0.311
ALL	recall@9.0%	0.322
ALL	recall@10.0%	0.35
ALL	recall@11.0%	0.373
ALL	recall@12.0%	0.393
ALL	recall@13.0%	0.408
ALL	recall@14.0%	0.424
ALL	recall@15.0%	0.439
ALL	recall@16.0%	0.451
ALL	recall@17.0%	0.466
ALL	recall@18.0%	0.483
ALL	recall@19.0%	0.499
ALL	recall@20.0%	0.51
ALL	recall@21.0%	0.522
ALL	recall@22.0%	0.529
ALL	recall@23.0%	0.541
ALL	recall@24.0%	0.554
ALL	recall@25.0%	0.566
ALL	recall@26.0%	0.578
ALL	recall@27.0%	0.59
ALL	recall@28.0%	0.605
ALL	recall@29.0%	0.613
ALL	recall@30.0%	0.628
ALL	recall@31.0%	0.636
ALL	recall@32.0%	0.644
ALL	recall@33.0%	0.654
ALL	recall@34.0%	0.666
ALL	recall@35.0%	0.67
ALL	recall@36.0%	0.679
ALL	recall@37.0%	0.69
ALL	recall@38.0%	0.702
ALL	recall@39.0%	0.711
ALL	recall@40.0%	0.726
ALL	recall@41.0%	0.73
ALL	recall@42.0%	0.735
ALL	recall@43.0%	0.747
ALL	recall@44.0%	0.755
ALL	recall@45.0%	0.768
ALL	recall@46.0%	0.777
ALL	recall@47.0%	0.78
ALL	recall@48.0%	0.787
ALL	recall@49.0%	0.795
ALL	recall@50.0%	0.803
ALL	recall@51.0%	0.819
ALL	recall@52.0%	0.824
ALL	recall@53.0%	0.83
ALL	recall@54.0%	0.838
ALL	recall@55.0%	0.84
ALL	recall@56.0%	0.846
ALL	recall@57.0%	0.853
ALL	recall@58.0%	0.855
ALL	recall@59.0%	0.861
ALL	recall@60.0%	0.871
ALL	recall@61.0%	0.874
ALL	recall@62.0%	0.879
ALL	recall@63.0%	0.882
ALL	recall@64.0%	0.884
ALL	recall@65.0%	0.888
ALL	recall@66.0%	0.892
ALL	recall@67.0%	0.898
ALL	recall@68.0%	0.901
ALL	recall@69.0%	0.905
ALL	recall@70.0%	0.909
ALL	recall@71.0%	0.921
ALL	recall@72.0%	0.925
ALL	recall@73.0%	0.93
ALL	recall@74.0%	0.934
ALL	recall@75.0%	0.942
ALL	recall@76.0%	0.95
ALL	recall@77.0%	0.959
ALL	recall@78.0%	0.96
ALL	recall@79.0%	0.968
ALL	recall@80.0%	0.968
ALL	recall@81.0%	0.971
ALL	recall@82.0%	0.973
ALL	recall@83.0%	0.973
ALL	recall@84.0%	0.975
ALL	recall@85.0%	0.976
ALL	recall@86.0%	0.978
ALL	recall@87.0%	0.982
ALL	recall@88.0%	0.983
ALL	recall@89.0%	0.985
ALL	recall@90.0%	0.986
ALL	recall@91.0%	0.989
ALL	recall@92.0%	0.99
ALL	recall@93.0%	0.993
ALL	recall@94.0%	0.993
ALL	recall@95.0%	0.993
ALL	recall@96.0%	0.995
ALL	recall@97.0%	0.998
ALL	recall@98.0%	0.999
ALL	recall@99.0%	1.0
ALL	recall@100.0%	1.0
ALL	total_cost	875.0
ALL	norm_area	0.811
ALL	ap	0.13
ALL	r	0.402
ALL	loss_e	0.085
ALL	loss_r	0.504
ALL	loss_er	0.589
