Skipping topic: CD000996
Skipping topic: CD001261
Skipping topic: CD004414
Skipping topic: CD006468
Skipping topic: CD007867
CD008874	num_shown	2382
CD008874	rels_found	118
CD008874	num_rels	118
CD008874	last_rel	584
CD008874	norm_last_rel	0.245
CD008874	threshold	880
CD008874	norm_threshold	0.369
CD008874	wss_100	0.755
CD008874	wss_95	0.835
CD008874	cg_total	118.0
CD008874	cg_max	118.0
CD008874	cg_threshold	118.0
CD008874	recall_threshold	1.0
CD008874	threshold	880
CD008874	recall@1.0%	0.203
CD008874	recall@2.0%	0.407
CD008874	recall@3.0%	0.602
CD008874	recall@4.0%	0.805
CD008874	recall@5.0%	0.831
CD008874	recall@6.0%	0.847
CD008874	recall@7.0%	0.864
CD008874	recall@8.0%	0.89
CD008874	recall@9.0%	0.924
CD008874	recall@10.0%	0.932
CD008874	recall@11.0%	0.932
CD008874	recall@12.0%	0.949
CD008874	recall@13.0%	0.949
CD008874	recall@14.0%	0.975
CD008874	recall@15.0%	0.983
CD008874	recall@16.0%	0.983
CD008874	recall@17.0%	0.983
CD008874	recall@18.0%	0.992
CD008874	recall@19.0%	0.992
CD008874	recall@20.0%	0.992
CD008874	recall@21.0%	0.992
CD008874	recall@22.0%	0.992
CD008874	recall@23.0%	0.992
CD008874	recall@24.0%	0.992
CD008874	recall@25.0%	1.0
CD008874	recall@26.0%	1.0
CD008874	recall@27.0%	1.0
CD008874	recall@28.0%	1.0
CD008874	recall@29.0%	1.0
CD008874	recall@30.0%	1.0
CD008874	recall@31.0%	1.0
CD008874	recall@32.0%	1.0
CD008874	recall@33.0%	1.0
CD008874	recall@34.0%	1.0
CD008874	recall@35.0%	1.0
CD008874	recall@36.0%	1.0
CD008874	recall@37.0%	1.0
CD008874	recall@38.0%	1.0
CD008874	recall@39.0%	1.0
CD008874	recall@40.0%	1.0
CD008874	recall@41.0%	1.0
CD008874	recall@42.0%	1.0
CD008874	recall@43.0%	1.0
CD008874	recall@44.0%	1.0
CD008874	recall@45.0%	1.0
CD008874	recall@46.0%	1.0
CD008874	recall@47.0%	1.0
CD008874	recall@48.0%	1.0
CD008874	recall@49.0%	1.0
CD008874	recall@50.0%	1.0
CD008874	recall@51.0%	1.0
CD008874	recall@52.0%	1.0
CD008874	recall@53.0%	1.0
CD008874	recall@54.0%	1.0
CD008874	recall@55.0%	1.0
CD008874	recall@56.0%	1.0
CD008874	recall@57.0%	1.0
CD008874	recall@58.0%	1.0
CD008874	recall@59.0%	1.0
CD008874	recall@60.0%	1.0
CD008874	recall@61.0%	1.0
CD008874	recall@62.0%	1.0
CD008874	recall@63.0%	1.0
CD008874	recall@64.0%	1.0
CD008874	recall@65.0%	1.0
CD008874	recall@66.0%	1.0
CD008874	recall@67.0%	1.0
CD008874	recall@68.0%	1.0
CD008874	recall@69.0%	1.0
CD008874	recall@70.0%	1.0
CD008874	recall@71.0%	1.0
CD008874	recall@72.0%	1.0
CD008874	recall@73.0%	1.0
CD008874	recall@74.0%	1.0
CD008874	recall@75.0%	1.0
CD008874	recall@76.0%	1.0
CD008874	recall@77.0%	1.0
CD008874	recall@78.0%	1.0
CD008874	recall@79.0%	1.0
CD008874	recall@80.0%	1.0
CD008874	recall@81.0%	1.0
CD008874	recall@82.0%	1.0
CD008874	recall@83.0%	1.0
CD008874	recall@84.0%	1.0
CD008874	recall@85.0%	1.0
CD008874	recall@86.0%	1.0
CD008874	recall@87.0%	1.0
CD008874	recall@88.0%	1.0
CD008874	recall@89.0%	1.0
CD008874	recall@90.0%	1.0
CD008874	recall@91.0%	1.0
CD008874	recall@92.0%	1.0
CD008874	recall@93.0%	1.0
CD008874	recall@94.0%	1.0
CD008874	recall@95.0%	1.0
CD008874	recall@96.0%	1.0
CD008874	recall@97.0%	1.0
CD008874	recall@98.0%	1.0
CD008874	recall@99.0%	1.0
CD008874	recall@100.0%	1.0
CD008874	total_cost	-1480.0
CD008874	norm_area	0.99
CD008874	ap	0.912
CD008874	r	1.0
CD008874	loss_e	0.029
CD008874	loss_r	0.0
CD008874	loss_er	0.029
CD009044	num_shown	3169
CD009044	rels_found	11
CD009044	num_rels	11
CD009044	last_rel	3052
CD009044	norm_last_rel	0.963
CD009044	threshold	2436
CD009044	norm_threshold	0.769
CD009044	wss_100	0.037
CD009044	wss_95	0.039
CD009044	cg_total	11.0
CD009044	cg_max	11.0
CD009044	cg_threshold	7.0
CD009044	recall_threshold	0.636
CD009044	threshold	2436
CD009044	recall@1.0%	0.0
CD009044	recall@2.0%	0.0
CD009044	recall@3.0%	0.0
CD009044	recall@4.0%	0.0
CD009044	recall@5.0%	0.0
CD009044	recall@6.0%	0.0
CD009044	recall@7.0%	0.0
CD009044	recall@8.0%	0.091
CD009044	recall@9.0%	0.091
CD009044	recall@10.0%	0.091
CD009044	recall@11.0%	0.182
CD009044	recall@12.0%	0.182
CD009044	recall@13.0%	0.182
CD009044	recall@14.0%	0.182
CD009044	recall@15.0%	0.182
CD009044	recall@16.0%	0.182
CD009044	recall@17.0%	0.182
CD009044	recall@18.0%	0.182
CD009044	recall@19.0%	0.182
CD009044	recall@20.0%	0.182
CD009044	recall@21.0%	0.182
CD009044	recall@22.0%	0.182
CD009044	recall@23.0%	0.182
CD009044	recall@24.0%	0.182
CD009044	recall@25.0%	0.182
CD009044	recall@26.0%	0.182
CD009044	recall@27.0%	0.182
CD009044	recall@28.0%	0.182
CD009044	recall@29.0%	0.182
CD009044	recall@30.0%	0.182
CD009044	recall@31.0%	0.182
CD009044	recall@32.0%	0.182
CD009044	recall@33.0%	0.182
CD009044	recall@34.0%	0.182
CD009044	recall@35.0%	0.182
CD009044	recall@36.0%	0.182
CD009044	recall@37.0%	0.182
CD009044	recall@38.0%	0.182
CD009044	recall@39.0%	0.182
CD009044	recall@40.0%	0.182
CD009044	recall@41.0%	0.182
CD009044	recall@42.0%	0.182
CD009044	recall@43.0%	0.182
CD009044	recall@44.0%	0.273
CD009044	recall@45.0%	0.273
CD009044	recall@46.0%	0.273
CD009044	recall@47.0%	0.273
CD009044	recall@48.0%	0.273
CD009044	recall@49.0%	0.273
CD009044	recall@50.0%	0.273
CD009044	recall@51.0%	0.273
CD009044	recall@52.0%	0.273
CD009044	recall@53.0%	0.273
CD009044	recall@54.0%	0.273
CD009044	recall@55.0%	0.273
CD009044	recall@56.0%	0.273
CD009044	recall@57.0%	0.273
CD009044	recall@58.0%	0.273
CD009044	recall@59.0%	0.273
CD009044	recall@60.0%	0.364
CD009044	recall@61.0%	0.364
CD009044	recall@62.0%	0.364
CD009044	recall@63.0%	0.364
CD009044	recall@64.0%	0.455
CD009044	recall@65.0%	0.455
CD009044	recall@66.0%	0.455
CD009044	recall@67.0%	0.545
CD009044	recall@68.0%	0.545
CD009044	recall@69.0%	0.636
CD009044	recall@70.0%	0.636
CD009044	recall@71.0%	0.636
CD009044	recall@72.0%	0.636
CD009044	recall@73.0%	0.636
CD009044	recall@74.0%	0.636
CD009044	recall@75.0%	0.636
CD009044	recall@76.0%	0.636
CD009044	recall@77.0%	0.636
CD009044	recall@78.0%	0.636
CD009044	recall@79.0%	0.727
CD009044	recall@80.0%	0.727
CD009044	recall@81.0%	0.818
CD009044	recall@82.0%	0.818
CD009044	recall@83.0%	0.818
CD009044	recall@84.0%	0.818
CD009044	recall@85.0%	0.818
CD009044	recall@86.0%	0.818
CD009044	recall@87.0%	0.818
CD009044	recall@88.0%	0.818
CD009044	recall@89.0%	0.818
CD009044	recall@90.0%	0.818
CD009044	recall@91.0%	0.818
CD009044	recall@92.0%	0.909
CD009044	recall@93.0%	0.909
CD009044	recall@94.0%	0.909
CD009044	recall@95.0%	0.909
CD009044	recall@96.0%	0.909
CD009044	recall@97.0%	1.0
CD009044	recall@98.0%	1.0
CD009044	recall@99.0%	1.0
CD009044	recall@100.0%	1.0
CD009044	total_cost	2456.0
CD009044	norm_area	0.395
CD009044	ap	0.003
CD009044	r	0.636
CD009044	loss_e	0.48
CD009044	loss_r	0.132
CD009044	loss_er	0.612
Skipping topic: CD009069
Skipping topic: CD009642
Skipping topic: CD010038
Skipping topic: CD010239
Skipping topic: CD010558
Skipping topic: CD010753
Skipping topic: CD011140
Skipping topic: CD011558
Skipping topic: CD011571
CD011686	num_shown	9450
CD011686	rels_found	64
CD011686	num_rels	64
CD011686	last_rel	7459
CD011686	norm_last_rel	0.767
CD011686	threshold	906
CD011686	norm_threshold	0.093
CD011686	wss_100	0.233
CD011686	wss_95	0.595
CD011686	cg_total	64.0
CD011686	cg_max	64.0
CD011686	cg_threshold	52.0
CD011686	recall_threshold	0.812
CD011686	threshold	906
CD011686	recall@1.0%	0.438
CD011686	recall@2.0%	0.531
CD011686	recall@3.0%	0.625
CD011686	recall@4.0%	0.672
CD011686	recall@5.0%	0.703
CD011686	recall@6.0%	0.766
CD011686	recall@7.0%	0.781
CD011686	recall@8.0%	0.812
CD011686	recall@9.0%	0.812
CD011686	recall@10.0%	0.812
CD011686	recall@11.0%	0.828
CD011686	recall@12.0%	0.844
CD011686	recall@13.0%	0.859
CD011686	recall@14.0%	0.859
CD011686	recall@15.0%	0.859
CD011686	recall@16.0%	0.859
CD011686	recall@17.0%	0.859
CD011686	recall@18.0%	0.875
CD011686	recall@19.0%	0.875
CD011686	recall@20.0%	0.875
CD011686	recall@21.0%	0.875
CD011686	recall@22.0%	0.875
CD011686	recall@23.0%	0.875
CD011686	recall@24.0%	0.875
CD011686	recall@25.0%	0.875
CD011686	recall@26.0%	0.875
CD011686	recall@27.0%	0.906
CD011686	recall@28.0%	0.906
CD011686	recall@29.0%	0.922
CD011686	recall@30.0%	0.922
CD011686	recall@31.0%	0.922
CD011686	recall@32.0%	0.922
CD011686	recall@33.0%	0.922
CD011686	recall@34.0%	0.938
CD011686	recall@35.0%	0.938
CD011686	recall@36.0%	0.953
CD011686	recall@37.0%	0.953
CD011686	recall@38.0%	0.953
CD011686	recall@39.0%	0.953
CD011686	recall@40.0%	0.969
CD011686	recall@41.0%	0.969
CD011686	recall@42.0%	0.969
CD011686	recall@43.0%	0.969
CD011686	recall@44.0%	0.969
CD011686	recall@45.0%	0.984
CD011686	recall@46.0%	0.984
CD011686	recall@47.0%	0.984
CD011686	recall@48.0%	0.984
CD011686	recall@49.0%	0.984
CD011686	recall@50.0%	0.984
CD011686	recall@51.0%	0.984
CD011686	recall@52.0%	0.984
CD011686	recall@53.0%	0.984
CD011686	recall@54.0%	0.984
CD011686	recall@55.0%	0.984
CD011686	recall@56.0%	0.984
CD011686	recall@57.0%	0.984
CD011686	recall@58.0%	0.984
CD011686	recall@59.0%	0.984
CD011686	recall@60.0%	0.984
CD011686	recall@61.0%	0.984
CD011686	recall@62.0%	0.984
CD011686	recall@63.0%	0.984
CD011686	recall@64.0%	0.984
CD011686	recall@65.0%	0.984
CD011686	recall@66.0%	0.984
CD011686	recall@67.0%	0.984
CD011686	recall@68.0%	0.984
CD011686	recall@69.0%	0.984
CD011686	recall@70.0%	0.984
CD011686	recall@71.0%	0.984
CD011686	recall@72.0%	0.984
CD011686	recall@73.0%	0.984
CD011686	recall@74.0%	0.984
CD011686	recall@75.0%	0.984
CD011686	recall@76.0%	0.984
CD011686	recall@77.0%	1.0
CD011686	recall@78.0%	1.0
CD011686	recall@79.0%	1.0
CD011686	recall@80.0%	1.0
CD011686	recall@81.0%	1.0
CD011686	recall@82.0%	1.0
CD011686	recall@83.0%	1.0
CD011686	recall@84.0%	1.0
CD011686	recall@85.0%	1.0
CD011686	recall@86.0%	1.0
CD011686	recall@87.0%	1.0
CD011686	recall@88.0%	1.0
CD011686	recall@89.0%	1.0
CD011686	recall@90.0%	1.0
CD011686	recall@91.0%	1.0
CD011686	recall@92.0%	1.0
CD011686	recall@93.0%	1.0
CD011686	recall@94.0%	1.0
CD011686	recall@95.0%	1.0
CD011686	recall@96.0%	1.0
CD011686	recall@97.0%	1.0
CD011686	recall@98.0%	1.0
CD011686	recall@99.0%	1.0
CD011686	recall@100.0%	1.0
CD011686	total_cost	346.0
CD011686	norm_area	0.932
CD011686	ap	0.323
CD011686	r	0.812
CD011686	loss_e	0.003
CD011686	loss_r	0.035
CD011686	loss_er	0.038
Skipping topic: CD011768
Skipping topic: CD011787
Skipping topic: CD011977
Skipping topic: CD012069
CD012080	num_shown	6643
CD012080	rels_found	77
CD012080	num_rels	77
CD012080	last_rel	2223
CD012080	norm_last_rel	0.335
CD012080	threshold	2350
CD012080	norm_threshold	0.354
CD012080	wss_100	0.665
CD012080	wss_95	0.762
CD012080	cg_total	77.0
CD012080	cg_max	77.0
CD012080	cg_threshold	77.0
CD012080	recall_threshold	1.0
CD012080	threshold	2350
CD012080	recall@1.0%	0.844
CD012080	recall@2.0%	0.844
CD012080	recall@3.0%	0.844
CD012080	recall@4.0%	0.844
CD012080	recall@5.0%	0.844
CD012080	recall@6.0%	0.857
CD012080	recall@7.0%	0.857
CD012080	recall@8.0%	0.87
CD012080	recall@9.0%	0.87
CD012080	recall@10.0%	0.883
CD012080	recall@11.0%	0.896
CD012080	recall@12.0%	0.896
CD012080	recall@13.0%	0.909
CD012080	recall@14.0%	0.922
CD012080	recall@15.0%	0.922
CD012080	recall@16.0%	0.935
CD012080	recall@17.0%	0.935
CD012080	recall@18.0%	0.935
CD012080	recall@19.0%	0.948
CD012080	recall@20.0%	0.948
CD012080	recall@21.0%	0.961
CD012080	recall@22.0%	0.961
CD012080	recall@23.0%	0.974
CD012080	recall@24.0%	0.987
CD012080	recall@25.0%	0.987
CD012080	recall@26.0%	0.987
CD012080	recall@27.0%	0.987
CD012080	recall@28.0%	0.987
CD012080	recall@29.0%	0.987
CD012080	recall@30.0%	0.987
CD012080	recall@31.0%	0.987
CD012080	recall@32.0%	0.987
CD012080	recall@33.0%	0.987
CD012080	recall@34.0%	1.0
CD012080	recall@35.0%	1.0
CD012080	recall@36.0%	1.0
CD012080	recall@37.0%	1.0
CD012080	recall@38.0%	1.0
CD012080	recall@39.0%	1.0
CD012080	recall@40.0%	1.0
CD012080	recall@41.0%	1.0
CD012080	recall@42.0%	1.0
CD012080	recall@43.0%	1.0
CD012080	recall@44.0%	1.0
CD012080	recall@45.0%	1.0
CD012080	recall@46.0%	1.0
CD012080	recall@47.0%	1.0
CD012080	recall@48.0%	1.0
CD012080	recall@49.0%	1.0
CD012080	recall@50.0%	1.0
CD012080	recall@51.0%	1.0
CD012080	recall@52.0%	1.0
CD012080	recall@53.0%	1.0
CD012080	recall@54.0%	1.0
CD012080	recall@55.0%	1.0
CD012080	recall@56.0%	1.0
CD012080	recall@57.0%	1.0
CD012080	recall@58.0%	1.0
CD012080	recall@59.0%	1.0
CD012080	recall@60.0%	1.0
CD012080	recall@61.0%	1.0
CD012080	recall@62.0%	1.0
CD012080	recall@63.0%	1.0
CD012080	recall@64.0%	1.0
CD012080	recall@65.0%	1.0
CD012080	recall@66.0%	1.0
CD012080	recall@67.0%	1.0
CD012080	recall@68.0%	1.0
CD012080	recall@69.0%	1.0
CD012080	recall@70.0%	1.0
CD012080	recall@71.0%	1.0
CD012080	recall@72.0%	1.0
CD012080	recall@73.0%	1.0
CD012080	recall@74.0%	1.0
CD012080	recall@75.0%	1.0
CD012080	recall@76.0%	1.0
CD012080	recall@77.0%	1.0
CD012080	recall@78.0%	1.0
CD012080	recall@79.0%	1.0
CD012080	recall@80.0%	1.0
CD012080	recall@81.0%	1.0
CD012080	recall@82.0%	1.0
CD012080	recall@83.0%	1.0
CD012080	recall@84.0%	1.0
CD012080	recall@85.0%	1.0
CD012080	recall@86.0%	1.0
CD012080	recall@87.0%	1.0
CD012080	recall@88.0%	1.0
CD012080	recall@89.0%	1.0
CD012080	recall@90.0%	1.0
CD012080	recall@91.0%	1.0
CD012080	recall@92.0%	1.0
CD012080	recall@93.0%	1.0
CD012080	recall@94.0%	1.0
CD012080	recall@95.0%	1.0
CD012080	recall@96.0%	1.0
CD012080	recall@97.0%	1.0
CD012080	recall@98.0%	1.0
CD012080	recall@99.0%	1.0
CD012080	recall@100.0%	1.0
CD012080	total_cost	810.0
CD012080	norm_area	0.976
CD012080	ap	0.857
CD012080	r	1.0
CD012080	loss_e	0.04
CD012080	loss_r	0.0
CD012080	loss_er	0.04
Skipping topic: CD012164
CD012233	num_shown	472
CD012233	rels_found	43
CD012233	num_rels	43
CD012233	last_rel	471
CD012233	norm_last_rel	0.998
CD012233	threshold	220
CD012233	norm_threshold	0.466
CD012233	wss_100	0.002
CD012233	wss_95	-0.02
CD012233	cg_total	43.0
CD012233	cg_max	43.0
CD012233	cg_threshold	24.0
CD012233	recall_threshold	0.558
CD012233	threshold	220
CD012233	recall@1.0%	0.116
CD012233	recall@2.0%	0.163
CD012233	recall@3.0%	0.209
CD012233	recall@4.0%	0.233
CD012233	recall@5.0%	0.256
CD012233	recall@6.0%	0.256
CD012233	recall@7.0%	0.279
CD012233	recall@8.0%	0.302
CD012233	recall@9.0%	0.302
CD012233	recall@10.0%	0.302
CD012233	recall@11.0%	0.302
CD012233	recall@12.0%	0.349
CD012233	recall@13.0%	0.372
CD012233	recall@14.0%	0.395
CD012233	recall@15.0%	0.419
CD012233	recall@16.0%	0.419
CD012233	recall@17.0%	0.442
CD012233	recall@18.0%	0.465
CD012233	recall@19.0%	0.465
CD012233	recall@20.0%	0.465
CD012233	recall@21.0%	0.465
CD012233	recall@22.0%	0.488
CD012233	recall@23.0%	0.488
CD012233	recall@24.0%	0.488
CD012233	recall@25.0%	0.488
CD012233	recall@26.0%	0.488
CD012233	recall@27.0%	0.512
CD012233	recall@28.0%	0.512
CD012233	recall@29.0%	0.512
CD012233	recall@30.0%	0.512
CD012233	recall@31.0%	0.535
CD012233	recall@32.0%	0.535
CD012233	recall@33.0%	0.558
CD012233	recall@34.0%	0.558
CD012233	recall@35.0%	0.558
CD012233	recall@36.0%	0.558
CD012233	recall@37.0%	0.558
CD012233	recall@38.0%	0.558
CD012233	recall@39.0%	0.558
CD012233	recall@40.0%	0.558
CD012233	recall@41.0%	0.558
CD012233	recall@42.0%	0.558
CD012233	recall@43.0%	0.558
CD012233	recall@44.0%	0.558
CD012233	recall@45.0%	0.558
CD012233	recall@46.0%	0.558
CD012233	recall@47.0%	0.558
CD012233	recall@48.0%	0.558
CD012233	recall@49.0%	0.605
CD012233	recall@50.0%	0.605
CD012233	recall@51.0%	0.605
CD012233	recall@52.0%	0.605
CD012233	recall@53.0%	0.605
CD012233	recall@54.0%	0.605
CD012233	recall@55.0%	0.605
CD012233	recall@56.0%	0.605
CD012233	recall@57.0%	0.605
CD012233	recall@58.0%	0.651
CD012233	recall@59.0%	0.651
CD012233	recall@60.0%	0.674
CD012233	recall@61.0%	0.674
CD012233	recall@62.0%	0.698
CD012233	recall@63.0%	0.721
CD012233	recall@64.0%	0.721
CD012233	recall@65.0%	0.767
CD012233	recall@66.0%	0.767
CD012233	recall@67.0%	0.767
CD012233	recall@68.0%	0.767
CD012233	recall@69.0%	0.767
CD012233	recall@70.0%	0.767
CD012233	recall@71.0%	0.767
CD012233	recall@72.0%	0.767
CD012233	recall@73.0%	0.767
CD012233	recall@74.0%	0.767
CD012233	recall@75.0%	0.791
CD012233	recall@76.0%	0.791
CD012233	recall@77.0%	0.791
CD012233	recall@78.0%	0.791
CD012233	recall@79.0%	0.814
CD012233	recall@80.0%	0.814
CD012233	recall@81.0%	0.814
CD012233	recall@82.0%	0.814
CD012233	recall@83.0%	0.814
CD012233	recall@84.0%	0.814
CD012233	recall@85.0%	0.814
CD012233	recall@86.0%	0.814
CD012233	recall@87.0%	0.837
CD012233	recall@88.0%	0.837
CD012233	recall@89.0%	0.86
CD012233	recall@90.0%	0.86
CD012233	recall@91.0%	0.884
CD012233	recall@92.0%	0.884
CD012233	recall@93.0%	0.884
CD012233	recall@94.0%	0.907
CD012233	recall@95.0%	0.907
CD012233	recall@96.0%	0.907
CD012233	recall@97.0%	0.953
CD012233	recall@98.0%	0.953
CD012233	recall@99.0%	0.953
CD012233	recall@100.0%	1.0
CD012233	total_cost	500.0
CD012233	norm_area	0.641
CD012233	ap	0.34
CD012233	r	0.558
CD012233	loss_e	0.106
CD012233	loss_r	0.195
CD012233	loss_er	0.301
Skipping topic: CD012342
Skipping topic: CD012455
Skipping topic: CD012551
CD012567	num_shown	6735
CD012567	rels_found	11
CD012567	num_rels	11
CD012567	last_rel	4725
CD012567	norm_last_rel	0.702
CD012567	threshold	1683
CD012567	norm_threshold	0.25
CD012567	wss_100	0.298
CD012567	wss_95	0.424
CD012567	cg_total	11.0
CD012567	cg_max	11.0
CD012567	cg_threshold	8.0
CD012567	recall_threshold	0.727
CD012567	threshold	1683
CD012567	recall@1.0%	0.364
CD012567	recall@2.0%	0.545
CD012567	recall@3.0%	0.636
CD012567	recall@4.0%	0.636
CD012567	recall@5.0%	0.636
CD012567	recall@6.0%	0.636
CD012567	recall@7.0%	0.636
CD012567	recall@8.0%	0.636
CD012567	recall@9.0%	0.636
CD012567	recall@10.0%	0.636
CD012567	recall@11.0%	0.636
CD012567	recall@12.0%	0.636
CD012567	recall@13.0%	0.636
CD012567	recall@14.0%	0.636
CD012567	recall@15.0%	0.636
CD012567	recall@16.0%	0.636
CD012567	recall@17.0%	0.727
CD012567	recall@18.0%	0.727
CD012567	recall@19.0%	0.727
CD012567	recall@20.0%	0.727
CD012567	recall@21.0%	0.727
CD012567	recall@22.0%	0.727
CD012567	recall@23.0%	0.727
CD012567	recall@24.0%	0.727
CD012567	recall@25.0%	0.727
CD012567	recall@26.0%	0.727
CD012567	recall@27.0%	0.727
CD012567	recall@28.0%	0.727
CD012567	recall@29.0%	0.727
CD012567	recall@30.0%	0.727
CD012567	recall@31.0%	0.727
CD012567	recall@32.0%	0.727
CD012567	recall@33.0%	0.727
CD012567	recall@34.0%	0.727
CD012567	recall@35.0%	0.727
CD012567	recall@36.0%	0.727
CD012567	recall@37.0%	0.818
CD012567	recall@38.0%	0.818
CD012567	recall@39.0%	0.818
CD012567	recall@40.0%	0.818
CD012567	recall@41.0%	0.818
CD012567	recall@42.0%	0.818
CD012567	recall@43.0%	0.818
CD012567	recall@44.0%	0.818
CD012567	recall@45.0%	0.818
CD012567	recall@46.0%	0.818
CD012567	recall@47.0%	0.818
CD012567	recall@48.0%	0.818
CD012567	recall@49.0%	0.818
CD012567	recall@50.0%	0.818
CD012567	recall@51.0%	0.818
CD012567	recall@52.0%	0.818
CD012567	recall@53.0%	0.909
CD012567	recall@54.0%	0.909
CD012567	recall@55.0%	0.909
CD012567	recall@56.0%	0.909
CD012567	recall@57.0%	0.909
CD012567	recall@58.0%	0.909
CD012567	recall@59.0%	0.909
CD012567	recall@60.0%	0.909
CD012567	recall@61.0%	0.909
CD012567	recall@62.0%	0.909
CD012567	recall@63.0%	0.909
CD012567	recall@64.0%	0.909
CD012567	recall@65.0%	0.909
CD012567	recall@66.0%	0.909
CD012567	recall@67.0%	0.909
CD012567	recall@68.0%	0.909
CD012567	recall@69.0%	0.909
CD012567	recall@70.0%	0.909
CD012567	recall@71.0%	1.0
CD012567	recall@72.0%	1.0
CD012567	recall@73.0%	1.0
CD012567	recall@74.0%	1.0
CD012567	recall@75.0%	1.0
CD012567	recall@76.0%	1.0
CD012567	recall@77.0%	1.0
CD012567	recall@78.0%	1.0
CD012567	recall@79.0%	1.0
CD012567	recall@80.0%	1.0
CD012567	recall@81.0%	1.0
CD012567	recall@82.0%	1.0
CD012567	recall@83.0%	1.0
CD012567	recall@84.0%	1.0
CD012567	recall@85.0%	1.0
CD012567	recall@86.0%	1.0
CD012567	recall@87.0%	1.0
CD012567	recall@88.0%	1.0
CD012567	recall@89.0%	1.0
CD012567	recall@90.0%	1.0
CD012567	recall@91.0%	1.0
CD012567	recall@92.0%	1.0
CD012567	recall@93.0%	1.0
CD012567	recall@94.0%	1.0
CD012567	recall@95.0%	1.0
CD012567	recall@96.0%	1.0
CD012567	recall@97.0%	1.0
CD012567	recall@98.0%	1.0
CD012567	recall@99.0%	1.0
CD012567	recall@100.0%	1.0
CD012567	total_cost	1643.0
CD012567	norm_area	0.837
CD012567	ap	0.364
CD012567	r	0.727
CD012567	loss_e	0.051
CD012567	loss_r	0.074
CD012567	loss_er	0.125
Skipping topic: CD012661
CD012669	num_shown	1260
CD012669	rels_found	71
CD012669	num_rels	71
CD012669	last_rel	712
CD012669	norm_last_rel	0.565
CD012669	threshold	475
CD012669	norm_threshold	0.377
CD012669	wss_100	0.435
CD012669	wss_95	0.587
CD012669	cg_total	71.0
CD012669	cg_max	71.0
CD012669	cg_threshold	67.0
CD012669	recall_threshold	0.944
CD012669	threshold	475
CD012669	recall@1.0%	0.183
CD012669	recall@2.0%	0.254
CD012669	recall@3.0%	0.324
CD012669	recall@4.0%	0.352
CD012669	recall@5.0%	0.366
CD012669	recall@6.0%	0.394
CD012669	recall@7.0%	0.408
CD012669	recall@8.0%	0.437
CD012669	recall@9.0%	0.465
CD012669	recall@10.0%	0.507
CD012669	recall@11.0%	0.535
CD012669	recall@12.0%	0.535
CD012669	recall@13.0%	0.563
CD012669	recall@14.0%	0.592
CD012669	recall@15.0%	0.606
CD012669	recall@16.0%	0.62
CD012669	recall@17.0%	0.634
CD012669	recall@18.0%	0.662
CD012669	recall@19.0%	0.69
CD012669	recall@20.0%	0.718
CD012669	recall@21.0%	0.746
CD012669	recall@22.0%	0.775
CD012669	recall@23.0%	0.803
CD012669	recall@24.0%	0.803
CD012669	recall@25.0%	0.803
CD012669	recall@26.0%	0.817
CD012669	recall@27.0%	0.831
CD012669	recall@28.0%	0.831
CD012669	recall@29.0%	0.859
CD012669	recall@30.0%	0.859
CD012669	recall@31.0%	0.873
CD012669	recall@32.0%	0.887
CD012669	recall@33.0%	0.901
CD012669	recall@34.0%	0.901
CD012669	recall@35.0%	0.915
CD012669	recall@36.0%	0.93
CD012669	recall@37.0%	0.944
CD012669	recall@38.0%	0.944
CD012669	recall@39.0%	0.944
CD012669	recall@40.0%	0.944
CD012669	recall@41.0%	0.944
CD012669	recall@42.0%	0.958
CD012669	recall@43.0%	0.986
CD012669	recall@44.0%	0.986
CD012669	recall@45.0%	0.986
CD012669	recall@46.0%	0.986
CD012669	recall@47.0%	0.986
CD012669	recall@48.0%	0.986
CD012669	recall@49.0%	0.986
CD012669	recall@50.0%	0.986
CD012669	recall@51.0%	0.986
CD012669	recall@52.0%	0.986
CD012669	recall@53.0%	0.986
CD012669	recall@54.0%	0.986
CD012669	recall@55.0%	0.986
CD012669	recall@56.0%	0.986
CD012669	recall@57.0%	1.0
CD012669	recall@58.0%	1.0
CD012669	recall@59.0%	1.0
CD012669	recall@60.0%	1.0
CD012669	recall@61.0%	1.0
CD012669	recall@62.0%	1.0
CD012669	recall@63.0%	1.0
CD012669	recall@64.0%	1.0
CD012669	recall@65.0%	1.0
CD012669	recall@66.0%	1.0
CD012669	recall@67.0%	1.0
CD012669	recall@68.0%	1.0
CD012669	recall@69.0%	1.0
CD012669	recall@70.0%	1.0
CD012669	recall@71.0%	1.0
CD012669	recall@72.0%	1.0
CD012669	recall@73.0%	1.0
CD012669	recall@74.0%	1.0
CD012669	recall@75.0%	1.0
CD012669	recall@76.0%	1.0
CD012669	recall@77.0%	1.0
CD012669	recall@78.0%	1.0
CD012669	recall@79.0%	1.0
CD012669	recall@80.0%	1.0
CD012669	recall@81.0%	1.0
CD012669	recall@82.0%	1.0
CD012669	recall@83.0%	1.0
CD012669	recall@84.0%	1.0
CD012669	recall@85.0%	1.0
CD012669	recall@86.0%	1.0
CD012669	recall@87.0%	1.0
CD012669	recall@88.0%	1.0
CD012669	recall@89.0%	1.0
CD012669	recall@90.0%	1.0
CD012669	recall@91.0%	1.0
CD012669	recall@92.0%	1.0
CD012669	recall@93.0%	1.0
CD012669	recall@94.0%	1.0
CD012669	recall@95.0%	1.0
CD012669	recall@96.0%	1.0
CD012669	recall@97.0%	1.0
CD012669	recall@98.0%	1.0
CD012669	recall@99.0%	1.0
CD012669	recall@100.0%	1.0
CD012669	total_cost	-705.0
CD012669	norm_area	0.889
CD012669	ap	0.46
CD012669	r	0.944
CD012669	loss_e	0.049
CD012669	loss_r	0.003
CD012669	loss_er	0.052
CD012768	num_shown	131
CD012768	rels_found	45
CD012768	num_rels	45
CD012768	last_rel	130
CD012768	norm_last_rel	0.992
CD012768	threshold	102
CD012768	norm_threshold	0.779
CD012768	wss_100	0.008
CD012768	wss_95	0.026
CD012768	cg_total	45.0
CD012768	cg_max	45.0
CD012768	cg_threshold	38.0
CD012768	recall_threshold	0.844
CD012768	threshold	102
CD012768	recall@1.0%	0.022
CD012768	recall@2.0%	0.067
CD012768	recall@3.0%	0.089
CD012768	recall@4.0%	0.111
CD012768	recall@5.0%	0.156
CD012768	recall@6.0%	0.178
CD012768	recall@7.0%	0.2
CD012768	recall@8.0%	0.222
CD012768	recall@9.0%	0.267
CD012768	recall@10.0%	0.289
CD012768	recall@11.0%	0.311
CD012768	recall@12.0%	0.356
CD012768	recall@13.0%	0.378
CD012768	recall@14.0%	0.4
CD012768	recall@15.0%	0.444
CD012768	recall@16.0%	0.444
CD012768	recall@17.0%	0.444
CD012768	recall@18.0%	0.444
CD012768	recall@19.0%	0.444
CD012768	recall@20.0%	0.444
CD012768	recall@21.0%	0.444
CD012768	recall@22.0%	0.467
CD012768	recall@23.0%	0.467
CD012768	recall@24.0%	0.467
CD012768	recall@25.0%	0.467
CD012768	recall@26.0%	0.467
CD012768	recall@27.0%	0.467
CD012768	recall@28.0%	0.467
CD012768	recall@29.0%	0.467
CD012768	recall@30.0%	0.467
CD012768	recall@31.0%	0.467
CD012768	recall@32.0%	0.467
CD012768	recall@33.0%	0.467
CD012768	recall@34.0%	0.467
CD012768	recall@35.0%	0.467
CD012768	recall@36.0%	0.467
CD012768	recall@37.0%	0.489
CD012768	recall@38.0%	0.489
CD012768	recall@39.0%	0.511
CD012768	recall@40.0%	0.533
CD012768	recall@41.0%	0.556
CD012768	recall@42.0%	0.556
CD012768	recall@43.0%	0.556
CD012768	recall@44.0%	0.578
CD012768	recall@45.0%	0.578
CD012768	recall@46.0%	0.6
CD012768	recall@47.0%	0.622
CD012768	recall@48.0%	0.622
CD012768	recall@49.0%	0.622
CD012768	recall@50.0%	0.667
CD012768	recall@51.0%	0.667
CD012768	recall@52.0%	0.689
CD012768	recall@53.0%	0.689
CD012768	recall@54.0%	0.711
CD012768	recall@55.0%	0.733
CD012768	recall@56.0%	0.756
CD012768	recall@57.0%	0.756
CD012768	recall@58.0%	0.756
CD012768	recall@59.0%	0.778
CD012768	recall@60.0%	0.778
CD012768	recall@61.0%	0.778
CD012768	recall@62.0%	0.8
CD012768	recall@63.0%	0.822
CD012768	recall@64.0%	0.822
CD012768	recall@65.0%	0.822
CD012768	recall@66.0%	0.822
CD012768	recall@67.0%	0.822
CD012768	recall@68.0%	0.822
CD012768	recall@69.0%	0.822
CD012768	recall@70.0%	0.822
CD012768	recall@71.0%	0.822
CD012768	recall@72.0%	0.822
CD012768	recall@73.0%	0.844
CD012768	recall@74.0%	0.844
CD012768	recall@75.0%	0.844
CD012768	recall@76.0%	0.844
CD012768	recall@77.0%	0.844
CD012768	recall@78.0%	0.844
CD012768	recall@79.0%	0.867
CD012768	recall@80.0%	0.867
CD012768	recall@81.0%	0.867
CD012768	recall@82.0%	0.867
CD012768	recall@83.0%	0.889
CD012768	recall@84.0%	0.889
CD012768	recall@85.0%	0.889
CD012768	recall@86.0%	0.889
CD012768	recall@87.0%	0.889
CD012768	recall@88.0%	0.889
CD012768	recall@89.0%	0.911
CD012768	recall@90.0%	0.911
CD012768	recall@91.0%	0.911
CD012768	recall@92.0%	0.956
CD012768	recall@93.0%	0.956
CD012768	recall@94.0%	0.956
CD012768	recall@95.0%	0.956
CD012768	recall@96.0%	0.978
CD012768	recall@97.0%	0.978
CD012768	recall@98.0%	0.978
CD012768	recall@99.0%	1.0
CD012768	recall@100.0%	1.0
CD012768	total_cost	-378.0
CD012768	norm_area	0.762
CD012768	ap	0.687
CD012768	r	0.844
CD012768	loss_e	0.288
CD012768	loss_r	0.024
CD012768	loss_er	0.313
ALL	num_shown	30242
ALL	rels_found	440
ALL	num_rels	440
ALL	last_rel	2420.0
ALL	norm_last_rel	0.696
ALL	threshold	1132.0
ALL	norm_threshold	0.432
ALL	wss_100	0.304
ALL	wss_95	0.406
ALL	cg_total	55.0
ALL	cg_max	55.0
ALL	cg_threshold	49.0
ALL	recall_threshold	0.815
ALL	threshold	1132.0
ALL	recall@1.0%	0.318
ALL	recall@2.0%	0.411
ALL	recall@3.0%	0.498
ALL	recall@4.0%	0.568
ALL	recall@5.0%	0.589
ALL	recall@6.0%	0.611
ALL	recall@7.0%	0.625
ALL	recall@8.0%	0.65
ALL	recall@9.0%	0.668
ALL	recall@10.0%	0.682
ALL	recall@11.0%	0.695
ALL	recall@12.0%	0.711
ALL	recall@13.0%	0.725
ALL	recall@14.0%	0.743
ALL	recall@15.0%	0.755
ALL	recall@16.0%	0.759
ALL	recall@17.0%	0.766
ALL	recall@18.0%	0.777
ALL	recall@19.0%	0.784
ALL	recall@20.0%	0.789
ALL	recall@21.0%	0.795
ALL	recall@22.0%	0.805
ALL	recall@23.0%	0.811
ALL	recall@24.0%	0.814
ALL	recall@25.0%	0.816
ALL	recall@26.0%	0.818
ALL	recall@27.0%	0.827
ALL	recall@28.0%	0.827
ALL	recall@29.0%	0.834
ALL	recall@30.0%	0.834
ALL	recall@31.0%	0.839
ALL	recall@32.0%	0.841
ALL	recall@33.0%	0.845
ALL	recall@34.0%	0.85
ALL	recall@35.0%	0.852
ALL	recall@36.0%	0.857
ALL	recall@37.0%	0.864
ALL	recall@38.0%	0.864
ALL	recall@39.0%	0.866
ALL	recall@40.0%	0.87
ALL	recall@41.0%	0.873
ALL	recall@42.0%	0.875
ALL	recall@43.0%	0.88
ALL	recall@44.0%	0.884
ALL	recall@45.0%	0.886
ALL	recall@46.0%	0.889
ALL	recall@47.0%	0.891
ALL	recall@48.0%	0.891
ALL	recall@49.0%	0.895
ALL	recall@50.0%	0.9
ALL	recall@51.0%	0.9
ALL	recall@52.0%	0.902
ALL	recall@53.0%	0.905
ALL	recall@54.0%	0.907
ALL	recall@55.0%	0.909
ALL	recall@56.0%	0.911
ALL	recall@57.0%	0.914
ALL	recall@58.0%	0.918
ALL	recall@59.0%	0.92
ALL	recall@60.0%	0.925
ALL	recall@61.0%	0.925
ALL	recall@62.0%	0.93
ALL	recall@63.0%	0.934
ALL	recall@64.0%	0.936
ALL	recall@65.0%	0.941
ALL	recall@66.0%	0.941
ALL	recall@67.0%	0.943
ALL	recall@68.0%	0.943
ALL	recall@69.0%	0.945
ALL	recall@70.0%	0.945
ALL	recall@71.0%	0.948
ALL	recall@72.0%	0.948
ALL	recall@73.0%	0.95
ALL	recall@74.0%	0.95
ALL	recall@75.0%	0.952
ALL	recall@76.0%	0.952
ALL	recall@77.0%	0.955
ALL	recall@78.0%	0.955
ALL	recall@79.0%	0.961
ALL	recall@80.0%	0.961
ALL	recall@81.0%	0.964
ALL	recall@82.0%	0.964
ALL	recall@83.0%	0.966
ALL	recall@84.0%	0.966
ALL	recall@85.0%	0.966
ALL	recall@86.0%	0.966
ALL	recall@87.0%	0.968
ALL	recall@88.0%	0.968
ALL	recall@89.0%	0.973
ALL	recall@90.0%	0.973
ALL	recall@91.0%	0.975
ALL	recall@92.0%	0.982
ALL	recall@93.0%	0.982
ALL	recall@94.0%	0.984
ALL	recall@95.0%	0.984
ALL	recall@96.0%	0.986
ALL	recall@97.0%	0.993
ALL	recall@98.0%	0.993
ALL	recall@99.0%	0.995
ALL	recall@100.0%	1.0
ALL	total_cost	399.0
ALL	norm_area	0.803
ALL	ap	0.493
ALL	r	0.815
ALL	loss_e	0.131
ALL	loss_r	0.058
ALL	loss_er	0.189
