Skipping topic: CD000996
Skipping topic: CD001261
Skipping topic: CD004414
Skipping topic: CD006468
Skipping topic: CD007867
Skipping topic: CD008874
Skipping topic: CD009044
Skipping topic: CD009069
Skipping topic: CD009642
Skipping topic: CD010038
Skipping topic: CD010239
Skipping topic: CD010558
Skipping topic: CD010753
Skipping topic: CD011140
CD011558 Duplicate 25985779
CD011558 Duplicate 24347941
CD011558 Duplicate 25823281
CD011558	num_shown	2167
CD011558	rels_found	2
CD011558	num_rels	2
CD011558	last_rel	1987
CD011558	norm_last_rel	0.917
CD011558	threshold	453
CD011558	norm_threshold	0.209
CD011558	wss_100	0.083
CD011558	wss_95	0.033
CD011558	cg_total	2.0
CD011558	cg_max	2.0
CD011558	cg_threshold	0.0
CD011558	recall_threshold	0.0
CD011558	threshold	453
CD011558	recall@1.0%	0.0
CD011558	recall@2.0%	0.0
CD011558	recall@3.0%	0.0
CD011558	recall@4.0%	0.0
CD011558	recall@5.0%	0.0
CD011558	recall@6.0%	0.0
CD011558	recall@7.0%	0.0
CD011558	recall@8.0%	0.0
CD011558	recall@9.0%	0.0
CD011558	recall@10.0%	0.0
CD011558	recall@11.0%	0.0
CD011558	recall@12.0%	0.0
CD011558	recall@13.0%	0.0
CD011558	recall@14.0%	0.0
CD011558	recall@15.0%	0.0
CD011558	recall@16.0%	0.0
CD011558	recall@17.0%	0.0
CD011558	recall@18.0%	0.0
CD011558	recall@19.0%	0.0
CD011558	recall@20.0%	0.0
CD011558	recall@21.0%	0.0
CD011558	recall@22.0%	0.0
CD011558	recall@23.0%	0.0
CD011558	recall@24.0%	0.0
CD011558	recall@25.0%	0.0
CD011558	recall@26.0%	0.0
CD011558	recall@27.0%	0.0
CD011558	recall@28.0%	0.0
CD011558	recall@29.0%	0.0
CD011558	recall@30.0%	0.0
CD011558	recall@31.0%	0.0
CD011558	recall@32.0%	0.0
CD011558	recall@33.0%	0.0
CD011558	recall@34.0%	0.0
CD011558	recall@35.0%	0.0
CD011558	recall@36.0%	0.0
CD011558	recall@37.0%	0.0
CD011558	recall@38.0%	0.0
CD011558	recall@39.0%	0.0
CD011558	recall@40.0%	0.0
CD011558	recall@41.0%	0.0
CD011558	recall@42.0%	0.0
CD011558	recall@43.0%	0.0
CD011558	recall@44.0%	0.0
CD011558	recall@45.0%	0.0
CD011558	recall@46.0%	0.0
CD011558	recall@47.0%	0.5
CD011558	recall@48.0%	0.5
CD011558	recall@49.0%	0.5
CD011558	recall@50.0%	0.5
CD011558	recall@51.0%	0.5
CD011558	recall@52.0%	0.5
CD011558	recall@53.0%	0.5
CD011558	recall@54.0%	0.5
CD011558	recall@55.0%	0.5
CD011558	recall@56.0%	0.5
CD011558	recall@57.0%	0.5
CD011558	recall@58.0%	0.5
CD011558	recall@59.0%	0.5
CD011558	recall@60.0%	0.5
CD011558	recall@61.0%	0.5
CD011558	recall@62.0%	0.5
CD011558	recall@63.0%	0.5
CD011558	recall@64.0%	0.5
CD011558	recall@65.0%	0.5
CD011558	recall@66.0%	0.5
CD011558	recall@67.0%	0.5
CD011558	recall@68.0%	0.5
CD011558	recall@69.0%	0.5
CD011558	recall@70.0%	0.5
CD011558	recall@71.0%	0.5
CD011558	recall@72.0%	0.5
CD011558	recall@73.0%	0.5
CD011558	recall@74.0%	0.5
CD011558	recall@75.0%	0.5
CD011558	recall@76.0%	0.5
CD011558	recall@77.0%	0.5
CD011558	recall@78.0%	0.5
CD011558	recall@79.0%	0.5
CD011558	recall@80.0%	0.5
CD011558	recall@81.0%	0.5
CD011558	recall@82.0%	0.5
CD011558	recall@83.0%	0.5
CD011558	recall@84.0%	0.5
CD011558	recall@85.0%	0.5
CD011558	recall@86.0%	0.5
CD011558	recall@87.0%	0.5
CD011558	recall@88.0%	0.5
CD011558	recall@89.0%	0.5
CD011558	recall@90.0%	0.5
CD011558	recall@91.0%	0.5
CD011558	recall@92.0%	1.0
CD011558	recall@93.0%	1.0
CD011558	recall@94.0%	1.0
CD011558	recall@95.0%	1.0
CD011558	recall@96.0%	1.0
CD011558	recall@97.0%	1.0
CD011558	recall@98.0%	1.0
CD011558	recall@99.0%	1.0
CD011558	recall@100.0%	1.0
CD011558	total_cost	533.0
CD011558	norm_area	0.312
CD011558	ap	0.001
CD011558	r	0.0
CD011558	loss_e	0.042
CD011558	loss_r	1.0
CD011558	loss_er	1.0
Skipping topic: CD011571
Skipping topic: CD011686
Skipping topic: CD011768
CD011787 Duplicate 11664591
CD011787 Duplicate 9481013
CD011787 Duplicate 9483037
CD011787 Duplicate 4212935
CD011787 Duplicate 11651476
CD011787 Duplicate 9011793
CD011787 Duplicate 5648287
CD011787	num_shown	4369
CD011787	rels_found	111
CD011787	num_rels	111
CD011787	last_rel	3049
CD011787	norm_last_rel	0.698
CD011787	threshold	914
CD011787	norm_threshold	0.209
CD011787	wss_100	0.302
CD011787	wss_95	0.584
CD011787	cg_total	111.0
CD011787	cg_max	111.0
CD011787	cg_threshold	88.0
CD011787	recall_threshold	0.793
CD011787	threshold	914
CD011787	recall@1.0%	0.099
CD011787	recall@2.0%	0.252
CD011787	recall@3.0%	0.324
CD011787	recall@4.0%	0.432
CD011787	recall@5.0%	0.505
CD011787	recall@6.0%	0.577
CD011787	recall@7.0%	0.64
CD011787	recall@8.0%	0.694
CD011787	recall@9.0%	0.73
CD011787	recall@10.0%	0.757
CD011787	recall@11.0%	0.757
CD011787	recall@12.0%	0.766
CD011787	recall@13.0%	0.766
CD011787	recall@14.0%	0.775
CD011787	recall@15.0%	0.775
CD011787	recall@16.0%	0.775
CD011787	recall@17.0%	0.775
CD011787	recall@18.0%	0.775
CD011787	recall@19.0%	0.784
CD011787	recall@20.0%	0.784
CD011787	recall@21.0%	0.793
CD011787	recall@22.0%	0.811
CD011787	recall@23.0%	0.847
CD011787	recall@24.0%	0.856
CD011787	recall@25.0%	0.883
CD011787	recall@26.0%	0.892
CD011787	recall@27.0%	0.892
CD011787	recall@28.0%	0.892
CD011787	recall@29.0%	0.91
CD011787	recall@30.0%	0.91
CD011787	recall@31.0%	0.919
CD011787	recall@32.0%	0.919
CD011787	recall@33.0%	0.928
CD011787	recall@34.0%	0.937
CD011787	recall@35.0%	0.937
CD011787	recall@36.0%	0.937
CD011787	recall@37.0%	0.955
CD011787	recall@38.0%	0.955
CD011787	recall@39.0%	0.955
CD011787	recall@40.0%	0.955
CD011787	recall@41.0%	0.955
CD011787	recall@42.0%	0.955
CD011787	recall@43.0%	0.955
CD011787	recall@44.0%	0.955
CD011787	recall@45.0%	0.955
CD011787	recall@46.0%	0.973
CD011787	recall@47.0%	0.973
CD011787	recall@48.0%	0.973
CD011787	recall@49.0%	0.982
CD011787	recall@50.0%	0.991
CD011787	recall@51.0%	0.991
CD011787	recall@52.0%	0.991
CD011787	recall@53.0%	0.991
CD011787	recall@54.0%	0.991
CD011787	recall@55.0%	0.991
CD011787	recall@56.0%	0.991
CD011787	recall@57.0%	0.991
CD011787	recall@58.0%	0.991
CD011787	recall@59.0%	0.991
CD011787	recall@60.0%	0.991
CD011787	recall@61.0%	0.991
CD011787	recall@62.0%	0.991
CD011787	recall@63.0%	0.991
CD011787	recall@64.0%	0.991
CD011787	recall@65.0%	0.991
CD011787	recall@66.0%	0.991
CD011787	recall@67.0%	0.991
CD011787	recall@68.0%	0.991
CD011787	recall@69.0%	0.991
CD011787	recall@70.0%	1.0
CD011787	recall@71.0%	1.0
CD011787	recall@72.0%	1.0
CD011787	recall@73.0%	1.0
CD011787	recall@74.0%	1.0
CD011787	recall@75.0%	1.0
CD011787	recall@76.0%	1.0
CD011787	recall@77.0%	1.0
CD011787	recall@78.0%	1.0
CD011787	recall@79.0%	1.0
CD011787	recall@80.0%	1.0
CD011787	recall@81.0%	1.0
CD011787	recall@82.0%	1.0
CD011787	recall@83.0%	1.0
CD011787	recall@84.0%	1.0
CD011787	recall@85.0%	1.0
CD011787	recall@86.0%	1.0
CD011787	recall@87.0%	1.0
CD011787	recall@88.0%	1.0
CD011787	recall@89.0%	1.0
CD011787	recall@90.0%	1.0
CD011787	recall@91.0%	1.0
CD011787	recall@92.0%	1.0
CD011787	recall@93.0%	1.0
CD011787	recall@94.0%	1.0
CD011787	recall@95.0%	1.0
CD011787	recall@96.0%	1.0
CD011787	recall@97.0%	1.0
CD011787	recall@98.0%	1.0
CD011787	recall@99.0%	1.0
CD011787	recall@100.0%	1.0
CD011787	total_cost	74.0
CD011787	norm_area	0.91
CD011787	ap	0.218
CD011787	r	0.793
CD011787	loss_e	0.01
CD011787	loss_r	0.043
CD011787	loss_er	0.053
Skipping topic: CD011977
Skipping topic: CD012069
Skipping topic: CD012080
Skipping topic: CD012164
Skipping topic: CD012233
Skipping topic: CD012342
Skipping topic: CD012455
Skipping topic: CD012551
Skipping topic: CD012567
Skipping topic: CD012661
Skipping topic: CD012669
Skipping topic: CD012768
ALL	num_shown	6536
ALL	rels_found	113
ALL	num_rels	113
ALL	last_rel	2518.0
ALL	norm_last_rel	0.807
ALL	threshold	684.0
ALL	norm_threshold	0.209
ALL	wss_100	0.193
ALL	wss_95	0.309
ALL	cg_total	56.0
ALL	cg_max	56.0
ALL	cg_threshold	44.0
ALL	recall_threshold	0.396
ALL	threshold	684.0
ALL	recall@1.0%	0.097
ALL	recall@2.0%	0.248
ALL	recall@3.0%	0.319
ALL	recall@4.0%	0.425
ALL	recall@5.0%	0.496
ALL	recall@6.0%	0.566
ALL	recall@7.0%	0.628
ALL	recall@8.0%	0.681
ALL	recall@9.0%	0.717
ALL	recall@10.0%	0.743
ALL	recall@11.0%	0.743
ALL	recall@12.0%	0.752
ALL	recall@13.0%	0.752
ALL	recall@14.0%	0.761
ALL	recall@15.0%	0.761
ALL	recall@16.0%	0.761
ALL	recall@17.0%	0.761
ALL	recall@18.0%	0.761
ALL	recall@19.0%	0.77
ALL	recall@20.0%	0.77
ALL	recall@21.0%	0.779
ALL	recall@22.0%	0.796
ALL	recall@23.0%	0.832
ALL	recall@24.0%	0.841
ALL	recall@25.0%	0.867
ALL	recall@26.0%	0.876
ALL	recall@27.0%	0.876
ALL	recall@28.0%	0.876
ALL	recall@29.0%	0.894
ALL	recall@30.0%	0.894
ALL	recall@31.0%	0.903
ALL	recall@32.0%	0.903
ALL	recall@33.0%	0.912
ALL	recall@34.0%	0.92
ALL	recall@35.0%	0.92
ALL	recall@36.0%	0.92
ALL	recall@37.0%	0.938
ALL	recall@38.0%	0.938
ALL	recall@39.0%	0.938
ALL	recall@40.0%	0.938
ALL	recall@41.0%	0.938
ALL	recall@42.0%	0.938
ALL	recall@43.0%	0.938
ALL	recall@44.0%	0.938
ALL	recall@45.0%	0.938
ALL	recall@46.0%	0.956
ALL	recall@47.0%	0.965
ALL	recall@48.0%	0.965
ALL	recall@49.0%	0.973
ALL	recall@50.0%	0.982
ALL	recall@51.0%	0.982
ALL	recall@52.0%	0.982
ALL	recall@53.0%	0.982
ALL	recall@54.0%	0.982
ALL	recall@55.0%	0.982
ALL	recall@56.0%	0.982
ALL	recall@57.0%	0.982
ALL	recall@58.0%	0.982
ALL	recall@59.0%	0.982
ALL	recall@60.0%	0.982
ALL	recall@61.0%	0.982
ALL	recall@62.0%	0.982
ALL	recall@63.0%	0.982
ALL	recall@64.0%	0.982
ALL	recall@65.0%	0.982
ALL	recall@66.0%	0.982
ALL	recall@67.0%	0.982
ALL	recall@68.0%	0.982
ALL	recall@69.0%	0.982
ALL	recall@70.0%	0.991
ALL	recall@71.0%	0.991
ALL	recall@72.0%	0.991
ALL	recall@73.0%	0.991
ALL	recall@74.0%	0.991
ALL	recall@75.0%	0.991
ALL	recall@76.0%	0.991
ALL	recall@77.0%	0.991
ALL	recall@78.0%	0.991
ALL	recall@79.0%	0.991
ALL	recall@80.0%	0.991
ALL	recall@81.0%	0.991
ALL	recall@82.0%	0.991
ALL	recall@83.0%	0.991
ALL	recall@84.0%	0.991
ALL	recall@85.0%	0.991
ALL	recall@86.0%	0.991
ALL	recall@87.0%	0.991
ALL	recall@88.0%	0.991
ALL	recall@89.0%	0.991
ALL	recall@90.0%	0.991
ALL	recall@91.0%	0.991
ALL	recall@92.0%	1.0
ALL	recall@93.0%	1.0
ALL	recall@94.0%	1.0
ALL	recall@95.0%	1.0
ALL	recall@96.0%	1.0
ALL	recall@97.0%	1.0
ALL	recall@98.0%	1.0
ALL	recall@99.0%	1.0
ALL	recall@100.0%	1.0
ALL	total_cost	304.0
ALL	norm_area	0.611
ALL	ap	0.109
ALL	r	0.396
ALL	loss_e	0.026
ALL	loss_r	0.521
ALL	loss_er	0.547
