Skipping topic: CD000996
Skipping topic: CD001261
Skipping topic: CD004414
Skipping topic: CD006468
Skipping topic: CD007867
CD008874	num_shown	2382
CD008874	rels_found	118
CD008874	num_rels	118
CD008874	last_rel	2204
CD008874	norm_last_rel	0.925
CD008874	threshold	501
CD008874	norm_threshold	0.21
CD008874	wss_100	0.075
CD008874	wss_95	0.328
CD008874	cg_total	118.0
CD008874	cg_max	118.0
CD008874	cg_threshold	73.0
CD008874	recall_threshold	0.619
CD008874	threshold	501
CD008874	recall@1.0%	0.085
CD008874	recall@2.0%	0.127
CD008874	recall@3.0%	0.161
CD008874	recall@4.0%	0.271
CD008874	recall@5.0%	0.364
CD008874	recall@6.0%	0.407
CD008874	recall@7.0%	0.449
CD008874	recall@8.0%	0.466
CD008874	recall@9.0%	0.492
CD008874	recall@10.0%	0.559
CD008874	recall@11.0%	0.585
CD008874	recall@12.0%	0.602
CD008874	recall@13.0%	0.61
CD008874	recall@14.0%	0.61
CD008874	recall@15.0%	0.61
CD008874	recall@16.0%	0.61
CD008874	recall@17.0%	0.61
CD008874	recall@18.0%	0.61
CD008874	recall@19.0%	0.619
CD008874	recall@20.0%	0.619
CD008874	recall@21.0%	0.619
CD008874	recall@22.0%	0.619
CD008874	recall@23.0%	0.619
CD008874	recall@24.0%	0.619
CD008874	recall@25.0%	0.619
CD008874	recall@26.0%	0.619
CD008874	recall@27.0%	0.619
CD008874	recall@28.0%	0.619
CD008874	recall@29.0%	0.627
CD008874	recall@30.0%	0.627
CD008874	recall@31.0%	0.627
CD008874	recall@32.0%	0.627
CD008874	recall@33.0%	0.636
CD008874	recall@34.0%	0.636
CD008874	recall@35.0%	0.636
CD008874	recall@36.0%	0.653
CD008874	recall@37.0%	0.661
CD008874	recall@38.0%	0.669
CD008874	recall@39.0%	0.669
CD008874	recall@40.0%	0.678
CD008874	recall@41.0%	0.678
CD008874	recall@42.0%	0.678
CD008874	recall@43.0%	0.695
CD008874	recall@44.0%	0.712
CD008874	recall@45.0%	0.746
CD008874	recall@46.0%	0.754
CD008874	recall@47.0%	0.763
CD008874	recall@48.0%	0.797
CD008874	recall@49.0%	0.805
CD008874	recall@50.0%	0.814
CD008874	recall@51.0%	0.831
CD008874	recall@52.0%	0.847
CD008874	recall@53.0%	0.856
CD008874	recall@54.0%	0.864
CD008874	recall@55.0%	0.898
CD008874	recall@56.0%	0.907
CD008874	recall@57.0%	0.924
CD008874	recall@58.0%	0.932
CD008874	recall@59.0%	0.941
CD008874	recall@60.0%	0.941
CD008874	recall@61.0%	0.941
CD008874	recall@62.0%	0.941
CD008874	recall@63.0%	0.958
CD008874	recall@64.0%	0.966
CD008874	recall@65.0%	0.966
CD008874	recall@66.0%	0.975
CD008874	recall@67.0%	0.975
CD008874	recall@68.0%	0.975
CD008874	recall@69.0%	0.975
CD008874	recall@70.0%	0.975
CD008874	recall@71.0%	0.975
CD008874	recall@72.0%	0.983
CD008874	recall@73.0%	0.983
CD008874	recall@74.0%	0.983
CD008874	recall@75.0%	0.983
CD008874	recall@76.0%	0.983
CD008874	recall@77.0%	0.983
CD008874	recall@78.0%	0.983
CD008874	recall@79.0%	0.983
CD008874	recall@80.0%	0.992
CD008874	recall@81.0%	0.992
CD008874	recall@82.0%	0.992
CD008874	recall@83.0%	0.992
CD008874	recall@84.0%	0.992
CD008874	recall@85.0%	0.992
CD008874	recall@86.0%	0.992
CD008874	recall@87.0%	0.992
CD008874	recall@88.0%	0.992
CD008874	recall@89.0%	0.992
CD008874	recall@90.0%	0.992
CD008874	recall@91.0%	0.992
CD008874	recall@92.0%	0.992
CD008874	recall@93.0%	1.0
CD008874	recall@94.0%	1.0
CD008874	recall@95.0%	1.0
CD008874	recall@96.0%	1.0
CD008874	recall@97.0%	1.0
CD008874	recall@98.0%	1.0
CD008874	recall@99.0%	1.0
CD008874	recall@100.0%	1.0
CD008874	total_cost	841.0
CD008874	norm_area	0.794
CD008874	ap	0.231
CD008874	r	0.619
CD008874	loss_e	0.009
CD008874	loss_r	0.145
CD008874	loss_er	0.155
CD009044	num_shown	3169
CD009044	rels_found	11
CD009044	num_rels	11
CD009044	last_rel	1685
CD009044	norm_last_rel	0.532
CD009044	threshold	501
CD009044	norm_threshold	0.158
CD009044	wss_100	0.468
CD009044	wss_95	0.485
CD009044	cg_total	11.0
CD009044	cg_max	11.0
CD009044	cg_threshold	8.0
CD009044	recall_threshold	0.727
CD009044	threshold	501
CD009044	recall@1.0%	0.091
CD009044	recall@2.0%	0.091
CD009044	recall@3.0%	0.091
CD009044	recall@4.0%	0.273
CD009044	recall@5.0%	0.455
CD009044	recall@6.0%	0.455
CD009044	recall@7.0%	0.455
CD009044	recall@8.0%	0.455
CD009044	recall@9.0%	0.455
CD009044	recall@10.0%	0.545
CD009044	recall@11.0%	0.636
CD009044	recall@12.0%	0.727
CD009044	recall@13.0%	0.727
CD009044	recall@14.0%	0.727
CD009044	recall@15.0%	0.727
CD009044	recall@16.0%	0.727
CD009044	recall@17.0%	0.727
CD009044	recall@18.0%	0.727
CD009044	recall@19.0%	0.727
CD009044	recall@20.0%	0.727
CD009044	recall@21.0%	0.727
CD009044	recall@22.0%	0.727
CD009044	recall@23.0%	0.818
CD009044	recall@24.0%	0.818
CD009044	recall@25.0%	0.818
CD009044	recall@26.0%	0.818
CD009044	recall@27.0%	0.818
CD009044	recall@28.0%	0.818
CD009044	recall@29.0%	0.818
CD009044	recall@30.0%	0.818
CD009044	recall@31.0%	0.818
CD009044	recall@32.0%	0.818
CD009044	recall@33.0%	0.818
CD009044	recall@34.0%	0.818
CD009044	recall@35.0%	0.818
CD009044	recall@36.0%	0.818
CD009044	recall@37.0%	0.818
CD009044	recall@38.0%	0.818
CD009044	recall@39.0%	0.818
CD009044	recall@40.0%	0.818
CD009044	recall@41.0%	0.818
CD009044	recall@42.0%	0.818
CD009044	recall@43.0%	0.818
CD009044	recall@44.0%	0.818
CD009044	recall@45.0%	0.818
CD009044	recall@46.0%	0.818
CD009044	recall@47.0%	0.909
CD009044	recall@48.0%	0.909
CD009044	recall@49.0%	0.909
CD009044	recall@50.0%	0.909
CD009044	recall@51.0%	0.909
CD009044	recall@52.0%	0.909
CD009044	recall@53.0%	0.909
CD009044	recall@54.0%	1.0
CD009044	recall@55.0%	1.0
CD009044	recall@56.0%	1.0
CD009044	recall@57.0%	1.0
CD009044	recall@58.0%	1.0
CD009044	recall@59.0%	1.0
CD009044	recall@60.0%	1.0
CD009044	recall@61.0%	1.0
CD009044	recall@62.0%	1.0
CD009044	recall@63.0%	1.0
CD009044	recall@64.0%	1.0
CD009044	recall@65.0%	1.0
CD009044	recall@66.0%	1.0
CD009044	recall@67.0%	1.0
CD009044	recall@68.0%	1.0
CD009044	recall@69.0%	1.0
CD009044	recall@70.0%	1.0
CD009044	recall@71.0%	1.0
CD009044	recall@72.0%	1.0
CD009044	recall@73.0%	1.0
CD009044	recall@74.0%	1.0
CD009044	recall@75.0%	1.0
CD009044	recall@76.0%	1.0
CD009044	recall@77.0%	1.0
CD009044	recall@78.0%	1.0
CD009044	recall@79.0%	1.0
CD009044	recall@80.0%	1.0
CD009044	recall@81.0%	1.0
CD009044	recall@82.0%	1.0
CD009044	recall@83.0%	1.0
CD009044	recall@84.0%	1.0
CD009044	recall@85.0%	1.0
CD009044	recall@86.0%	1.0
CD009044	recall@87.0%	1.0
CD009044	recall@88.0%	1.0
CD009044	recall@89.0%	1.0
CD009044	recall@90.0%	1.0
CD009044	recall@91.0%	1.0
CD009044	recall@92.0%	1.0
CD009044	recall@93.0%	1.0
CD009044	recall@94.0%	1.0
CD009044	recall@95.0%	1.0
CD009044	recall@96.0%	1.0
CD009044	recall@97.0%	1.0
CD009044	recall@98.0%	1.0
CD009044	recall@99.0%	1.0
CD009044	recall@100.0%	1.0
CD009044	total_cost	461.0
CD009044	norm_area	0.847
CD009044	ap	0.024
CD009044	r	0.727
CD009044	loss_e	0.02
CD009044	loss_r	0.074
CD009044	loss_er	0.095
Skipping topic: CD009069
Skipping topic: CD009642
Skipping topic: CD010038
Skipping topic: CD010239
Skipping topic: CD010558
Skipping topic: CD010753
Skipping topic: CD011140
Skipping topic: CD011558
Skipping topic: CD011571
CD011686	num_shown	9729
CD011686	rels_found	64
CD011686	num_rels	64
CD011686	last_rel	3212
CD011686	norm_last_rel	0.33
CD011686	threshold	501
CD011686	norm_threshold	0.051
CD011686	wss_100	0.67
CD011686	wss_95	0.721
CD011686	cg_total	64.0
CD011686	cg_max	64.0
CD011686	cg_threshold	22.0
CD011686	recall_threshold	0.344
CD011686	threshold	501
CD011686	recall@1.0%	0.094
CD011686	recall@2.0%	0.125
CD011686	recall@3.0%	0.141
CD011686	recall@4.0%	0.25
CD011686	recall@5.0%	0.344
CD011686	recall@6.0%	0.469
CD011686	recall@7.0%	0.609
CD011686	recall@8.0%	0.703
CD011686	recall@9.0%	0.75
CD011686	recall@10.0%	0.781
CD011686	recall@11.0%	0.797
CD011686	recall@12.0%	0.828
CD011686	recall@13.0%	0.844
CD011686	recall@14.0%	0.859
CD011686	recall@15.0%	0.875
CD011686	recall@16.0%	0.875
CD011686	recall@17.0%	0.891
CD011686	recall@18.0%	0.922
CD011686	recall@19.0%	0.938
CD011686	recall@20.0%	0.938
CD011686	recall@21.0%	0.938
CD011686	recall@22.0%	0.938
CD011686	recall@23.0%	0.953
CD011686	recall@24.0%	0.953
CD011686	recall@25.0%	0.984
CD011686	recall@26.0%	0.984
CD011686	recall@27.0%	0.984
CD011686	recall@28.0%	0.984
CD011686	recall@29.0%	0.984
CD011686	recall@30.0%	0.984
CD011686	recall@31.0%	0.984
CD011686	recall@32.0%	0.984
CD011686	recall@33.0%	0.984
CD011686	recall@34.0%	1.0
CD011686	recall@35.0%	1.0
CD011686	recall@36.0%	1.0
CD011686	recall@37.0%	1.0
CD011686	recall@38.0%	1.0
CD011686	recall@39.0%	1.0
CD011686	recall@40.0%	1.0
CD011686	recall@41.0%	1.0
CD011686	recall@42.0%	1.0
CD011686	recall@43.0%	1.0
CD011686	recall@44.0%	1.0
CD011686	recall@45.0%	1.0
CD011686	recall@46.0%	1.0
CD011686	recall@47.0%	1.0
CD011686	recall@48.0%	1.0
CD011686	recall@49.0%	1.0
CD011686	recall@50.0%	1.0
CD011686	recall@51.0%	1.0
CD011686	recall@52.0%	1.0
CD011686	recall@53.0%	1.0
CD011686	recall@54.0%	1.0
CD011686	recall@55.0%	1.0
CD011686	recall@56.0%	1.0
CD011686	recall@57.0%	1.0
CD011686	recall@58.0%	1.0
CD011686	recall@59.0%	1.0
CD011686	recall@60.0%	1.0
CD011686	recall@61.0%	1.0
CD011686	recall@62.0%	1.0
CD011686	recall@63.0%	1.0
CD011686	recall@64.0%	1.0
CD011686	recall@65.0%	1.0
CD011686	recall@66.0%	1.0
CD011686	recall@67.0%	1.0
CD011686	recall@68.0%	1.0
CD011686	recall@69.0%	1.0
CD011686	recall@70.0%	1.0
CD011686	recall@71.0%	1.0
CD011686	recall@72.0%	1.0
CD011686	recall@73.0%	1.0
CD011686	recall@74.0%	1.0
CD011686	recall@75.0%	1.0
CD011686	recall@76.0%	1.0
CD011686	recall@77.0%	1.0
CD011686	recall@78.0%	1.0
CD011686	recall@79.0%	1.0
CD011686	recall@80.0%	1.0
CD011686	recall@81.0%	1.0
CD011686	recall@82.0%	1.0
CD011686	recall@83.0%	1.0
CD011686	recall@84.0%	1.0
CD011686	recall@85.0%	1.0
CD011686	recall@86.0%	1.0
CD011686	recall@87.0%	1.0
CD011686	recall@88.0%	1.0
CD011686	recall@89.0%	1.0
CD011686	recall@90.0%	1.0
CD011686	recall@91.0%	1.0
CD011686	recall@92.0%	1.0
CD011686	recall@93.0%	1.0
CD011686	recall@94.0%	1.0
CD011686	recall@95.0%	1.0
CD011686	recall@96.0%	1.0
CD011686	recall@97.0%	1.0
CD011686	recall@98.0%	1.0
CD011686	recall@99.0%	1.0
CD011686	recall@100.0%	1.0
CD011686	total_cost	1741.0
CD011686	norm_area	0.925
CD011686	ap	0.05
CD011686	r	0.344
CD011686	loss_e	0.001
CD011686	loss_r	0.431
CD011686	loss_er	0.432
Skipping topic: CD011768
Skipping topic: CD011787
Skipping topic: CD011977
Skipping topic: CD012069
CD012080	num_shown	6643
CD012080	rels_found	77
CD012080	num_rels	77
CD012080	last_rel	5835
CD012080	norm_last_rel	0.878
CD012080	threshold	501
CD012080	norm_threshold	0.075
CD012080	wss_100	0.122
CD012080	wss_95	0.365
CD012080	cg_total	77.0
CD012080	cg_max	77.0
CD012080	cg_threshold	24.0
CD012080	recall_threshold	0.312
CD012080	threshold	501
CD012080	recall@1.0%	0.039
CD012080	recall@2.0%	0.078
CD012080	recall@3.0%	0.156
CD012080	recall@4.0%	0.208
CD012080	recall@5.0%	0.247
CD012080	recall@6.0%	0.26
CD012080	recall@7.0%	0.273
CD012080	recall@8.0%	0.312
CD012080	recall@9.0%	0.325
CD012080	recall@10.0%	0.364
CD012080	recall@11.0%	0.377
CD012080	recall@12.0%	0.39
CD012080	recall@13.0%	0.416
CD012080	recall@14.0%	0.442
CD012080	recall@15.0%	0.468
CD012080	recall@16.0%	0.532
CD012080	recall@17.0%	0.545
CD012080	recall@18.0%	0.571
CD012080	recall@19.0%	0.584
CD012080	recall@20.0%	0.61
CD012080	recall@21.0%	0.623
CD012080	recall@22.0%	0.636
CD012080	recall@23.0%	0.649
CD012080	recall@24.0%	0.675
CD012080	recall@25.0%	0.675
CD012080	recall@26.0%	0.688
CD012080	recall@27.0%	0.701
CD012080	recall@28.0%	0.727
CD012080	recall@29.0%	0.727
CD012080	recall@30.0%	0.727
CD012080	recall@31.0%	0.74
CD012080	recall@32.0%	0.74
CD012080	recall@33.0%	0.74
CD012080	recall@34.0%	0.766
CD012080	recall@35.0%	0.766
CD012080	recall@36.0%	0.779
CD012080	recall@37.0%	0.792
CD012080	recall@38.0%	0.805
CD012080	recall@39.0%	0.818
CD012080	recall@40.0%	0.818
CD012080	recall@41.0%	0.831
CD012080	recall@42.0%	0.831
CD012080	recall@43.0%	0.831
CD012080	recall@44.0%	0.831
CD012080	recall@45.0%	0.831
CD012080	recall@46.0%	0.844
CD012080	recall@47.0%	0.857
CD012080	recall@48.0%	0.883
CD012080	recall@49.0%	0.909
CD012080	recall@50.0%	0.909
CD012080	recall@51.0%	0.909
CD012080	recall@52.0%	0.909
CD012080	recall@53.0%	0.909
CD012080	recall@54.0%	0.909
CD012080	recall@55.0%	0.909
CD012080	recall@56.0%	0.909
CD012080	recall@57.0%	0.909
CD012080	recall@58.0%	0.935
CD012080	recall@59.0%	0.948
CD012080	recall@60.0%	0.948
CD012080	recall@61.0%	0.948
CD012080	recall@62.0%	0.948
CD012080	recall@63.0%	0.948
CD012080	recall@64.0%	0.948
CD012080	recall@65.0%	0.948
CD012080	recall@66.0%	0.961
CD012080	recall@67.0%	0.961
CD012080	recall@68.0%	0.961
CD012080	recall@69.0%	0.961
CD012080	recall@70.0%	0.961
CD012080	recall@71.0%	0.961
CD012080	recall@72.0%	0.961
CD012080	recall@73.0%	0.961
CD012080	recall@74.0%	0.961
CD012080	recall@75.0%	0.961
CD012080	recall@76.0%	0.961
CD012080	recall@77.0%	0.961
CD012080	recall@78.0%	0.961
CD012080	recall@79.0%	0.987
CD012080	recall@80.0%	0.987
CD012080	recall@81.0%	0.987
CD012080	recall@82.0%	0.987
CD012080	recall@83.0%	0.987
CD012080	recall@84.0%	0.987
CD012080	recall@85.0%	0.987
CD012080	recall@86.0%	0.987
CD012080	recall@87.0%	0.987
CD012080	recall@88.0%	1.0
CD012080	recall@89.0%	1.0
CD012080	recall@90.0%	1.0
CD012080	recall@91.0%	1.0
CD012080	recall@92.0%	1.0
CD012080	recall@93.0%	1.0
CD012080	recall@94.0%	1.0
CD012080	recall@95.0%	1.0
CD012080	recall@96.0%	1.0
CD012080	recall@97.0%	1.0
CD012080	recall@98.0%	1.0
CD012080	recall@99.0%	1.0
CD012080	recall@100.0%	1.0
CD012080	total_cost	2141.0
CD012080	norm_area	0.786
CD012080	ap	0.038
CD012080	r	0.312
CD012080	loss_e	0.002
CD012080	loss_r	0.474
CD012080	loss_er	0.476
Skipping topic: CD012164
CD012233	num_shown	472
CD012233	rels_found	43
CD012233	num_rels	43
CD012233	last_rel	472
CD012233	norm_last_rel	1.0
CD012233	threshold	472
CD012233	norm_threshold	1.0
CD012233	wss_100	0.0
CD012233	wss_95	0.067
CD012233	cg_total	43.0
CD012233	cg_max	43.0
CD012233	cg_threshold	43.0
CD012233	recall_threshold	1.0
CD012233	threshold	472
CD012233	recall@1.0%	0.047
CD012233	recall@2.0%	0.047
CD012233	recall@3.0%	0.047
CD012233	recall@4.0%	0.047
CD012233	recall@5.0%	0.047
CD012233	recall@6.0%	0.047
CD012233	recall@7.0%	0.07
CD012233	recall@8.0%	0.093
CD012233	recall@9.0%	0.116
CD012233	recall@10.0%	0.116
CD012233	recall@11.0%	0.116
CD012233	recall@12.0%	0.14
CD012233	recall@13.0%	0.14
CD012233	recall@14.0%	0.163
CD012233	recall@15.0%	0.163
CD012233	recall@16.0%	0.186
CD012233	recall@17.0%	0.186
CD012233	recall@18.0%	0.186
CD012233	recall@19.0%	0.186
CD012233	recall@20.0%	0.209
CD012233	recall@21.0%	0.233
CD012233	recall@22.0%	0.233
CD012233	recall@23.0%	0.279
CD012233	recall@24.0%	0.279
CD012233	recall@25.0%	0.279
CD012233	recall@26.0%	0.279
CD012233	recall@27.0%	0.302
CD012233	recall@28.0%	0.302
CD012233	recall@29.0%	0.326
CD012233	recall@30.0%	0.349
CD012233	recall@31.0%	0.349
CD012233	recall@32.0%	0.349
CD012233	recall@33.0%	0.372
CD012233	recall@34.0%	0.442
CD012233	recall@35.0%	0.442
CD012233	recall@36.0%	0.442
CD012233	recall@37.0%	0.442
CD012233	recall@38.0%	0.512
CD012233	recall@39.0%	0.535
CD012233	recall@40.0%	0.558
CD012233	recall@41.0%	0.581
CD012233	recall@42.0%	0.605
CD012233	recall@43.0%	0.605
CD012233	recall@44.0%	0.628
CD012233	recall@45.0%	0.628
CD012233	recall@46.0%	0.628
CD012233	recall@47.0%	0.628
CD012233	recall@48.0%	0.651
CD012233	recall@49.0%	0.651
CD012233	recall@50.0%	0.651
CD012233	recall@51.0%	0.674
CD012233	recall@52.0%	0.674
CD012233	recall@53.0%	0.674
CD012233	recall@54.0%	0.674
CD012233	recall@55.0%	0.674
CD012233	recall@56.0%	0.674
CD012233	recall@57.0%	0.674
CD012233	recall@58.0%	0.698
CD012233	recall@59.0%	0.698
CD012233	recall@60.0%	0.698
CD012233	recall@61.0%	0.698
CD012233	recall@62.0%	0.698
CD012233	recall@63.0%	0.698
CD012233	recall@64.0%	0.698
CD012233	recall@65.0%	0.698
CD012233	recall@66.0%	0.698
CD012233	recall@67.0%	0.698
CD012233	recall@68.0%	0.698
CD012233	recall@69.0%	0.721
CD012233	recall@70.0%	0.744
CD012233	recall@71.0%	0.767
CD012233	recall@72.0%	0.767
CD012233	recall@73.0%	0.767
CD012233	recall@74.0%	0.767
CD012233	recall@75.0%	0.767
CD012233	recall@76.0%	0.791
CD012233	recall@77.0%	0.814
CD012233	recall@78.0%	0.814
CD012233	recall@79.0%	0.837
CD012233	recall@80.0%	0.837
CD012233	recall@81.0%	0.884
CD012233	recall@82.0%	0.907
CD012233	recall@83.0%	0.907
CD012233	recall@84.0%	0.907
CD012233	recall@85.0%	0.93
CD012233	recall@86.0%	0.93
CD012233	recall@87.0%	0.93
CD012233	recall@88.0%	0.93
CD012233	recall@89.0%	0.953
CD012233	recall@90.0%	0.953
CD012233	recall@91.0%	0.953
CD012233	recall@92.0%	0.953
CD012233	recall@93.0%	0.953
CD012233	recall@94.0%	0.953
CD012233	recall@95.0%	0.953
CD012233	recall@96.0%	0.953
CD012233	recall@97.0%	0.953
CD012233	recall@98.0%	0.977
CD012233	recall@99.0%	0.977
CD012233	recall@100.0%	1.0
CD012233	total_cost	-388.0
CD012233	norm_area	0.587
CD012233	ap	0.124
CD012233	r	1.0
CD012233	loss_e	0.489
CD012233	loss_r	0.0
CD012233	loss_er	0.489
Skipping topic: CD012342
Skipping topic: CD012455
Skipping topic: CD012551
CD012567	num_shown	6735
CD012567	rels_found	11
CD012567	num_rels	11
CD012567	last_rel	5533
CD012567	norm_last_rel	0.822
CD012567	threshold	501
CD012567	norm_threshold	0.074
CD012567	wss_100	0.178
CD012567	wss_95	0.545
CD012567	cg_total	11.0
CD012567	cg_max	11.0
CD012567	cg_threshold	3.0
CD012567	recall_threshold	0.273
CD012567	threshold	501
CD012567	recall@1.0%	0.0
CD012567	recall@2.0%	0.0
CD012567	recall@3.0%	0.091
CD012567	recall@4.0%	0.182
CD012567	recall@5.0%	0.273
CD012567	recall@6.0%	0.273
CD012567	recall@7.0%	0.273
CD012567	recall@8.0%	0.273
CD012567	recall@9.0%	0.273
CD012567	recall@10.0%	0.273
CD012567	recall@11.0%	0.273
CD012567	recall@12.0%	0.273
CD012567	recall@13.0%	0.273
CD012567	recall@14.0%	0.364
CD012567	recall@15.0%	0.364
CD012567	recall@16.0%	0.364
CD012567	recall@17.0%	0.364
CD012567	recall@18.0%	0.455
CD012567	recall@19.0%	0.455
CD012567	recall@20.0%	0.455
CD012567	recall@21.0%	0.455
CD012567	recall@22.0%	0.545
CD012567	recall@23.0%	0.545
CD012567	recall@24.0%	0.636
CD012567	recall@25.0%	0.727
CD012567	recall@26.0%	0.727
CD012567	recall@27.0%	0.727
CD012567	recall@28.0%	0.727
CD012567	recall@29.0%	0.727
CD012567	recall@30.0%	0.727
CD012567	recall@31.0%	0.727
CD012567	recall@32.0%	0.727
CD012567	recall@33.0%	0.727
CD012567	recall@34.0%	0.818
CD012567	recall@35.0%	0.818
CD012567	recall@36.0%	0.818
CD012567	recall@37.0%	0.818
CD012567	recall@38.0%	0.818
CD012567	recall@39.0%	0.818
CD012567	recall@40.0%	0.818
CD012567	recall@41.0%	0.909
CD012567	recall@42.0%	0.909
CD012567	recall@43.0%	0.909
CD012567	recall@44.0%	0.909
CD012567	recall@45.0%	0.909
CD012567	recall@46.0%	0.909
CD012567	recall@47.0%	0.909
CD012567	recall@48.0%	0.909
CD012567	recall@49.0%	0.909
CD012567	recall@50.0%	0.909
CD012567	recall@51.0%	0.909
CD012567	recall@52.0%	0.909
CD012567	recall@53.0%	0.909
CD012567	recall@54.0%	0.909
CD012567	recall@55.0%	0.909
CD012567	recall@56.0%	0.909
CD012567	recall@57.0%	0.909
CD012567	recall@58.0%	0.909
CD012567	recall@59.0%	0.909
CD012567	recall@60.0%	0.909
CD012567	recall@61.0%	0.909
CD012567	recall@62.0%	0.909
CD012567	recall@63.0%	0.909
CD012567	recall@64.0%	0.909
CD012567	recall@65.0%	0.909
CD012567	recall@66.0%	0.909
CD012567	recall@67.0%	0.909
CD012567	recall@68.0%	0.909
CD012567	recall@69.0%	0.909
CD012567	recall@70.0%	0.909
CD012567	recall@71.0%	0.909
CD012567	recall@72.0%	0.909
CD012567	recall@73.0%	0.909
CD012567	recall@74.0%	0.909
CD012567	recall@75.0%	0.909
CD012567	recall@76.0%	0.909
CD012567	recall@77.0%	0.909
CD012567	recall@78.0%	0.909
CD012567	recall@79.0%	0.909
CD012567	recall@80.0%	0.909
CD012567	recall@81.0%	0.909
CD012567	recall@82.0%	0.909
CD012567	recall@83.0%	1.0
CD012567	recall@84.0%	1.0
CD012567	recall@85.0%	1.0
CD012567	recall@86.0%	1.0
CD012567	recall@87.0%	1.0
CD012567	recall@88.0%	1.0
CD012567	recall@89.0%	1.0
CD012567	recall@90.0%	1.0
CD012567	recall@91.0%	1.0
CD012567	recall@92.0%	1.0
CD012567	recall@93.0%	1.0
CD012567	recall@94.0%	1.0
CD012567	recall@95.0%	1.0
CD012567	recall@96.0%	1.0
CD012567	recall@97.0%	1.0
CD012567	recall@98.0%	1.0
CD012567	recall@99.0%	1.0
CD012567	recall@100.0%	1.0
CD012567	total_cost	761.0
CD012567	norm_area	0.757
CD012567	ap	0.005
CD012567	r	0.273
CD012567	loss_e	0.004
CD012567	loss_r	0.529
CD012567	loss_er	0.533
Skipping topic: CD012661
CD012669	num_shown	1260
CD012669	rels_found	71
CD012669	num_rels	71
CD012669	last_rel	694
CD012669	norm_last_rel	0.551
CD012669	threshold	501
CD012669	norm_threshold	0.398
CD012669	wss_100	0.449
CD012669	wss_95	0.484
CD012669	cg_total	71.0
CD012669	cg_max	71.0
CD012669	cg_threshold	59.0
CD012669	recall_threshold	0.831
CD012669	threshold	501
CD012669	recall@1.0%	0.028
CD012669	recall@2.0%	0.07
CD012669	recall@3.0%	0.085
CD012669	recall@4.0%	0.127
CD012669	recall@5.0%	0.127
CD012669	recall@6.0%	0.169
CD012669	recall@7.0%	0.183
CD012669	recall@8.0%	0.183
CD012669	recall@9.0%	0.183
CD012669	recall@10.0%	0.225
CD012669	recall@11.0%	0.254
CD012669	recall@12.0%	0.268
CD012669	recall@13.0%	0.296
CD012669	recall@14.0%	0.324
CD012669	recall@15.0%	0.338
CD012669	recall@16.0%	0.352
CD012669	recall@17.0%	0.352
CD012669	recall@18.0%	0.38
CD012669	recall@19.0%	0.423
CD012669	recall@20.0%	0.437
CD012669	recall@21.0%	0.479
CD012669	recall@22.0%	0.507
CD012669	recall@23.0%	0.535
CD012669	recall@24.0%	0.563
CD012669	recall@25.0%	0.577
CD012669	recall@26.0%	0.592
CD012669	recall@27.0%	0.606
CD012669	recall@28.0%	0.62
CD012669	recall@29.0%	0.648
CD012669	recall@30.0%	0.676
CD012669	recall@31.0%	0.69
CD012669	recall@32.0%	0.718
CD012669	recall@33.0%	0.732
CD012669	recall@34.0%	0.732
CD012669	recall@35.0%	0.732
CD012669	recall@36.0%	0.775
CD012669	recall@37.0%	0.789
CD012669	recall@38.0%	0.817
CD012669	recall@39.0%	0.831
CD012669	recall@40.0%	0.831
CD012669	recall@41.0%	0.859
CD012669	recall@42.0%	0.887
CD012669	recall@43.0%	0.915
CD012669	recall@44.0%	0.93
CD012669	recall@45.0%	0.93
CD012669	recall@46.0%	0.93
CD012669	recall@47.0%	0.944
CD012669	recall@48.0%	0.944
CD012669	recall@49.0%	0.944
CD012669	recall@50.0%	0.958
CD012669	recall@51.0%	0.972
CD012669	recall@52.0%	0.986
CD012669	recall@53.0%	0.986
CD012669	recall@54.0%	0.986
CD012669	recall@55.0%	0.986
CD012669	recall@56.0%	1.0
CD012669	recall@57.0%	1.0
CD012669	recall@58.0%	1.0
CD012669	recall@59.0%	1.0
CD012669	recall@60.0%	1.0
CD012669	recall@61.0%	1.0
CD012669	recall@62.0%	1.0
CD012669	recall@63.0%	1.0
CD012669	recall@64.0%	1.0
CD012669	recall@65.0%	1.0
CD012669	recall@66.0%	1.0
CD012669	recall@67.0%	1.0
CD012669	recall@68.0%	1.0
CD012669	recall@69.0%	1.0
CD012669	recall@70.0%	1.0
CD012669	recall@71.0%	1.0
CD012669	recall@72.0%	1.0
CD012669	recall@73.0%	1.0
CD012669	recall@74.0%	1.0
CD012669	recall@75.0%	1.0
CD012669	recall@76.0%	1.0
CD012669	recall@77.0%	1.0
CD012669	recall@78.0%	1.0
CD012669	recall@79.0%	1.0
CD012669	recall@80.0%	1.0
CD012669	recall@81.0%	1.0
CD012669	recall@82.0%	1.0
CD012669	recall@83.0%	1.0
CD012669	recall@84.0%	1.0
CD012669	recall@85.0%	1.0
CD012669	recall@86.0%	1.0
CD012669	recall@87.0%	1.0
CD012669	recall@88.0%	1.0
CD012669	recall@89.0%	1.0
CD012669	recall@90.0%	1.0
CD012669	recall@91.0%	1.0
CD012669	recall@92.0%	1.0
CD012669	recall@93.0%	1.0
CD012669	recall@94.0%	1.0
CD012669	recall@95.0%	1.0
CD012669	recall@96.0%	1.0
CD012669	recall@97.0%	1.0
CD012669	recall@98.0%	1.0
CD012669	recall@99.0%	1.0
CD012669	recall@100.0%	1.0
CD012669	total_cost	-199.0
CD012669	norm_area	0.792
CD012669	ap	0.133
CD012669	r	0.831
CD012669	loss_e	0.054
CD012669	loss_r	0.029
CD012669	loss_er	0.083
CD012768	num_shown	131
CD012768	rels_found	45
CD012768	num_rels	45
CD012768	last_rel	124
CD012768	norm_last_rel	0.947
CD012768	threshold	131
CD012768	norm_threshold	1.0
CD012768	wss_100	0.053
CD012768	wss_95	0.126
CD012768	cg_total	45.0
CD012768	cg_max	45.0
CD012768	cg_threshold	45.0
CD012768	recall_threshold	1.0
CD012768	threshold	131
CD012768	recall@1.0%	0.0
CD012768	recall@2.0%	0.022
CD012768	recall@3.0%	0.022
CD012768	recall@4.0%	0.022
CD012768	recall@5.0%	0.022
CD012768	recall@6.0%	0.022
CD012768	recall@7.0%	0.022
CD012768	recall@8.0%	0.044
CD012768	recall@9.0%	0.067
CD012768	recall@10.0%	0.067
CD012768	recall@11.0%	0.067
CD012768	recall@12.0%	0.111
CD012768	recall@13.0%	0.133
CD012768	recall@14.0%	0.133
CD012768	recall@15.0%	0.133
CD012768	recall@16.0%	0.133
CD012768	recall@17.0%	0.133
CD012768	recall@18.0%	0.156
CD012768	recall@19.0%	0.156
CD012768	recall@20.0%	0.178
CD012768	recall@21.0%	0.2
CD012768	recall@22.0%	0.2
CD012768	recall@23.0%	0.2
CD012768	recall@24.0%	0.2
CD012768	recall@25.0%	0.222
CD012768	recall@26.0%	0.244
CD012768	recall@27.0%	0.244
CD012768	recall@28.0%	0.267
CD012768	recall@29.0%	0.267
CD012768	recall@30.0%	0.289
CD012768	recall@31.0%	0.289
CD012768	recall@32.0%	0.311
CD012768	recall@33.0%	0.333
CD012768	recall@34.0%	0.333
CD012768	recall@35.0%	0.333
CD012768	recall@36.0%	0.356
CD012768	recall@37.0%	0.356
CD012768	recall@38.0%	0.356
CD012768	recall@39.0%	0.356
CD012768	recall@40.0%	0.378
CD012768	recall@41.0%	0.378
CD012768	recall@42.0%	0.4
CD012768	recall@43.0%	0.422
CD012768	recall@44.0%	0.444
CD012768	recall@45.0%	0.444
CD012768	recall@46.0%	0.444
CD012768	recall@47.0%	0.467
CD012768	recall@48.0%	0.467
CD012768	recall@49.0%	0.489
CD012768	recall@50.0%	0.511
CD012768	recall@51.0%	0.533
CD012768	recall@52.0%	0.556
CD012768	recall@53.0%	0.556
CD012768	recall@54.0%	0.578
CD012768	recall@55.0%	0.578
CD012768	recall@56.0%	0.578
CD012768	recall@57.0%	0.578
CD012768	recall@58.0%	0.578
CD012768	recall@59.0%	0.6
CD012768	recall@60.0%	0.6
CD012768	recall@61.0%	0.6
CD012768	recall@62.0%	0.6
CD012768	recall@63.0%	0.622
CD012768	recall@64.0%	0.644
CD012768	recall@65.0%	0.667
CD012768	recall@66.0%	0.689
CD012768	recall@67.0%	0.711
CD012768	recall@68.0%	0.733
CD012768	recall@69.0%	0.756
CD012768	recall@70.0%	0.778
CD012768	recall@71.0%	0.778
CD012768	recall@72.0%	0.8
CD012768	recall@73.0%	0.822
CD012768	recall@74.0%	0.844
CD012768	recall@75.0%	0.844
CD012768	recall@76.0%	0.889
CD012768	recall@77.0%	0.889
CD012768	recall@78.0%	0.911
CD012768	recall@79.0%	0.911
CD012768	recall@80.0%	0.933
CD012768	recall@81.0%	0.933
CD012768	recall@82.0%	0.933
CD012768	recall@83.0%	0.956
CD012768	recall@84.0%	0.956
CD012768	recall@85.0%	0.956
CD012768	recall@86.0%	0.978
CD012768	recall@87.0%	0.978
CD012768	recall@88.0%	0.978
CD012768	recall@89.0%	0.978
CD012768	recall@90.0%	0.978
CD012768	recall@91.0%	0.978
CD012768	recall@92.0%	0.978
CD012768	recall@93.0%	0.978
CD012768	recall@94.0%	0.978
CD012768	recall@95.0%	1.0
CD012768	recall@96.0%	1.0
CD012768	recall@97.0%	1.0
CD012768	recall@98.0%	1.0
CD012768	recall@99.0%	1.0
CD012768	recall@100.0%	1.0
CD012768	total_cost	-769.0
CD012768	norm_area	0.629
CD012768	ap	0.347
CD012768	r	1.0
CD012768	loss_e	0.476
CD012768	loss_r	0.0
CD012768	loss_er	0.476
ALL	num_shown	30521
ALL	rels_found	440
ALL	num_rels	440
ALL	last_rel	2470.0
ALL	norm_last_rel	0.748
ALL	threshold	451.0
ALL	norm_threshold	0.371
ALL	wss_100	0.252
ALL	wss_95	0.39
ALL	cg_total	55.0
ALL	cg_max	55.0
ALL	cg_threshold	35.0
ALL	recall_threshold	0.638
ALL	threshold	451.0
ALL	recall@1.0%	0.055
ALL	recall@2.0%	0.086
ALL	recall@3.0%	0.116
ALL	recall@4.0%	0.184
ALL	recall@5.0%	0.236
ALL	recall@6.0%	0.275
ALL	recall@7.0%	0.314
ALL	recall@8.0%	0.343
ALL	recall@9.0%	0.364
ALL	recall@10.0%	0.402
ALL	recall@11.0%	0.42
ALL	recall@12.0%	0.443
ALL	recall@13.0%	0.459
ALL	recall@14.0%	0.475
ALL	recall@15.0%	0.484
ALL	recall@16.0%	0.5
ALL	recall@17.0%	0.505
ALL	recall@18.0%	0.523
ALL	recall@19.0%	0.536
ALL	recall@20.0%	0.548
ALL	recall@21.0%	0.561
ALL	recall@22.0%	0.57
ALL	recall@23.0%	0.586
ALL	recall@24.0%	0.598
ALL	recall@25.0%	0.609
ALL	recall@26.0%	0.616
ALL	recall@27.0%	0.623
ALL	recall@28.0%	0.632
ALL	recall@29.0%	0.641
ALL	recall@30.0%	0.65
ALL	recall@31.0%	0.655
ALL	recall@32.0%	0.661
ALL	recall@33.0%	0.67
ALL	recall@34.0%	0.686
ALL	recall@35.0%	0.686
ALL	recall@36.0%	0.702
ALL	recall@37.0%	0.709
ALL	recall@38.0%	0.725
ALL	recall@39.0%	0.732
ALL	recall@40.0%	0.739
ALL	recall@41.0%	0.75
ALL	recall@42.0%	0.759
ALL	recall@43.0%	0.77
ALL	recall@44.0%	0.782
ALL	recall@45.0%	0.791
ALL	recall@46.0%	0.795
ALL	recall@47.0%	0.807
ALL	recall@48.0%	0.823
ALL	recall@49.0%	0.832
ALL	recall@50.0%	0.839
ALL	recall@51.0%	0.85
ALL	recall@52.0%	0.859
ALL	recall@53.0%	0.861
ALL	recall@54.0%	0.868
ALL	recall@55.0%	0.877
ALL	recall@56.0%	0.882
ALL	recall@57.0%	0.886
ALL	recall@58.0%	0.895
ALL	recall@59.0%	0.902
ALL	recall@60.0%	0.902
ALL	recall@61.0%	0.902
ALL	recall@62.0%	0.902
ALL	recall@63.0%	0.909
ALL	recall@64.0%	0.914
ALL	recall@65.0%	0.916
ALL	recall@66.0%	0.923
ALL	recall@67.0%	0.925
ALL	recall@68.0%	0.927
ALL	recall@69.0%	0.932
ALL	recall@70.0%	0.936
ALL	recall@71.0%	0.939
ALL	recall@72.0%	0.943
ALL	recall@73.0%	0.945
ALL	recall@74.0%	0.948
ALL	recall@75.0%	0.948
ALL	recall@76.0%	0.955
ALL	recall@77.0%	0.957
ALL	recall@78.0%	0.959
ALL	recall@79.0%	0.966
ALL	recall@80.0%	0.97
ALL	recall@81.0%	0.975
ALL	recall@82.0%	0.977
ALL	recall@83.0%	0.982
ALL	recall@84.0%	0.982
ALL	recall@85.0%	0.984
ALL	recall@86.0%	0.986
ALL	recall@87.0%	0.986
ALL	recall@88.0%	0.989
ALL	recall@89.0%	0.991
ALL	recall@90.0%	0.991
ALL	recall@91.0%	0.991
ALL	recall@92.0%	0.991
ALL	recall@93.0%	0.993
ALL	recall@94.0%	0.993
ALL	recall@95.0%	0.995
ALL	recall@96.0%	0.995
ALL	recall@97.0%	0.995
ALL	recall@98.0%	0.998
ALL	recall@99.0%	0.998
ALL	recall@100.0%	1.0
ALL	total_cost	574.0
ALL	norm_area	0.765
ALL	ap	0.119
ALL	r	0.638
ALL	loss_e	0.132
ALL	loss_r	0.21
ALL	loss_er	0.342
