Skipping topic: CD000996
Skipping topic: CD001261
Skipping topic: CD004414
Skipping topic: CD006468
Skipping topic: CD007867
CD008874 Duplicate 21346165
CD008874 Duplicate 16829671
CD008874 Duplicate 23595703
CD008874 Duplicate 25900232
CD008874 Duplicate 1734783
CD008874 Duplicate 21792006
CD008874 Duplicate 11493491
CD008874 Duplicate 18931245
CD008874 Duplicate 23147447
CD008874 Duplicate 22770760
CD008874 Duplicate 20072692
CD008874 Duplicate 2888993
CD008874 Duplicate 2271208
CD008874 Duplicate 15310373
CD008874 Duplicate 10764179
CD008874 Duplicate 12707162
CD008874 Duplicate 7941947
CD008874 Duplicate 20661197
CD008874 Duplicate 26571181
CD008874 Duplicate 22374390
CD008874 Duplicate 16409355
CD008874 Duplicate 17448065
CD008874 Duplicate 17164541
CD008874 Duplicate 1628234
CD008874 Duplicate 9389861
CD008874 Duplicate 10787269
CD008874 Duplicate 1626693
CD008874 Duplicate 1611001
CD008874 Duplicate 23561716
CD008874 Duplicate 18402001
CD008874 Duplicate 20460576
CD008874 Duplicate 21309331
CD008874 Duplicate 12648130
CD008874 Duplicate 3108812
CD008874 Duplicate 24792933
CD008874 Duplicate 9065945
CD008874 Duplicate 19219502
CD008874 Duplicate 8873556
CD008874 Duplicate 9613285
CD008874 Duplicate 17697222
CD008874 Duplicate 15636882
CD008874 Duplicate 19947865
CD008874 Duplicate 7549370
CD008874 Duplicate 2670030
CD008874 Duplicate 24132806
CD008874 Duplicate 8470782
CD008874 Duplicate 8318242
CD008874 Duplicate 17456667
CD008874 Duplicate 25039494
CD008874 Duplicate 6507827
CD008874 Duplicate 25199336
CD008874 Duplicate 19854521
CD008874 Duplicate 2265042
CD008874	num_shown	2382
CD008874	rels_found	118
CD008874	num_rels	118
CD008874	last_rel	1709
CD008874	norm_last_rel	0.717
CD008874	threshold	1528
CD008874	norm_threshold	0.641
CD008874	wss_100	0.283
CD008874	wss_95	0.78
CD008874	cg_total	118.0
CD008874	cg_max	118.0
CD008874	cg_threshold	117.0
CD008874	recall_threshold	0.992
CD008874	threshold	1528
CD008874	recall@1.0%	0.119
CD008874	recall@2.0%	0.237
CD008874	recall@3.0%	0.39
CD008874	recall@4.0%	0.492
CD008874	recall@5.0%	0.576
CD008874	recall@6.0%	0.644
CD008874	recall@7.0%	0.72
CD008874	recall@8.0%	0.754
CD008874	recall@9.0%	0.763
CD008874	recall@10.0%	0.78
CD008874	recall@11.0%	0.831
CD008874	recall@12.0%	0.856
CD008874	recall@13.0%	0.881
CD008874	recall@14.0%	0.898
CD008874	recall@15.0%	0.932
CD008874	recall@16.0%	0.932
CD008874	recall@17.0%	0.949
CD008874	recall@18.0%	0.958
CD008874	recall@19.0%	0.958
CD008874	recall@20.0%	0.958
CD008874	recall@21.0%	0.958
CD008874	recall@22.0%	0.975
CD008874	recall@23.0%	0.975
CD008874	recall@24.0%	0.975
CD008874	recall@25.0%	0.975
CD008874	recall@26.0%	0.975
CD008874	recall@27.0%	0.975
CD008874	recall@28.0%	0.975
CD008874	recall@29.0%	0.975
CD008874	recall@30.0%	0.975
CD008874	recall@31.0%	0.975
CD008874	recall@32.0%	0.975
CD008874	recall@33.0%	0.975
CD008874	recall@34.0%	0.975
CD008874	recall@35.0%	0.975
CD008874	recall@36.0%	0.975
CD008874	recall@37.0%	0.975
CD008874	recall@38.0%	0.975
CD008874	recall@39.0%	0.975
CD008874	recall@40.0%	0.975
CD008874	recall@41.0%	0.975
CD008874	recall@42.0%	0.975
CD008874	recall@43.0%	0.975
CD008874	recall@44.0%	0.975
CD008874	recall@45.0%	0.975
CD008874	recall@46.0%	0.975
CD008874	recall@47.0%	0.975
CD008874	recall@48.0%	0.975
CD008874	recall@49.0%	0.975
CD008874	recall@50.0%	0.975
CD008874	recall@51.0%	0.983
CD008874	recall@52.0%	0.983
CD008874	recall@53.0%	0.983
CD008874	recall@54.0%	0.983
CD008874	recall@55.0%	0.983
CD008874	recall@56.0%	0.983
CD008874	recall@57.0%	0.983
CD008874	recall@58.0%	0.983
CD008874	recall@59.0%	0.983
CD008874	recall@60.0%	0.983
CD008874	recall@61.0%	0.983
CD008874	recall@62.0%	0.983
CD008874	recall@63.0%	0.992
CD008874	recall@64.0%	0.992
CD008874	recall@65.0%	0.992
CD008874	recall@66.0%	0.992
CD008874	recall@67.0%	0.992
CD008874	recall@68.0%	0.992
CD008874	recall@69.0%	0.992
CD008874	recall@70.0%	0.992
CD008874	recall@71.0%	0.992
CD008874	recall@72.0%	1.0
CD008874	recall@73.0%	1.0
CD008874	recall@74.0%	1.0
CD008874	recall@75.0%	1.0
CD008874	recall@76.0%	1.0
CD008874	recall@77.0%	1.0
CD008874	recall@78.0%	1.0
CD008874	recall@79.0%	1.0
CD008874	recall@80.0%	1.0
CD008874	recall@81.0%	1.0
CD008874	recall@82.0%	1.0
CD008874	recall@83.0%	1.0
CD008874	recall@84.0%	1.0
CD008874	recall@85.0%	1.0
CD008874	recall@86.0%	1.0
CD008874	recall@87.0%	1.0
CD008874	recall@88.0%	1.0
CD008874	recall@89.0%	1.0
CD008874	recall@90.0%	1.0
CD008874	recall@91.0%	1.0
CD008874	recall@92.0%	1.0
CD008874	recall@93.0%	1.0
CD008874	recall@94.0%	1.0
CD008874	recall@95.0%	1.0
CD008874	recall@96.0%	1.0
CD008874	recall@97.0%	1.0
CD008874	recall@98.0%	1.0
CD008874	recall@99.0%	1.0
CD008874	recall@100.0%	1.0
CD008874	total_cost	-772.0
CD008874	norm_area	0.954
CD008874	ap	0.517
CD008874	r	0.992
CD008874	loss_e	0.087
CD008874	loss_r	0.0
CD008874	loss_er	0.087
CD009044 Duplicate 26306707
CD009044 Duplicate 24731073
CD009044 Duplicate 25211371
CD009044 Duplicate 26456972
CD009044 Duplicate 25844317
CD009044 Duplicate 24231169
CD009044 Duplicate 20824493
CD009044 Duplicate 24690944
CD009044 Duplicate 22893535
CD009044 Duplicate 22686870
CD009044 Duplicate 23547019
CD009044 Duplicate 25008216
CD009044 Duplicate 25110506
CD009044 Duplicate 24369683
CD009044 Duplicate 24011743
CD009044 Duplicate 24857014
CD009044 Duplicate 23118257
CD009044 Duplicate 24104514
CD009044 Duplicate 26085230
CD009044 Duplicate 25428403
CD009044 Duplicate 20605639
CD009044 Duplicate 24450318
CD009044 Duplicate 20809377
CD009044 Duplicate 23464608
CD009044 Duplicate 23110806
CD009044 Duplicate 25176439
CD009044 Duplicate 24687688
CD009044 Duplicate 23146332
CD009044 Duplicate 22294525
CD009044 Duplicate 20300816
CD009044 Duplicate 21636781
CD009044 Duplicate 22106023
CD009044 Duplicate 22414705
CD009044 Duplicate 24095577
CD009044 Duplicate 24845879
CD009044 Duplicate 26018394
CD009044 Duplicate 26183755
CD009044 Duplicate 24684579
CD009044 Duplicate 23754339
CD009044 Duplicate 25753589
CD009044 Duplicate 19724775
CD009044 Duplicate 21365597
CD009044 Duplicate 24870134
CD009044 Duplicate 22456819
CD009044 Duplicate 22360368
CD009044 Duplicate 26057421
CD009044 Duplicate 22721596
CD009044 Duplicate 24912737
CD009044 Duplicate 22435515
CD009044 Duplicate 25361070
CD009044 Duplicate 22361923
CD009044 Duplicate 24266312
CD009044 Duplicate 25711370
CD009044 Duplicate 20300817
CD009044 Duplicate 24033239
CD009044 Duplicate 26129831
CD009044 Duplicate 25863914
CD009044 Duplicate 20977684
CD009044 Duplicate 25058499
CD009044 Duplicate 22009414
CD009044 Duplicate 25131653
CD009044 Duplicate 24686073
CD009044	num_shown	3169
CD009044	rels_found	11
CD009044	num_rels	11
CD009044	last_rel	557
CD009044	norm_last_rel	0.176
CD009044	threshold	2035
CD009044	norm_threshold	0.642
CD009044	wss_100	0.824
CD009044	wss_95	0.898
CD009044	cg_total	11.0
CD009044	cg_max	11.0
CD009044	cg_threshold	11.0
CD009044	recall_threshold	1.0
CD009044	threshold	2035
CD009044	recall@1.0%	0.364
CD009044	recall@2.0%	0.727
CD009044	recall@3.0%	0.727
CD009044	recall@4.0%	0.727
CD009044	recall@5.0%	0.818
CD009044	recall@6.0%	0.909
CD009044	recall@7.0%	0.909
CD009044	recall@8.0%	0.909
CD009044	recall@9.0%	0.909
CD009044	recall@10.0%	0.909
CD009044	recall@11.0%	0.909
CD009044	recall@12.0%	0.909
CD009044	recall@13.0%	0.909
CD009044	recall@14.0%	0.909
CD009044	recall@15.0%	0.909
CD009044	recall@16.0%	0.909
CD009044	recall@17.0%	0.909
CD009044	recall@18.0%	1.0
CD009044	recall@19.0%	1.0
CD009044	recall@20.0%	1.0
CD009044	recall@21.0%	1.0
CD009044	recall@22.0%	1.0
CD009044	recall@23.0%	1.0
CD009044	recall@24.0%	1.0
CD009044	recall@25.0%	1.0
CD009044	recall@26.0%	1.0
CD009044	recall@27.0%	1.0
CD009044	recall@28.0%	1.0
CD009044	recall@29.0%	1.0
CD009044	recall@30.0%	1.0
CD009044	recall@31.0%	1.0
CD009044	recall@32.0%	1.0
CD009044	recall@33.0%	1.0
CD009044	recall@34.0%	1.0
CD009044	recall@35.0%	1.0
CD009044	recall@36.0%	1.0
CD009044	recall@37.0%	1.0
CD009044	recall@38.0%	1.0
CD009044	recall@39.0%	1.0
CD009044	recall@40.0%	1.0
CD009044	recall@41.0%	1.0
CD009044	recall@42.0%	1.0
CD009044	recall@43.0%	1.0
CD009044	recall@44.0%	1.0
CD009044	recall@45.0%	1.0
CD009044	recall@46.0%	1.0
CD009044	recall@47.0%	1.0
CD009044	recall@48.0%	1.0
CD009044	recall@49.0%	1.0
CD009044	recall@50.0%	1.0
CD009044	recall@51.0%	1.0
CD009044	recall@52.0%	1.0
CD009044	recall@53.0%	1.0
CD009044	recall@54.0%	1.0
CD009044	recall@55.0%	1.0
CD009044	recall@56.0%	1.0
CD009044	recall@57.0%	1.0
CD009044	recall@58.0%	1.0
CD009044	recall@59.0%	1.0
CD009044	recall@60.0%	1.0
CD009044	recall@61.0%	1.0
CD009044	recall@62.0%	1.0
CD009044	recall@63.0%	1.0
CD009044	recall@64.0%	1.0
CD009044	recall@65.0%	1.0
CD009044	recall@66.0%	1.0
CD009044	recall@67.0%	1.0
CD009044	recall@68.0%	1.0
CD009044	recall@69.0%	1.0
CD009044	recall@70.0%	1.0
CD009044	recall@71.0%	1.0
CD009044	recall@72.0%	1.0
CD009044	recall@73.0%	1.0
CD009044	recall@74.0%	1.0
CD009044	recall@75.0%	1.0
CD009044	recall@76.0%	1.0
CD009044	recall@77.0%	1.0
CD009044	recall@78.0%	1.0
CD009044	recall@79.0%	1.0
CD009044	recall@80.0%	1.0
CD009044	recall@81.0%	1.0
CD009044	recall@82.0%	1.0
CD009044	recall@83.0%	1.0
CD009044	recall@84.0%	1.0
CD009044	recall@85.0%	1.0
CD009044	recall@86.0%	1.0
CD009044	recall@87.0%	1.0
CD009044	recall@88.0%	1.0
CD009044	recall@89.0%	1.0
CD009044	recall@90.0%	1.0
CD009044	recall@91.0%	1.0
CD009044	recall@92.0%	1.0
CD009044	recall@93.0%	1.0
CD009044	recall@94.0%	1.0
CD009044	recall@95.0%	1.0
CD009044	recall@96.0%	1.0
CD009044	recall@97.0%	1.0
CD009044	recall@98.0%	1.0
CD009044	recall@99.0%	1.0
CD009044	recall@100.0%	1.0
CD009044	total_cost	1815.0
CD009044	norm_area	0.969
CD009044	ap	0.106
CD009044	r	1.0
CD009044	loss_e	0.335
CD009044	loss_r	0.0
CD009044	loss_er	0.335
Skipping topic: CD009069
Skipping topic: CD009642
Skipping topic: CD010038
Skipping topic: CD010239
Skipping topic: CD010558
Skipping topic: CD010753
Skipping topic: CD011140
Skipping topic: CD011558
Skipping topic: CD011571
CD011686 Duplicate 15457746
CD011686 Duplicate 5816544
CD011686 Duplicate 6764894
CD011686 Duplicate 5301498
CD011686 Duplicate 1002765
CD011686 Duplicate 740385
CD011686 Duplicate 2675321
CD011686 Duplicate 3195120
CD011686 Duplicate 740371
CD011686 Duplicate 24834483
CD011686 Duplicate 22269486
CD011686 Duplicate 15918129
CD011686 Duplicate 14705231
CD011686 Duplicate 7280823
CD011686 Duplicate 8863317
CD011686 Duplicate 2093868
CD011686 Duplicate 3832033
CD011686 Duplicate 8989713
CD011686 Duplicate 17541072
CD011686 Duplicate 19240671
CD011686 Duplicate 3616666
CD011686 Duplicate 23999783
CD011686 Duplicate 1091907
CD011686 Duplicate 6511744
CD011686 Duplicate 18442755
CD011686 Duplicate 19934960
CD011686 Duplicate 3920881
CD011686 Duplicate 1507289
CD011686 Duplicate 16858227
CD011686 Duplicate 5401349
CD011686 Duplicate 4993999
CD011686 Duplicate 19412816
CD011686 Duplicate 8814154
CD011686 Duplicate 19526376
CD011686 Duplicate 17065747
CD011686 Duplicate 16206967
CD011686 Duplicate 12387536
CD011686 Duplicate 15580739
CD011686 Duplicate 14636529
CD011686 Duplicate 16915078
CD011686 Duplicate 5806666
CD011686 Duplicate 16602338
CD011686 Duplicate 7758524
CD011686 Duplicate 2402685
CD011686 Duplicate 4656579
CD011686 Duplicate 11753329
CD011686 Duplicate 10757684
CD011686 Duplicate 2915917
CD011686 Duplicate 7293345
CD011686 Duplicate 22734031
CD011686 Duplicate 4767882
CD011686 Duplicate 1529870
CD011686 Duplicate 18450762
CD011686 Duplicate 5129106
CD011686 Duplicate 5915106
CD011686 Duplicate 7110487
CD011686 Duplicate 414586
CD011686 Duplicate 24341064
CD011686 Duplicate 23552592
CD011686 Duplicate 21654471
CD011686 Duplicate 17067972
CD011686 Duplicate 5022471
CD011686 Duplicate 8703874
CD011686 Duplicate 7263741
CD011686 Duplicate 7801568
CD011686 Duplicate 10963980
CD011686 Duplicate 19481230
CD011686 Duplicate 9474738
CD011686 Duplicate 7337313
CD011686 Duplicate 7846919
CD011686 Duplicate 5848981
CD011686 Duplicate 4876246
CD011686 Duplicate 18302455
CD011686 Duplicate 21484402
CD011686 Duplicate 5829900
CD011686 Duplicate 24517240
CD011686 Duplicate 3225693
CD011686 Duplicate 16096551
CD011686 Duplicate 19922021
CD011686 Duplicate 7997581
CD011686 Duplicate 10602526
CD011686 Duplicate 21475996
CD011686 Duplicate 11987005
CD011686 Duplicate 4154365
CD011686 Duplicate 20016360
CD011686 Duplicate 3568482
CD011686 Duplicate 21149864
CD011686 Duplicate 24245055
CD011686 Duplicate 7570182
CD011686 Duplicate 7619624
CD011686 Duplicate 21102967
CD011686 Duplicate 12831692
CD011686 Duplicate 20337002
CD011686 Duplicate 8272939
CD011686 Duplicate 9670386
CD011686 Duplicate 20479766
CD011686 Duplicate 17366336
CD011686 Duplicate 4710835
CD011686 Duplicate 19127164
CD011686 Duplicate 8883191
CD011686 Duplicate 11317029
CD011686 Duplicate 615961
CD011686 Duplicate 3875996
CD011686 Duplicate 24192523
CD011686 Duplicate 17896330
CD011686 Duplicate 5339472
CD011686 Duplicate 1403125
CD011686 Duplicate 11723394
CD011686 Duplicate 15085384
CD011686 Duplicate 6661950
CD011686 Duplicate 25232079
CD011686 Duplicate 8320529
CD011686 Duplicate 8772979
CD011686 Duplicate 4472569
CD011686 Duplicate 464784
CD011686 Duplicate 15180020
CD011686 Duplicate 10834223
CD011686 Duplicate 14716162
CD011686 Duplicate 7191250
CD011686 Duplicate 19278312
CD011686 Duplicate 12422335
CD011686 Duplicate 740388
CD011686 Duplicate 3597994
CD011686 Duplicate 3400505
CD011686 Duplicate 19704275
CD011686 Duplicate 14213418
CD011686 Duplicate 9213282
CD011686 Duplicate 8905114
CD011686 Duplicate 6868899
CD011686 Duplicate 8897376
CD011686 Duplicate 3835007
CD011686 Duplicate 10366212
CD011686 Duplicate 11939464
CD011686 Duplicate 15292636
CD011686 Duplicate 10851104
CD011686 Duplicate 21913559
CD011686 Duplicate 2057482
CD011686 Duplicate 24444989
CD011686 Duplicate 9051889
CD011686 Duplicate 8783297
CD011686 Duplicate 1835493
CD011686 Duplicate 3971620
CD011686 Duplicate 20013566
CD011686 Duplicate 22862685
CD011686 Duplicate 4646902
CD011686 Duplicate 2617361
CD011686 Duplicate 3182894
CD011686 Duplicate 1147800
CD011686 Duplicate 6828223
CD011686 Duplicate 7344695
CD011686 Duplicate 19857649
CD011686 Duplicate 20374662
CD011686 Duplicate 11170096
CD011686 Duplicate 2593203
CD011686 Duplicate 16227881
CD011686 Duplicate 12472032
CD011686 Duplicate 17353459
CD011686 Duplicate 17102810
CD011686 Duplicate 3150830
CD011686 Duplicate 18597963
CD011686 Duplicate 5684190
CD011686 Duplicate 19693547
CD011686 Duplicate 10784209
CD011686 Duplicate 16889728
CD011686 Duplicate 14758113
CD011686 Duplicate 20187736
CD011686 Duplicate 22290056
CD011686 Duplicate 9589546
CD011686 Duplicate 313602
CD011686 Duplicate 3785624
CD011686 Duplicate 19593891
CD011686 Duplicate 23593737
CD011686 Duplicate 17909776
CD011686 Duplicate 18226964
CD011686 Duplicate 19457601
CD011686 Duplicate 19207368
CD011686 Duplicate 11825506
CD011686 Duplicate 15503703
CD011686 Duplicate 19770607
CD011686 Duplicate 8685729
CD011686 Duplicate 15806044
CD011686 Duplicate 7279077
CD011686 Duplicate 874929
CD011686 Duplicate 4081882
CD011686 Duplicate 5844532
CD011686 Duplicate 5365910
CD011686 Duplicate 17254867
CD011686 Duplicate 9077509
CD011686 Duplicate 3242339
CD011686 Duplicate 9854756
CD011686 Duplicate 22920453
CD011686 Duplicate 17190992
CD011686 Duplicate 16567694
CD011686 Duplicate 24926931
CD011686 Duplicate 5776286
CD011686 Duplicate 18283450
CD011686 Duplicate 830334
CD011686 Duplicate 8201903
CD011686 Duplicate 21169936
CD011686 Duplicate 19006561
CD011686 Duplicate 18292917
CD011686 Duplicate 3918147
CD011686 Duplicate 19634840
CD011686 Duplicate 9193225
CD011686 Duplicate 19513764
CD011686 Duplicate 19173435
CD011686 Duplicate 8465335
CD011686 Duplicate 15959736
CD011686 Duplicate 21807145
CD011686 Duplicate 10462347
CD011686 Duplicate 10749032
CD011686 Duplicate 11329739
CD011686 Duplicate 19546872
CD011686 Duplicate 19203032
CD011686	num_shown	9729
CD011686	rels_found	64
CD011686	num_rels	64
CD011686	last_rel	2107
CD011686	norm_last_rel	0.217
CD011686	threshold	6239
CD011686	norm_threshold	0.641
CD011686	wss_100	0.783
CD011686	wss_95	0.844
CD011686	cg_total	64.0
CD011686	cg_max	64.0
CD011686	cg_threshold	64.0
CD011686	recall_threshold	1.0
CD011686	threshold	6239
CD011686	recall@1.0%	0.375
CD011686	recall@2.0%	0.812
CD011686	recall@3.0%	0.891
CD011686	recall@4.0%	0.906
CD011686	recall@5.0%	0.906
CD011686	recall@6.0%	0.906
CD011686	recall@7.0%	0.922
CD011686	recall@8.0%	0.922
CD011686	recall@9.0%	0.922
CD011686	recall@10.0%	0.938
CD011686	recall@11.0%	0.953
CD011686	recall@12.0%	0.969
CD011686	recall@13.0%	0.969
CD011686	recall@14.0%	0.969
CD011686	recall@15.0%	0.969
CD011686	recall@16.0%	0.969
CD011686	recall@17.0%	0.969
CD011686	recall@18.0%	0.969
CD011686	recall@19.0%	0.969
CD011686	recall@20.0%	0.984
CD011686	recall@21.0%	0.984
CD011686	recall@22.0%	1.0
CD011686	recall@23.0%	1.0
CD011686	recall@24.0%	1.0
CD011686	recall@25.0%	1.0
CD011686	recall@26.0%	1.0
CD011686	recall@27.0%	1.0
CD011686	recall@28.0%	1.0
CD011686	recall@29.0%	1.0
CD011686	recall@30.0%	1.0
CD011686	recall@31.0%	1.0
CD011686	recall@32.0%	1.0
CD011686	recall@33.0%	1.0
CD011686	recall@34.0%	1.0
CD011686	recall@35.0%	1.0
CD011686	recall@36.0%	1.0
CD011686	recall@37.0%	1.0
CD011686	recall@38.0%	1.0
CD011686	recall@39.0%	1.0
CD011686	recall@40.0%	1.0
CD011686	recall@41.0%	1.0
CD011686	recall@42.0%	1.0
CD011686	recall@43.0%	1.0
CD011686	recall@44.0%	1.0
CD011686	recall@45.0%	1.0
CD011686	recall@46.0%	1.0
CD011686	recall@47.0%	1.0
CD011686	recall@48.0%	1.0
CD011686	recall@49.0%	1.0
CD011686	recall@50.0%	1.0
CD011686	recall@51.0%	1.0
CD011686	recall@52.0%	1.0
CD011686	recall@53.0%	1.0
CD011686	recall@54.0%	1.0
CD011686	recall@55.0%	1.0
CD011686	recall@56.0%	1.0
CD011686	recall@57.0%	1.0
CD011686	recall@58.0%	1.0
CD011686	recall@59.0%	1.0
CD011686	recall@60.0%	1.0
CD011686	recall@61.0%	1.0
CD011686	recall@62.0%	1.0
CD011686	recall@63.0%	1.0
CD011686	recall@64.0%	1.0
CD011686	recall@65.0%	1.0
CD011686	recall@66.0%	1.0
CD011686	recall@67.0%	1.0
CD011686	recall@68.0%	1.0
CD011686	recall@69.0%	1.0
CD011686	recall@70.0%	1.0
CD011686	recall@71.0%	1.0
CD011686	recall@72.0%	1.0
CD011686	recall@73.0%	1.0
CD011686	recall@74.0%	1.0
CD011686	recall@75.0%	1.0
CD011686	recall@76.0%	1.0
CD011686	recall@77.0%	1.0
CD011686	recall@78.0%	1.0
CD011686	recall@79.0%	1.0
CD011686	recall@80.0%	1.0
CD011686	recall@81.0%	1.0
CD011686	recall@82.0%	1.0
CD011686	recall@83.0%	1.0
CD011686	recall@84.0%	1.0
CD011686	recall@85.0%	1.0
CD011686	recall@86.0%	1.0
CD011686	recall@87.0%	1.0
CD011686	recall@88.0%	1.0
CD011686	recall@89.0%	1.0
CD011686	recall@90.0%	1.0
CD011686	recall@91.0%	1.0
CD011686	recall@92.0%	1.0
CD011686	recall@93.0%	1.0
CD011686	recall@94.0%	1.0
CD011686	recall@95.0%	1.0
CD011686	recall@96.0%	1.0
CD011686	recall@97.0%	1.0
CD011686	recall@98.0%	1.0
CD011686	recall@99.0%	1.0
CD011686	recall@100.0%	1.0
CD011686	total_cost	4959.0
CD011686	norm_area	0.98
CD011686	ap	0.23
CD011686	r	1.0
CD011686	loss_e	0.153
CD011686	loss_r	0.0
CD011686	loss_er	0.153
Skipping topic: CD011768
Skipping topic: CD011787
Skipping topic: CD011977
Skipping topic: CD012069
CD012080 Duplicate 12843086
CD012080 Duplicate 10366298
CD012080 Duplicate 19618211
CD012080 Duplicate 11190069
CD012080 Duplicate 16024932
CD012080 Duplicate 8478718
CD012080 Duplicate 10971680
CD012080 Duplicate 20619254
CD012080 Duplicate 7552635
CD012080 Duplicate 19433553
CD012080 Duplicate 16865212
CD012080 Duplicate 16295734
CD012080 Duplicate 12197904
CD012080 Duplicate 9795467
CD012080 Duplicate 7817672
CD012080 Duplicate 16457124
CD012080 Duplicate 9616329
CD012080 Duplicate 24653928
CD012080 Duplicate 9279151
CD012080 Duplicate 25022434
CD012080 Duplicate 12838214
CD012080 Duplicate 2759488
CD012080 Duplicate 8645510
CD012080 Duplicate 6411829
CD012080 Duplicate 19606677
CD012080 Duplicate 17003940
CD012080 Duplicate 8536529
CD012080 Duplicate 17357563
CD012080 Duplicate 8163693
CD012080 Duplicate 16489308
CD012080 Duplicate 18956631
CD012080 Duplicate 22980564
CD012080 Duplicate 9702650
CD012080 Duplicate 23880626
CD012080 Duplicate 18979584
CD012080 Duplicate 16804982
CD012080 Duplicate 12432590
CD012080 Duplicate 19568571
CD012080 Duplicate 10876951
CD012080 Duplicate 15290454
CD012080 Duplicate 11570943
CD012080 Duplicate 11135029
CD012080 Duplicate 19712169
CD012080 Duplicate 16549831
CD012080 Duplicate 12638805
CD012080 Duplicate 2279995
CD012080 Duplicate 20483041
CD012080 Duplicate 23446740
CD012080 Duplicate 9421119
CD012080 Duplicate 10641724
CD012080 Duplicate 9707053
CD012080 Duplicate 17033108
CD012080 Duplicate 25560322
CD012080 Duplicate 16237763
CD012080 Duplicate 21537122
CD012080 Duplicate 9432345
CD012080 Duplicate 1711875
CD012080 Duplicate 12795457
CD012080 Duplicate 10930899
CD012080 Duplicate 1991209
CD012080 Duplicate 3346569
CD012080 Duplicate 25892981
CD012080 Duplicate 15530319
CD012080 Duplicate 20163453
CD012080 Duplicate 7773244
CD012080 Duplicate 9678815
CD012080 Duplicate 10383527
CD012080 Duplicate 9365146
CD012080 Duplicate 20084526
CD012080 Duplicate 9038594
CD012080 Duplicate 10762567
CD012080 Duplicate 7802549
CD012080 Duplicate 24720760
CD012080 Duplicate 10954725
CD012080 Duplicate 15810945
CD012080 Duplicate 21777974
CD012080 Duplicate 16806003
CD012080 Duplicate 19846355
CD012080 Duplicate 17593161
CD012080 Duplicate 2707850
CD012080 Duplicate 12970821
CD012080 Duplicate 18533939
CD012080 Duplicate 24583194
CD012080 Duplicate 11563592
CD012080 Duplicate 12945886
CD012080 Duplicate 7660079
CD012080 Duplicate 11330489
CD012080 Duplicate 14606084
CD012080 Duplicate 24849129
CD012080 Duplicate 18809506
CD012080 Duplicate 7657097
CD012080 Duplicate 3166539
CD012080 Duplicate 16489307
CD012080 Duplicate 9190436
CD012080 Duplicate 16258256
CD012080 Duplicate 21699780
CD012080 Duplicate 24750275
CD012080 Duplicate 15011890
CD012080 Duplicate 7965484
CD012080 Duplicate 17309754
CD012080 Duplicate 9806039
CD012080 Duplicate 11054025
CD012080 Duplicate 16169304
CD012080 Duplicate 8937121
CD012080 Duplicate 19388513
CD012080 Duplicate 10417643
CD012080 Duplicate 15827876
CD012080 Duplicate 15471100
CD012080 Duplicate 9678812
CD012080 Duplicate 21798844
CD012080 Duplicate 12125208
CD012080 Duplicate 22781295
CD012080 Duplicate 23734261
CD012080 Duplicate 15655824
CD012080 Duplicate 9240876
CD012080 Duplicate 12700500
CD012080 Duplicate 16283940
CD012080 Duplicate 10382127
CD012080 Duplicate 22091229
CD012080	num_shown	6643
CD012080	rels_found	77
CD012080	num_rels	77
CD012080	last_rel	2919
CD012080	norm_last_rel	0.439
CD012080	threshold	4289
CD012080	norm_threshold	0.646
CD012080	wss_100	0.561
CD012080	wss_95	0.681
CD012080	cg_total	77.0
CD012080	cg_max	77.0
CD012080	cg_threshold	77.0
CD012080	recall_threshold	1.0
CD012080	threshold	4289
CD012080	recall@1.0%	0.052
CD012080	recall@2.0%	0.182
CD012080	recall@3.0%	0.247
CD012080	recall@4.0%	0.377
CD012080	recall@5.0%	0.442
CD012080	recall@6.0%	0.532
CD012080	recall@7.0%	0.597
CD012080	recall@8.0%	0.675
CD012080	recall@9.0%	0.688
CD012080	recall@10.0%	0.74
CD012080	recall@11.0%	0.779
CD012080	recall@12.0%	0.792
CD012080	recall@13.0%	0.831
CD012080	recall@14.0%	0.844
CD012080	recall@15.0%	0.844
CD012080	recall@16.0%	0.87
CD012080	recall@17.0%	0.87
CD012080	recall@18.0%	0.87
CD012080	recall@19.0%	0.87
CD012080	recall@20.0%	0.87
CD012080	recall@21.0%	0.883
CD012080	recall@22.0%	0.896
CD012080	recall@23.0%	0.922
CD012080	recall@24.0%	0.922
CD012080	recall@25.0%	0.922
CD012080	recall@26.0%	0.935
CD012080	recall@27.0%	0.948
CD012080	recall@28.0%	0.948
CD012080	recall@29.0%	0.948
CD012080	recall@30.0%	0.961
CD012080	recall@31.0%	0.961
CD012080	recall@32.0%	0.961
CD012080	recall@33.0%	0.961
CD012080	recall@34.0%	0.961
CD012080	recall@35.0%	0.961
CD012080	recall@36.0%	0.961
CD012080	recall@37.0%	0.974
CD012080	recall@38.0%	0.974
CD012080	recall@39.0%	0.974
CD012080	recall@40.0%	0.974
CD012080	recall@41.0%	0.974
CD012080	recall@42.0%	0.987
CD012080	recall@43.0%	0.987
CD012080	recall@44.0%	1.0
CD012080	recall@45.0%	1.0
CD012080	recall@46.0%	1.0
CD012080	recall@47.0%	1.0
CD012080	recall@48.0%	1.0
CD012080	recall@49.0%	1.0
CD012080	recall@50.0%	1.0
CD012080	recall@51.0%	1.0
CD012080	recall@52.0%	1.0
CD012080	recall@53.0%	1.0
CD012080	recall@54.0%	1.0
CD012080	recall@55.0%	1.0
CD012080	recall@56.0%	1.0
CD012080	recall@57.0%	1.0
CD012080	recall@58.0%	1.0
CD012080	recall@59.0%	1.0
CD012080	recall@60.0%	1.0
CD012080	recall@61.0%	1.0
CD012080	recall@62.0%	1.0
CD012080	recall@63.0%	1.0
CD012080	recall@64.0%	1.0
CD012080	recall@65.0%	1.0
CD012080	recall@66.0%	1.0
CD012080	recall@67.0%	1.0
CD012080	recall@68.0%	1.0
CD012080	recall@69.0%	1.0
CD012080	recall@70.0%	1.0
CD012080	recall@71.0%	1.0
CD012080	recall@72.0%	1.0
CD012080	recall@73.0%	1.0
CD012080	recall@74.0%	1.0
CD012080	recall@75.0%	1.0
CD012080	recall@76.0%	1.0
CD012080	recall@77.0%	1.0
CD012080	recall@78.0%	1.0
CD012080	recall@79.0%	1.0
CD012080	recall@80.0%	1.0
CD012080	recall@81.0%	1.0
CD012080	recall@82.0%	1.0
CD012080	recall@83.0%	1.0
CD012080	recall@84.0%	1.0
CD012080	recall@85.0%	1.0
CD012080	recall@86.0%	1.0
CD012080	recall@87.0%	1.0
CD012080	recall@88.0%	1.0
CD012080	recall@89.0%	1.0
CD012080	recall@90.0%	1.0
CD012080	recall@91.0%	1.0
CD012080	recall@92.0%	1.0
CD012080	recall@93.0%	1.0
CD012080	recall@94.0%	1.0
CD012080	recall@95.0%	1.0
CD012080	recall@96.0%	1.0
CD012080	recall@97.0%	1.0
CD012080	recall@98.0%	1.0
CD012080	recall@99.0%	1.0
CD012080	recall@100.0%	1.0
CD012080	total_cost	2749.0
CD012080	norm_area	0.919
CD012080	ap	0.088
CD012080	r	1.0
CD012080	loss_e	0.133
CD012080	loss_r	0.0
CD012080	loss_er	0.133
Skipping topic: CD012164
CD012233 Duplicate 25763724
CD012233 Duplicate 1787565
CD012233 Duplicate 10855556
CD012233 Duplicate 3152410
CD012233 Duplicate 2822196
CD012233 Duplicate 16358628
CD012233 Duplicate 1562922
CD012233 Duplicate 24290941
CD012233 Duplicate 23283444
CD012233 Duplicate 28991561
CD012233 Duplicate 1595653
CD012233 Duplicate 2172311
CD012233	num_shown	472
CD012233	rels_found	43
CD012233	num_rels	43
CD012233	last_rel	424
CD012233	norm_last_rel	0.898
CD012233	threshold	300
CD012233	norm_threshold	0.636
CD012233	wss_100	0.102
CD012233	wss_95	0.365
CD012233	cg_total	43.0
CD012233	cg_max	43.0
CD012233	cg_threshold	41.0
CD012233	recall_threshold	0.953
CD012233	threshold	300
CD012233	recall@1.0%	0.023
CD012233	recall@2.0%	0.023
CD012233	recall@3.0%	0.07
CD012233	recall@4.0%	0.14
CD012233	recall@5.0%	0.186
CD012233	recall@6.0%	0.256
CD012233	recall@7.0%	0.256
CD012233	recall@8.0%	0.279
CD012233	recall@9.0%	0.326
CD012233	recall@10.0%	0.395
CD012233	recall@11.0%	0.395
CD012233	recall@12.0%	0.419
CD012233	recall@13.0%	0.419
CD012233	recall@14.0%	0.442
CD012233	recall@15.0%	0.442
CD012233	recall@16.0%	0.442
CD012233	recall@17.0%	0.488
CD012233	recall@18.0%	0.558
CD012233	recall@19.0%	0.581
CD012233	recall@20.0%	0.605
CD012233	recall@21.0%	0.651
CD012233	recall@22.0%	0.674
CD012233	recall@23.0%	0.698
CD012233	recall@24.0%	0.698
CD012233	recall@25.0%	0.721
CD012233	recall@26.0%	0.744
CD012233	recall@27.0%	0.744
CD012233	recall@28.0%	0.744
CD012233	recall@29.0%	0.744
CD012233	recall@30.0%	0.744
CD012233	recall@31.0%	0.767
CD012233	recall@32.0%	0.767
CD012233	recall@33.0%	0.791
CD012233	recall@34.0%	0.791
CD012233	recall@35.0%	0.814
CD012233	recall@36.0%	0.837
CD012233	recall@37.0%	0.837
CD012233	recall@38.0%	0.86
CD012233	recall@39.0%	0.86
CD012233	recall@40.0%	0.86
CD012233	recall@41.0%	0.884
CD012233	recall@42.0%	0.884
CD012233	recall@43.0%	0.907
CD012233	recall@44.0%	0.907
CD012233	recall@45.0%	0.907
CD012233	recall@46.0%	0.907
CD012233	recall@47.0%	0.907
CD012233	recall@48.0%	0.907
CD012233	recall@49.0%	0.907
CD012233	recall@50.0%	0.907
CD012233	recall@51.0%	0.93
CD012233	recall@52.0%	0.93
CD012233	recall@53.0%	0.93
CD012233	recall@54.0%	0.93
CD012233	recall@55.0%	0.93
CD012233	recall@56.0%	0.93
CD012233	recall@57.0%	0.93
CD012233	recall@58.0%	0.93
CD012233	recall@59.0%	0.953
CD012233	recall@60.0%	0.953
CD012233	recall@61.0%	0.953
CD012233	recall@62.0%	0.953
CD012233	recall@63.0%	0.953
CD012233	recall@64.0%	0.953
CD012233	recall@65.0%	0.953
CD012233	recall@66.0%	0.953
CD012233	recall@67.0%	0.953
CD012233	recall@68.0%	0.953
CD012233	recall@69.0%	0.953
CD012233	recall@70.0%	0.953
CD012233	recall@71.0%	0.953
CD012233	recall@72.0%	0.953
CD012233	recall@73.0%	0.953
CD012233	recall@74.0%	0.953
CD012233	recall@75.0%	0.953
CD012233	recall@76.0%	0.953
CD012233	recall@77.0%	0.953
CD012233	recall@78.0%	0.953
CD012233	recall@79.0%	0.953
CD012233	recall@80.0%	0.953
CD012233	recall@81.0%	0.953
CD012233	recall@82.0%	0.953
CD012233	recall@83.0%	0.953
CD012233	recall@84.0%	0.977
CD012233	recall@85.0%	0.977
CD012233	recall@86.0%	0.977
CD012233	recall@87.0%	0.977
CD012233	recall@88.0%	0.977
CD012233	recall@89.0%	0.977
CD012233	recall@90.0%	1.0
CD012233	recall@91.0%	1.0
CD012233	recall@92.0%	1.0
CD012233	recall@93.0%	1.0
CD012233	recall@94.0%	1.0
CD012233	recall@95.0%	1.0
CD012233	recall@96.0%	1.0
CD012233	recall@97.0%	1.0
CD012233	recall@98.0%	1.0
CD012233	recall@99.0%	1.0
CD012233	recall@100.0%	1.0
CD012233	total_cost	-440.0
CD012233	norm_area	0.825
CD012233	ap	0.276
CD012233	r	0.953
CD012233	loss_e	0.198
CD012233	loss_r	0.002
CD012233	loss_er	0.2
Skipping topic: CD012342
Skipping topic: CD012455
Skipping topic: CD012551
CD012567 Duplicate 16855505
CD012567 Duplicate 10751466
CD012567 Duplicate 10207459
CD012567 Duplicate 23002005
CD012567 Duplicate 1925850
CD012567 Duplicate 16160814
CD012567 Duplicate 16462852
CD012567 Duplicate 11420840
CD012567 Duplicate 2992252
CD012567 Duplicate 6499386
CD012567 Duplicate 17291227
CD012567 Duplicate 3308061
CD012567 Duplicate 8838883
CD012567 Duplicate 8689344
CD012567 Duplicate 8184113
CD012567 Duplicate 4085488
CD012567 Duplicate 10410535
CD012567 Duplicate 19549284
CD012567 Duplicate 26443095
CD012567 Duplicate 23476796
CD012567 Duplicate 14563602
CD012567 Duplicate 2066761
CD012567 Duplicate 23171527
CD012567 Duplicate 19300062
CD012567 Duplicate 3898842
CD012567 Duplicate 17537587
CD012567 Duplicate 10021311
CD012567 Duplicate 21991881
CD012567 Duplicate 12861300
CD012567 Duplicate 15964374
CD012567 Duplicate 15131929
CD012567 Duplicate 21331934
CD012567 Duplicate 27667494
CD012567 Duplicate 15790456
CD012567 Duplicate 26775096
CD012567 Duplicate 12544505
CD012567 Duplicate 10452242
CD012567 Duplicate 26082895
CD012567 Duplicate 18486202
CD012567 Duplicate 24200073
CD012567 Duplicate 25673166
CD012567 Duplicate 25731566
CD012567 Duplicate 12649113
CD012567 Duplicate 22872744
CD012567 Duplicate 25731523
CD012567 Duplicate 3023462
CD012567 Duplicate 12192893
CD012567 Duplicate 25069863
CD012567 Duplicate 22173842
CD012567 Duplicate 2453184
CD012567 Duplicate 3825242
CD012567 Duplicate 26588255
CD012567 Duplicate 22202296
CD012567 Duplicate 25335723
CD012567 Duplicate 3386291
CD012567 Duplicate 23973161
CD012567 Duplicate 17603922
CD012567 Duplicate 16122185
CD012567 Duplicate 19062661
CD012567 Duplicate 24641252
CD012567 Duplicate 21450035
CD012567 Duplicate 22072706
CD012567 Duplicate 19451067
CD012567 Duplicate 11408741
CD012567 Duplicate 25131877
CD012567 Duplicate 15173974
CD012567 Duplicate 15791819
CD012567 Duplicate 21604479
CD012567 Duplicate 1797797
CD012567 Duplicate 26114188
CD012567 Duplicate 1481635
CD012567 Duplicate 12439556
CD012567 Duplicate 23670900
CD012567 Duplicate 25616946
CD012567 Duplicate 16381339
CD012567 Duplicate 17940385
CD012567 Duplicate 7529660
CD012567 Duplicate 10879695
CD012567 Duplicate 16359860
CD012567 Duplicate 26488054
CD012567 Duplicate 17590095
CD012567 Duplicate 15175784
CD012567 Duplicate 23067691
CD012567 Duplicate 10716248
CD012567 Duplicate 17603630
CD012567 Duplicate 7541936
CD012567 Duplicate 10078829
CD012567 Duplicate 12833596
CD012567 Duplicate 20351498
CD012567 Duplicate 9036506
CD012567 Duplicate 7717723
CD012567 Duplicate 24210447
CD012567 Duplicate 16567213
CD012567 Duplicate 25038531
CD012567 Duplicate 11002574
CD012567 Duplicate 9399672
CD012567 Duplicate 17383087
CD012567 Duplicate 16677841
CD012567 Duplicate 9315203
CD012567 Duplicate 19399101
CD012567 Duplicate 12566754
CD012567 Duplicate 12774237
CD012567 Duplicate 10483569
CD012567 Duplicate 25569665
CD012567 Duplicate 20391745
CD012567 Duplicate 17974506
CD012567 Duplicate 16594924
CD012567 Duplicate 26316778
CD012567 Duplicate 19352268
CD012567 Duplicate 17185953
CD012567 Duplicate 8381987
CD012567 Duplicate 22920010
CD012567 Duplicate 17222893
CD012567 Duplicate 25676264
CD012567 Duplicate 10489136
CD012567 Duplicate 18328787
CD012567 Duplicate 12512975
CD012567 Duplicate 23529646
CD012567 Duplicate 15683822
CD012567 Duplicate 26941865
CD012567 Duplicate 17692686
CD012567 Duplicate 8223678
CD012567 Duplicate 16365566
CD012567 Duplicate 26522124
CD012567 Duplicate 23478845
CD012567 Duplicate 3294549
CD012567 Duplicate 19761143
CD012567 Duplicate 25578742
CD012567 Duplicate 22495049
CD012567 Duplicate 1584912
CD012567 Duplicate 19198579
CD012567	num_shown	6735
CD012567	rels_found	11
CD012567	num_rels	11
CD012567	last_rel	474
CD012567	norm_last_rel	0.07
CD012567	threshold	4334
CD012567	norm_threshold	0.644
CD012567	wss_100	0.93
CD012567	wss_95	0.887
CD012567	cg_total	11.0
CD012567	cg_max	11.0
CD012567	cg_threshold	11.0
CD012567	recall_threshold	1.0
CD012567	threshold	4334
CD012567	recall@1.0%	0.0
CD012567	recall@2.0%	0.0
CD012567	recall@3.0%	0.273
CD012567	recall@4.0%	0.636
CD012567	recall@5.0%	0.818
CD012567	recall@6.0%	0.818
CD012567	recall@7.0%	0.909
CD012567	recall@8.0%	1.0
CD012567	recall@9.0%	1.0
CD012567	recall@10.0%	1.0
CD012567	recall@11.0%	1.0
CD012567	recall@12.0%	1.0
CD012567	recall@13.0%	1.0
CD012567	recall@14.0%	1.0
CD012567	recall@15.0%	1.0
CD012567	recall@16.0%	1.0
CD012567	recall@17.0%	1.0
CD012567	recall@18.0%	1.0
CD012567	recall@19.0%	1.0
CD012567	recall@20.0%	1.0
CD012567	recall@21.0%	1.0
CD012567	recall@22.0%	1.0
CD012567	recall@23.0%	1.0
CD012567	recall@24.0%	1.0
CD012567	recall@25.0%	1.0
CD012567	recall@26.0%	1.0
CD012567	recall@27.0%	1.0
CD012567	recall@28.0%	1.0
CD012567	recall@29.0%	1.0
CD012567	recall@30.0%	1.0
CD012567	recall@31.0%	1.0
CD012567	recall@32.0%	1.0
CD012567	recall@33.0%	1.0
CD012567	recall@34.0%	1.0
CD012567	recall@35.0%	1.0
CD012567	recall@36.0%	1.0
CD012567	recall@37.0%	1.0
CD012567	recall@38.0%	1.0
CD012567	recall@39.0%	1.0
CD012567	recall@40.0%	1.0
CD012567	recall@41.0%	1.0
CD012567	recall@42.0%	1.0
CD012567	recall@43.0%	1.0
CD012567	recall@44.0%	1.0
CD012567	recall@45.0%	1.0
CD012567	recall@46.0%	1.0
CD012567	recall@47.0%	1.0
CD012567	recall@48.0%	1.0
CD012567	recall@49.0%	1.0
CD012567	recall@50.0%	1.0
CD012567	recall@51.0%	1.0
CD012567	recall@52.0%	1.0
CD012567	recall@53.0%	1.0
CD012567	recall@54.0%	1.0
CD012567	recall@55.0%	1.0
CD012567	recall@56.0%	1.0
CD012567	recall@57.0%	1.0
CD012567	recall@58.0%	1.0
CD012567	recall@59.0%	1.0
CD012567	recall@60.0%	1.0
CD012567	recall@61.0%	1.0
CD012567	recall@62.0%	1.0
CD012567	recall@63.0%	1.0
CD012567	recall@64.0%	1.0
CD012567	recall@65.0%	1.0
CD012567	recall@66.0%	1.0
CD012567	recall@67.0%	1.0
CD012567	recall@68.0%	1.0
CD012567	recall@69.0%	1.0
CD012567	recall@70.0%	1.0
CD012567	recall@71.0%	1.0
CD012567	recall@72.0%	1.0
CD012567	recall@73.0%	1.0
CD012567	recall@74.0%	1.0
CD012567	recall@75.0%	1.0
CD012567	recall@76.0%	1.0
CD012567	recall@77.0%	1.0
CD012567	recall@78.0%	1.0
CD012567	recall@79.0%	1.0
CD012567	recall@80.0%	1.0
CD012567	recall@81.0%	1.0
CD012567	recall@82.0%	1.0
CD012567	recall@83.0%	1.0
CD012567	recall@84.0%	1.0
CD012567	recall@85.0%	1.0
CD012567	recall@86.0%	1.0
CD012567	recall@87.0%	1.0
CD012567	recall@88.0%	1.0
CD012567	recall@89.0%	1.0
CD012567	recall@90.0%	1.0
CD012567	recall@91.0%	1.0
CD012567	recall@92.0%	1.0
CD012567	recall@93.0%	1.0
CD012567	recall@94.0%	1.0
CD012567	recall@95.0%	1.0
CD012567	recall@96.0%	1.0
CD012567	recall@97.0%	1.0
CD012567	recall@98.0%	1.0
CD012567	recall@99.0%	1.0
CD012567	recall@100.0%	1.0
CD012567	total_cost	4114.0
CD012567	norm_area	0.96
CD012567	ap	0.02
CD012567	r	1.0
CD012567	loss_e	0.336
CD012567	loss_r	0.0
CD012567	loss_er	0.336
Skipping topic: CD012661
CD012669 Duplicate 20149371
CD012669 Duplicate 21871760
CD012669 Duplicate 15722991
CD012669 Duplicate 9932693
CD012669 Duplicate 9563554
CD012669 Duplicate 24357247
CD012669 Duplicate 22211463
CD012669 Duplicate 21461840
CD012669 Duplicate 18339389
CD012669 Duplicate 10398732
CD012669 Duplicate 12795558
CD012669 Duplicate 21483464
CD012669 Duplicate 18822947
CD012669 Duplicate 12511313
CD012669 Duplicate 26435925
CD012669 Duplicate 9719320
CD012669 Duplicate 23499925
CD012669	num_shown	1260
CD012669	rels_found	71
CD012669	num_rels	71
CD012669	last_rel	579
CD012669	norm_last_rel	0.46
CD012669	threshold	814
CD012669	norm_threshold	0.646
CD012669	wss_100	0.54
CD012669	wss_95	0.67
CD012669	cg_total	71.0
CD012669	cg_max	71.0
CD012669	cg_threshold	71.0
CD012669	recall_threshold	1.0
CD012669	threshold	814
CD012669	recall@1.0%	0.014
CD012669	recall@2.0%	0.014
CD012669	recall@3.0%	0.028
CD012669	recall@4.0%	0.028
CD012669	recall@5.0%	0.113
CD012669	recall@6.0%	0.155
CD012669	recall@7.0%	0.197
CD012669	recall@8.0%	0.282
CD012669	recall@9.0%	0.296
CD012669	recall@10.0%	0.366
CD012669	recall@11.0%	0.451
CD012669	recall@12.0%	0.465
CD012669	recall@13.0%	0.507
CD012669	recall@14.0%	0.577
CD012669	recall@15.0%	0.634
CD012669	recall@16.0%	0.648
CD012669	recall@17.0%	0.69
CD012669	recall@18.0%	0.746
CD012669	recall@19.0%	0.761
CD012669	recall@20.0%	0.803
CD012669	recall@21.0%	0.845
CD012669	recall@22.0%	0.845
CD012669	recall@23.0%	0.887
CD012669	recall@24.0%	0.901
CD012669	recall@25.0%	0.915
CD012669	recall@26.0%	0.915
CD012669	recall@27.0%	0.93
CD012669	recall@28.0%	0.944
CD012669	recall@29.0%	0.944
CD012669	recall@30.0%	0.972
CD012669	recall@31.0%	0.972
CD012669	recall@32.0%	0.972
CD012669	recall@33.0%	0.972
CD012669	recall@34.0%	0.972
CD012669	recall@35.0%	0.972
CD012669	recall@36.0%	0.972
CD012669	recall@37.0%	0.972
CD012669	recall@38.0%	0.986
CD012669	recall@39.0%	0.986
CD012669	recall@40.0%	0.986
CD012669	recall@41.0%	0.986
CD012669	recall@42.0%	0.986
CD012669	recall@43.0%	0.986
CD012669	recall@44.0%	0.986
CD012669	recall@45.0%	0.986
CD012669	recall@46.0%	1.0
CD012669	recall@47.0%	1.0
CD012669	recall@48.0%	1.0
CD012669	recall@49.0%	1.0
CD012669	recall@50.0%	1.0
CD012669	recall@51.0%	1.0
CD012669	recall@52.0%	1.0
CD012669	recall@53.0%	1.0
CD012669	recall@54.0%	1.0
CD012669	recall@55.0%	1.0
CD012669	recall@56.0%	1.0
CD012669	recall@57.0%	1.0
CD012669	recall@58.0%	1.0
CD012669	recall@59.0%	1.0
CD012669	recall@60.0%	1.0
CD012669	recall@61.0%	1.0
CD012669	recall@62.0%	1.0
CD012669	recall@63.0%	1.0
CD012669	recall@64.0%	1.0
CD012669	recall@65.0%	1.0
CD012669	recall@66.0%	1.0
CD012669	recall@67.0%	1.0
CD012669	recall@68.0%	1.0
CD012669	recall@69.0%	1.0
CD012669	recall@70.0%	1.0
CD012669	recall@71.0%	1.0
CD012669	recall@72.0%	1.0
CD012669	recall@73.0%	1.0
CD012669	recall@74.0%	1.0
CD012669	recall@75.0%	1.0
CD012669	recall@76.0%	1.0
CD012669	recall@77.0%	1.0
CD012669	recall@78.0%	1.0
CD012669	recall@79.0%	1.0
CD012669	recall@80.0%	1.0
CD012669	recall@81.0%	1.0
CD012669	recall@82.0%	1.0
CD012669	recall@83.0%	1.0
CD012669	recall@84.0%	1.0
CD012669	recall@85.0%	1.0
CD012669	recall@86.0%	1.0
CD012669	recall@87.0%	1.0
CD012669	recall@88.0%	1.0
CD012669	recall@89.0%	1.0
CD012669	recall@90.0%	1.0
CD012669	recall@91.0%	1.0
CD012669	recall@92.0%	1.0
CD012669	recall@93.0%	1.0
CD012669	recall@94.0%	1.0
CD012669	recall@95.0%	1.0
CD012669	recall@96.0%	1.0
CD012669	recall@97.0%	1.0
CD012669	recall@98.0%	1.0
CD012669	recall@99.0%	1.0
CD012669	recall@100.0%	1.0
CD012669	total_cost	-606.0
CD012669	norm_area	0.885
CD012669	ap	0.195
CD012669	r	1.0
CD012669	loss_e	0.143
CD012669	loss_r	0.0
CD012669	loss_er	0.143
CD012768 Duplicate 22381459
CD012768 Duplicate 24693467
CD012768 Duplicate 25361020
CD012768 Duplicate 22815718
CD012768	num_shown	131
CD012768	rels_found	45
CD012768	num_rels	45
CD012768	last_rel	120
CD012768	norm_last_rel	0.916
CD012768	threshold	82
CD012768	norm_threshold	0.626
CD012768	wss_100	0.084
CD012768	wss_95	0.087
CD012768	cg_total	45.0
CD012768	cg_max	45.0
CD012768	cg_threshold	34.0
CD012768	recall_threshold	0.756
CD012768	threshold	82
CD012768	recall@1.0%	0.0
CD012768	recall@2.0%	0.022
CD012768	recall@3.0%	0.022
CD012768	recall@4.0%	0.022
CD012768	recall@5.0%	0.044
CD012768	recall@6.0%	0.044
CD012768	recall@7.0%	0.044
CD012768	recall@8.0%	0.044
CD012768	recall@9.0%	0.067
CD012768	recall@10.0%	0.089
CD012768	recall@11.0%	0.089
CD012768	recall@12.0%	0.111
CD012768	recall@13.0%	0.111
CD012768	recall@14.0%	0.133
CD012768	recall@15.0%	0.156
CD012768	recall@16.0%	0.156
CD012768	recall@17.0%	0.156
CD012768	recall@18.0%	0.2
CD012768	recall@19.0%	0.222
CD012768	recall@20.0%	0.222
CD012768	recall@21.0%	0.244
CD012768	recall@22.0%	0.267
CD012768	recall@23.0%	0.267
CD012768	recall@24.0%	0.289
CD012768	recall@25.0%	0.311
CD012768	recall@26.0%	0.333
CD012768	recall@27.0%	0.356
CD012768	recall@28.0%	0.378
CD012768	recall@29.0%	0.4
CD012768	recall@30.0%	0.4
CD012768	recall@31.0%	0.422
CD012768	recall@32.0%	0.422
CD012768	recall@33.0%	0.422
CD012768	recall@34.0%	0.422
CD012768	recall@35.0%	0.422
CD012768	recall@36.0%	0.422
CD012768	recall@37.0%	0.422
CD012768	recall@38.0%	0.444
CD012768	recall@39.0%	0.467
CD012768	recall@40.0%	0.489
CD012768	recall@41.0%	0.511
CD012768	recall@42.0%	0.533
CD012768	recall@43.0%	0.533
CD012768	recall@44.0%	0.533
CD012768	recall@45.0%	0.556
CD012768	recall@46.0%	0.556
CD012768	recall@47.0%	0.578
CD012768	recall@48.0%	0.578
CD012768	recall@49.0%	0.6
CD012768	recall@50.0%	0.6
CD012768	recall@51.0%	0.622
CD012768	recall@52.0%	0.622
CD012768	recall@53.0%	0.622
CD012768	recall@54.0%	0.622
CD012768	recall@55.0%	0.622
CD012768	recall@56.0%	0.644
CD012768	recall@57.0%	0.667
CD012768	recall@58.0%	0.667
CD012768	recall@59.0%	0.689
CD012768	recall@60.0%	0.689
CD012768	recall@61.0%	0.711
CD012768	recall@62.0%	0.733
CD012768	recall@63.0%	0.778
CD012768	recall@64.0%	0.8
CD012768	recall@65.0%	0.8
CD012768	recall@66.0%	0.8
CD012768	recall@67.0%	0.8
CD012768	recall@68.0%	0.8
CD012768	recall@69.0%	0.822
CD012768	recall@70.0%	0.822
CD012768	recall@71.0%	0.844
CD012768	recall@72.0%	0.844
CD012768	recall@73.0%	0.867
CD012768	recall@74.0%	0.867
CD012768	recall@75.0%	0.867
CD012768	recall@76.0%	0.889
CD012768	recall@77.0%	0.889
CD012768	recall@78.0%	0.889
CD012768	recall@79.0%	0.889
CD012768	recall@80.0%	0.889
CD012768	recall@81.0%	0.911
CD012768	recall@82.0%	0.911
CD012768	recall@83.0%	0.911
CD012768	recall@84.0%	0.911
CD012768	recall@85.0%	0.933
CD012768	recall@86.0%	0.956
CD012768	recall@87.0%	0.956
CD012768	recall@88.0%	0.956
CD012768	recall@89.0%	0.978
CD012768	recall@90.0%	0.978
CD012768	recall@91.0%	0.978
CD012768	recall@92.0%	1.0
CD012768	recall@93.0%	1.0
CD012768	recall@94.0%	1.0
CD012768	recall@95.0%	1.0
CD012768	recall@96.0%	1.0
CD012768	recall@97.0%	1.0
CD012768	recall@98.0%	1.0
CD012768	recall@99.0%	1.0
CD012768	recall@100.0%	1.0
CD012768	total_cost	-158.0
CD012768	norm_area	0.688
CD012768	ap	0.398
CD012768	r	0.756
CD012768	loss_e	0.186
CD012768	loss_r	0.06
CD012768	loss_er	0.246
ALL	num_shown	30521
ALL	rels_found	440
ALL	num_rels	440
ALL	last_rel	1111.0
ALL	norm_last_rel	0.487
ALL	threshold	2453.0
ALL	norm_threshold	0.64
ALL	wss_100	0.513
ALL	wss_95	0.652
ALL	cg_total	55.0
ALL	cg_max	55.0
ALL	cg_threshold	53.0
ALL	recall_threshold	0.963
ALL	threshold	2453.0
ALL	recall@1.0%	0.109
ALL	recall@2.0%	0.239
ALL	recall@3.0%	0.316
ALL	recall@4.0%	0.384
ALL	recall@5.0%	0.445
ALL	recall@6.0%	0.495
ALL	recall@7.0%	0.539
ALL	recall@8.0%	0.58
ALL	recall@9.0%	0.593
ALL	recall@10.0%	0.63
ALL	recall@11.0%	0.666
ALL	recall@12.0%	0.684
ALL	recall@13.0%	0.705
ALL	recall@14.0%	0.727
ALL	recall@15.0%	0.748
ALL	recall@16.0%	0.755
ALL	recall@17.0%	0.77
ALL	recall@18.0%	0.795
ALL	recall@19.0%	0.802
ALL	recall@20.0%	0.814
ALL	recall@21.0%	0.83
ALL	recall@22.0%	0.843
ALL	recall@23.0%	0.857
ALL	recall@24.0%	0.861
ALL	recall@25.0%	0.868
ALL	recall@26.0%	0.875
ALL	recall@27.0%	0.882
ALL	recall@28.0%	0.886
ALL	recall@29.0%	0.889
ALL	recall@30.0%	0.895
ALL	recall@31.0%	0.9
ALL	recall@32.0%	0.9
ALL	recall@33.0%	0.902
ALL	recall@34.0%	0.902
ALL	recall@35.0%	0.905
ALL	recall@36.0%	0.907
ALL	recall@37.0%	0.909
ALL	recall@38.0%	0.916
ALL	recall@39.0%	0.918
ALL	recall@40.0%	0.92
ALL	recall@41.0%	0.925
ALL	recall@42.0%	0.93
ALL	recall@43.0%	0.932
ALL	recall@44.0%	0.934
ALL	recall@45.0%	0.936
ALL	recall@46.0%	0.939
ALL	recall@47.0%	0.941
ALL	recall@48.0%	0.941
ALL	recall@49.0%	0.943
ALL	recall@50.0%	0.943
ALL	recall@51.0%	0.95
ALL	recall@52.0%	0.95
ALL	recall@53.0%	0.95
ALL	recall@54.0%	0.95
ALL	recall@55.0%	0.95
ALL	recall@56.0%	0.952
ALL	recall@57.0%	0.955
ALL	recall@58.0%	0.955
ALL	recall@59.0%	0.959
ALL	recall@60.0%	0.959
ALL	recall@61.0%	0.961
ALL	recall@62.0%	0.964
ALL	recall@63.0%	0.97
ALL	recall@64.0%	0.973
ALL	recall@65.0%	0.973
ALL	recall@66.0%	0.973
ALL	recall@67.0%	0.973
ALL	recall@68.0%	0.973
ALL	recall@69.0%	0.975
ALL	recall@70.0%	0.975
ALL	recall@71.0%	0.977
ALL	recall@72.0%	0.98
ALL	recall@73.0%	0.982
ALL	recall@74.0%	0.982
ALL	recall@75.0%	0.982
ALL	recall@76.0%	0.984
ALL	recall@77.0%	0.984
ALL	recall@78.0%	0.984
ALL	recall@79.0%	0.984
ALL	recall@80.0%	0.984
ALL	recall@81.0%	0.986
ALL	recall@82.0%	0.986
ALL	recall@83.0%	0.986
ALL	recall@84.0%	0.989
ALL	recall@85.0%	0.991
ALL	recall@86.0%	0.993
ALL	recall@87.0%	0.993
ALL	recall@88.0%	0.993
ALL	recall@89.0%	0.995
ALL	recall@90.0%	0.998
ALL	recall@91.0%	0.998
ALL	recall@92.0%	1.0
ALL	recall@93.0%	1.0
ALL	recall@94.0%	1.0
ALL	recall@95.0%	1.0
ALL	recall@96.0%	1.0
ALL	recall@97.0%	1.0
ALL	recall@98.0%	1.0
ALL	recall@99.0%	1.0
ALL	recall@100.0%	1.0
ALL	total_cost	1458.0
ALL	norm_area	0.897
ALL	ap	0.229
ALL	r	0.963
ALL	loss_e	0.196
ALL	loss_r	0.008
ALL	loss_er	0.204
