Skipping topic: CD000996
Skipping topic: CD001261
Skipping topic: CD004414
Skipping topic: CD006468
Skipping topic: CD007867
Skipping topic: CD008874
Skipping topic: CD009044
Skipping topic: CD009069
Skipping topic: CD009642
Skipping topic: CD010038
Skipping topic: CD010239
Skipping topic: CD010558
Skipping topic: CD010753
Skipping topic: CD011140
Skipping topic: CD011558
Skipping topic: CD011571
Skipping topic: CD011686
Skipping topic: CD011768
Skipping topic: CD011787
Skipping topic: CD011977
Skipping topic: CD012069
Skipping topic: CD012080
Skipping topic: CD012164
Skipping topic: CD012233
Skipping topic: CD012342
Skipping topic: CD012455
Skipping topic: CD012551
Skipping topic: CD012567
CD012661	num_shown	3367
CD012661	rels_found	94
CD012661	num_rels	94
CD012661	last_rel	1836
CD012661	norm_last_rel	0.545
CD012661	threshold	398
CD012661	norm_threshold	0.118
CD012661	wss_100	0.455
CD012661	wss_95	0.708
CD012661	cg_total	94.0
CD012661	cg_max	94.0
CD012661	cg_threshold	69.0
CD012661	recall_threshold	0.734
CD012661	threshold	398
CD012661	recall@1.0%	0.0
CD012661	recall@2.0%	0.021
CD012661	recall@3.0%	0.117
CD012661	recall@4.0%	0.202
CD012661	recall@5.0%	0.277
CD012661	recall@6.0%	0.394
CD012661	recall@7.0%	0.457
CD012661	recall@8.0%	0.564
CD012661	recall@9.0%	0.606
CD012661	recall@10.0%	0.66
CD012661	recall@11.0%	0.702
CD012661	recall@12.0%	0.734
CD012661	recall@13.0%	0.745
CD012661	recall@14.0%	0.755
CD012661	recall@15.0%	0.787
CD012661	recall@16.0%	0.809
CD012661	recall@17.0%	0.83
CD012661	recall@18.0%	0.83
CD012661	recall@19.0%	0.83
CD012661	recall@20.0%	0.894
CD012661	recall@21.0%	0.894
CD012661	recall@22.0%	0.915
CD012661	recall@23.0%	0.926
CD012661	recall@24.0%	0.936
CD012661	recall@25.0%	0.957
CD012661	recall@26.0%	0.968
CD012661	recall@27.0%	0.968
CD012661	recall@28.0%	0.968
CD012661	recall@29.0%	0.968
CD012661	recall@30.0%	0.968
CD012661	recall@31.0%	0.968
CD012661	recall@32.0%	0.968
CD012661	recall@33.0%	0.968
CD012661	recall@34.0%	0.968
CD012661	recall@35.0%	0.968
CD012661	recall@36.0%	0.968
CD012661	recall@37.0%	0.968
CD012661	recall@38.0%	0.968
CD012661	recall@39.0%	0.968
CD012661	recall@40.0%	0.968
CD012661	recall@41.0%	0.968
CD012661	recall@42.0%	0.968
CD012661	recall@43.0%	0.968
CD012661	recall@44.0%	0.979
CD012661	recall@45.0%	0.979
CD012661	recall@46.0%	0.979
CD012661	recall@47.0%	0.979
CD012661	recall@48.0%	0.979
CD012661	recall@49.0%	0.979
CD012661	recall@50.0%	0.989
CD012661	recall@51.0%	0.989
CD012661	recall@52.0%	0.989
CD012661	recall@53.0%	0.989
CD012661	recall@54.0%	0.989
CD012661	recall@55.0%	1.0
CD012661	recall@56.0%	1.0
CD012661	recall@57.0%	1.0
CD012661	recall@58.0%	1.0
CD012661	recall@59.0%	1.0
CD012661	recall@60.0%	1.0
CD012661	recall@61.0%	1.0
CD012661	recall@62.0%	1.0
CD012661	recall@63.0%	1.0
CD012661	recall@64.0%	1.0
CD012661	recall@65.0%	1.0
CD012661	recall@66.0%	1.0
CD012661	recall@67.0%	1.0
CD012661	recall@68.0%	1.0
CD012661	recall@69.0%	1.0
CD012661	recall@70.0%	1.0
CD012661	recall@71.0%	1.0
CD012661	recall@72.0%	1.0
CD012661	recall@73.0%	1.0
CD012661	recall@74.0%	1.0
CD012661	recall@75.0%	1.0
CD012661	recall@76.0%	1.0
CD012661	recall@77.0%	1.0
CD012661	recall@78.0%	1.0
CD012661	recall@79.0%	1.0
CD012661	recall@80.0%	1.0
CD012661	recall@81.0%	1.0
CD012661	recall@82.0%	1.0
CD012661	recall@83.0%	1.0
CD012661	recall@84.0%	1.0
CD012661	recall@85.0%	1.0
CD012661	recall@86.0%	1.0
CD012661	recall@87.0%	1.0
CD012661	recall@88.0%	1.0
CD012661	recall@89.0%	1.0
CD012661	recall@90.0%	1.0
CD012661	recall@91.0%	1.0
CD012661	recall@92.0%	1.0
CD012661	recall@93.0%	1.0
CD012661	recall@94.0%	1.0
CD012661	recall@95.0%	1.0
CD012661	recall@96.0%	1.0
CD012661	recall@97.0%	1.0
CD012661	recall@98.0%	1.0
CD012661	recall@99.0%	1.0
CD012661	recall@100.0%	1.0
CD012661	total_cost	18.0
CD012661	norm_area	0.908
CD012661	ap	0.146
CD012661	r	0.734
CD012661	loss_e	0.004
CD012661	loss_r	0.071
CD012661	loss_er	0.074
Skipping topic: CD012669
Skipping topic: CD012768
ALL	num_shown	3367
ALL	rels_found	94
ALL	num_rels	94
ALL	last_rel	1836.0
ALL	norm_last_rel	0.545
ALL	threshold	398.0
ALL	norm_threshold	0.118
ALL	wss_100	0.455
ALL	wss_95	0.708
ALL	cg_total	94.0
ALL	cg_max	94.0
ALL	cg_threshold	69.0
ALL	recall_threshold	0.734
ALL	threshold	398.0
ALL	recall@1.0%	0.0
ALL	recall@2.0%	0.021
ALL	recall@3.0%	0.117
ALL	recall@4.0%	0.202
ALL	recall@5.0%	0.277
ALL	recall@6.0%	0.394
ALL	recall@7.0%	0.457
ALL	recall@8.0%	0.564
ALL	recall@9.0%	0.606
ALL	recall@10.0%	0.66
ALL	recall@11.0%	0.702
ALL	recall@12.0%	0.734
ALL	recall@13.0%	0.745
ALL	recall@14.0%	0.755
ALL	recall@15.0%	0.787
ALL	recall@16.0%	0.809
ALL	recall@17.0%	0.83
ALL	recall@18.0%	0.83
ALL	recall@19.0%	0.83
ALL	recall@20.0%	0.894
ALL	recall@21.0%	0.894
ALL	recall@22.0%	0.915
ALL	recall@23.0%	0.926
ALL	recall@24.0%	0.936
ALL	recall@25.0%	0.957
ALL	recall@26.0%	0.968
ALL	recall@27.0%	0.968
ALL	recall@28.0%	0.968
ALL	recall@29.0%	0.968
ALL	recall@30.0%	0.968
ALL	recall@31.0%	0.968
ALL	recall@32.0%	0.968
ALL	recall@33.0%	0.968
ALL	recall@34.0%	0.968
ALL	recall@35.0%	0.968
ALL	recall@36.0%	0.968
ALL	recall@37.0%	0.968
ALL	recall@38.0%	0.968
ALL	recall@39.0%	0.968
ALL	recall@40.0%	0.968
ALL	recall@41.0%	0.968
ALL	recall@42.0%	0.968
ALL	recall@43.0%	0.968
ALL	recall@44.0%	0.979
ALL	recall@45.0%	0.979
ALL	recall@46.0%	0.979
ALL	recall@47.0%	0.979
ALL	recall@48.0%	0.979
ALL	recall@49.0%	0.979
ALL	recall@50.0%	0.989
ALL	recall@51.0%	0.989
ALL	recall@52.0%	0.989
ALL	recall@53.0%	0.989
ALL	recall@54.0%	0.989
ALL	recall@55.0%	1.0
ALL	recall@56.0%	1.0
ALL	recall@57.0%	1.0
ALL	recall@58.0%	1.0
ALL	recall@59.0%	1.0
ALL	recall@60.0%	1.0
ALL	recall@61.0%	1.0
ALL	recall@62.0%	1.0
ALL	recall@63.0%	1.0
ALL	recall@64.0%	1.0
ALL	recall@65.0%	1.0
ALL	recall@66.0%	1.0
ALL	recall@67.0%	1.0
ALL	recall@68.0%	1.0
ALL	recall@69.0%	1.0
ALL	recall@70.0%	1.0
ALL	recall@71.0%	1.0
ALL	recall@72.0%	1.0
ALL	recall@73.0%	1.0
ALL	recall@74.0%	1.0
ALL	recall@75.0%	1.0
ALL	recall@76.0%	1.0
ALL	recall@77.0%	1.0
ALL	recall@78.0%	1.0
ALL	recall@79.0%	1.0
ALL	recall@80.0%	1.0
ALL	recall@81.0%	1.0
ALL	recall@82.0%	1.0
ALL	recall@83.0%	1.0
ALL	recall@84.0%	1.0
ALL	recall@85.0%	1.0
ALL	recall@86.0%	1.0
ALL	recall@87.0%	1.0
ALL	recall@88.0%	1.0
ALL	recall@89.0%	1.0
ALL	recall@90.0%	1.0
ALL	recall@91.0%	1.0
ALL	recall@92.0%	1.0
ALL	recall@93.0%	1.0
ALL	recall@94.0%	1.0
ALL	recall@95.0%	1.0
ALL	recall@96.0%	1.0
ALL	recall@97.0%	1.0
ALL	recall@98.0%	1.0
ALL	recall@99.0%	1.0
ALL	recall@100.0%	1.0
ALL	total_cost	18.0
ALL	norm_area	0.908
ALL	ap	0.146
ALL	r	0.734
ALL	loss_e	0.004
ALL	loss_r	0.071
ALL	loss_er	0.074
