CD000996	num_shown	281
CD000996	rels_found	9
CD000996	num_rels	9
CD000996	last_rel	46
CD000996	norm_last_rel	0.164
CD000996	threshold	281
CD000996	norm_threshold	1.0
CD000996	wss_100	0.836
CD000996	wss_95	0.786
CD000996	cg_total	9.0
CD000996	cg_max	9.0
CD000996	cg_threshold	9.0
CD000996	recall_threshold	1.0
CD000996	threshold	281
CD000996	recall@1.0%	0.0
CD000996	recall@2.0%	0.0
CD000996	recall@3.0%	0.0
CD000996	recall@4.0%	0.0
CD000996	recall@5.0%	0.0
CD000996	recall@6.0%	0.111
CD000996	recall@7.0%	0.222
CD000996	recall@8.0%	0.222
CD000996	recall@9.0%	0.222
CD000996	recall@10.0%	0.444
CD000996	recall@11.0%	0.556
CD000996	recall@12.0%	0.889
CD000996	recall@13.0%	0.889
CD000996	recall@14.0%	0.889
CD000996	recall@15.0%	0.889
CD000996	recall@16.0%	0.889
CD000996	recall@17.0%	1.0
CD000996	recall@18.0%	1.0
CD000996	recall@19.0%	1.0
CD000996	recall@20.0%	1.0
CD000996	recall@21.0%	1.0
CD000996	recall@22.0%	1.0
CD000996	recall@23.0%	1.0
CD000996	recall@24.0%	1.0
CD000996	recall@25.0%	1.0
CD000996	recall@26.0%	1.0
CD000996	recall@27.0%	1.0
CD000996	recall@28.0%	1.0
CD000996	recall@29.0%	1.0
CD000996	recall@30.0%	1.0
CD000996	recall@31.0%	1.0
CD000996	recall@32.0%	1.0
CD000996	recall@33.0%	1.0
CD000996	recall@34.0%	1.0
CD000996	recall@35.0%	1.0
CD000996	recall@36.0%	1.0
CD000996	recall@37.0%	1.0
CD000996	recall@38.0%	1.0
CD000996	recall@39.0%	1.0
CD000996	recall@40.0%	1.0
CD000996	recall@41.0%	1.0
CD000996	recall@42.0%	1.0
CD000996	recall@43.0%	1.0
CD000996	recall@44.0%	1.0
CD000996	recall@45.0%	1.0
CD000996	recall@46.0%	1.0
CD000996	recall@47.0%	1.0
CD000996	recall@48.0%	1.0
CD000996	recall@49.0%	1.0
CD000996	recall@50.0%	1.0
CD000996	recall@51.0%	1.0
CD000996	recall@52.0%	1.0
CD000996	recall@53.0%	1.0
CD000996	recall@54.0%	1.0
CD000996	recall@55.0%	1.0
CD000996	recall@56.0%	1.0
CD000996	recall@57.0%	1.0
CD000996	recall@58.0%	1.0
CD000996	recall@59.0%	1.0
CD000996	recall@60.0%	1.0
CD000996	recall@61.0%	1.0
CD000996	recall@62.0%	1.0
CD000996	recall@63.0%	1.0
CD000996	recall@64.0%	1.0
CD000996	recall@65.0%	1.0
CD000996	recall@66.0%	1.0
CD000996	recall@67.0%	1.0
CD000996	recall@68.0%	1.0
CD000996	recall@69.0%	1.0
CD000996	recall@70.0%	1.0
CD000996	recall@71.0%	1.0
CD000996	recall@72.0%	1.0
CD000996	recall@73.0%	1.0
CD000996	recall@74.0%	1.0
CD000996	recall@75.0%	1.0
CD000996	recall@76.0%	1.0
CD000996	recall@77.0%	1.0
CD000996	recall@78.0%	1.0
CD000996	recall@79.0%	1.0
CD000996	recall@80.0%	1.0
CD000996	recall@81.0%	1.0
CD000996	recall@82.0%	1.0
CD000996	recall@83.0%	1.0
CD000996	recall@84.0%	1.0
CD000996	recall@85.0%	1.0
CD000996	recall@86.0%	1.0
CD000996	recall@87.0%	1.0
CD000996	recall@88.0%	1.0
CD000996	recall@89.0%	1.0
CD000996	recall@90.0%	1.0
CD000996	recall@91.0%	1.0
CD000996	recall@92.0%	1.0
CD000996	recall@93.0%	1.0
CD000996	recall@94.0%	1.0
CD000996	recall@95.0%	1.0
CD000996	recall@96.0%	1.0
CD000996	recall@97.0%	1.0
CD000996	recall@98.0%	1.0
CD000996	recall@99.0%	1.0
CD000996	recall@100.0%	1.0
CD000996	total_cost	101.0
CD000996	norm_area	0.913
CD000996	ap	0.159
CD000996	r	1.0
CD000996	loss_e	0.842
CD000996	loss_r	0.0
CD000996	loss_er	0.842
CD001261	num_shown	571
CD001261	rels_found	72
CD001261	num_rels	72
CD001261	last_rel	371
CD001261	norm_last_rel	0.65
CD001261	threshold	394
CD001261	norm_threshold	0.69
CD001261	wss_100	0.35
CD001261	wss_95	0.598
CD001261	cg_total	72.0
CD001261	cg_max	72.0
CD001261	cg_threshold	72.0
CD001261	recall_threshold	1.0
CD001261	threshold	394
CD001261	recall@1.0%	0.0
CD001261	recall@2.0%	0.014
CD001261	recall@3.0%	0.042
CD001261	recall@4.0%	0.083
CD001261	recall@5.0%	0.125
CD001261	recall@6.0%	0.153
CD001261	recall@7.0%	0.208
CD001261	recall@8.0%	0.278
CD001261	recall@9.0%	0.319
CD001261	recall@10.0%	0.347
CD001261	recall@11.0%	0.347
CD001261	recall@12.0%	0.389
CD001261	recall@13.0%	0.417
CD001261	recall@14.0%	0.444
CD001261	recall@15.0%	0.514
CD001261	recall@16.0%	0.569
CD001261	recall@17.0%	0.583
CD001261	recall@18.0%	0.639
CD001261	recall@19.0%	0.681
CD001261	recall@20.0%	0.722
CD001261	recall@21.0%	0.75
CD001261	recall@22.0%	0.778
CD001261	recall@23.0%	0.792
CD001261	recall@24.0%	0.806
CD001261	recall@25.0%	0.819
CD001261	recall@26.0%	0.847
CD001261	recall@27.0%	0.861
CD001261	recall@28.0%	0.861
CD001261	recall@29.0%	0.861
CD001261	recall@30.0%	0.875
CD001261	recall@31.0%	0.889
CD001261	recall@32.0%	0.903
CD001261	recall@33.0%	0.903
CD001261	recall@34.0%	0.917
CD001261	recall@35.0%	0.931
CD001261	recall@36.0%	0.944
CD001261	recall@37.0%	0.944
CD001261	recall@38.0%	0.958
CD001261	recall@39.0%	0.958
CD001261	recall@40.0%	0.958
CD001261	recall@41.0%	0.958
CD001261	recall@42.0%	0.958
CD001261	recall@43.0%	0.972
CD001261	recall@44.0%	0.972
CD001261	recall@45.0%	0.972
CD001261	recall@46.0%	0.972
CD001261	recall@47.0%	0.972
CD001261	recall@48.0%	0.972
CD001261	recall@49.0%	0.972
CD001261	recall@50.0%	0.972
CD001261	recall@51.0%	0.972
CD001261	recall@52.0%	0.986
CD001261	recall@53.0%	0.986
CD001261	recall@54.0%	0.986
CD001261	recall@55.0%	0.986
CD001261	recall@56.0%	0.986
CD001261	recall@57.0%	0.986
CD001261	recall@58.0%	0.986
CD001261	recall@59.0%	0.986
CD001261	recall@60.0%	0.986
CD001261	recall@61.0%	0.986
CD001261	recall@62.0%	0.986
CD001261	recall@63.0%	0.986
CD001261	recall@64.0%	0.986
CD001261	recall@65.0%	1.0
CD001261	recall@66.0%	1.0
CD001261	recall@67.0%	1.0
CD001261	recall@68.0%	1.0
CD001261	recall@69.0%	1.0
CD001261	recall@70.0%	1.0
CD001261	recall@71.0%	1.0
CD001261	recall@72.0%	1.0
CD001261	recall@73.0%	1.0
CD001261	recall@74.0%	1.0
CD001261	recall@75.0%	1.0
CD001261	recall@76.0%	1.0
CD001261	recall@77.0%	1.0
CD001261	recall@78.0%	1.0
CD001261	recall@79.0%	1.0
CD001261	recall@80.0%	1.0
CD001261	recall@81.0%	1.0
CD001261	recall@82.0%	1.0
CD001261	recall@83.0%	1.0
CD001261	recall@84.0%	1.0
CD001261	recall@85.0%	1.0
CD001261	recall@86.0%	1.0
CD001261	recall@87.0%	1.0
CD001261	recall@88.0%	1.0
CD001261	recall@89.0%	1.0
CD001261	recall@90.0%	1.0
CD001261	recall@91.0%	1.0
CD001261	recall@92.0%	1.0
CD001261	recall@93.0%	1.0
CD001261	recall@94.0%	1.0
CD001261	recall@95.0%	1.0
CD001261	recall@96.0%	1.0
CD001261	recall@97.0%	1.0
CD001261	recall@98.0%	1.0
CD001261	recall@99.0%	1.0
CD001261	recall@100.0%	1.0
CD001261	total_cost	-1046.0
CD001261	norm_area	0.891
CD001261	ap	0.385
CD001261	r	1.0
CD001261	loss_e	0.161
CD001261	loss_r	0.0
CD001261	loss_er	0.161
CD004414	num_shown	336
CD004414	rels_found	16
CD004414	num_rels	16
CD004414	last_rel	151
CD004414	norm_last_rel	0.449
CD004414	threshold	336
CD004414	norm_threshold	1.0
CD004414	wss_100	0.551
CD004414	wss_95	0.661
CD004414	cg_total	16.0
CD004414	cg_max	16.0
CD004414	cg_threshold	16.0
CD004414	recall_threshold	1.0
CD004414	threshold	336
CD004414	recall@1.0%	0.125
CD004414	recall@2.0%	0.125
CD004414	recall@3.0%	0.125
CD004414	recall@4.0%	0.125
CD004414	recall@5.0%	0.188
CD004414	recall@6.0%	0.312
CD004414	recall@7.0%	0.5
CD004414	recall@8.0%	0.562
CD004414	recall@9.0%	0.625
CD004414	recall@10.0%	0.688
CD004414	recall@11.0%	0.688
CD004414	recall@12.0%	0.688
CD004414	recall@13.0%	0.688
CD004414	recall@14.0%	0.688
CD004414	recall@15.0%	0.688
CD004414	recall@16.0%	0.75
CD004414	recall@17.0%	0.75
CD004414	recall@18.0%	0.75
CD004414	recall@19.0%	0.812
CD004414	recall@20.0%	0.875
CD004414	recall@21.0%	0.875
CD004414	recall@22.0%	0.875
CD004414	recall@23.0%	0.875
CD004414	recall@24.0%	0.875
CD004414	recall@25.0%	0.875
CD004414	recall@26.0%	0.875
CD004414	recall@27.0%	0.875
CD004414	recall@28.0%	0.875
CD004414	recall@29.0%	0.938
CD004414	recall@30.0%	0.938
CD004414	recall@31.0%	0.938
CD004414	recall@32.0%	0.938
CD004414	recall@33.0%	0.938
CD004414	recall@34.0%	0.938
CD004414	recall@35.0%	0.938
CD004414	recall@36.0%	0.938
CD004414	recall@37.0%	0.938
CD004414	recall@38.0%	0.938
CD004414	recall@39.0%	0.938
CD004414	recall@40.0%	0.938
CD004414	recall@41.0%	0.938
CD004414	recall@42.0%	0.938
CD004414	recall@43.0%	0.938
CD004414	recall@44.0%	0.938
CD004414	recall@45.0%	1.0
CD004414	recall@46.0%	1.0
CD004414	recall@47.0%	1.0
CD004414	recall@48.0%	1.0
CD004414	recall@49.0%	1.0
CD004414	recall@50.0%	1.0
CD004414	recall@51.0%	1.0
CD004414	recall@52.0%	1.0
CD004414	recall@53.0%	1.0
CD004414	recall@54.0%	1.0
CD004414	recall@55.0%	1.0
CD004414	recall@56.0%	1.0
CD004414	recall@57.0%	1.0
CD004414	recall@58.0%	1.0
CD004414	recall@59.0%	1.0
CD004414	recall@60.0%	1.0
CD004414	recall@61.0%	1.0
CD004414	recall@62.0%	1.0
CD004414	recall@63.0%	1.0
CD004414	recall@64.0%	1.0
CD004414	recall@65.0%	1.0
CD004414	recall@66.0%	1.0
CD004414	recall@67.0%	1.0
CD004414	recall@68.0%	1.0
CD004414	recall@69.0%	1.0
CD004414	recall@70.0%	1.0
CD004414	recall@71.0%	1.0
CD004414	recall@72.0%	1.0
CD004414	recall@73.0%	1.0
CD004414	recall@74.0%	1.0
CD004414	recall@75.0%	1.0
CD004414	recall@76.0%	1.0
CD004414	recall@77.0%	1.0
CD004414	recall@78.0%	1.0
CD004414	recall@79.0%	1.0
CD004414	recall@80.0%	1.0
CD004414	recall@81.0%	1.0
CD004414	recall@82.0%	1.0
CD004414	recall@83.0%	1.0
CD004414	recall@84.0%	1.0
CD004414	recall@85.0%	1.0
CD004414	recall@86.0%	1.0
CD004414	recall@87.0%	1.0
CD004414	recall@88.0%	1.0
CD004414	recall@89.0%	1.0
CD004414	recall@90.0%	1.0
CD004414	recall@91.0%	1.0
CD004414	recall@92.0%	1.0
CD004414	recall@93.0%	1.0
CD004414	recall@94.0%	1.0
CD004414	recall@95.0%	1.0
CD004414	recall@96.0%	1.0
CD004414	recall@97.0%	1.0
CD004414	recall@98.0%	1.0
CD004414	recall@99.0%	1.0
CD004414	recall@100.0%	1.0
CD004414	total_cost	16.0
CD004414	norm_area	0.904
CD004414	ap	0.297
CD004414	r	1.0
CD004414	loss_e	0.743
CD004414	loss_r	0.0
CD004414	loss_er	0.743
CD006468	num_shown	3874
CD006468	rels_found	52
CD006468	num_rels	52
CD006468	last_rel	2309
CD006468	norm_last_rel	0.596
CD006468	threshold	398
CD006468	norm_threshold	0.103
CD006468	wss_100	0.404
CD006468	wss_95	0.784
CD006468	cg_total	52.0
CD006468	cg_max	52.0
CD006468	cg_threshold	45.0
CD006468	recall_threshold	0.865
CD006468	threshold	398
CD006468	recall@1.0%	0.096
CD006468	recall@2.0%	0.327
CD006468	recall@3.0%	0.404
CD006468	recall@4.0%	0.519
CD006468	recall@5.0%	0.654
CD006468	recall@6.0%	0.654
CD006468	recall@7.0%	0.75
CD006468	recall@8.0%	0.788
CD006468	recall@9.0%	0.788
CD006468	recall@10.0%	0.865
CD006468	recall@11.0%	0.865
CD006468	recall@12.0%	0.865
CD006468	recall@13.0%	0.885
CD006468	recall@14.0%	0.885
CD006468	recall@15.0%	0.904
CD006468	recall@16.0%	0.923
CD006468	recall@17.0%	0.942
CD006468	recall@18.0%	0.942
CD006468	recall@19.0%	0.942
CD006468	recall@20.0%	0.942
CD006468	recall@21.0%	0.942
CD006468	recall@22.0%	0.962
CD006468	recall@23.0%	0.962
CD006468	recall@24.0%	0.962
CD006468	recall@25.0%	0.962
CD006468	recall@26.0%	0.962
CD006468	recall@27.0%	0.962
CD006468	recall@28.0%	0.962
CD006468	recall@29.0%	0.962
CD006468	recall@30.0%	0.962
CD006468	recall@31.0%	0.962
CD006468	recall@32.0%	0.962
CD006468	recall@33.0%	0.962
CD006468	recall@34.0%	0.981
CD006468	recall@35.0%	0.981
CD006468	recall@36.0%	0.981
CD006468	recall@37.0%	0.981
CD006468	recall@38.0%	0.981
CD006468	recall@39.0%	0.981
CD006468	recall@40.0%	0.981
CD006468	recall@41.0%	0.981
CD006468	recall@42.0%	0.981
CD006468	recall@43.0%	0.981
CD006468	recall@44.0%	0.981
CD006468	recall@45.0%	0.981
CD006468	recall@46.0%	0.981
CD006468	recall@47.0%	0.981
CD006468	recall@48.0%	0.981
CD006468	recall@49.0%	0.981
CD006468	recall@50.0%	0.981
CD006468	recall@51.0%	0.981
CD006468	recall@52.0%	0.981
CD006468	recall@53.0%	0.981
CD006468	recall@54.0%	0.981
CD006468	recall@55.0%	0.981
CD006468	recall@56.0%	0.981
CD006468	recall@57.0%	0.981
CD006468	recall@58.0%	0.981
CD006468	recall@59.0%	0.981
CD006468	recall@60.0%	1.0
CD006468	recall@61.0%	1.0
CD006468	recall@62.0%	1.0
CD006468	recall@63.0%	1.0
CD006468	recall@64.0%	1.0
CD006468	recall@65.0%	1.0
CD006468	recall@66.0%	1.0
CD006468	recall@67.0%	1.0
CD006468	recall@68.0%	1.0
CD006468	recall@69.0%	1.0
CD006468	recall@70.0%	1.0
CD006468	recall@71.0%	1.0
CD006468	recall@72.0%	1.0
CD006468	recall@73.0%	1.0
CD006468	recall@74.0%	1.0
CD006468	recall@75.0%	1.0
CD006468	recall@76.0%	1.0
CD006468	recall@77.0%	1.0
CD006468	recall@78.0%	1.0
CD006468	recall@79.0%	1.0
CD006468	recall@80.0%	1.0
CD006468	recall@81.0%	1.0
CD006468	recall@82.0%	1.0
CD006468	recall@83.0%	1.0
CD006468	recall@84.0%	1.0
CD006468	recall@85.0%	1.0
CD006468	recall@86.0%	1.0
CD006468	recall@87.0%	1.0
CD006468	recall@88.0%	1.0
CD006468	recall@89.0%	1.0
CD006468	recall@90.0%	1.0
CD006468	recall@91.0%	1.0
CD006468	recall@92.0%	1.0
CD006468	recall@93.0%	1.0
CD006468	recall@94.0%	1.0
CD006468	recall@95.0%	1.0
CD006468	recall@96.0%	1.0
CD006468	recall@97.0%	1.0
CD006468	recall@98.0%	1.0
CD006468	recall@99.0%	1.0
CD006468	recall@100.0%	1.0
CD006468	total_cost	-222.0
CD006468	norm_area	0.94
CD006468	ap	0.157
CD006468	r	0.865
CD006468	loss_e	0.005
CD006468	loss_r	0.018
CD006468	loss_er	0.023
CD007867	num_shown	943
CD007867	rels_found	17
CD007867	num_rels	17
CD007867	last_rel	629
CD007867	norm_last_rel	0.667
CD007867	threshold	398
CD007867	norm_threshold	0.422
CD007867	wss_100	0.333
CD007867	wss_95	0.761
CD007867	cg_total	17.0
CD007867	cg_max	17.0
CD007867	cg_threshold	16.0
CD007867	recall_threshold	0.941
CD007867	threshold	398
CD007867	recall@1.0%	0.059
CD007867	recall@2.0%	0.176
CD007867	recall@3.0%	0.235
CD007867	recall@4.0%	0.294
CD007867	recall@5.0%	0.353
CD007867	recall@6.0%	0.353
CD007867	recall@7.0%	0.471
CD007867	recall@8.0%	0.471
CD007867	recall@9.0%	0.471
CD007867	recall@10.0%	0.529
CD007867	recall@11.0%	0.529
CD007867	recall@12.0%	0.529
CD007867	recall@13.0%	0.588
CD007867	recall@14.0%	0.647
CD007867	recall@15.0%	0.706
CD007867	recall@16.0%	0.706
CD007867	recall@17.0%	0.824
CD007867	recall@18.0%	0.882
CD007867	recall@19.0%	0.941
CD007867	recall@20.0%	0.941
CD007867	recall@21.0%	0.941
CD007867	recall@22.0%	0.941
CD007867	recall@23.0%	0.941
CD007867	recall@24.0%	0.941
CD007867	recall@25.0%	0.941
CD007867	recall@26.0%	0.941
CD007867	recall@27.0%	0.941
CD007867	recall@28.0%	0.941
CD007867	recall@29.0%	0.941
CD007867	recall@30.0%	0.941
CD007867	recall@31.0%	0.941
CD007867	recall@32.0%	0.941
CD007867	recall@33.0%	0.941
CD007867	recall@34.0%	0.941
CD007867	recall@35.0%	0.941
CD007867	recall@36.0%	0.941
CD007867	recall@37.0%	0.941
CD007867	recall@38.0%	0.941
CD007867	recall@39.0%	0.941
CD007867	recall@40.0%	0.941
CD007867	recall@41.0%	0.941
CD007867	recall@42.0%	0.941
CD007867	recall@43.0%	0.941
CD007867	recall@44.0%	0.941
CD007867	recall@45.0%	0.941
CD007867	recall@46.0%	0.941
CD007867	recall@47.0%	0.941
CD007867	recall@48.0%	0.941
CD007867	recall@49.0%	0.941
CD007867	recall@50.0%	0.941
CD007867	recall@51.0%	0.941
CD007867	recall@52.0%	0.941
CD007867	recall@53.0%	0.941
CD007867	recall@54.0%	0.941
CD007867	recall@55.0%	0.941
CD007867	recall@56.0%	0.941
CD007867	recall@57.0%	0.941
CD007867	recall@58.0%	0.941
CD007867	recall@59.0%	0.941
CD007867	recall@60.0%	0.941
CD007867	recall@61.0%	0.941
CD007867	recall@62.0%	0.941
CD007867	recall@63.0%	0.941
CD007867	recall@64.0%	0.941
CD007867	recall@65.0%	0.941
CD007867	recall@66.0%	0.941
CD007867	recall@67.0%	1.0
CD007867	recall@68.0%	1.0
CD007867	recall@69.0%	1.0
CD007867	recall@70.0%	1.0
CD007867	recall@71.0%	1.0
CD007867	recall@72.0%	1.0
CD007867	recall@73.0%	1.0
CD007867	recall@74.0%	1.0
CD007867	recall@75.0%	1.0
CD007867	recall@76.0%	1.0
CD007867	recall@77.0%	1.0
CD007867	recall@78.0%	1.0
CD007867	recall@79.0%	1.0
CD007867	recall@80.0%	1.0
CD007867	recall@81.0%	1.0
CD007867	recall@82.0%	1.0
CD007867	recall@83.0%	1.0
CD007867	recall@84.0%	1.0
CD007867	recall@85.0%	1.0
CD007867	recall@86.0%	1.0
CD007867	recall@87.0%	1.0
CD007867	recall@88.0%	1.0
CD007867	recall@89.0%	1.0
CD007867	recall@90.0%	1.0
CD007867	recall@91.0%	1.0
CD007867	recall@92.0%	1.0
CD007867	recall@93.0%	1.0
CD007867	recall@94.0%	1.0
CD007867	recall@95.0%	1.0
CD007867	recall@96.0%	1.0
CD007867	recall@97.0%	1.0
CD007867	recall@98.0%	1.0
CD007867	recall@99.0%	1.0
CD007867	recall@100.0%	1.0
CD007867	total_cost	118.0
CD007867	norm_area	0.882
CD007867	ap	0.112
CD007867	r	0.941
CD007867	loss_e	0.13
CD007867	loss_r	0.003
CD007867	loss_er	0.134
Skipping topic: CD008874
Skipping topic: CD009044
CD009069	num_shown	1757
CD009069	rels_found	78
CD009069	num_rels	78
CD009069	last_rel	1380
CD009069	norm_last_rel	0.785
CD009069	threshold	396
CD009069	norm_threshold	0.225
CD009069	wss_100	0.215
CD009069	wss_95	0.687
CD009069	cg_total	78.0
CD009069	cg_max	78.0
CD009069	cg_threshold	73.0
CD009069	recall_threshold	0.936
CD009069	threshold	396
CD009069	recall@1.0%	0.0
CD009069	recall@2.0%	0.051
CD009069	recall@3.0%	0.103
CD009069	recall@4.0%	0.141
CD009069	recall@5.0%	0.179
CD009069	recall@6.0%	0.256
CD009069	recall@7.0%	0.282
CD009069	recall@8.0%	0.359
CD009069	recall@9.0%	0.423
CD009069	recall@10.0%	0.526
CD009069	recall@11.0%	0.628
CD009069	recall@12.0%	0.744
CD009069	recall@13.0%	0.782
CD009069	recall@14.0%	0.795
CD009069	recall@15.0%	0.821
CD009069	recall@16.0%	0.821
CD009069	recall@17.0%	0.897
CD009069	recall@18.0%	0.923
CD009069	recall@19.0%	0.936
CD009069	recall@20.0%	0.936
CD009069	recall@21.0%	0.936
CD009069	recall@22.0%	0.936
CD009069	recall@23.0%	0.936
CD009069	recall@24.0%	0.936
CD009069	recall@25.0%	0.936
CD009069	recall@26.0%	0.936
CD009069	recall@27.0%	0.949
CD009069	recall@28.0%	0.949
CD009069	recall@29.0%	0.949
CD009069	recall@30.0%	0.949
CD009069	recall@31.0%	0.962
CD009069	recall@32.0%	0.962
CD009069	recall@33.0%	0.962
CD009069	recall@34.0%	0.962
CD009069	recall@35.0%	0.962
CD009069	recall@36.0%	0.974
CD009069	recall@37.0%	0.974
CD009069	recall@38.0%	0.974
CD009069	recall@39.0%	0.974
CD009069	recall@40.0%	0.974
CD009069	recall@41.0%	0.974
CD009069	recall@42.0%	0.974
CD009069	recall@43.0%	0.974
CD009069	recall@44.0%	0.974
CD009069	recall@45.0%	0.974
CD009069	recall@46.0%	0.974
CD009069	recall@47.0%	0.974
CD009069	recall@48.0%	0.974
CD009069	recall@49.0%	0.974
CD009069	recall@50.0%	0.974
CD009069	recall@51.0%	0.974
CD009069	recall@52.0%	0.974
CD009069	recall@53.0%	0.974
CD009069	recall@54.0%	0.974
CD009069	recall@55.0%	0.987
CD009069	recall@56.0%	0.987
CD009069	recall@57.0%	0.987
CD009069	recall@58.0%	0.987
CD009069	recall@59.0%	0.987
CD009069	recall@60.0%	0.987
CD009069	recall@61.0%	0.987
CD009069	recall@62.0%	0.987
CD009069	recall@63.0%	0.987
CD009069	recall@64.0%	0.987
CD009069	recall@65.0%	0.987
CD009069	recall@66.0%	0.987
CD009069	recall@67.0%	0.987
CD009069	recall@68.0%	0.987
CD009069	recall@69.0%	0.987
CD009069	recall@70.0%	0.987
CD009069	recall@71.0%	0.987
CD009069	recall@72.0%	0.987
CD009069	recall@73.0%	0.987
CD009069	recall@74.0%	0.987
CD009069	recall@75.0%	0.987
CD009069	recall@76.0%	0.987
CD009069	recall@77.0%	0.987
CD009069	recall@78.0%	0.987
CD009069	recall@79.0%	1.0
CD009069	recall@80.0%	1.0
CD009069	recall@81.0%	1.0
CD009069	recall@82.0%	1.0
CD009069	recall@83.0%	1.0
CD009069	recall@84.0%	1.0
CD009069	recall@85.0%	1.0
CD009069	recall@86.0%	1.0
CD009069	recall@87.0%	1.0
CD009069	recall@88.0%	1.0
CD009069	recall@89.0%	1.0
CD009069	recall@90.0%	1.0
CD009069	recall@91.0%	1.0
CD009069	recall@92.0%	1.0
CD009069	recall@93.0%	1.0
CD009069	recall@94.0%	1.0
CD009069	recall@95.0%	1.0
CD009069	recall@96.0%	1.0
CD009069	recall@97.0%	1.0
CD009069	recall@98.0%	1.0
CD009069	recall@99.0%	1.0
CD009069	recall@100.0%	1.0
CD009069	total_cost	-864.0
CD009069	norm_area	0.905
CD009069	ap	0.203
CD009069	r	0.936
CD009069	loss_e	0.016
CD009069	loss_r	0.004
CD009069	loss_er	0.02
CD009642	num_shown	1922
CD009642	rels_found	62
CD009642	num_rels	62
CD009642	last_rel	264
CD009642	norm_last_rel	0.137
CD009642	threshold	398
CD009642	norm_threshold	0.207
CD009642	wss_100	0.863
CD009642	wss_95	0.843
CD009642	cg_total	62.0
CD009642	cg_max	62.0
CD009642	cg_threshold	62.0
CD009642	recall_threshold	1.0
CD009642	threshold	398
CD009642	recall@1.0%	0.242
CD009642	recall@2.0%	0.452
CD009642	recall@3.0%	0.565
CD009642	recall@4.0%	0.613
CD009642	recall@5.0%	0.71
CD009642	recall@6.0%	0.79
CD009642	recall@7.0%	0.855
CD009642	recall@8.0%	0.871
CD009642	recall@9.0%	0.887
CD009642	recall@10.0%	0.935
CD009642	recall@11.0%	0.968
CD009642	recall@12.0%	0.984
CD009642	recall@13.0%	0.984
CD009642	recall@14.0%	1.0
CD009642	recall@15.0%	1.0
CD009642	recall@16.0%	1.0
CD009642	recall@17.0%	1.0
CD009642	recall@18.0%	1.0
CD009642	recall@19.0%	1.0
CD009642	recall@20.0%	1.0
CD009642	recall@21.0%	1.0
CD009642	recall@22.0%	1.0
CD009642	recall@23.0%	1.0
CD009642	recall@24.0%	1.0
CD009642	recall@25.0%	1.0
CD009642	recall@26.0%	1.0
CD009642	recall@27.0%	1.0
CD009642	recall@28.0%	1.0
CD009642	recall@29.0%	1.0
CD009642	recall@30.0%	1.0
CD009642	recall@31.0%	1.0
CD009642	recall@32.0%	1.0
CD009642	recall@33.0%	1.0
CD009642	recall@34.0%	1.0
CD009642	recall@35.0%	1.0
CD009642	recall@36.0%	1.0
CD009642	recall@37.0%	1.0
CD009642	recall@38.0%	1.0
CD009642	recall@39.0%	1.0
CD009642	recall@40.0%	1.0
CD009642	recall@41.0%	1.0
CD009642	recall@42.0%	1.0
CD009642	recall@43.0%	1.0
CD009642	recall@44.0%	1.0
CD009642	recall@45.0%	1.0
CD009642	recall@46.0%	1.0
CD009642	recall@47.0%	1.0
CD009642	recall@48.0%	1.0
CD009642	recall@49.0%	1.0
CD009642	recall@50.0%	1.0
CD009642	recall@51.0%	1.0
CD009642	recall@52.0%	1.0
CD009642	recall@53.0%	1.0
CD009642	recall@54.0%	1.0
CD009642	recall@55.0%	1.0
CD009642	recall@56.0%	1.0
CD009642	recall@57.0%	1.0
CD009642	recall@58.0%	1.0
CD009642	recall@59.0%	1.0
CD009642	recall@60.0%	1.0
CD009642	recall@61.0%	1.0
CD009642	recall@62.0%	1.0
CD009642	recall@63.0%	1.0
CD009642	recall@64.0%	1.0
CD009642	recall@65.0%	1.0
CD009642	recall@66.0%	1.0
CD009642	recall@67.0%	1.0
CD009642	recall@68.0%	1.0
CD009642	recall@69.0%	1.0
CD009642	recall@70.0%	1.0
CD009642	recall@71.0%	1.0
CD009642	recall@72.0%	1.0
CD009642	recall@73.0%	1.0
CD009642	recall@74.0%	1.0
CD009642	recall@75.0%	1.0
CD009642	recall@76.0%	1.0
CD009642	recall@77.0%	1.0
CD009642	recall@78.0%	1.0
CD009642	recall@79.0%	1.0
CD009642	recall@80.0%	1.0
CD009642	recall@81.0%	1.0
CD009642	recall@82.0%	1.0
CD009642	recall@83.0%	1.0
CD009642	recall@84.0%	1.0
CD009642	recall@85.0%	1.0
CD009642	recall@86.0%	1.0
CD009642	recall@87.0%	1.0
CD009642	recall@88.0%	1.0
CD009642	recall@89.0%	1.0
CD009642	recall@90.0%	1.0
CD009642	recall@91.0%	1.0
CD009642	recall@92.0%	1.0
CD009642	recall@93.0%	1.0
CD009642	recall@94.0%	1.0
CD009642	recall@95.0%	1.0
CD009642	recall@96.0%	1.0
CD009642	recall@97.0%	1.0
CD009642	recall@98.0%	1.0
CD009642	recall@99.0%	1.0
CD009642	recall@100.0%	1.0
CD009642	total_cost	-842.0
CD009642	norm_area	0.98
CD009642	ap	0.612
CD009642	r	1.0
CD009642	loss_e	0.016
CD009642	loss_r	0.0
CD009642	loss_er	0.016
CD010038	num_shown	8867
CD010038	rels_found	23
CD010038	num_rels	23
CD010038	last_rel	3123
CD010038	norm_last_rel	0.352
CD010038	threshold	398
CD010038	norm_threshold	0.045
CD010038	wss_100	0.648
CD010038	wss_95	0.838
CD010038	cg_total	23.0
CD010038	cg_max	23.0
CD010038	cg_threshold	19.0
CD010038	recall_threshold	0.826
CD010038	threshold	398
CD010038	recall@1.0%	0.478
CD010038	recall@2.0%	0.739
CD010038	recall@3.0%	0.739
CD010038	recall@4.0%	0.739
CD010038	recall@5.0%	0.87
CD010038	recall@6.0%	0.87
CD010038	recall@7.0%	0.913
CD010038	recall@8.0%	0.913
CD010038	recall@9.0%	0.913
CD010038	recall@10.0%	0.913
CD010038	recall@11.0%	0.913
CD010038	recall@12.0%	0.957
CD010038	recall@13.0%	0.957
CD010038	recall@14.0%	0.957
CD010038	recall@15.0%	0.957
CD010038	recall@16.0%	0.957
CD010038	recall@17.0%	0.957
CD010038	recall@18.0%	0.957
CD010038	recall@19.0%	0.957
CD010038	recall@20.0%	0.957
CD010038	recall@21.0%	0.957
CD010038	recall@22.0%	0.957
CD010038	recall@23.0%	0.957
CD010038	recall@24.0%	0.957
CD010038	recall@25.0%	0.957
CD010038	recall@26.0%	0.957
CD010038	recall@27.0%	0.957
CD010038	recall@28.0%	0.957
CD010038	recall@29.0%	0.957
CD010038	recall@30.0%	0.957
CD010038	recall@31.0%	0.957
CD010038	recall@32.0%	0.957
CD010038	recall@33.0%	0.957
CD010038	recall@34.0%	0.957
CD010038	recall@35.0%	0.957
CD010038	recall@36.0%	1.0
CD010038	recall@37.0%	1.0
CD010038	recall@38.0%	1.0
CD010038	recall@39.0%	1.0
CD010038	recall@40.0%	1.0
CD010038	recall@41.0%	1.0
CD010038	recall@42.0%	1.0
CD010038	recall@43.0%	1.0
CD010038	recall@44.0%	1.0
CD010038	recall@45.0%	1.0
CD010038	recall@46.0%	1.0
CD010038	recall@47.0%	1.0
CD010038	recall@48.0%	1.0
CD010038	recall@49.0%	1.0
CD010038	recall@50.0%	1.0
CD010038	recall@51.0%	1.0
CD010038	recall@52.0%	1.0
CD010038	recall@53.0%	1.0
CD010038	recall@54.0%	1.0
CD010038	recall@55.0%	1.0
CD010038	recall@56.0%	1.0
CD010038	recall@57.0%	1.0
CD010038	recall@58.0%	1.0
CD010038	recall@59.0%	1.0
CD010038	recall@60.0%	1.0
CD010038	recall@61.0%	1.0
CD010038	recall@62.0%	1.0
CD010038	recall@63.0%	1.0
CD010038	recall@64.0%	1.0
CD010038	recall@65.0%	1.0
CD010038	recall@66.0%	1.0
CD010038	recall@67.0%	1.0
CD010038	recall@68.0%	1.0
CD010038	recall@69.0%	1.0
CD010038	recall@70.0%	1.0
CD010038	recall@71.0%	1.0
CD010038	recall@72.0%	1.0
CD010038	recall@73.0%	1.0
CD010038	recall@74.0%	1.0
CD010038	recall@75.0%	1.0
CD010038	recall@76.0%	1.0
CD010038	recall@77.0%	1.0
CD010038	recall@78.0%	1.0
CD010038	recall@79.0%	1.0
CD010038	recall@80.0%	1.0
CD010038	recall@81.0%	1.0
CD010038	recall@82.0%	1.0
CD010038	recall@83.0%	1.0
CD010038	recall@84.0%	1.0
CD010038	recall@85.0%	1.0
CD010038	recall@86.0%	1.0
CD010038	recall@87.0%	1.0
CD010038	recall@88.0%	1.0
CD010038	recall@89.0%	1.0
CD010038	recall@90.0%	1.0
CD010038	recall@91.0%	1.0
CD010038	recall@92.0%	1.0
CD010038	recall@93.0%	1.0
CD010038	recall@94.0%	1.0
CD010038	recall@95.0%	1.0
CD010038	recall@96.0%	1.0
CD010038	recall@97.0%	1.0
CD010038	recall@98.0%	1.0
CD010038	recall@99.0%	1.0
CD010038	recall@100.0%	1.0
CD010038	total_cost	178.0
CD010038	norm_area	0.966
CD010038	ap	0.094
CD010038	r	0.826
CD010038	loss_e	0.001
CD010038	loss_r	0.03
CD010038	loss_er	0.032
CD010239	num_shown	224
CD010239	rels_found	12
CD010239	num_rels	12
CD010239	last_rel	42
CD010239	norm_last_rel	0.188
CD010239	threshold	224
CD010239	norm_threshold	1.0
CD010239	wss_100	0.812
CD010239	wss_95	0.887
CD010239	cg_total	12.0
CD010239	cg_max	12.0
CD010239	cg_threshold	12.0
CD010239	recall_threshold	1.0
CD010239	threshold	224
CD010239	recall@1.0%	0.167
CD010239	recall@2.0%	0.25
CD010239	recall@3.0%	0.5
CD010239	recall@4.0%	0.583
CD010239	recall@5.0%	0.667
CD010239	recall@6.0%	0.833
CD010239	recall@7.0%	0.917
CD010239	recall@8.0%	0.917
CD010239	recall@9.0%	0.917
CD010239	recall@10.0%	0.917
CD010239	recall@11.0%	0.917
CD010239	recall@12.0%	0.917
CD010239	recall@13.0%	0.917
CD010239	recall@14.0%	0.917
CD010239	recall@15.0%	0.917
CD010239	recall@16.0%	0.917
CD010239	recall@17.0%	0.917
CD010239	recall@18.0%	0.917
CD010239	recall@19.0%	1.0
CD010239	recall@20.0%	1.0
CD010239	recall@21.0%	1.0
CD010239	recall@22.0%	1.0
CD010239	recall@23.0%	1.0
CD010239	recall@24.0%	1.0
CD010239	recall@25.0%	1.0
CD010239	recall@26.0%	1.0
CD010239	recall@27.0%	1.0
CD010239	recall@28.0%	1.0
CD010239	recall@29.0%	1.0
CD010239	recall@30.0%	1.0
CD010239	recall@31.0%	1.0
CD010239	recall@32.0%	1.0
CD010239	recall@33.0%	1.0
CD010239	recall@34.0%	1.0
CD010239	recall@35.0%	1.0
CD010239	recall@36.0%	1.0
CD010239	recall@37.0%	1.0
CD010239	recall@38.0%	1.0
CD010239	recall@39.0%	1.0
CD010239	recall@40.0%	1.0
CD010239	recall@41.0%	1.0
CD010239	recall@42.0%	1.0
CD010239	recall@43.0%	1.0
CD010239	recall@44.0%	1.0
CD010239	recall@45.0%	1.0
CD010239	recall@46.0%	1.0
CD010239	recall@47.0%	1.0
CD010239	recall@48.0%	1.0
CD010239	recall@49.0%	1.0
CD010239	recall@50.0%	1.0
CD010239	recall@51.0%	1.0
CD010239	recall@52.0%	1.0
CD010239	recall@53.0%	1.0
CD010239	recall@54.0%	1.0
CD010239	recall@55.0%	1.0
CD010239	recall@56.0%	1.0
CD010239	recall@57.0%	1.0
CD010239	recall@58.0%	1.0
CD010239	recall@59.0%	1.0
CD010239	recall@60.0%	1.0
CD010239	recall@61.0%	1.0
CD010239	recall@62.0%	1.0
CD010239	recall@63.0%	1.0
CD010239	recall@64.0%	1.0
CD010239	recall@65.0%	1.0
CD010239	recall@66.0%	1.0
CD010239	recall@67.0%	1.0
CD010239	recall@68.0%	1.0
CD010239	recall@69.0%	1.0
CD010239	recall@70.0%	1.0
CD010239	recall@71.0%	1.0
CD010239	recall@72.0%	1.0
CD010239	recall@73.0%	1.0
CD010239	recall@74.0%	1.0
CD010239	recall@75.0%	1.0
CD010239	recall@76.0%	1.0
CD010239	recall@77.0%	1.0
CD010239	recall@78.0%	1.0
CD010239	recall@79.0%	1.0
CD010239	recall@80.0%	1.0
CD010239	recall@81.0%	1.0
CD010239	recall@82.0%	1.0
CD010239	recall@83.0%	1.0
CD010239	recall@84.0%	1.0
CD010239	recall@85.0%	1.0
CD010239	recall@86.0%	1.0
CD010239	recall@87.0%	1.0
CD010239	recall@88.0%	1.0
CD010239	recall@89.0%	1.0
CD010239	recall@90.0%	1.0
CD010239	recall@91.0%	1.0
CD010239	recall@92.0%	1.0
CD010239	recall@93.0%	1.0
CD010239	recall@94.0%	1.0
CD010239	recall@95.0%	1.0
CD010239	recall@96.0%	1.0
CD010239	recall@97.0%	1.0
CD010239	recall@98.0%	1.0
CD010239	recall@99.0%	1.0
CD010239	recall@100.0%	1.0
CD010239	total_cost	-16.0
CD010239	norm_area	0.982
CD010239	ap	0.778
CD010239	r	1.0
CD010239	loss_e	0.797
CD010239	loss_r	0.0
CD010239	loss_er	0.797
CD010558	num_shown	2815
CD010558	rels_found	37
CD010558	num_rels	37
CD010558	last_rel	2192
CD010558	norm_last_rel	0.779
CD010558	threshold	398
CD010558	norm_threshold	0.141
CD010558	wss_100	0.221
CD010558	wss_95	0.478
CD010558	cg_total	37.0
CD010558	cg_max	37.0
CD010558	cg_threshold	31.0
CD010558	recall_threshold	0.838
CD010558	threshold	398
CD010558	recall@1.0%	0.081
CD010558	recall@2.0%	0.135
CD010558	recall@3.0%	0.324
CD010558	recall@4.0%	0.378
CD010558	recall@5.0%	0.405
CD010558	recall@6.0%	0.676
CD010558	recall@7.0%	0.757
CD010558	recall@8.0%	0.784
CD010558	recall@9.0%	0.784
CD010558	recall@10.0%	0.784
CD010558	recall@11.0%	0.784
CD010558	recall@12.0%	0.784
CD010558	recall@13.0%	0.811
CD010558	recall@14.0%	0.838
CD010558	recall@15.0%	0.838
CD010558	recall@16.0%	0.865
CD010558	recall@17.0%	0.892
CD010558	recall@18.0%	0.892
CD010558	recall@19.0%	0.892
CD010558	recall@20.0%	0.892
CD010558	recall@21.0%	0.892
CD010558	recall@22.0%	0.892
CD010558	recall@23.0%	0.892
CD010558	recall@24.0%	0.892
CD010558	recall@25.0%	0.892
CD010558	recall@26.0%	0.892
CD010558	recall@27.0%	0.892
CD010558	recall@28.0%	0.892
CD010558	recall@29.0%	0.892
CD010558	recall@30.0%	0.892
CD010558	recall@31.0%	0.892
CD010558	recall@32.0%	0.892
CD010558	recall@33.0%	0.892
CD010558	recall@34.0%	0.892
CD010558	recall@35.0%	0.892
CD010558	recall@36.0%	0.892
CD010558	recall@37.0%	0.892
CD010558	recall@38.0%	0.892
CD010558	recall@39.0%	0.919
CD010558	recall@40.0%	0.919
CD010558	recall@41.0%	0.919
CD010558	recall@42.0%	0.919
CD010558	recall@43.0%	0.919
CD010558	recall@44.0%	0.919
CD010558	recall@45.0%	0.919
CD010558	recall@46.0%	0.919
CD010558	recall@47.0%	0.919
CD010558	recall@48.0%	0.946
CD010558	recall@49.0%	0.946
CD010558	recall@50.0%	0.946
CD010558	recall@51.0%	0.946
CD010558	recall@52.0%	0.946
CD010558	recall@53.0%	0.946
CD010558	recall@54.0%	0.946
CD010558	recall@55.0%	0.946
CD010558	recall@56.0%	0.946
CD010558	recall@57.0%	0.946
CD010558	recall@58.0%	0.946
CD010558	recall@59.0%	0.946
CD010558	recall@60.0%	0.946
CD010558	recall@61.0%	0.946
CD010558	recall@62.0%	0.973
CD010558	recall@63.0%	0.973
CD010558	recall@64.0%	0.973
CD010558	recall@65.0%	0.973
CD010558	recall@66.0%	0.973
CD010558	recall@67.0%	0.973
CD010558	recall@68.0%	0.973
CD010558	recall@69.0%	0.973
CD010558	recall@70.0%	0.973
CD010558	recall@71.0%	0.973
CD010558	recall@72.0%	0.973
CD010558	recall@73.0%	0.973
CD010558	recall@74.0%	0.973
CD010558	recall@75.0%	0.973
CD010558	recall@76.0%	0.973
CD010558	recall@77.0%	0.973
CD010558	recall@78.0%	1.0
CD010558	recall@79.0%	1.0
CD010558	recall@80.0%	1.0
CD010558	recall@81.0%	1.0
CD010558	recall@82.0%	1.0
CD010558	recall@83.0%	1.0
CD010558	recall@84.0%	1.0
CD010558	recall@85.0%	1.0
CD010558	recall@86.0%	1.0
CD010558	recall@87.0%	1.0
CD010558	recall@88.0%	1.0
CD010558	recall@89.0%	1.0
CD010558	recall@90.0%	1.0
CD010558	recall@91.0%	1.0
CD010558	recall@92.0%	1.0
CD010558	recall@93.0%	1.0
CD010558	recall@94.0%	1.0
CD010558	recall@95.0%	1.0
CD010558	recall@96.0%	1.0
CD010558	recall@97.0%	1.0
CD010558	recall@98.0%	1.0
CD010558	recall@99.0%	1.0
CD010558	recall@100.0%	1.0
CD010558	total_cost	18.0
CD010558	norm_area	0.898
CD010558	ap	0.112
CD010558	r	0.838
CD010558	loss_e	0.011
CD010558	loss_r	0.026
CD010558	loss_er	0.037
CD010753	num_shown	2539
CD010753	rels_found	29
CD010753	num_rels	29
CD010753	last_rel	2416
CD010753	norm_last_rel	0.952
CD010753	threshold	397
CD010753	norm_threshold	0.156
CD010753	wss_100	0.048
CD010753	wss_95	0.536
CD010753	cg_total	29.0
CD010753	cg_max	29.0
CD010753	cg_threshold	21.0
CD010753	recall_threshold	0.724
CD010753	threshold	397
CD010753	recall@1.0%	0.0
CD010753	recall@2.0%	0.0
CD010753	recall@3.0%	0.034
CD010753	recall@4.0%	0.069
CD010753	recall@5.0%	0.103
CD010753	recall@6.0%	0.103
CD010753	recall@7.0%	0.103
CD010753	recall@8.0%	0.207
CD010753	recall@9.0%	0.207
CD010753	recall@10.0%	0.241
CD010753	recall@11.0%	0.276
CD010753	recall@12.0%	0.345
CD010753	recall@13.0%	0.552
CD010753	recall@14.0%	0.69
CD010753	recall@15.0%	0.724
CD010753	recall@16.0%	0.724
CD010753	recall@17.0%	0.724
CD010753	recall@18.0%	0.724
CD010753	recall@19.0%	0.724
CD010753	recall@20.0%	0.724
CD010753	recall@21.0%	0.759
CD010753	recall@22.0%	0.759
CD010753	recall@23.0%	0.793
CD010753	recall@24.0%	0.793
CD010753	recall@25.0%	0.828
CD010753	recall@26.0%	0.828
CD010753	recall@27.0%	0.828
CD010753	recall@28.0%	0.828
CD010753	recall@29.0%	0.828
CD010753	recall@30.0%	0.897
CD010753	recall@31.0%	0.897
CD010753	recall@32.0%	0.897
CD010753	recall@33.0%	0.897
CD010753	recall@34.0%	0.897
CD010753	recall@35.0%	0.897
CD010753	recall@36.0%	0.897
CD010753	recall@37.0%	0.897
CD010753	recall@38.0%	0.931
CD010753	recall@39.0%	0.931
CD010753	recall@40.0%	0.931
CD010753	recall@41.0%	0.931
CD010753	recall@42.0%	0.966
CD010753	recall@43.0%	0.966
CD010753	recall@44.0%	0.966
CD010753	recall@45.0%	0.966
CD010753	recall@46.0%	0.966
CD010753	recall@47.0%	0.966
CD010753	recall@48.0%	0.966
CD010753	recall@49.0%	0.966
CD010753	recall@50.0%	0.966
CD010753	recall@51.0%	0.966
CD010753	recall@52.0%	0.966
CD010753	recall@53.0%	0.966
CD010753	recall@54.0%	0.966
CD010753	recall@55.0%	0.966
CD010753	recall@56.0%	0.966
CD010753	recall@57.0%	0.966
CD010753	recall@58.0%	0.966
CD010753	recall@59.0%	0.966
CD010753	recall@60.0%	0.966
CD010753	recall@61.0%	0.966
CD010753	recall@62.0%	0.966
CD010753	recall@63.0%	0.966
CD010753	recall@64.0%	0.966
CD010753	recall@65.0%	0.966
CD010753	recall@66.0%	0.966
CD010753	recall@67.0%	0.966
CD010753	recall@68.0%	0.966
CD010753	recall@69.0%	0.966
CD010753	recall@70.0%	0.966
CD010753	recall@71.0%	0.966
CD010753	recall@72.0%	0.966
CD010753	recall@73.0%	0.966
CD010753	recall@74.0%	0.966
CD010753	recall@75.0%	0.966
CD010753	recall@76.0%	0.966
CD010753	recall@77.0%	0.966
CD010753	recall@78.0%	0.966
CD010753	recall@79.0%	0.966
CD010753	recall@80.0%	0.966
CD010753	recall@81.0%	0.966
CD010753	recall@82.0%	0.966
CD010753	recall@83.0%	0.966
CD010753	recall@84.0%	0.966
CD010753	recall@85.0%	0.966
CD010753	recall@86.0%	0.966
CD010753	recall@87.0%	0.966
CD010753	recall@88.0%	0.966
CD010753	recall@89.0%	0.966
CD010753	recall@90.0%	0.966
CD010753	recall@91.0%	0.966
CD010753	recall@92.0%	0.966
CD010753	recall@93.0%	0.966
CD010753	recall@94.0%	0.966
CD010753	recall@95.0%	0.966
CD010753	recall@96.0%	1.0
CD010753	recall@97.0%	1.0
CD010753	recall@98.0%	1.0
CD010753	recall@99.0%	1.0
CD010753	recall@100.0%	1.0
CD010753	total_cost	297.0
CD010753	norm_area	0.825
CD010753	ap	0.036
CD010753	r	0.724
CD010753	loss_e	0.015
CD010753	loss_r	0.076
CD010753	loss_er	0.091
CD011140	num_shown	289
CD011140	rels_found	4
CD011140	num_rels	4
CD011140	last_rel	15
CD011140	norm_last_rel	0.052
CD011140	threshold	289
CD011140	norm_threshold	1.0
CD011140	wss_100	0.948
CD011140	wss_95	0.898
CD011140	cg_total	4.0
CD011140	cg_max	4.0
CD011140	cg_threshold	4.0
CD011140	recall_threshold	1.0
CD011140	threshold	289
CD011140	recall@1.0%	0.25
CD011140	recall@2.0%	0.25
CD011140	recall@3.0%	0.75
CD011140	recall@4.0%	0.75
CD011140	recall@5.0%	0.75
CD011140	recall@6.0%	1.0
CD011140	recall@7.0%	1.0
CD011140	recall@8.0%	1.0
CD011140	recall@9.0%	1.0
CD011140	recall@10.0%	1.0
CD011140	recall@11.0%	1.0
CD011140	recall@12.0%	1.0
CD011140	recall@13.0%	1.0
CD011140	recall@14.0%	1.0
CD011140	recall@15.0%	1.0
CD011140	recall@16.0%	1.0
CD011140	recall@17.0%	1.0
CD011140	recall@18.0%	1.0
CD011140	recall@19.0%	1.0
CD011140	recall@20.0%	1.0
CD011140	recall@21.0%	1.0
CD011140	recall@22.0%	1.0
CD011140	recall@23.0%	1.0
CD011140	recall@24.0%	1.0
CD011140	recall@25.0%	1.0
CD011140	recall@26.0%	1.0
CD011140	recall@27.0%	1.0
CD011140	recall@28.0%	1.0
CD011140	recall@29.0%	1.0
CD011140	recall@30.0%	1.0
CD011140	recall@31.0%	1.0
CD011140	recall@32.0%	1.0
CD011140	recall@33.0%	1.0
CD011140	recall@34.0%	1.0
CD011140	recall@35.0%	1.0
CD011140	recall@36.0%	1.0
CD011140	recall@37.0%	1.0
CD011140	recall@38.0%	1.0
CD011140	recall@39.0%	1.0
CD011140	recall@40.0%	1.0
CD011140	recall@41.0%	1.0
CD011140	recall@42.0%	1.0
CD011140	recall@43.0%	1.0
CD011140	recall@44.0%	1.0
CD011140	recall@45.0%	1.0
CD011140	recall@46.0%	1.0
CD011140	recall@47.0%	1.0
CD011140	recall@48.0%	1.0
CD011140	recall@49.0%	1.0
CD011140	recall@50.0%	1.0
CD011140	recall@51.0%	1.0
CD011140	recall@52.0%	1.0
CD011140	recall@53.0%	1.0
CD011140	recall@54.0%	1.0
CD011140	recall@55.0%	1.0
CD011140	recall@56.0%	1.0
CD011140	recall@57.0%	1.0
CD011140	recall@58.0%	1.0
CD011140	recall@59.0%	1.0
CD011140	recall@60.0%	1.0
CD011140	recall@61.0%	1.0
CD011140	recall@62.0%	1.0
CD011140	recall@63.0%	1.0
CD011140	recall@64.0%	1.0
CD011140	recall@65.0%	1.0
CD011140	recall@66.0%	1.0
CD011140	recall@67.0%	1.0
CD011140	recall@68.0%	1.0
CD011140	recall@69.0%	1.0
CD011140	recall@70.0%	1.0
CD011140	recall@71.0%	1.0
CD011140	recall@72.0%	1.0
CD011140	recall@73.0%	1.0
CD011140	recall@74.0%	1.0
CD011140	recall@75.0%	1.0
CD011140	recall@76.0%	1.0
CD011140	recall@77.0%	1.0
CD011140	recall@78.0%	1.0
CD011140	recall@79.0%	1.0
CD011140	recall@80.0%	1.0
CD011140	recall@81.0%	1.0
CD011140	recall@82.0%	1.0
CD011140	recall@83.0%	1.0
CD011140	recall@84.0%	1.0
CD011140	recall@85.0%	1.0
CD011140	recall@86.0%	1.0
CD011140	recall@87.0%	1.0
CD011140	recall@88.0%	1.0
CD011140	recall@89.0%	1.0
CD011140	recall@90.0%	1.0
CD011140	recall@91.0%	1.0
CD011140	recall@92.0%	1.0
CD011140	recall@93.0%	1.0
CD011140	recall@94.0%	1.0
CD011140	recall@95.0%	1.0
CD011140	recall@96.0%	1.0
CD011140	recall@97.0%	1.0
CD011140	recall@98.0%	1.0
CD011140	recall@99.0%	1.0
CD011140	recall@100.0%	1.0
CD011140	total_cost	209.0
CD011140	norm_area	0.98
CD011140	ap	0.346
CD011140	r	1.0
CD011140	loss_e	0.925
CD011140	loss_r	0.0
CD011140	loss_er	0.925
Skipping topic: CD011558
CD011571	num_shown	146
CD011571	rels_found	15
CD011571	num_rels	15
CD011571	last_rel	83
CD011571	norm_last_rel	0.568
CD011571	threshold	146
CD011571	norm_threshold	1.0
CD011571	wss_100	0.432
CD011571	wss_95	0.395
CD011571	cg_total	15.0
CD011571	cg_max	15.0
CD011571	cg_threshold	15.0
CD011571	recall_threshold	1.0
CD011571	threshold	146
CD011571	recall@1.0%	0.067
CD011571	recall@2.0%	0.067
CD011571	recall@3.0%	0.133
CD011571	recall@4.0%	0.267
CD011571	recall@5.0%	0.267
CD011571	recall@6.0%	0.333
CD011571	recall@7.0%	0.333
CD011571	recall@8.0%	0.467
CD011571	recall@9.0%	0.533
CD011571	recall@10.0%	0.6
CD011571	recall@11.0%	0.6
CD011571	recall@12.0%	0.667
CD011571	recall@13.0%	0.667
CD011571	recall@14.0%	0.667
CD011571	recall@15.0%	0.667
CD011571	recall@16.0%	0.667
CD011571	recall@17.0%	0.667
CD011571	recall@18.0%	0.667
CD011571	recall@19.0%	0.667
CD011571	recall@20.0%	0.667
CD011571	recall@21.0%	0.667
CD011571	recall@22.0%	0.667
CD011571	recall@23.0%	0.667
CD011571	recall@24.0%	0.667
CD011571	recall@25.0%	0.667
CD011571	recall@26.0%	0.667
CD011571	recall@27.0%	0.667
CD011571	recall@28.0%	0.667
CD011571	recall@29.0%	0.667
CD011571	recall@30.0%	0.733
CD011571	recall@31.0%	0.733
CD011571	recall@32.0%	0.733
CD011571	recall@33.0%	0.733
CD011571	recall@34.0%	0.733
CD011571	recall@35.0%	0.733
CD011571	recall@36.0%	0.733
CD011571	recall@37.0%	0.733
CD011571	recall@38.0%	0.733
CD011571	recall@39.0%	0.733
CD011571	recall@40.0%	0.733
CD011571	recall@41.0%	0.733
CD011571	recall@42.0%	0.733
CD011571	recall@43.0%	0.733
CD011571	recall@44.0%	0.733
CD011571	recall@45.0%	0.733
CD011571	recall@46.0%	0.733
CD011571	recall@47.0%	0.733
CD011571	recall@48.0%	0.733
CD011571	recall@49.0%	0.733
CD011571	recall@50.0%	0.733
CD011571	recall@51.0%	0.733
CD011571	recall@52.0%	0.8
CD011571	recall@53.0%	0.8
CD011571	recall@54.0%	0.867
CD011571	recall@55.0%	0.867
CD011571	recall@56.0%	0.933
CD011571	recall@57.0%	1.0
CD011571	recall@58.0%	1.0
CD011571	recall@59.0%	1.0
CD011571	recall@60.0%	1.0
CD011571	recall@61.0%	1.0
CD011571	recall@62.0%	1.0
CD011571	recall@63.0%	1.0
CD011571	recall@64.0%	1.0
CD011571	recall@65.0%	1.0
CD011571	recall@66.0%	1.0
CD011571	recall@67.0%	1.0
CD011571	recall@68.0%	1.0
CD011571	recall@69.0%	1.0
CD011571	recall@70.0%	1.0
CD011571	recall@71.0%	1.0
CD011571	recall@72.0%	1.0
CD011571	recall@73.0%	1.0
CD011571	recall@74.0%	1.0
CD011571	recall@75.0%	1.0
CD011571	recall@76.0%	1.0
CD011571	recall@77.0%	1.0
CD011571	recall@78.0%	1.0
CD011571	recall@79.0%	1.0
CD011571	recall@80.0%	1.0
CD011571	recall@81.0%	1.0
CD011571	recall@82.0%	1.0
CD011571	recall@83.0%	1.0
CD011571	recall@84.0%	1.0
CD011571	recall@85.0%	1.0
CD011571	recall@86.0%	1.0
CD011571	recall@87.0%	1.0
CD011571	recall@88.0%	1.0
CD011571	recall@89.0%	1.0
CD011571	recall@90.0%	1.0
CD011571	recall@91.0%	1.0
CD011571	recall@92.0%	1.0
CD011571	recall@93.0%	1.0
CD011571	recall@94.0%	1.0
CD011571	recall@95.0%	1.0
CD011571	recall@96.0%	1.0
CD011571	recall@97.0%	1.0
CD011571	recall@98.0%	1.0
CD011571	recall@99.0%	1.0
CD011571	recall@100.0%	1.0
CD011571	total_cost	-154.0
CD011571	norm_area	0.84
CD011571	ap	0.486
CD011571	r	1.0
CD011571	loss_e	0.756
CD011571	loss_r	0.0
CD011571	loss_er	0.756
Skipping topic: CD011686
CD011768	num_shown	9160
CD011768	rels_found	54
CD011768	num_rels	54
CD011768	last_rel	6113
CD011768	norm_last_rel	0.667
CD011768	threshold	398
CD011768	norm_threshold	0.043
CD011768	wss_100	0.333
CD011768	wss_95	0.661
CD011768	cg_total	54.0
CD011768	cg_max	54.0
CD011768	cg_threshold	44.0
CD011768	recall_threshold	0.815
CD011768	threshold	398
CD011768	recall@1.0%	0.37
CD011768	recall@2.0%	0.537
CD011768	recall@3.0%	0.685
CD011768	recall@4.0%	0.796
CD011768	recall@5.0%	0.833
CD011768	recall@6.0%	0.833
CD011768	recall@7.0%	0.833
CD011768	recall@8.0%	0.852
CD011768	recall@9.0%	0.852
CD011768	recall@10.0%	0.87
CD011768	recall@11.0%	0.87
CD011768	recall@12.0%	0.889
CD011768	recall@13.0%	0.889
CD011768	recall@14.0%	0.907
CD011768	recall@15.0%	0.907
CD011768	recall@16.0%	0.907
CD011768	recall@17.0%	0.907
CD011768	recall@18.0%	0.907
CD011768	recall@19.0%	0.907
CD011768	recall@20.0%	0.926
CD011768	recall@21.0%	0.926
CD011768	recall@22.0%	0.926
CD011768	recall@23.0%	0.926
CD011768	recall@24.0%	0.926
CD011768	recall@25.0%	0.926
CD011768	recall@26.0%	0.926
CD011768	recall@27.0%	0.926
CD011768	recall@28.0%	0.926
CD011768	recall@29.0%	0.944
CD011768	recall@30.0%	0.944
CD011768	recall@31.0%	0.944
CD011768	recall@32.0%	0.944
CD011768	recall@33.0%	0.944
CD011768	recall@34.0%	0.944
CD011768	recall@35.0%	0.944
CD011768	recall@36.0%	0.944
CD011768	recall@37.0%	0.944
CD011768	recall@38.0%	0.944
CD011768	recall@39.0%	0.944
CD011768	recall@40.0%	0.944
CD011768	recall@41.0%	0.944
CD011768	recall@42.0%	0.944
CD011768	recall@43.0%	0.944
CD011768	recall@44.0%	0.944
CD011768	recall@45.0%	0.944
CD011768	recall@46.0%	0.944
CD011768	recall@47.0%	0.944
CD011768	recall@48.0%	0.963
CD011768	recall@49.0%	0.963
CD011768	recall@50.0%	0.981
CD011768	recall@51.0%	0.981
CD011768	recall@52.0%	0.981
CD011768	recall@53.0%	0.981
CD011768	recall@54.0%	0.981
CD011768	recall@55.0%	0.981
CD011768	recall@56.0%	0.981
CD011768	recall@57.0%	0.981
CD011768	recall@58.0%	0.981
CD011768	recall@59.0%	0.981
CD011768	recall@60.0%	0.981
CD011768	recall@61.0%	0.981
CD011768	recall@62.0%	0.981
CD011768	recall@63.0%	0.981
CD011768	recall@64.0%	0.981
CD011768	recall@65.0%	0.981
CD011768	recall@66.0%	0.981
CD011768	recall@67.0%	1.0
CD011768	recall@68.0%	1.0
CD011768	recall@69.0%	1.0
CD011768	recall@70.0%	1.0
CD011768	recall@71.0%	1.0
CD011768	recall@72.0%	1.0
CD011768	recall@73.0%	1.0
CD011768	recall@74.0%	1.0
CD011768	recall@75.0%	1.0
CD011768	recall@76.0%	1.0
CD011768	recall@77.0%	1.0
CD011768	recall@78.0%	1.0
CD011768	recall@79.0%	1.0
CD011768	recall@80.0%	1.0
CD011768	recall@81.0%	1.0
CD011768	recall@82.0%	1.0
CD011768	recall@83.0%	1.0
CD011768	recall@84.0%	1.0
CD011768	recall@85.0%	1.0
CD011768	recall@86.0%	1.0
CD011768	recall@87.0%	1.0
CD011768	recall@88.0%	1.0
CD011768	recall@89.0%	1.0
CD011768	recall@90.0%	1.0
CD011768	recall@91.0%	1.0
CD011768	recall@92.0%	1.0
CD011768	recall@93.0%	1.0
CD011768	recall@94.0%	1.0
CD011768	recall@95.0%	1.0
CD011768	recall@96.0%	1.0
CD011768	recall@97.0%	1.0
CD011768	recall@98.0%	1.0
CD011768	recall@99.0%	1.0
CD011768	recall@100.0%	1.0
CD011768	total_cost	-82.0
CD011768	norm_area	0.943
CD011768	ap	0.235
CD011768	r	0.815
CD011768	loss_e	0.001
CD011768	loss_r	0.034
CD011768	loss_er	0.035
Skipping topic: CD011787
CD011977	num_shown	195
CD011977	rels_found	49
CD011977	num_rels	49
CD011977	last_rel	113
CD011977	norm_last_rel	0.579
CD011977	threshold	195
CD011977	norm_threshold	1.0
CD011977	wss_100	0.421
CD011977	wss_95	0.432
CD011977	cg_total	49.0
CD011977	cg_max	49.0
CD011977	cg_threshold	49.0
CD011977	recall_threshold	1.0
CD011977	threshold	195
CD011977	recall@1.0%	0.02
CD011977	recall@2.0%	0.041
CD011977	recall@3.0%	0.061
CD011977	recall@4.0%	0.102
CD011977	recall@5.0%	0.122
CD011977	recall@6.0%	0.163
CD011977	recall@7.0%	0.184
CD011977	recall@8.0%	0.204
CD011977	recall@9.0%	0.245
CD011977	recall@10.0%	0.265
CD011977	recall@11.0%	0.286
CD011977	recall@12.0%	0.327
CD011977	recall@13.0%	0.347
CD011977	recall@14.0%	0.367
CD011977	recall@15.0%	0.388
CD011977	recall@16.0%	0.408
CD011977	recall@17.0%	0.408
CD011977	recall@18.0%	0.429
CD011977	recall@19.0%	0.449
CD011977	recall@20.0%	0.469
CD011977	recall@21.0%	0.469
CD011977	recall@22.0%	0.49
CD011977	recall@23.0%	0.51
CD011977	recall@24.0%	0.551
CD011977	recall@25.0%	0.551
CD011977	recall@26.0%	0.571
CD011977	recall@27.0%	0.612
CD011977	recall@28.0%	0.633
CD011977	recall@29.0%	0.673
CD011977	recall@30.0%	0.694
CD011977	recall@31.0%	0.714
CD011977	recall@32.0%	0.714
CD011977	recall@33.0%	0.714
CD011977	recall@34.0%	0.735
CD011977	recall@35.0%	0.776
CD011977	recall@36.0%	0.796
CD011977	recall@37.0%	0.796
CD011977	recall@38.0%	0.796
CD011977	recall@39.0%	0.796
CD011977	recall@40.0%	0.796
CD011977	recall@41.0%	0.837
CD011977	recall@42.0%	0.857
CD011977	recall@43.0%	0.857
CD011977	recall@44.0%	0.878
CD011977	recall@45.0%	0.898
CD011977	recall@46.0%	0.898
CD011977	recall@47.0%	0.898
CD011977	recall@48.0%	0.939
CD011977	recall@49.0%	0.939
CD011977	recall@50.0%	0.939
CD011977	recall@51.0%	0.939
CD011977	recall@52.0%	0.959
CD011977	recall@53.0%	0.959
CD011977	recall@54.0%	0.959
CD011977	recall@55.0%	0.98
CD011977	recall@56.0%	0.98
CD011977	recall@57.0%	0.98
CD011977	recall@58.0%	1.0
CD011977	recall@59.0%	1.0
CD011977	recall@60.0%	1.0
CD011977	recall@61.0%	1.0
CD011977	recall@62.0%	1.0
CD011977	recall@63.0%	1.0
CD011977	recall@64.0%	1.0
CD011977	recall@65.0%	1.0
CD011977	recall@66.0%	1.0
CD011977	recall@67.0%	1.0
CD011977	recall@68.0%	1.0
CD011977	recall@69.0%	1.0
CD011977	recall@70.0%	1.0
CD011977	recall@71.0%	1.0
CD011977	recall@72.0%	1.0
CD011977	recall@73.0%	1.0
CD011977	recall@74.0%	1.0
CD011977	recall@75.0%	1.0
CD011977	recall@76.0%	1.0
CD011977	recall@77.0%	1.0
CD011977	recall@78.0%	1.0
CD011977	recall@79.0%	1.0
CD011977	recall@80.0%	1.0
CD011977	recall@81.0%	1.0
CD011977	recall@82.0%	1.0
CD011977	recall@83.0%	1.0
CD011977	recall@84.0%	1.0
CD011977	recall@85.0%	1.0
CD011977	recall@86.0%	1.0
CD011977	recall@87.0%	1.0
CD011977	recall@88.0%	1.0
CD011977	recall@89.0%	1.0
CD011977	recall@90.0%	1.0
CD011977	recall@91.0%	1.0
CD011977	recall@92.0%	1.0
CD011977	recall@93.0%	1.0
CD011977	recall@94.0%	1.0
CD011977	recall@95.0%	1.0
CD011977	recall@96.0%	1.0
CD011977	recall@97.0%	1.0
CD011977	recall@98.0%	1.0
CD011977	recall@99.0%	1.0
CD011977	recall@100.0%	1.0
CD011977	total_cost	-785.0
CD011977	norm_area	0.878
CD011977	ap	0.592
CD011977	r	1.0
CD011977	loss_e	0.45
CD011977	loss_r	0.0
CD011977	loss_er	0.45
CD012069	num_shown	3479
CD012069	rels_found	320
CD012069	num_rels	320
CD012069	last_rel	3378
CD012069	norm_last_rel	0.971
CD012069	threshold	397
CD012069	norm_threshold	0.114
CD012069	wss_100	0.029
CD012069	wss_95	0.147
CD012069	cg_total	320.0
CD012069	cg_max	320.0
CD012069	cg_threshold	106.0
CD012069	recall_threshold	0.331
CD012069	threshold	397
CD012069	recall@1.0%	0.056
CD012069	recall@2.0%	0.078
CD012069	recall@3.0%	0.122
CD012069	recall@4.0%	0.156
CD012069	recall@5.0%	0.188
CD012069	recall@6.0%	0.225
CD012069	recall@7.0%	0.259
CD012069	recall@8.0%	0.275
CD012069	recall@9.0%	0.287
CD012069	recall@10.0%	0.319
CD012069	recall@11.0%	0.328
CD012069	recall@12.0%	0.341
CD012069	recall@13.0%	0.369
CD012069	recall@14.0%	0.388
CD012069	recall@15.0%	0.397
CD012069	recall@16.0%	0.416
CD012069	recall@17.0%	0.438
CD012069	recall@18.0%	0.463
CD012069	recall@19.0%	0.469
CD012069	recall@20.0%	0.484
CD012069	recall@21.0%	0.503
CD012069	recall@22.0%	0.531
CD012069	recall@23.0%	0.553
CD012069	recall@24.0%	0.566
CD012069	recall@25.0%	0.575
CD012069	recall@26.0%	0.594
CD012069	recall@27.0%	0.613
CD012069	recall@28.0%	0.622
CD012069	recall@29.0%	0.631
CD012069	recall@30.0%	0.644
CD012069	recall@31.0%	0.659
CD012069	recall@32.0%	0.675
CD012069	recall@33.0%	0.678
CD012069	recall@34.0%	0.678
CD012069	recall@35.0%	0.688
CD012069	recall@36.0%	0.7
CD012069	recall@37.0%	0.703
CD012069	recall@38.0%	0.703
CD012069	recall@39.0%	0.713
CD012069	recall@40.0%	0.719
CD012069	recall@41.0%	0.738
CD012069	recall@42.0%	0.744
CD012069	recall@43.0%	0.747
CD012069	recall@44.0%	0.753
CD012069	recall@45.0%	0.762
CD012069	recall@46.0%	0.769
CD012069	recall@47.0%	0.791
CD012069	recall@48.0%	0.8
CD012069	recall@49.0%	0.816
CD012069	recall@50.0%	0.819
CD012069	recall@51.0%	0.828
CD012069	recall@52.0%	0.834
CD012069	recall@53.0%	0.834
CD012069	recall@54.0%	0.841
CD012069	recall@55.0%	0.856
CD012069	recall@56.0%	0.859
CD012069	recall@57.0%	0.866
CD012069	recall@58.0%	0.866
CD012069	recall@59.0%	0.878
CD012069	recall@60.0%	0.887
CD012069	recall@61.0%	0.887
CD012069	recall@62.0%	0.891
CD012069	recall@63.0%	0.891
CD012069	recall@64.0%	0.894
CD012069	recall@65.0%	0.897
CD012069	recall@66.0%	0.906
CD012069	recall@67.0%	0.912
CD012069	recall@68.0%	0.919
CD012069	recall@69.0%	0.919
CD012069	recall@70.0%	0.919
CD012069	recall@71.0%	0.925
CD012069	recall@72.0%	0.931
CD012069	recall@73.0%	0.934
CD012069	recall@74.0%	0.941
CD012069	recall@75.0%	0.941
CD012069	recall@76.0%	0.941
CD012069	recall@77.0%	0.941
CD012069	recall@78.0%	0.944
CD012069	recall@79.0%	0.947
CD012069	recall@80.0%	0.947
CD012069	recall@81.0%	0.956
CD012069	recall@82.0%	0.963
CD012069	recall@83.0%	0.966
CD012069	recall@84.0%	0.975
CD012069	recall@85.0%	0.978
CD012069	recall@86.0%	0.978
CD012069	recall@87.0%	0.978
CD012069	recall@88.0%	0.984
CD012069	recall@89.0%	0.984
CD012069	recall@90.0%	0.988
CD012069	recall@91.0%	0.988
CD012069	recall@92.0%	0.991
CD012069	recall@93.0%	0.991
CD012069	recall@94.0%	0.991
CD012069	recall@95.0%	0.991
CD012069	recall@96.0%	0.991
CD012069	recall@97.0%	0.997
CD012069	recall@98.0%	1.0
CD012069	recall@99.0%	1.0
CD012069	recall@100.0%	1.0
CD012069	total_cost	6837.0
CD012069	norm_area	0.762
CD012069	ap	0.25
CD012069	r	0.331
CD012069	loss_e	0.001
CD012069	loss_r	0.447
CD012069	loss_er	0.448
Skipping topic: CD012080
CD012164	num_shown	62
CD012164	rels_found	7
CD012164	num_rels	7
CD012164	last_rel	39
CD012164	norm_last_rel	0.629
CD012164	threshold	61
CD012164	norm_threshold	0.984
CD012164	wss_100	0.371
CD012164	wss_95	0.321
CD012164	cg_total	7.0
CD012164	cg_max	7.0
CD012164	cg_threshold	7.0
CD012164	recall_threshold	1.0
CD012164	threshold	61
CD012164	recall@1.0%	0.0
CD012164	recall@2.0%	0.0
CD012164	recall@3.0%	0.143
CD012164	recall@4.0%	0.143
CD012164	recall@5.0%	0.143
CD012164	recall@6.0%	0.143
CD012164	recall@7.0%	0.143
CD012164	recall@8.0%	0.286
CD012164	recall@9.0%	0.286
CD012164	recall@10.0%	0.286
CD012164	recall@11.0%	0.286
CD012164	recall@12.0%	0.286
CD012164	recall@13.0%	0.429
CD012164	recall@14.0%	0.571
CD012164	recall@15.0%	0.571
CD012164	recall@16.0%	0.571
CD012164	recall@17.0%	0.571
CD012164	recall@18.0%	0.571
CD012164	recall@19.0%	0.571
CD012164	recall@20.0%	0.571
CD012164	recall@21.0%	0.571
CD012164	recall@22.0%	0.571
CD012164	recall@23.0%	0.571
CD012164	recall@24.0%	0.571
CD012164	recall@25.0%	0.571
CD012164	recall@26.0%	0.714
CD012164	recall@27.0%	0.714
CD012164	recall@28.0%	0.714
CD012164	recall@29.0%	0.714
CD012164	recall@30.0%	0.714
CD012164	recall@31.0%	0.857
CD012164	recall@32.0%	0.857
CD012164	recall@33.0%	0.857
CD012164	recall@34.0%	0.857
CD012164	recall@35.0%	0.857
CD012164	recall@36.0%	0.857
CD012164	recall@37.0%	0.857
CD012164	recall@38.0%	0.857
CD012164	recall@39.0%	0.857
CD012164	recall@40.0%	0.857
CD012164	recall@41.0%	0.857
CD012164	recall@42.0%	0.857
CD012164	recall@43.0%	0.857
CD012164	recall@44.0%	0.857
CD012164	recall@45.0%	0.857
CD012164	recall@46.0%	0.857
CD012164	recall@47.0%	0.857
CD012164	recall@48.0%	0.857
CD012164	recall@49.0%	0.857
CD012164	recall@50.0%	0.857
CD012164	recall@51.0%	0.857
CD012164	recall@52.0%	0.857
CD012164	recall@53.0%	0.857
CD012164	recall@54.0%	0.857
CD012164	recall@55.0%	0.857
CD012164	recall@56.0%	0.857
CD012164	recall@57.0%	0.857
CD012164	recall@58.0%	0.857
CD012164	recall@59.0%	0.857
CD012164	recall@60.0%	0.857
CD012164	recall@61.0%	0.857
CD012164	recall@62.0%	0.857
CD012164	recall@63.0%	0.857
CD012164	recall@64.0%	1.0
CD012164	recall@65.0%	1.0
CD012164	recall@66.0%	1.0
CD012164	recall@67.0%	1.0
CD012164	recall@68.0%	1.0
CD012164	recall@69.0%	1.0
CD012164	recall@70.0%	1.0
CD012164	recall@71.0%	1.0
CD012164	recall@72.0%	1.0
CD012164	recall@73.0%	1.0
CD012164	recall@74.0%	1.0
CD012164	recall@75.0%	1.0
CD012164	recall@76.0%	1.0
CD012164	recall@77.0%	1.0
CD012164	recall@78.0%	1.0
CD012164	recall@79.0%	1.0
CD012164	recall@80.0%	1.0
CD012164	recall@81.0%	1.0
CD012164	recall@82.0%	1.0
CD012164	recall@83.0%	1.0
CD012164	recall@84.0%	1.0
CD012164	recall@85.0%	1.0
CD012164	recall@86.0%	1.0
CD012164	recall@87.0%	1.0
CD012164	recall@88.0%	1.0
CD012164	recall@89.0%	1.0
CD012164	recall@90.0%	1.0
CD012164	recall@91.0%	1.0
CD012164	recall@92.0%	1.0
CD012164	recall@93.0%	1.0
CD012164	recall@94.0%	1.0
CD012164	recall@95.0%	1.0
CD012164	recall@96.0%	1.0
CD012164	recall@97.0%	1.0
CD012164	recall@98.0%	1.0
CD012164	recall@99.0%	1.0
CD012164	recall@100.0%	1.0
CD012164	total_cost	-78.0
CD012164	norm_area	0.829
CD012164	ap	0.361
CD012164	r	1.0
CD012164	loss_e	0.873
CD012164	loss_r	0.0
CD012164	loss_er	0.873
Skipping topic: CD012233
CD012342	num_shown	2353
CD012342	rels_found	6
CD012342	num_rels	6
CD012342	last_rel	195
CD012342	norm_last_rel	0.083
CD012342	threshold	397
CD012342	norm_threshold	0.169
CD012342	wss_100	0.917
CD012342	wss_95	0.867
CD012342	cg_total	6.0
CD012342	cg_max	6.0
CD012342	cg_threshold	6.0
CD012342	recall_threshold	1.0
CD012342	threshold	397
CD012342	recall@1.0%	0.167
CD012342	recall@2.0%	0.167
CD012342	recall@3.0%	0.167
CD012342	recall@4.0%	0.167
CD012342	recall@5.0%	0.167
CD012342	recall@6.0%	0.167
CD012342	recall@7.0%	0.833
CD012342	recall@8.0%	0.833
CD012342	recall@9.0%	1.0
CD012342	recall@10.0%	1.0
CD012342	recall@11.0%	1.0
CD012342	recall@12.0%	1.0
CD012342	recall@13.0%	1.0
CD012342	recall@14.0%	1.0
CD012342	recall@15.0%	1.0
CD012342	recall@16.0%	1.0
CD012342	recall@17.0%	1.0
CD012342	recall@18.0%	1.0
CD012342	recall@19.0%	1.0
CD012342	recall@20.0%	1.0
CD012342	recall@21.0%	1.0
CD012342	recall@22.0%	1.0
CD012342	recall@23.0%	1.0
CD012342	recall@24.0%	1.0
CD012342	recall@25.0%	1.0
CD012342	recall@26.0%	1.0
CD012342	recall@27.0%	1.0
CD012342	recall@28.0%	1.0
CD012342	recall@29.0%	1.0
CD012342	recall@30.0%	1.0
CD012342	recall@31.0%	1.0
CD012342	recall@32.0%	1.0
CD012342	recall@33.0%	1.0
CD012342	recall@34.0%	1.0
CD012342	recall@35.0%	1.0
CD012342	recall@36.0%	1.0
CD012342	recall@37.0%	1.0
CD012342	recall@38.0%	1.0
CD012342	recall@39.0%	1.0
CD012342	recall@40.0%	1.0
CD012342	recall@41.0%	1.0
CD012342	recall@42.0%	1.0
CD012342	recall@43.0%	1.0
CD012342	recall@44.0%	1.0
CD012342	recall@45.0%	1.0
CD012342	recall@46.0%	1.0
CD012342	recall@47.0%	1.0
CD012342	recall@48.0%	1.0
CD012342	recall@49.0%	1.0
CD012342	recall@50.0%	1.0
CD012342	recall@51.0%	1.0
CD012342	recall@52.0%	1.0
CD012342	recall@53.0%	1.0
CD012342	recall@54.0%	1.0
CD012342	recall@55.0%	1.0
CD012342	recall@56.0%	1.0
CD012342	recall@57.0%	1.0
CD012342	recall@58.0%	1.0
CD012342	recall@59.0%	1.0
CD012342	recall@60.0%	1.0
CD012342	recall@61.0%	1.0
CD012342	recall@62.0%	1.0
CD012342	recall@63.0%	1.0
CD012342	recall@64.0%	1.0
CD012342	recall@65.0%	1.0
CD012342	recall@66.0%	1.0
CD012342	recall@67.0%	1.0
CD012342	recall@68.0%	1.0
CD012342	recall@69.0%	1.0
CD012342	recall@70.0%	1.0
CD012342	recall@71.0%	1.0
CD012342	recall@72.0%	1.0
CD012342	recall@73.0%	1.0
CD012342	recall@74.0%	1.0
CD012342	recall@75.0%	1.0
CD012342	recall@76.0%	1.0
CD012342	recall@77.0%	1.0
CD012342	recall@78.0%	1.0
CD012342	recall@79.0%	1.0
CD012342	recall@80.0%	1.0
CD012342	recall@81.0%	1.0
CD012342	recall@82.0%	1.0
CD012342	recall@83.0%	1.0
CD012342	recall@84.0%	1.0
CD012342	recall@85.0%	1.0
CD012342	recall@86.0%	1.0
CD012342	recall@87.0%	1.0
CD012342	recall@88.0%	1.0
CD012342	recall@89.0%	1.0
CD012342	recall@90.0%	1.0
CD012342	recall@91.0%	1.0
CD012342	recall@92.0%	1.0
CD012342	recall@93.0%	1.0
CD012342	recall@94.0%	1.0
CD012342	recall@95.0%	1.0
CD012342	recall@96.0%	1.0
CD012342	recall@97.0%	1.0
CD012342	recall@98.0%	1.0
CD012342	recall@99.0%	1.0
CD012342	recall@100.0%	1.0
CD012342	total_cost	277.0
CD012342	norm_area	0.944
CD012342	ap	0.029
CD012342	r	1.0
CD012342	loss_e	0.025
CD012342	loss_r	0.0
CD012342	loss_er	0.025
CD012455	num_shown	1593
CD012455	rels_found	7
CD012455	num_rels	7
CD012455	last_rel	292
CD012455	norm_last_rel	0.183
CD012455	threshold	395
CD012455	norm_threshold	0.248
CD012455	wss_100	0.817
CD012455	wss_95	0.767
CD012455	cg_total	7.0
CD012455	cg_max	7.0
CD012455	cg_threshold	7.0
CD012455	recall_threshold	1.0
CD012455	threshold	395
CD012455	recall@1.0%	0.571
CD012455	recall@2.0%	0.857
CD012455	recall@3.0%	0.857
CD012455	recall@4.0%	0.857
CD012455	recall@5.0%	0.857
CD012455	recall@6.0%	0.857
CD012455	recall@7.0%	0.857
CD012455	recall@8.0%	0.857
CD012455	recall@9.0%	0.857
CD012455	recall@10.0%	0.857
CD012455	recall@11.0%	0.857
CD012455	recall@12.0%	0.857
CD012455	recall@13.0%	0.857
CD012455	recall@14.0%	0.857
CD012455	recall@15.0%	0.857
CD012455	recall@16.0%	0.857
CD012455	recall@17.0%	0.857
CD012455	recall@18.0%	0.857
CD012455	recall@19.0%	1.0
CD012455	recall@20.0%	1.0
CD012455	recall@21.0%	1.0
CD012455	recall@22.0%	1.0
CD012455	recall@23.0%	1.0
CD012455	recall@24.0%	1.0
CD012455	recall@25.0%	1.0
CD012455	recall@26.0%	1.0
CD012455	recall@27.0%	1.0
CD012455	recall@28.0%	1.0
CD012455	recall@29.0%	1.0
CD012455	recall@30.0%	1.0
CD012455	recall@31.0%	1.0
CD012455	recall@32.0%	1.0
CD012455	recall@33.0%	1.0
CD012455	recall@34.0%	1.0
CD012455	recall@35.0%	1.0
CD012455	recall@36.0%	1.0
CD012455	recall@37.0%	1.0
CD012455	recall@38.0%	1.0
CD012455	recall@39.0%	1.0
CD012455	recall@40.0%	1.0
CD012455	recall@41.0%	1.0
CD012455	recall@42.0%	1.0
CD012455	recall@43.0%	1.0
CD012455	recall@44.0%	1.0
CD012455	recall@45.0%	1.0
CD012455	recall@46.0%	1.0
CD012455	recall@47.0%	1.0
CD012455	recall@48.0%	1.0
CD012455	recall@49.0%	1.0
CD012455	recall@50.0%	1.0
CD012455	recall@51.0%	1.0
CD012455	recall@52.0%	1.0
CD012455	recall@53.0%	1.0
CD012455	recall@54.0%	1.0
CD012455	recall@55.0%	1.0
CD012455	recall@56.0%	1.0
CD012455	recall@57.0%	1.0
CD012455	recall@58.0%	1.0
CD012455	recall@59.0%	1.0
CD012455	recall@60.0%	1.0
CD012455	recall@61.0%	1.0
CD012455	recall@62.0%	1.0
CD012455	recall@63.0%	1.0
CD012455	recall@64.0%	1.0
CD012455	recall@65.0%	1.0
CD012455	recall@66.0%	1.0
CD012455	recall@67.0%	1.0
CD012455	recall@68.0%	1.0
CD012455	recall@69.0%	1.0
CD012455	recall@70.0%	1.0
CD012455	recall@71.0%	1.0
CD012455	recall@72.0%	1.0
CD012455	recall@73.0%	1.0
CD012455	recall@74.0%	1.0
CD012455	recall@75.0%	1.0
CD012455	recall@76.0%	1.0
CD012455	recall@77.0%	1.0
CD012455	recall@78.0%	1.0
CD012455	recall@79.0%	1.0
CD012455	recall@80.0%	1.0
CD012455	recall@81.0%	1.0
CD012455	recall@82.0%	1.0
CD012455	recall@83.0%	1.0
CD012455	recall@84.0%	1.0
CD012455	recall@85.0%	1.0
CD012455	recall@86.0%	1.0
CD012455	recall@87.0%	1.0
CD012455	recall@88.0%	1.0
CD012455	recall@89.0%	1.0
CD012455	recall@90.0%	1.0
CD012455	recall@91.0%	1.0
CD012455	recall@92.0%	1.0
CD012455	recall@93.0%	1.0
CD012455	recall@94.0%	1.0
CD012455	recall@95.0%	1.0
CD012455	recall@96.0%	1.0
CD012455	recall@97.0%	1.0
CD012455	recall@98.0%	1.0
CD012455	recall@99.0%	1.0
CD012455	recall@100.0%	1.0
CD012455	total_cost	255.0
CD012455	norm_area	0.969
CD012455	ap	0.317
CD012455	r	1.0
CD012455	loss_e	0.054
CD012455	loss_r	0.0
CD012455	loss_er	0.054
CD012551	num_shown	591
CD012551	rels_found	68
CD012551	num_rels	68
CD012551	last_rel	544
CD012551	norm_last_rel	0.92
CD012551	threshold	392
CD012551	norm_threshold	0.663
CD012551	wss_100	0.08
CD012551	wss_95	0.253
CD012551	cg_total	68.0
CD012551	cg_max	68.0
CD012551	cg_threshold	64.0
CD012551	recall_threshold	0.941
CD012551	threshold	392
CD012551	recall@1.0%	0.015
CD012551	recall@2.0%	0.044
CD012551	recall@3.0%	0.088
CD012551	recall@4.0%	0.132
CD012551	recall@5.0%	0.147
CD012551	recall@6.0%	0.176
CD012551	recall@7.0%	0.191
CD012551	recall@8.0%	0.206
CD012551	recall@9.0%	0.221
CD012551	recall@10.0%	0.265
CD012551	recall@11.0%	0.279
CD012551	recall@12.0%	0.294
CD012551	recall@13.0%	0.294
CD012551	recall@14.0%	0.309
CD012551	recall@15.0%	0.324
CD012551	recall@16.0%	0.353
CD012551	recall@17.0%	0.353
CD012551	recall@18.0%	0.368
CD012551	recall@19.0%	0.368
CD012551	recall@20.0%	0.397
CD012551	recall@21.0%	0.397
CD012551	recall@22.0%	0.397
CD012551	recall@23.0%	0.412
CD012551	recall@24.0%	0.471
CD012551	recall@25.0%	0.485
CD012551	recall@26.0%	0.485
CD012551	recall@27.0%	0.5
CD012551	recall@28.0%	0.529
CD012551	recall@29.0%	0.529
CD012551	recall@30.0%	0.529
CD012551	recall@31.0%	0.559
CD012551	recall@32.0%	0.574
CD012551	recall@33.0%	0.574
CD012551	recall@34.0%	0.588
CD012551	recall@35.0%	0.603
CD012551	recall@36.0%	0.618
CD012551	recall@37.0%	0.647
CD012551	recall@38.0%	0.647
CD012551	recall@39.0%	0.647
CD012551	recall@40.0%	0.706
CD012551	recall@41.0%	0.735
CD012551	recall@42.0%	0.75
CD012551	recall@43.0%	0.75
CD012551	recall@44.0%	0.824
CD012551	recall@45.0%	0.868
CD012551	recall@46.0%	0.868
CD012551	recall@47.0%	0.882
CD012551	recall@48.0%	0.897
CD012551	recall@49.0%	0.897
CD012551	recall@50.0%	0.897
CD012551	recall@51.0%	0.897
CD012551	recall@52.0%	0.897
CD012551	recall@53.0%	0.897
CD012551	recall@54.0%	0.897
CD012551	recall@55.0%	0.897
CD012551	recall@56.0%	0.897
CD012551	recall@57.0%	0.912
CD012551	recall@58.0%	0.912
CD012551	recall@59.0%	0.912
CD012551	recall@60.0%	0.912
CD012551	recall@61.0%	0.926
CD012551	recall@62.0%	0.926
CD012551	recall@63.0%	0.941
CD012551	recall@64.0%	0.941
CD012551	recall@65.0%	0.941
CD012551	recall@66.0%	0.941
CD012551	recall@67.0%	0.941
CD012551	recall@68.0%	0.941
CD012551	recall@69.0%	0.941
CD012551	recall@70.0%	0.956
CD012551	recall@71.0%	0.956
CD012551	recall@72.0%	0.956
CD012551	recall@73.0%	0.956
CD012551	recall@74.0%	0.956
CD012551	recall@75.0%	0.956
CD012551	recall@76.0%	0.956
CD012551	recall@77.0%	0.956
CD012551	recall@78.0%	0.956
CD012551	recall@79.0%	0.956
CD012551	recall@80.0%	0.956
CD012551	recall@81.0%	0.956
CD012551	recall@82.0%	0.956
CD012551	recall@83.0%	0.956
CD012551	recall@84.0%	0.956
CD012551	recall@85.0%	0.956
CD012551	recall@86.0%	0.956
CD012551	recall@87.0%	0.956
CD012551	recall@88.0%	0.956
CD012551	recall@89.0%	0.956
CD012551	recall@90.0%	0.971
CD012551	recall@91.0%	0.985
CD012551	recall@92.0%	1.0
CD012551	recall@93.0%	1.0
CD012551	recall@94.0%	1.0
CD012551	recall@95.0%	1.0
CD012551	recall@96.0%	1.0
CD012551	recall@97.0%	1.0
CD012551	recall@98.0%	1.0
CD012551	recall@99.0%	1.0
CD012551	recall@100.0%	1.0
CD012551	total_cost	-728.0
CD012551	norm_area	0.755
CD012551	ap	0.239
CD012551	r	0.941
CD012551	loss_e	0.156
CD012551	loss_r	0.003
CD012551	loss_er	0.159
Skipping topic: CD012567
Skipping topic: CD012661
Skipping topic: CD012669
Skipping topic: CD012768
ALL	num_shown	41997
ALL	rels_found	937
ALL	num_rels	937
ALL	last_rel	1185.0
ALL	norm_last_rel	0.519
ALL	threshold	334.0
ALL	norm_threshold	0.511
ALL	wss_100	0.481
ALL	wss_95	0.63
ALL	cg_total	47.0
ALL	cg_max	47.0
ALL	cg_threshold	34.0
ALL	recall_threshold	0.911
ALL	threshold	334.0
ALL	recall@1.0%	0.092
ALL	recall@2.0%	0.158
ALL	recall@3.0%	0.221
ALL	recall@4.0%	0.268
ALL	recall@5.0%	0.312
ALL	recall@6.0%	0.361
ALL	recall@7.0%	0.407
ALL	recall@8.0%	0.439
ALL	recall@9.0%	0.459
ALL	recall@10.0%	0.499
ALL	recall@11.0%	0.518
ALL	recall@12.0%	0.547
ALL	recall@13.0%	0.574
ALL	recall@14.0%	0.596
ALL	recall@15.0%	0.612
ALL	recall@16.0%	0.629
ALL	recall@17.0%	0.649
ALL	recall@18.0%	0.667
ALL	recall@19.0%	0.679
ALL	recall@20.0%	0.693
ALL	recall@21.0%	0.702
ALL	recall@22.0%	0.716
ALL	recall@23.0%	0.728
ALL	recall@24.0%	0.74
ALL	recall@25.0%	0.746
ALL	recall@26.0%	0.757
ALL	recall@27.0%	0.768
ALL	recall@28.0%	0.775
ALL	recall@29.0%	0.782
ALL	recall@30.0%	0.792
ALL	recall@31.0%	0.804
ALL	recall@32.0%	0.811
ALL	recall@33.0%	0.812
ALL	recall@34.0%	0.816
ALL	recall@35.0%	0.824
ALL	recall@36.0%	0.834
ALL	recall@37.0%	0.837
ALL	recall@38.0%	0.839
ALL	recall@39.0%	0.843
ALL	recall@40.0%	0.85
ALL	recall@41.0%	0.86
ALL	recall@42.0%	0.866
ALL	recall@43.0%	0.868
ALL	recall@44.0%	0.876
ALL	recall@45.0%	0.885
ALL	recall@46.0%	0.887
ALL	recall@47.0%	0.895
ALL	recall@48.0%	0.904
ALL	recall@49.0%	0.909
ALL	recall@50.0%	0.911
ALL	recall@51.0%	0.915
ALL	recall@52.0%	0.92
ALL	recall@53.0%	0.92
ALL	recall@54.0%	0.923
ALL	recall@55.0%	0.931
ALL	recall@56.0%	0.933
ALL	recall@57.0%	0.937
ALL	recall@58.0%	0.938
ALL	recall@59.0%	0.942
ALL	recall@60.0%	0.947
ALL	recall@61.0%	0.948
ALL	recall@62.0%	0.95
ALL	recall@63.0%	0.951
ALL	recall@64.0%	0.953
ALL	recall@65.0%	0.955
ALL	recall@66.0%	0.958
ALL	recall@67.0%	0.963
ALL	recall@68.0%	0.965
ALL	recall@69.0%	0.965
ALL	recall@70.0%	0.966
ALL	recall@71.0%	0.968
ALL	recall@72.0%	0.97
ALL	recall@73.0%	0.971
ALL	recall@74.0%	0.973
ALL	recall@75.0%	0.973
ALL	recall@76.0%	0.973
ALL	recall@77.0%	0.973
ALL	recall@78.0%	0.975
ALL	recall@79.0%	0.978
ALL	recall@80.0%	0.978
ALL	recall@81.0%	0.981
ALL	recall@82.0%	0.983
ALL	recall@83.0%	0.984
ALL	recall@84.0%	0.987
ALL	recall@85.0%	0.988
ALL	recall@86.0%	0.988
ALL	recall@87.0%	0.988
ALL	recall@88.0%	0.99
ALL	recall@89.0%	0.99
ALL	recall@90.0%	0.993
ALL	recall@91.0%	0.994
ALL	recall@92.0%	0.996
ALL	recall@93.0%	0.996
ALL	recall@94.0%	0.996
ALL	recall@95.0%	0.996
ALL	recall@96.0%	0.997
ALL	recall@97.0%	0.999
ALL	recall@98.0%	1.0
ALL	recall@99.0%	1.0
ALL	recall@100.0%	1.0
ALL	total_cost	174.0
ALL	norm_area	0.899
ALL	ap	0.29
ALL	r	0.911
ALL	loss_e	0.299
ALL	loss_r	0.032
ALL	loss_er	0.331
