CD000996 Duplicate 17943909
CD000996 Duplicate 25135408
CD000996 Duplicate 11822102
CD000996	num_shown	281
CD000996	rels_found	9
CD000996	num_rels	9
CD000996	last_rel	36
CD000996	norm_last_rel	0.128
CD000996	threshold	129
CD000996	norm_threshold	0.459
CD000996	wss_100	0.872
CD000996	wss_95	0.822
CD000996	cg_total	9.0
CD000996	cg_max	9.0
CD000996	cg_threshold	9.0
CD000996	recall_threshold	1.0
CD000996	threshold	129
CD000996	recall@1.0%	0.0
CD000996	recall@2.0%	0.0
CD000996	recall@3.0%	0.0
CD000996	recall@4.0%	0.0
CD000996	recall@5.0%	0.0
CD000996	recall@6.0%	0.111
CD000996	recall@7.0%	0.222
CD000996	recall@8.0%	0.222
CD000996	recall@9.0%	0.222
CD000996	recall@10.0%	0.444
CD000996	recall@11.0%	0.556
CD000996	recall@12.0%	0.889
CD000996	recall@13.0%	1.0
CD000996	recall@14.0%	1.0
CD000996	recall@15.0%	1.0
CD000996	recall@16.0%	1.0
CD000996	recall@17.0%	1.0
CD000996	recall@18.0%	1.0
CD000996	recall@19.0%	1.0
CD000996	recall@20.0%	1.0
CD000996	recall@21.0%	1.0
CD000996	recall@22.0%	1.0
CD000996	recall@23.0%	1.0
CD000996	recall@24.0%	1.0
CD000996	recall@25.0%	1.0
CD000996	recall@26.0%	1.0
CD000996	recall@27.0%	1.0
CD000996	recall@28.0%	1.0
CD000996	recall@29.0%	1.0
CD000996	recall@30.0%	1.0
CD000996	recall@31.0%	1.0
CD000996	recall@32.0%	1.0
CD000996	recall@33.0%	1.0
CD000996	recall@34.0%	1.0
CD000996	recall@35.0%	1.0
CD000996	recall@36.0%	1.0
CD000996	recall@37.0%	1.0
CD000996	recall@38.0%	1.0
CD000996	recall@39.0%	1.0
CD000996	recall@40.0%	1.0
CD000996	recall@41.0%	1.0
CD000996	recall@42.0%	1.0
CD000996	recall@43.0%	1.0
CD000996	recall@44.0%	1.0
CD000996	recall@45.0%	1.0
CD000996	recall@46.0%	1.0
CD000996	recall@47.0%	1.0
CD000996	recall@48.0%	1.0
CD000996	recall@49.0%	1.0
CD000996	recall@50.0%	1.0
CD000996	recall@51.0%	1.0
CD000996	recall@52.0%	1.0
CD000996	recall@53.0%	1.0
CD000996	recall@54.0%	1.0
CD000996	recall@55.0%	1.0
CD000996	recall@56.0%	1.0
CD000996	recall@57.0%	1.0
CD000996	recall@58.0%	1.0
CD000996	recall@59.0%	1.0
CD000996	recall@60.0%	1.0
CD000996	recall@61.0%	1.0
CD000996	recall@62.0%	1.0
CD000996	recall@63.0%	1.0
CD000996	recall@64.0%	1.0
CD000996	recall@65.0%	1.0
CD000996	recall@66.0%	1.0
CD000996	recall@67.0%	1.0
CD000996	recall@68.0%	1.0
CD000996	recall@69.0%	1.0
CD000996	recall@70.0%	1.0
CD000996	recall@71.0%	1.0
CD000996	recall@72.0%	1.0
CD000996	recall@73.0%	1.0
CD000996	recall@74.0%	1.0
CD000996	recall@75.0%	1.0
CD000996	recall@76.0%	1.0
CD000996	recall@77.0%	1.0
CD000996	recall@78.0%	1.0
CD000996	recall@79.0%	1.0
CD000996	recall@80.0%	1.0
CD000996	recall@81.0%	1.0
CD000996	recall@82.0%	1.0
CD000996	recall@83.0%	1.0
CD000996	recall@84.0%	1.0
CD000996	recall@85.0%	1.0
CD000996	recall@86.0%	1.0
CD000996	recall@87.0%	1.0
CD000996	recall@88.0%	1.0
CD000996	recall@89.0%	1.0
CD000996	recall@90.0%	1.0
CD000996	recall@91.0%	1.0
CD000996	recall@92.0%	1.0
CD000996	recall@93.0%	1.0
CD000996	recall@94.0%	1.0
CD000996	recall@95.0%	1.0
CD000996	recall@96.0%	1.0
CD000996	recall@97.0%	1.0
CD000996	recall@98.0%	1.0
CD000996	recall@99.0%	1.0
CD000996	recall@100.0%	1.0
CD000996	total_cost	-51.0
CD000996	norm_area	0.917
CD000996	ap	0.165
CD000996	r	1.0
CD000996	loss_e	0.177
CD000996	loss_r	0.0
CD000996	loss_er	0.177
CD001261 Duplicate 17928109
CD001261 Duplicate 2659560
CD001261 Duplicate 683932
CD001261 Duplicate 21411598
CD001261 Duplicate 4416631
CD001261	num_shown	571
CD001261	rels_found	72
CD001261	num_rels	72
CD001261	last_rel	385
CD001261	norm_last_rel	0.674
CD001261	threshold	263
CD001261	norm_threshold	0.461
CD001261	wss_100	0.326
CD001261	wss_95	0.516
CD001261	cg_total	72.0
CD001261	cg_max	72.0
CD001261	cg_threshold	69.0
CD001261	recall_threshold	0.958
CD001261	threshold	263
CD001261	recall@1.0%	0.0
CD001261	recall@2.0%	0.014
CD001261	recall@3.0%	0.042
CD001261	recall@4.0%	0.083
CD001261	recall@5.0%	0.125
CD001261	recall@6.0%	0.153
CD001261	recall@7.0%	0.208
CD001261	recall@8.0%	0.278
CD001261	recall@9.0%	0.319
CD001261	recall@10.0%	0.347
CD001261	recall@11.0%	0.361
CD001261	recall@12.0%	0.389
CD001261	recall@13.0%	0.403
CD001261	recall@14.0%	0.403
CD001261	recall@15.0%	0.403
CD001261	recall@16.0%	0.431
CD001261	recall@17.0%	0.458
CD001261	recall@18.0%	0.514
CD001261	recall@19.0%	0.514
CD001261	recall@20.0%	0.556
CD001261	recall@21.0%	0.556
CD001261	recall@22.0%	0.556
CD001261	recall@23.0%	0.569
CD001261	recall@24.0%	0.583
CD001261	recall@25.0%	0.611
CD001261	recall@26.0%	0.625
CD001261	recall@27.0%	0.667
CD001261	recall@28.0%	0.681
CD001261	recall@29.0%	0.681
CD001261	recall@30.0%	0.722
CD001261	recall@31.0%	0.736
CD001261	recall@32.0%	0.764
CD001261	recall@33.0%	0.792
CD001261	recall@34.0%	0.792
CD001261	recall@35.0%	0.792
CD001261	recall@36.0%	0.806
CD001261	recall@37.0%	0.833
CD001261	recall@38.0%	0.861
CD001261	recall@39.0%	0.875
CD001261	recall@40.0%	0.889
CD001261	recall@41.0%	0.889
CD001261	recall@42.0%	0.917
CD001261	recall@43.0%	0.917
CD001261	recall@44.0%	0.944
CD001261	recall@45.0%	0.944
CD001261	recall@46.0%	0.958
CD001261	recall@47.0%	0.958
CD001261	recall@48.0%	0.972
CD001261	recall@49.0%	0.972
CD001261	recall@50.0%	0.972
CD001261	recall@51.0%	0.972
CD001261	recall@52.0%	0.972
CD001261	recall@53.0%	0.972
CD001261	recall@54.0%	0.972
CD001261	recall@55.0%	0.986
CD001261	recall@56.0%	0.986
CD001261	recall@57.0%	0.986
CD001261	recall@58.0%	0.986
CD001261	recall@59.0%	0.986
CD001261	recall@60.0%	0.986
CD001261	recall@61.0%	0.986
CD001261	recall@62.0%	0.986
CD001261	recall@63.0%	0.986
CD001261	recall@64.0%	0.986
CD001261	recall@65.0%	0.986
CD001261	recall@66.0%	0.986
CD001261	recall@67.0%	0.986
CD001261	recall@68.0%	1.0
CD001261	recall@69.0%	1.0
CD001261	recall@70.0%	1.0
CD001261	recall@71.0%	1.0
CD001261	recall@72.0%	1.0
CD001261	recall@73.0%	1.0
CD001261	recall@74.0%	1.0
CD001261	recall@75.0%	1.0
CD001261	recall@76.0%	1.0
CD001261	recall@77.0%	1.0
CD001261	recall@78.0%	1.0
CD001261	recall@79.0%	1.0
CD001261	recall@80.0%	1.0
CD001261	recall@81.0%	1.0
CD001261	recall@82.0%	1.0
CD001261	recall@83.0%	1.0
CD001261	recall@84.0%	1.0
CD001261	recall@85.0%	1.0
CD001261	recall@86.0%	1.0
CD001261	recall@87.0%	1.0
CD001261	recall@88.0%	1.0
CD001261	recall@89.0%	1.0
CD001261	recall@90.0%	1.0
CD001261	recall@91.0%	1.0
CD001261	recall@92.0%	1.0
CD001261	recall@93.0%	1.0
CD001261	recall@94.0%	1.0
CD001261	recall@95.0%	1.0
CD001261	recall@96.0%	1.0
CD001261	recall@97.0%	1.0
CD001261	recall@98.0%	1.0
CD001261	recall@99.0%	1.0
CD001261	recall@100.0%	1.0
CD001261	total_cost	-997.0
CD001261	norm_area	0.844
CD001261	ap	0.323
CD001261	r	0.958
CD001261	loss_e	0.072
CD001261	loss_r	0.002
CD001261	loss_er	0.073
CD004414 Duplicate 15996346
CD004414 Duplicate 393731
CD004414 Duplicate 23808934
CD004414	num_shown	336
CD004414	rels_found	16
CD004414	num_rels	16
CD004414	last_rel	107
CD004414	norm_last_rel	0.318
CD004414	threshold	151
CD004414	norm_threshold	0.449
CD004414	wss_100	0.682
CD004414	wss_95	0.637
CD004414	cg_total	16.0
CD004414	cg_max	16.0
CD004414	cg_threshold	16.0
CD004414	recall_threshold	1.0
CD004414	threshold	151
CD004414	recall@1.0%	0.125
CD004414	recall@2.0%	0.125
CD004414	recall@3.0%	0.125
CD004414	recall@4.0%	0.125
CD004414	recall@5.0%	0.188
CD004414	recall@6.0%	0.312
CD004414	recall@7.0%	0.5
CD004414	recall@8.0%	0.562
CD004414	recall@9.0%	0.625
CD004414	recall@10.0%	0.688
CD004414	recall@11.0%	0.688
CD004414	recall@12.0%	0.688
CD004414	recall@13.0%	0.688
CD004414	recall@14.0%	0.688
CD004414	recall@15.0%	0.75
CD004414	recall@16.0%	0.75
CD004414	recall@17.0%	0.75
CD004414	recall@18.0%	0.75
CD004414	recall@19.0%	0.812
CD004414	recall@20.0%	0.875
CD004414	recall@21.0%	0.875
CD004414	recall@22.0%	0.875
CD004414	recall@23.0%	0.875
CD004414	recall@24.0%	0.875
CD004414	recall@25.0%	0.875
CD004414	recall@26.0%	0.875
CD004414	recall@27.0%	0.875
CD004414	recall@28.0%	0.875
CD004414	recall@29.0%	0.875
CD004414	recall@30.0%	0.875
CD004414	recall@31.0%	0.875
CD004414	recall@32.0%	1.0
CD004414	recall@33.0%	1.0
CD004414	recall@34.0%	1.0
CD004414	recall@35.0%	1.0
CD004414	recall@36.0%	1.0
CD004414	recall@37.0%	1.0
CD004414	recall@38.0%	1.0
CD004414	recall@39.0%	1.0
CD004414	recall@40.0%	1.0
CD004414	recall@41.0%	1.0
CD004414	recall@42.0%	1.0
CD004414	recall@43.0%	1.0
CD004414	recall@44.0%	1.0
CD004414	recall@45.0%	1.0
CD004414	recall@46.0%	1.0
CD004414	recall@47.0%	1.0
CD004414	recall@48.0%	1.0
CD004414	recall@49.0%	1.0
CD004414	recall@50.0%	1.0
CD004414	recall@51.0%	1.0
CD004414	recall@52.0%	1.0
CD004414	recall@53.0%	1.0
CD004414	recall@54.0%	1.0
CD004414	recall@55.0%	1.0
CD004414	recall@56.0%	1.0
CD004414	recall@57.0%	1.0
CD004414	recall@58.0%	1.0
CD004414	recall@59.0%	1.0
CD004414	recall@60.0%	1.0
CD004414	recall@61.0%	1.0
CD004414	recall@62.0%	1.0
CD004414	recall@63.0%	1.0
CD004414	recall@64.0%	1.0
CD004414	recall@65.0%	1.0
CD004414	recall@66.0%	1.0
CD004414	recall@67.0%	1.0
CD004414	recall@68.0%	1.0
CD004414	recall@69.0%	1.0
CD004414	recall@70.0%	1.0
CD004414	recall@71.0%	1.0
CD004414	recall@72.0%	1.0
CD004414	recall@73.0%	1.0
CD004414	recall@74.0%	1.0
CD004414	recall@75.0%	1.0
CD004414	recall@76.0%	1.0
CD004414	recall@77.0%	1.0
CD004414	recall@78.0%	1.0
CD004414	recall@79.0%	1.0
CD004414	recall@80.0%	1.0
CD004414	recall@81.0%	1.0
CD004414	recall@82.0%	1.0
CD004414	recall@83.0%	1.0
CD004414	recall@84.0%	1.0
CD004414	recall@85.0%	1.0
CD004414	recall@86.0%	1.0
CD004414	recall@87.0%	1.0
CD004414	recall@88.0%	1.0
CD004414	recall@89.0%	1.0
CD004414	recall@90.0%	1.0
CD004414	recall@91.0%	1.0
CD004414	recall@92.0%	1.0
CD004414	recall@93.0%	1.0
CD004414	recall@94.0%	1.0
CD004414	recall@95.0%	1.0
CD004414	recall@96.0%	1.0
CD004414	recall@97.0%	1.0
CD004414	recall@98.0%	1.0
CD004414	recall@99.0%	1.0
CD004414	recall@100.0%	1.0
CD004414	total_cost	-169.0
CD004414	norm_area	0.911
CD004414	ap	0.299
CD004414	r	1.0
CD004414	loss_e	0.15
CD004414	loss_r	0.0
CD004414	loss_er	0.15
CD006468 Duplicate 4050080
CD006468 Duplicate 12801835
CD006468 Duplicate 26547474
CD006468 Duplicate 4974799
CD006468 Duplicate 6577843
CD006468 Duplicate 17599396
CD006468 Duplicate 16093811
CD006468 Duplicate 21676169
CD006468 Duplicate 20139361
CD006468 Duplicate 10833839
CD006468 Duplicate 19090502
CD006468 Duplicate 26985624
CD006468 Duplicate 9684760
CD006468 Duplicate 10800798
CD006468 Duplicate 28199364
CD006468 Duplicate 26088928
CD006468 Duplicate 24769074
CD006468 Duplicate 23422224
CD006468 Duplicate 15509484
CD006468 Duplicate 19755328
CD006468 Duplicate 27979674
CD006468 Duplicate 283593
CD006468 Duplicate 24325675
CD006468 Duplicate 19084210
CD006468 Duplicate 3407358
CD006468 Duplicate 16796836
CD006468 Duplicate 22334451
CD006468 Duplicate 16093981
CD006468 Duplicate 25158647
CD006468 Duplicate 25280062
CD006468 Duplicate 10448980
CD006468 Duplicate 23300270
CD006468	num_shown	3874
CD006468	rels_found	52
CD006468	num_rels	52
CD006468	last_rel	2505
CD006468	norm_last_rel	0.647
CD006468	threshold	1808
CD006468	norm_threshold	0.467
CD006468	wss_100	0.353
CD006468	wss_95	0.706
CD006468	cg_total	52.0
CD006468	cg_max	52.0
CD006468	cg_threshold	51.0
CD006468	recall_threshold	0.981
CD006468	threshold	1808
CD006468	recall@1.0%	0.096
CD006468	recall@2.0%	0.327
CD006468	recall@3.0%	0.404
CD006468	recall@4.0%	0.519
CD006468	recall@5.0%	0.654
CD006468	recall@6.0%	0.692
CD006468	recall@7.0%	0.712
CD006468	recall@8.0%	0.769
CD006468	recall@9.0%	0.788
CD006468	recall@10.0%	0.827
CD006468	recall@11.0%	0.827
CD006468	recall@12.0%	0.827
CD006468	recall@13.0%	0.827
CD006468	recall@14.0%	0.827
CD006468	recall@15.0%	0.827
CD006468	recall@16.0%	0.827
CD006468	recall@17.0%	0.827
CD006468	recall@18.0%	0.865
CD006468	recall@19.0%	0.885
CD006468	recall@20.0%	0.885
CD006468	recall@21.0%	0.885
CD006468	recall@22.0%	0.904
CD006468	recall@23.0%	0.904
CD006468	recall@24.0%	0.923
CD006468	recall@25.0%	0.962
CD006468	recall@26.0%	0.962
CD006468	recall@27.0%	0.962
CD006468	recall@28.0%	0.962
CD006468	recall@29.0%	0.962
CD006468	recall@30.0%	0.962
CD006468	recall@31.0%	0.962
CD006468	recall@32.0%	0.962
CD006468	recall@33.0%	0.962
CD006468	recall@34.0%	0.962
CD006468	recall@35.0%	0.981
CD006468	recall@36.0%	0.981
CD006468	recall@37.0%	0.981
CD006468	recall@38.0%	0.981
CD006468	recall@39.0%	0.981
CD006468	recall@40.0%	0.981
CD006468	recall@41.0%	0.981
CD006468	recall@42.0%	0.981
CD006468	recall@43.0%	0.981
CD006468	recall@44.0%	0.981
CD006468	recall@45.0%	0.981
CD006468	recall@46.0%	0.981
CD006468	recall@47.0%	0.981
CD006468	recall@48.0%	0.981
CD006468	recall@49.0%	0.981
CD006468	recall@50.0%	0.981
CD006468	recall@51.0%	0.981
CD006468	recall@52.0%	0.981
CD006468	recall@53.0%	0.981
CD006468	recall@54.0%	0.981
CD006468	recall@55.0%	0.981
CD006468	recall@56.0%	0.981
CD006468	recall@57.0%	0.981
CD006468	recall@58.0%	0.981
CD006468	recall@59.0%	0.981
CD006468	recall@60.0%	0.981
CD006468	recall@61.0%	0.981
CD006468	recall@62.0%	0.981
CD006468	recall@63.0%	0.981
CD006468	recall@64.0%	0.981
CD006468	recall@65.0%	1.0
CD006468	recall@66.0%	1.0
CD006468	recall@67.0%	1.0
CD006468	recall@68.0%	1.0
CD006468	recall@69.0%	1.0
CD006468	recall@70.0%	1.0
CD006468	recall@71.0%	1.0
CD006468	recall@72.0%	1.0
CD006468	recall@73.0%	1.0
CD006468	recall@74.0%	1.0
CD006468	recall@75.0%	1.0
CD006468	recall@76.0%	1.0
CD006468	recall@77.0%	1.0
CD006468	recall@78.0%	1.0
CD006468	recall@79.0%	1.0
CD006468	recall@80.0%	1.0
CD006468	recall@81.0%	1.0
CD006468	recall@82.0%	1.0
CD006468	recall@83.0%	1.0
CD006468	recall@84.0%	1.0
CD006468	recall@85.0%	1.0
CD006468	recall@86.0%	1.0
CD006468	recall@87.0%	1.0
CD006468	recall@88.0%	1.0
CD006468	recall@89.0%	1.0
CD006468	recall@90.0%	1.0
CD006468	recall@91.0%	1.0
CD006468	recall@92.0%	1.0
CD006468	recall@93.0%	1.0
CD006468	recall@94.0%	1.0
CD006468	recall@95.0%	1.0
CD006468	recall@96.0%	1.0
CD006468	recall@97.0%	1.0
CD006468	recall@98.0%	1.0
CD006468	recall@99.0%	1.0
CD006468	recall@100.0%	1.0
CD006468	total_cost	828.0
CD006468	norm_area	0.93
CD006468	ap	0.152
CD006468	r	0.981
CD006468	loss_e	0.094
CD006468	loss_r	0.0
CD006468	loss_er	0.095
CD007867 Duplicate 21287798
CD007867 Duplicate 8756812
CD007867 Duplicate 12405623
CD007867 Duplicate 21621886
CD007867 Duplicate 9508019
CD007867 Duplicate 23860247
CD007867 Duplicate 23539756
CD007867	num_shown	943
CD007867	rels_found	17
CD007867	num_rels	17
CD007867	last_rel	627
CD007867	norm_last_rel	0.665
CD007867	threshold	439
CD007867	norm_threshold	0.466
CD007867	wss_100	0.335
CD007867	wss_95	0.673
CD007867	cg_total	17.0
CD007867	cg_max	17.0
CD007867	cg_threshold	16.0
CD007867	recall_threshold	0.941
CD007867	threshold	439
CD007867	recall@1.0%	0.059
CD007867	recall@2.0%	0.176
CD007867	recall@3.0%	0.235
CD007867	recall@4.0%	0.294
CD007867	recall@5.0%	0.353
CD007867	recall@6.0%	0.353
CD007867	recall@7.0%	0.471
CD007867	recall@8.0%	0.471
CD007867	recall@9.0%	0.471
CD007867	recall@10.0%	0.529
CD007867	recall@11.0%	0.529
CD007867	recall@12.0%	0.529
CD007867	recall@13.0%	0.529
CD007867	recall@14.0%	0.529
CD007867	recall@15.0%	0.529
CD007867	recall@16.0%	0.529
CD007867	recall@17.0%	0.529
CD007867	recall@18.0%	0.647
CD007867	recall@19.0%	0.647
CD007867	recall@20.0%	0.765
CD007867	recall@21.0%	0.765
CD007867	recall@22.0%	0.765
CD007867	recall@23.0%	0.824
CD007867	recall@24.0%	0.882
CD007867	recall@25.0%	0.882
CD007867	recall@26.0%	0.882
CD007867	recall@27.0%	0.882
CD007867	recall@28.0%	0.941
CD007867	recall@29.0%	0.941
CD007867	recall@30.0%	0.941
CD007867	recall@31.0%	0.941
CD007867	recall@32.0%	0.941
CD007867	recall@33.0%	0.941
CD007867	recall@34.0%	0.941
CD007867	recall@35.0%	0.941
CD007867	recall@36.0%	0.941
CD007867	recall@37.0%	0.941
CD007867	recall@38.0%	0.941
CD007867	recall@39.0%	0.941
CD007867	recall@40.0%	0.941
CD007867	recall@41.0%	0.941
CD007867	recall@42.0%	0.941
CD007867	recall@43.0%	0.941
CD007867	recall@44.0%	0.941
CD007867	recall@45.0%	0.941
CD007867	recall@46.0%	0.941
CD007867	recall@47.0%	0.941
CD007867	recall@48.0%	0.941
CD007867	recall@49.0%	0.941
CD007867	recall@50.0%	0.941
CD007867	recall@51.0%	0.941
CD007867	recall@52.0%	0.941
CD007867	recall@53.0%	0.941
CD007867	recall@54.0%	0.941
CD007867	recall@55.0%	0.941
CD007867	recall@56.0%	0.941
CD007867	recall@57.0%	0.941
CD007867	recall@58.0%	0.941
CD007867	recall@59.0%	0.941
CD007867	recall@60.0%	0.941
CD007867	recall@61.0%	0.941
CD007867	recall@62.0%	0.941
CD007867	recall@63.0%	0.941
CD007867	recall@64.0%	0.941
CD007867	recall@65.0%	0.941
CD007867	recall@66.0%	0.941
CD007867	recall@67.0%	1.0
CD007867	recall@68.0%	1.0
CD007867	recall@69.0%	1.0
CD007867	recall@70.0%	1.0
CD007867	recall@71.0%	1.0
CD007867	recall@72.0%	1.0
CD007867	recall@73.0%	1.0
CD007867	recall@74.0%	1.0
CD007867	recall@75.0%	1.0
CD007867	recall@76.0%	1.0
CD007867	recall@77.0%	1.0
CD007867	recall@78.0%	1.0
CD007867	recall@79.0%	1.0
CD007867	recall@80.0%	1.0
CD007867	recall@81.0%	1.0
CD007867	recall@82.0%	1.0
CD007867	recall@83.0%	1.0
CD007867	recall@84.0%	1.0
CD007867	recall@85.0%	1.0
CD007867	recall@86.0%	1.0
CD007867	recall@87.0%	1.0
CD007867	recall@88.0%	1.0
CD007867	recall@89.0%	1.0
CD007867	recall@90.0%	1.0
CD007867	recall@91.0%	1.0
CD007867	recall@92.0%	1.0
CD007867	recall@93.0%	1.0
CD007867	recall@94.0%	1.0
CD007867	recall@95.0%	1.0
CD007867	recall@96.0%	1.0
CD007867	recall@97.0%	1.0
CD007867	recall@98.0%	1.0
CD007867	recall@99.0%	1.0
CD007867	recall@100.0%	1.0
CD007867	total_cost	159.0
CD007867	norm_area	0.86
CD007867	ap	0.103
CD007867	r	0.941
CD007867	loss_e	0.158
CD007867	loss_r	0.003
CD007867	loss_er	0.162
Skipping topic: CD008874
Skipping topic: CD009044
CD009069 Duplicate 26896686
CD009069 Duplicate 27934795
CD009069 Duplicate 22438987
CD009069 Duplicate 18026629
CD009069 Duplicate 21812170
CD009069 Duplicate 22684521
CD009069 Duplicate 17984124
CD009069 Duplicate 23834901
CD009069 Duplicate 25133822
CD009069 Duplicate 27255620
CD009069 Duplicate 19475481
CD009069 Duplicate 25843731
CD009069 Duplicate 17519896
CD009069 Duplicate 21418685
CD009069 Duplicate 21718442
CD009069 Duplicate 21161814
CD009069 Duplicate 26381919
CD009069 Duplicate 11172923
CD009069 Duplicate 23522561
CD009069	num_shown	1757
CD009069	rels_found	78
CD009069	num_rels	78
CD009069	last_rel	1480
CD009069	norm_last_rel	0.842
CD009069	threshold	812
CD009069	norm_threshold	0.462
CD009069	wss_100	0.158
CD009069	wss_95	0.684
CD009069	cg_total	78.0
CD009069	cg_max	78.0
CD009069	cg_threshold	76.0
CD009069	recall_threshold	0.974
CD009069	threshold	812
CD009069	recall@1.0%	0.0
CD009069	recall@2.0%	0.051
CD009069	recall@3.0%	0.103
CD009069	recall@4.0%	0.141
CD009069	recall@5.0%	0.179
CD009069	recall@6.0%	0.256
CD009069	recall@7.0%	0.282
CD009069	recall@8.0%	0.359
CD009069	recall@9.0%	0.423
CD009069	recall@10.0%	0.538
CD009069	recall@11.0%	0.628
CD009069	recall@12.0%	0.744
CD009069	recall@13.0%	0.782
CD009069	recall@14.0%	0.795
CD009069	recall@15.0%	0.821
CD009069	recall@16.0%	0.821
CD009069	recall@17.0%	0.897
CD009069	recall@18.0%	0.923
CD009069	recall@19.0%	0.936
CD009069	recall@20.0%	0.936
CD009069	recall@21.0%	0.936
CD009069	recall@22.0%	0.936
CD009069	recall@23.0%	0.936
CD009069	recall@24.0%	0.936
CD009069	recall@25.0%	0.936
CD009069	recall@26.0%	0.936
CD009069	recall@27.0%	0.949
CD009069	recall@28.0%	0.949
CD009069	recall@29.0%	0.949
CD009069	recall@30.0%	0.949
CD009069	recall@31.0%	0.949
CD009069	recall@32.0%	0.962
CD009069	recall@33.0%	0.962
CD009069	recall@34.0%	0.962
CD009069	recall@35.0%	0.962
CD009069	recall@36.0%	0.962
CD009069	recall@37.0%	0.962
CD009069	recall@38.0%	0.962
CD009069	recall@39.0%	0.962
CD009069	recall@40.0%	0.962
CD009069	recall@41.0%	0.974
CD009069	recall@42.0%	0.974
CD009069	recall@43.0%	0.974
CD009069	recall@44.0%	0.974
CD009069	recall@45.0%	0.974
CD009069	recall@46.0%	0.974
CD009069	recall@47.0%	0.974
CD009069	recall@48.0%	0.974
CD009069	recall@49.0%	0.974
CD009069	recall@50.0%	0.974
CD009069	recall@51.0%	0.974
CD009069	recall@52.0%	0.974
CD009069	recall@53.0%	0.974
CD009069	recall@54.0%	0.974
CD009069	recall@55.0%	0.974
CD009069	recall@56.0%	0.974
CD009069	recall@57.0%	0.987
CD009069	recall@58.0%	0.987
CD009069	recall@59.0%	0.987
CD009069	recall@60.0%	0.987
CD009069	recall@61.0%	0.987
CD009069	recall@62.0%	0.987
CD009069	recall@63.0%	0.987
CD009069	recall@64.0%	0.987
CD009069	recall@65.0%	0.987
CD009069	recall@66.0%	0.987
CD009069	recall@67.0%	0.987
CD009069	recall@68.0%	0.987
CD009069	recall@69.0%	0.987
CD009069	recall@70.0%	0.987
CD009069	recall@71.0%	0.987
CD009069	recall@72.0%	0.987
CD009069	recall@73.0%	0.987
CD009069	recall@74.0%	0.987
CD009069	recall@75.0%	0.987
CD009069	recall@76.0%	0.987
CD009069	recall@77.0%	0.987
CD009069	recall@78.0%	0.987
CD009069	recall@79.0%	0.987
CD009069	recall@80.0%	0.987
CD009069	recall@81.0%	0.987
CD009069	recall@82.0%	0.987
CD009069	recall@83.0%	0.987
CD009069	recall@84.0%	0.987
CD009069	recall@85.0%	1.0
CD009069	recall@86.0%	1.0
CD009069	recall@87.0%	1.0
CD009069	recall@88.0%	1.0
CD009069	recall@89.0%	1.0
CD009069	recall@90.0%	1.0
CD009069	recall@91.0%	1.0
CD009069	recall@92.0%	1.0
CD009069	recall@93.0%	1.0
CD009069	recall@94.0%	1.0
CD009069	recall@95.0%	1.0
CD009069	recall@96.0%	1.0
CD009069	recall@97.0%	1.0
CD009069	recall@98.0%	1.0
CD009069	recall@99.0%	1.0
CD009069	recall@100.0%	1.0
CD009069	total_cost	-628.0
CD009069	norm_area	0.903
CD009069	ap	0.203
CD009069	r	0.974
CD009069	loss_e	0.067
CD009069	loss_r	0.001
CD009069	loss_er	0.068
CD009642 Duplicate 9627258
CD009642 Duplicate 6340015
CD009642 Duplicate 22763313
CD009642 Duplicate 23322191
CD009642 Duplicate 8487134
CD009642 Duplicate 12401606
CD009642 Duplicate 19843808
CD009642 Duplicate 9060789
CD009642 Duplicate 12664066
CD009642 Duplicate 24411542
CD009642 Duplicate 17728216
CD009642 Duplicate 24051391
CD009642 Duplicate 26330715
CD009642 Duplicate 25097089
CD009642 Duplicate 11172509
CD009642 Duplicate 3344961
CD009642 Duplicate 10071998
CD009642 Duplicate 14694502
CD009642 Duplicate 7717498
CD009642 Duplicate 20195031
CD009642 Duplicate 9174297
CD009642 Duplicate 12803269
CD009642 Duplicate 24835497
CD009642 Duplicate 25663279
CD009642	num_shown	1922
CD009642	rels_found	62
CD009642	num_rels	62
CD009642	last_rel	260
CD009642	norm_last_rel	0.135
CD009642	threshold	887
CD009642	norm_threshold	0.461
CD009642	wss_100	0.865
CD009642	wss_95	0.845
CD009642	cg_total	62.0
CD009642	cg_max	62.0
CD009642	cg_threshold	62.0
CD009642	recall_threshold	1.0
CD009642	threshold	887
CD009642	recall@1.0%	0.242
CD009642	recall@2.0%	0.452
CD009642	recall@3.0%	0.565
CD009642	recall@4.0%	0.613
CD009642	recall@5.0%	0.71
CD009642	recall@6.0%	0.79
CD009642	recall@7.0%	0.855
CD009642	recall@8.0%	0.871
CD009642	recall@9.0%	0.887
CD009642	recall@10.0%	0.935
CD009642	recall@11.0%	0.968
CD009642	recall@12.0%	0.984
CD009642	recall@13.0%	0.984
CD009642	recall@14.0%	1.0
CD009642	recall@15.0%	1.0
CD009642	recall@16.0%	1.0
CD009642	recall@17.0%	1.0
CD009642	recall@18.0%	1.0
CD009642	recall@19.0%	1.0
CD009642	recall@20.0%	1.0
CD009642	recall@21.0%	1.0
CD009642	recall@22.0%	1.0
CD009642	recall@23.0%	1.0
CD009642	recall@24.0%	1.0
CD009642	recall@25.0%	1.0
CD009642	recall@26.0%	1.0
CD009642	recall@27.0%	1.0
CD009642	recall@28.0%	1.0
CD009642	recall@29.0%	1.0
CD009642	recall@30.0%	1.0
CD009642	recall@31.0%	1.0
CD009642	recall@32.0%	1.0
CD009642	recall@33.0%	1.0
CD009642	recall@34.0%	1.0
CD009642	recall@35.0%	1.0
CD009642	recall@36.0%	1.0
CD009642	recall@37.0%	1.0
CD009642	recall@38.0%	1.0
CD009642	recall@39.0%	1.0
CD009642	recall@40.0%	1.0
CD009642	recall@41.0%	1.0
CD009642	recall@42.0%	1.0
CD009642	recall@43.0%	1.0
CD009642	recall@44.0%	1.0
CD009642	recall@45.0%	1.0
CD009642	recall@46.0%	1.0
CD009642	recall@47.0%	1.0
CD009642	recall@48.0%	1.0
CD009642	recall@49.0%	1.0
CD009642	recall@50.0%	1.0
CD009642	recall@51.0%	1.0
CD009642	recall@52.0%	1.0
CD009642	recall@53.0%	1.0
CD009642	recall@54.0%	1.0
CD009642	recall@55.0%	1.0
CD009642	recall@56.0%	1.0
CD009642	recall@57.0%	1.0
CD009642	recall@58.0%	1.0
CD009642	recall@59.0%	1.0
CD009642	recall@60.0%	1.0
CD009642	recall@61.0%	1.0
CD009642	recall@62.0%	1.0
CD009642	recall@63.0%	1.0
CD009642	recall@64.0%	1.0
CD009642	recall@65.0%	1.0
CD009642	recall@66.0%	1.0
CD009642	recall@67.0%	1.0
CD009642	recall@68.0%	1.0
CD009642	recall@69.0%	1.0
CD009642	recall@70.0%	1.0
CD009642	recall@71.0%	1.0
CD009642	recall@72.0%	1.0
CD009642	recall@73.0%	1.0
CD009642	recall@74.0%	1.0
CD009642	recall@75.0%	1.0
CD009642	recall@76.0%	1.0
CD009642	recall@77.0%	1.0
CD009642	recall@78.0%	1.0
CD009642	recall@79.0%	1.0
CD009642	recall@80.0%	1.0
CD009642	recall@81.0%	1.0
CD009642	recall@82.0%	1.0
CD009642	recall@83.0%	1.0
CD009642	recall@84.0%	1.0
CD009642	recall@85.0%	1.0
CD009642	recall@86.0%	1.0
CD009642	recall@87.0%	1.0
CD009642	recall@88.0%	1.0
CD009642	recall@89.0%	1.0
CD009642	recall@90.0%	1.0
CD009642	recall@91.0%	1.0
CD009642	recall@92.0%	1.0
CD009642	recall@93.0%	1.0
CD009642	recall@94.0%	1.0
CD009642	recall@95.0%	1.0
CD009642	recall@96.0%	1.0
CD009642	recall@97.0%	1.0
CD009642	recall@98.0%	1.0
CD009642	recall@99.0%	1.0
CD009642	recall@100.0%	1.0
CD009642	total_cost	-353.0
CD009642	norm_area	0.98
CD009642	ap	0.612
CD009642	r	1.0
CD009642	loss_e	0.081
CD009642	loss_r	0.0
CD009642	loss_er	0.081
CD010038 Duplicate 7992349
CD010038 Duplicate 27123570
CD010038 Duplicate 9473150
CD010038 Duplicate 18690957
CD010038 Duplicate 6344756
CD010038 Duplicate 26233454
CD010038 Duplicate 23062388
CD010038 Duplicate 17989948
CD010038 Duplicate 15537272
CD010038 Duplicate 9842380
CD010038 Duplicate 24921044
CD010038 Duplicate 26733134
CD010038 Duplicate 18025890
CD010038 Duplicate 27198935
CD010038 Duplicate 22709952
CD010038 Duplicate 2301350
CD010038 Duplicate 19445105
CD010038 Duplicate 23265751
CD010038 Duplicate 22041468
CD010038 Duplicate 20724343
CD010038 Duplicate 24753525
CD010038 Duplicate 6913880
CD010038 Duplicate 11012402
CD010038 Duplicate 10256
CD010038 Duplicate 26478202
CD010038 Duplicate 22360928
CD010038 Duplicate 27617023
CD010038 Duplicate 18946457
CD010038 Duplicate 21750234
CD010038 Duplicate 15905921
CD010038 Duplicate 27084284
CD010038 Duplicate 19039899
CD010038 Duplicate 12392870
CD010038 Duplicate 10726678
CD010038 Duplicate 22743861
CD010038 Duplicate 9411052
CD010038 Duplicate 26078664
CD010038 Duplicate 8701046
CD010038 Duplicate 12532540
CD010038 Duplicate 20077733
CD010038 Duplicate 1609168
CD010038 Duplicate 10867750
CD010038 Duplicate 25066382
CD010038 Duplicate 25690459
CD010038 Duplicate 26147330
CD010038 Duplicate 20066648
CD010038 Duplicate 1984388
CD010038 Duplicate 14708159
CD010038 Duplicate 23555971
CD010038 Duplicate 10796443
CD010038 Duplicate 8557071
CD010038 Duplicate 16585300
CD010038 Duplicate 24794246
CD010038 Duplicate 9272336
CD010038 Duplicate 23265374
CD010038 Duplicate 23711015
CD010038 Duplicate 26517344
CD010038 Duplicate 23274003
CD010038 Duplicate 15778966
CD010038 Duplicate 7868350
CD010038 Duplicate 21208468
CD010038 Duplicate 11687025
CD010038 Duplicate 11934772
CD010038 Duplicate 22561030
CD010038 Duplicate 26332848
CD010038 Duplicate 11392342
CD010038 Duplicate 2280756
CD010038 Duplicate 16176419
CD010038 Duplicate 24593997
CD010038 Duplicate 15460299
CD010038 Duplicate 24374502
CD010038 Duplicate 17094039
CD010038	num_shown	8867
CD010038	rels_found	23
CD010038	num_rels	23
CD010038	last_rel	2140
CD010038	norm_last_rel	0.241
CD010038	threshold	4141
CD010038	norm_threshold	0.467
CD010038	wss_100	0.759
CD010038	wss_95	0.759
CD010038	cg_total	23.0
CD010038	cg_max	23.0
CD010038	cg_threshold	23.0
CD010038	recall_threshold	1.0
CD010038	threshold	4141
CD010038	recall@1.0%	0.478
CD010038	recall@2.0%	0.739
CD010038	recall@3.0%	0.783
CD010038	recall@4.0%	0.87
CD010038	recall@5.0%	0.87
CD010038	recall@6.0%	0.913
CD010038	recall@7.0%	0.913
CD010038	recall@8.0%	0.913
CD010038	recall@9.0%	0.913
CD010038	recall@10.0%	0.913
CD010038	recall@11.0%	0.913
CD010038	recall@12.0%	0.913
CD010038	recall@13.0%	0.913
CD010038	recall@14.0%	0.913
CD010038	recall@15.0%	0.913
CD010038	recall@16.0%	0.913
CD010038	recall@17.0%	0.913
CD010038	recall@18.0%	0.913
CD010038	recall@19.0%	0.913
CD010038	recall@20.0%	0.957
CD010038	recall@21.0%	0.957
CD010038	recall@22.0%	0.957
CD010038	recall@23.0%	0.957
CD010038	recall@24.0%	0.957
CD010038	recall@25.0%	1.0
CD010038	recall@26.0%	1.0
CD010038	recall@27.0%	1.0
CD010038	recall@28.0%	1.0
CD010038	recall@29.0%	1.0
CD010038	recall@30.0%	1.0
CD010038	recall@31.0%	1.0
CD010038	recall@32.0%	1.0
CD010038	recall@33.0%	1.0
CD010038	recall@34.0%	1.0
CD010038	recall@35.0%	1.0
CD010038	recall@36.0%	1.0
CD010038	recall@37.0%	1.0
CD010038	recall@38.0%	1.0
CD010038	recall@39.0%	1.0
CD010038	recall@40.0%	1.0
CD010038	recall@41.0%	1.0
CD010038	recall@42.0%	1.0
CD010038	recall@43.0%	1.0
CD010038	recall@44.0%	1.0
CD010038	recall@45.0%	1.0
CD010038	recall@46.0%	1.0
CD010038	recall@47.0%	1.0
CD010038	recall@48.0%	1.0
CD010038	recall@49.0%	1.0
CD010038	recall@50.0%	1.0
CD010038	recall@51.0%	1.0
CD010038	recall@52.0%	1.0
CD010038	recall@53.0%	1.0
CD010038	recall@54.0%	1.0
CD010038	recall@55.0%	1.0
CD010038	recall@56.0%	1.0
CD010038	recall@57.0%	1.0
CD010038	recall@58.0%	1.0
CD010038	recall@59.0%	1.0
CD010038	recall@60.0%	1.0
CD010038	recall@61.0%	1.0
CD010038	recall@62.0%	1.0
CD010038	recall@63.0%	1.0
CD010038	recall@64.0%	1.0
CD010038	recall@65.0%	1.0
CD010038	recall@66.0%	1.0
CD010038	recall@67.0%	1.0
CD010038	recall@68.0%	1.0
CD010038	recall@69.0%	1.0
CD010038	recall@70.0%	1.0
CD010038	recall@71.0%	1.0
CD010038	recall@72.0%	1.0
CD010038	recall@73.0%	1.0
CD010038	recall@74.0%	1.0
CD010038	recall@75.0%	1.0
CD010038	recall@76.0%	1.0
CD010038	recall@77.0%	1.0
CD010038	recall@78.0%	1.0
CD010038	recall@79.0%	1.0
CD010038	recall@80.0%	1.0
CD010038	recall@81.0%	1.0
CD010038	recall@82.0%	1.0
CD010038	recall@83.0%	1.0
CD010038	recall@84.0%	1.0
CD010038	recall@85.0%	1.0
CD010038	recall@86.0%	1.0
CD010038	recall@87.0%	1.0
CD010038	recall@88.0%	1.0
CD010038	recall@89.0%	1.0
CD010038	recall@90.0%	1.0
CD010038	recall@91.0%	1.0
CD010038	recall@92.0%	1.0
CD010038	recall@93.0%	1.0
CD010038	recall@94.0%	1.0
CD010038	recall@95.0%	1.0
CD010038	recall@96.0%	1.0
CD010038	recall@97.0%	1.0
CD010038	recall@98.0%	1.0
CD010038	recall@99.0%	1.0
CD010038	recall@100.0%	1.0
CD010038	total_cost	3681.0
CD010038	norm_area	0.969
CD010038	ap	0.096
CD010038	r	1.0
CD010038	loss_e	0.144
CD010038	loss_r	0.0
CD010038	loss_er	0.144
CD010239 Duplicate 11331696
CD010239 Duplicate 28180985
CD010239 Duplicate 17234653
CD010239 Duplicate 9475317
CD010239	num_shown	224
CD010239	rels_found	12
CD010239	num_rels	12
CD010239	last_rel	24
CD010239	norm_last_rel	0.107
CD010239	threshold	101
CD010239	norm_threshold	0.451
CD010239	wss_100	0.893
CD010239	wss_95	0.887
CD010239	cg_total	12.0
CD010239	cg_max	12.0
CD010239	cg_threshold	12.0
CD010239	recall_threshold	1.0
CD010239	threshold	101
CD010239	recall@1.0%	0.167
CD010239	recall@2.0%	0.25
CD010239	recall@3.0%	0.5
CD010239	recall@4.0%	0.583
CD010239	recall@5.0%	0.667
CD010239	recall@6.0%	0.833
CD010239	recall@7.0%	0.917
CD010239	recall@8.0%	0.917
CD010239	recall@9.0%	0.917
CD010239	recall@10.0%	0.917
CD010239	recall@11.0%	1.0
CD010239	recall@12.0%	1.0
CD010239	recall@13.0%	1.0
CD010239	recall@14.0%	1.0
CD010239	recall@15.0%	1.0
CD010239	recall@16.0%	1.0
CD010239	recall@17.0%	1.0
CD010239	recall@18.0%	1.0
CD010239	recall@19.0%	1.0
CD010239	recall@20.0%	1.0
CD010239	recall@21.0%	1.0
CD010239	recall@22.0%	1.0
CD010239	recall@23.0%	1.0
CD010239	recall@24.0%	1.0
CD010239	recall@25.0%	1.0
CD010239	recall@26.0%	1.0
CD010239	recall@27.0%	1.0
CD010239	recall@28.0%	1.0
CD010239	recall@29.0%	1.0
CD010239	recall@30.0%	1.0
CD010239	recall@31.0%	1.0
CD010239	recall@32.0%	1.0
CD010239	recall@33.0%	1.0
CD010239	recall@34.0%	1.0
CD010239	recall@35.0%	1.0
CD010239	recall@36.0%	1.0
CD010239	recall@37.0%	1.0
CD010239	recall@38.0%	1.0
CD010239	recall@39.0%	1.0
CD010239	recall@40.0%	1.0
CD010239	recall@41.0%	1.0
CD010239	recall@42.0%	1.0
CD010239	recall@43.0%	1.0
CD010239	recall@44.0%	1.0
CD010239	recall@45.0%	1.0
CD010239	recall@46.0%	1.0
CD010239	recall@47.0%	1.0
CD010239	recall@48.0%	1.0
CD010239	recall@49.0%	1.0
CD010239	recall@50.0%	1.0
CD010239	recall@51.0%	1.0
CD010239	recall@52.0%	1.0
CD010239	recall@53.0%	1.0
CD010239	recall@54.0%	1.0
CD010239	recall@55.0%	1.0
CD010239	recall@56.0%	1.0
CD010239	recall@57.0%	1.0
CD010239	recall@58.0%	1.0
CD010239	recall@59.0%	1.0
CD010239	recall@60.0%	1.0
CD010239	recall@61.0%	1.0
CD010239	recall@62.0%	1.0
CD010239	recall@63.0%	1.0
CD010239	recall@64.0%	1.0
CD010239	recall@65.0%	1.0
CD010239	recall@66.0%	1.0
CD010239	recall@67.0%	1.0
CD010239	recall@68.0%	1.0
CD010239	recall@69.0%	1.0
CD010239	recall@70.0%	1.0
CD010239	recall@71.0%	1.0
CD010239	recall@72.0%	1.0
CD010239	recall@73.0%	1.0
CD010239	recall@74.0%	1.0
CD010239	recall@75.0%	1.0
CD010239	recall@76.0%	1.0
CD010239	recall@77.0%	1.0
CD010239	recall@78.0%	1.0
CD010239	recall@79.0%	1.0
CD010239	recall@80.0%	1.0
CD010239	recall@81.0%	1.0
CD010239	recall@82.0%	1.0
CD010239	recall@83.0%	1.0
CD010239	recall@84.0%	1.0
CD010239	recall@85.0%	1.0
CD010239	recall@86.0%	1.0
CD010239	recall@87.0%	1.0
CD010239	recall@88.0%	1.0
CD010239	recall@89.0%	1.0
CD010239	recall@90.0%	1.0
CD010239	recall@91.0%	1.0
CD010239	recall@92.0%	1.0
CD010239	recall@93.0%	1.0
CD010239	recall@94.0%	1.0
CD010239	recall@95.0%	1.0
CD010239	recall@96.0%	1.0
CD010239	recall@97.0%	1.0
CD010239	recall@98.0%	1.0
CD010239	recall@99.0%	1.0
CD010239	recall@100.0%	1.0
CD010239	total_cost	-139.0
CD010239	norm_area	0.989
CD010239	ap	0.796
CD010239	r	1.0
CD010239	loss_e	0.162
CD010239	loss_r	0.0
CD010239	loss_er	0.162
CD010558 Duplicate 16942980
CD010558 Duplicate 25454337
CD010558 Duplicate 16094658
CD010558 Duplicate 12085711
CD010558 Duplicate 1845438
CD010558 Duplicate 21962978
CD010558 Duplicate 22417767
CD010558 Duplicate 11424169
CD010558 Duplicate 10632230
CD010558 Duplicate 23267529
CD010558 Duplicate 22545737
CD010558 Duplicate 15352931
CD010558 Duplicate 17475734
CD010558 Duplicate 17586832
CD010558 Duplicate 22162648
CD010558 Duplicate 20385376
CD010558 Duplicate 16645534
CD010558 Duplicate 2664883
CD010558 Duplicate 22397890
CD010558 Duplicate 22079151
CD010558 Duplicate 23521569
CD010558 Duplicate 21898711
CD010558 Duplicate 21447050
CD010558 Duplicate 25963932
CD010558 Duplicate 15514409
CD010558	num_shown	2815
CD010558	rels_found	37
CD010558	num_rels	37
CD010558	last_rel	2223
CD010558	norm_last_rel	0.79
CD010558	threshold	1313
CD010558	norm_threshold	0.466
CD010558	wss_100	0.21
CD010558	wss_95	0.641
CD010558	cg_total	37.0
CD010558	cg_max	37.0
CD010558	cg_threshold	35.0
CD010558	recall_threshold	0.946
CD010558	threshold	1313
CD010558	recall@1.0%	0.081
CD010558	recall@2.0%	0.135
CD010558	recall@3.0%	0.324
CD010558	recall@4.0%	0.378
CD010558	recall@5.0%	0.405
CD010558	recall@6.0%	0.676
CD010558	recall@7.0%	0.757
CD010558	recall@8.0%	0.811
CD010558	recall@9.0%	0.865
CD010558	recall@10.0%	0.865
CD010558	recall@11.0%	0.865
CD010558	recall@12.0%	0.865
CD010558	recall@13.0%	0.865
CD010558	recall@14.0%	0.865
CD010558	recall@15.0%	0.865
CD010558	recall@16.0%	0.865
CD010558	recall@17.0%	0.892
CD010558	recall@18.0%	0.892
CD010558	recall@19.0%	0.892
CD010558	recall@20.0%	0.892
CD010558	recall@21.0%	0.892
CD010558	recall@22.0%	0.919
CD010558	recall@23.0%	0.919
CD010558	recall@24.0%	0.919
CD010558	recall@25.0%	0.919
CD010558	recall@26.0%	0.919
CD010558	recall@27.0%	0.919
CD010558	recall@28.0%	0.919
CD010558	recall@29.0%	0.919
CD010558	recall@30.0%	0.919
CD010558	recall@31.0%	0.946
CD010558	recall@32.0%	0.946
CD010558	recall@33.0%	0.946
CD010558	recall@34.0%	0.946
CD010558	recall@35.0%	0.946
CD010558	recall@36.0%	0.946
CD010558	recall@37.0%	0.946
CD010558	recall@38.0%	0.946
CD010558	recall@39.0%	0.946
CD010558	recall@40.0%	0.946
CD010558	recall@41.0%	0.946
CD010558	recall@42.0%	0.946
CD010558	recall@43.0%	0.946
CD010558	recall@44.0%	0.946
CD010558	recall@45.0%	0.946
CD010558	recall@46.0%	0.946
CD010558	recall@47.0%	0.946
CD010558	recall@48.0%	0.946
CD010558	recall@49.0%	0.946
CD010558	recall@50.0%	0.946
CD010558	recall@51.0%	0.946
CD010558	recall@52.0%	0.946
CD010558	recall@53.0%	0.946
CD010558	recall@54.0%	0.946
CD010558	recall@55.0%	0.946
CD010558	recall@56.0%	0.946
CD010558	recall@57.0%	0.946
CD010558	recall@58.0%	0.946
CD010558	recall@59.0%	0.946
CD010558	recall@60.0%	0.946
CD010558	recall@61.0%	0.946
CD010558	recall@62.0%	0.946
CD010558	recall@63.0%	0.973
CD010558	recall@64.0%	0.973
CD010558	recall@65.0%	0.973
CD010558	recall@66.0%	0.973
CD010558	recall@67.0%	0.973
CD010558	recall@68.0%	0.973
CD010558	recall@69.0%	0.973
CD010558	recall@70.0%	0.973
CD010558	recall@71.0%	0.973
CD010558	recall@72.0%	0.973
CD010558	recall@73.0%	0.973
CD010558	recall@74.0%	0.973
CD010558	recall@75.0%	0.973
CD010558	recall@76.0%	0.973
CD010558	recall@77.0%	0.973
CD010558	recall@78.0%	0.973
CD010558	recall@79.0%	1.0
CD010558	recall@80.0%	1.0
CD010558	recall@81.0%	1.0
CD010558	recall@82.0%	1.0
CD010558	recall@83.0%	1.0
CD010558	recall@84.0%	1.0
CD010558	recall@85.0%	1.0
CD010558	recall@86.0%	1.0
CD010558	recall@87.0%	1.0
CD010558	recall@88.0%	1.0
CD010558	recall@89.0%	1.0
CD010558	recall@90.0%	1.0
CD010558	recall@91.0%	1.0
CD010558	recall@92.0%	1.0
CD010558	recall@93.0%	1.0
CD010558	recall@94.0%	1.0
CD010558	recall@95.0%	1.0
CD010558	recall@96.0%	1.0
CD010558	recall@97.0%	1.0
CD010558	recall@98.0%	1.0
CD010558	recall@99.0%	1.0
CD010558	recall@100.0%	1.0
CD010558	total_cost	693.0
CD010558	norm_area	0.911
CD010558	ap	0.118
CD010558	r	0.946
CD010558	loss_e	0.116
CD010558	loss_r	0.003
CD010558	loss_er	0.119
CD010753 Duplicate 2373128
CD010753 Duplicate 8843536
CD010753 Duplicate 16648332
CD010753 Duplicate 26253622
CD010753 Duplicate 24822235
CD010753 Duplicate 22540407
CD010753 Duplicate 23289899
CD010753 Duplicate 25191915
CD010753 Duplicate 11883552
CD010753 Duplicate 23652274
CD010753 Duplicate 11401006
CD010753 Duplicate 24170221
CD010753 Duplicate 28686987
CD010753 Duplicate 7489665
CD010753 Duplicate 19329546
CD010753 Duplicate 21694613
CD010753 Duplicate 8408980
CD010753 Duplicate 18753279
CD010753 Duplicate 6378895
CD010753 Duplicate 19568826
CD010753 Duplicate 19351799
CD010753 Duplicate 8104964
CD010753 Duplicate 9493920
CD010753 Duplicate 7045018
CD010753 Duplicate 10741812
CD010753 Duplicate 3324648
CD010753 Duplicate 11379842
CD010753 Duplicate 9310521
CD010753 Duplicate 9892856
CD010753 Duplicate 26982602
CD010753	num_shown	2539
CD010753	rels_found	29
CD010753	num_rels	29
CD010753	last_rel	2366
CD010753	norm_last_rel	0.932
CD010753	threshold	1171
CD010753	norm_threshold	0.461
CD010753	wss_100	0.068
CD010753	wss_95	0.553
CD010753	cg_total	29.0
CD010753	cg_max	29.0
CD010753	cg_threshold	28.0
CD010753	recall_threshold	0.966
CD010753	threshold	1171
CD010753	recall@1.0%	0.0
CD010753	recall@2.0%	0.0
CD010753	recall@3.0%	0.034
CD010753	recall@4.0%	0.069
CD010753	recall@5.0%	0.103
CD010753	recall@6.0%	0.103
CD010753	recall@7.0%	0.103
CD010753	recall@8.0%	0.241
CD010753	recall@9.0%	0.276
CD010753	recall@10.0%	0.276
CD010753	recall@11.0%	0.31
CD010753	recall@12.0%	0.517
CD010753	recall@13.0%	0.655
CD010753	recall@14.0%	0.724
CD010753	recall@15.0%	0.724
CD010753	recall@16.0%	0.724
CD010753	recall@17.0%	0.724
CD010753	recall@18.0%	0.724
CD010753	recall@19.0%	0.724
CD010753	recall@20.0%	0.724
CD010753	recall@21.0%	0.724
CD010753	recall@22.0%	0.759
CD010753	recall@23.0%	0.828
CD010753	recall@24.0%	0.828
CD010753	recall@25.0%	0.828
CD010753	recall@26.0%	0.862
CD010753	recall@27.0%	0.862
CD010753	recall@28.0%	0.862
CD010753	recall@29.0%	0.862
CD010753	recall@30.0%	0.862
CD010753	recall@31.0%	0.862
CD010753	recall@32.0%	0.862
CD010753	recall@33.0%	0.862
CD010753	recall@34.0%	0.862
CD010753	recall@35.0%	0.862
CD010753	recall@36.0%	0.862
CD010753	recall@37.0%	0.897
CD010753	recall@38.0%	0.931
CD010753	recall@39.0%	0.931
CD010753	recall@40.0%	0.966
CD010753	recall@41.0%	0.966
CD010753	recall@42.0%	0.966
CD010753	recall@43.0%	0.966
CD010753	recall@44.0%	0.966
CD010753	recall@45.0%	0.966
CD010753	recall@46.0%	0.966
CD010753	recall@47.0%	0.966
CD010753	recall@48.0%	0.966
CD010753	recall@49.0%	0.966
CD010753	recall@50.0%	0.966
CD010753	recall@51.0%	0.966
CD010753	recall@52.0%	0.966
CD010753	recall@53.0%	0.966
CD010753	recall@54.0%	0.966
CD010753	recall@55.0%	0.966
CD010753	recall@56.0%	0.966
CD010753	recall@57.0%	0.966
CD010753	recall@58.0%	0.966
CD010753	recall@59.0%	0.966
CD010753	recall@60.0%	0.966
CD010753	recall@61.0%	0.966
CD010753	recall@62.0%	0.966
CD010753	recall@63.0%	0.966
CD010753	recall@64.0%	0.966
CD010753	recall@65.0%	0.966
CD010753	recall@66.0%	0.966
CD010753	recall@67.0%	0.966
CD010753	recall@68.0%	0.966
CD010753	recall@69.0%	0.966
CD010753	recall@70.0%	0.966
CD010753	recall@71.0%	0.966
CD010753	recall@72.0%	0.966
CD010753	recall@73.0%	0.966
CD010753	recall@74.0%	0.966
CD010753	recall@75.0%	0.966
CD010753	recall@76.0%	0.966
CD010753	recall@77.0%	0.966
CD010753	recall@78.0%	0.966
CD010753	recall@79.0%	0.966
CD010753	recall@80.0%	0.966
CD010753	recall@81.0%	0.966
CD010753	recall@82.0%	0.966
CD010753	recall@83.0%	0.966
CD010753	recall@84.0%	0.966
CD010753	recall@85.0%	0.966
CD010753	recall@86.0%	0.966
CD010753	recall@87.0%	0.966
CD010753	recall@88.0%	0.966
CD010753	recall@89.0%	0.966
CD010753	recall@90.0%	0.966
CD010753	recall@91.0%	0.966
CD010753	recall@92.0%	0.966
CD010753	recall@93.0%	0.966
CD010753	recall@94.0%	1.0
CD010753	recall@95.0%	1.0
CD010753	recall@96.0%	1.0
CD010753	recall@97.0%	1.0
CD010753	recall@98.0%	1.0
CD010753	recall@99.0%	1.0
CD010753	recall@100.0%	1.0
CD010753	total_cost	651.0
CD010753	norm_area	0.83
CD010753	ap	0.038
CD010753	r	0.966
CD010753	loss_e	0.128
CD010753	loss_r	0.001
CD010753	loss_er	0.129
CD011140 Duplicate 19458395
CD011140 Duplicate 19358234
CD011140 Duplicate 22465307
CD011140 Duplicate 9154281
CD011140 Duplicate 11729743
CD011140	num_shown	289
CD011140	rels_found	4
CD011140	num_rels	4
CD011140	last_rel	15
CD011140	norm_last_rel	0.052
CD011140	threshold	129
CD011140	norm_threshold	0.446
CD011140	wss_100	0.948
CD011140	wss_95	0.898
CD011140	cg_total	4.0
CD011140	cg_max	4.0
CD011140	cg_threshold	4.0
CD011140	recall_threshold	1.0
CD011140	threshold	129
CD011140	recall@1.0%	0.25
CD011140	recall@2.0%	0.25
CD011140	recall@3.0%	0.75
CD011140	recall@4.0%	0.75
CD011140	recall@5.0%	0.75
CD011140	recall@6.0%	1.0
CD011140	recall@7.0%	1.0
CD011140	recall@8.0%	1.0
CD011140	recall@9.0%	1.0
CD011140	recall@10.0%	1.0
CD011140	recall@11.0%	1.0
CD011140	recall@12.0%	1.0
CD011140	recall@13.0%	1.0
CD011140	recall@14.0%	1.0
CD011140	recall@15.0%	1.0
CD011140	recall@16.0%	1.0
CD011140	recall@17.0%	1.0
CD011140	recall@18.0%	1.0
CD011140	recall@19.0%	1.0
CD011140	recall@20.0%	1.0
CD011140	recall@21.0%	1.0
CD011140	recall@22.0%	1.0
CD011140	recall@23.0%	1.0
CD011140	recall@24.0%	1.0
CD011140	recall@25.0%	1.0
CD011140	recall@26.0%	1.0
CD011140	recall@27.0%	1.0
CD011140	recall@28.0%	1.0
CD011140	recall@29.0%	1.0
CD011140	recall@30.0%	1.0
CD011140	recall@31.0%	1.0
CD011140	recall@32.0%	1.0
CD011140	recall@33.0%	1.0
CD011140	recall@34.0%	1.0
CD011140	recall@35.0%	1.0
CD011140	recall@36.0%	1.0
CD011140	recall@37.0%	1.0
CD011140	recall@38.0%	1.0
CD011140	recall@39.0%	1.0
CD011140	recall@40.0%	1.0
CD011140	recall@41.0%	1.0
CD011140	recall@42.0%	1.0
CD011140	recall@43.0%	1.0
CD011140	recall@44.0%	1.0
CD011140	recall@45.0%	1.0
CD011140	recall@46.0%	1.0
CD011140	recall@47.0%	1.0
CD011140	recall@48.0%	1.0
CD011140	recall@49.0%	1.0
CD011140	recall@50.0%	1.0
CD011140	recall@51.0%	1.0
CD011140	recall@52.0%	1.0
CD011140	recall@53.0%	1.0
CD011140	recall@54.0%	1.0
CD011140	recall@55.0%	1.0
CD011140	recall@56.0%	1.0
CD011140	recall@57.0%	1.0
CD011140	recall@58.0%	1.0
CD011140	recall@59.0%	1.0
CD011140	recall@60.0%	1.0
CD011140	recall@61.0%	1.0
CD011140	recall@62.0%	1.0
CD011140	recall@63.0%	1.0
CD011140	recall@64.0%	1.0
CD011140	recall@65.0%	1.0
CD011140	recall@66.0%	1.0
CD011140	recall@67.0%	1.0
CD011140	recall@68.0%	1.0
CD011140	recall@69.0%	1.0
CD011140	recall@70.0%	1.0
CD011140	recall@71.0%	1.0
CD011140	recall@72.0%	1.0
CD011140	recall@73.0%	1.0
CD011140	recall@74.0%	1.0
CD011140	recall@75.0%	1.0
CD011140	recall@76.0%	1.0
CD011140	recall@77.0%	1.0
CD011140	recall@78.0%	1.0
CD011140	recall@79.0%	1.0
CD011140	recall@80.0%	1.0
CD011140	recall@81.0%	1.0
CD011140	recall@82.0%	1.0
CD011140	recall@83.0%	1.0
CD011140	recall@84.0%	1.0
CD011140	recall@85.0%	1.0
CD011140	recall@86.0%	1.0
CD011140	recall@87.0%	1.0
CD011140	recall@88.0%	1.0
CD011140	recall@89.0%	1.0
CD011140	recall@90.0%	1.0
CD011140	recall@91.0%	1.0
CD011140	recall@92.0%	1.0
CD011140	recall@93.0%	1.0
CD011140	recall@94.0%	1.0
CD011140	recall@95.0%	1.0
CD011140	recall@96.0%	1.0
CD011140	recall@97.0%	1.0
CD011140	recall@98.0%	1.0
CD011140	recall@99.0%	1.0
CD011140	recall@100.0%	1.0
CD011140	total_cost	49.0
CD011140	norm_area	0.98
CD011140	ap	0.346
CD011140	r	1.0
CD011140	loss_e	0.184
CD011140	loss_r	0.0
CD011140	loss_er	0.184
Skipping topic: CD011558
CD011571 Duplicate 26837052
CD011571 Duplicate 4018330
CD011571	num_shown	146
CD011571	rels_found	15
CD011571	num_rels	15
CD011571	last_rel	64
CD011571	norm_last_rel	0.438
CD011571	threshold	64
CD011571	norm_threshold	0.438
CD011571	wss_100	0.562
CD011571	wss_95	0.525
CD011571	cg_total	15.0
CD011571	cg_max	15.0
CD011571	cg_threshold	15.0
CD011571	recall_threshold	1.0
CD011571	threshold	64
CD011571	recall@1.0%	0.067
CD011571	recall@2.0%	0.067
CD011571	recall@3.0%	0.133
CD011571	recall@4.0%	0.267
CD011571	recall@5.0%	0.267
CD011571	recall@6.0%	0.333
CD011571	recall@7.0%	0.333
CD011571	recall@8.0%	0.467
CD011571	recall@9.0%	0.533
CD011571	recall@10.0%	0.6
CD011571	recall@11.0%	0.6
CD011571	recall@12.0%	0.6
CD011571	recall@13.0%	0.6
CD011571	recall@14.0%	0.6
CD011571	recall@15.0%	0.6
CD011571	recall@16.0%	0.6
CD011571	recall@17.0%	0.6
CD011571	recall@18.0%	0.6
CD011571	recall@19.0%	0.6
CD011571	recall@20.0%	0.667
CD011571	recall@21.0%	0.667
CD011571	recall@22.0%	0.667
CD011571	recall@23.0%	0.667
CD011571	recall@24.0%	0.667
CD011571	recall@25.0%	0.667
CD011571	recall@26.0%	0.667
CD011571	recall@27.0%	0.733
CD011571	recall@28.0%	0.733
CD011571	recall@29.0%	0.733
CD011571	recall@30.0%	0.733
CD011571	recall@31.0%	0.733
CD011571	recall@32.0%	0.733
CD011571	recall@33.0%	0.733
CD011571	recall@34.0%	0.733
CD011571	recall@35.0%	0.733
CD011571	recall@36.0%	0.733
CD011571	recall@37.0%	0.733
CD011571	recall@38.0%	0.733
CD011571	recall@39.0%	0.8
CD011571	recall@40.0%	0.8
CD011571	recall@41.0%	0.867
CD011571	recall@42.0%	0.867
CD011571	recall@43.0%	0.933
CD011571	recall@44.0%	1.0
CD011571	recall@45.0%	1.0
CD011571	recall@46.0%	1.0
CD011571	recall@47.0%	1.0
CD011571	recall@48.0%	1.0
CD011571	recall@49.0%	1.0
CD011571	recall@50.0%	1.0
CD011571	recall@51.0%	1.0
CD011571	recall@52.0%	1.0
CD011571	recall@53.0%	1.0
CD011571	recall@54.0%	1.0
CD011571	recall@55.0%	1.0
CD011571	recall@56.0%	1.0
CD011571	recall@57.0%	1.0
CD011571	recall@58.0%	1.0
CD011571	recall@59.0%	1.0
CD011571	recall@60.0%	1.0
CD011571	recall@61.0%	1.0
CD011571	recall@62.0%	1.0
CD011571	recall@63.0%	1.0
CD011571	recall@64.0%	1.0
CD011571	recall@65.0%	1.0
CD011571	recall@66.0%	1.0
CD011571	recall@67.0%	1.0
CD011571	recall@68.0%	1.0
CD011571	recall@69.0%	1.0
CD011571	recall@70.0%	1.0
CD011571	recall@71.0%	1.0
CD011571	recall@72.0%	1.0
CD011571	recall@73.0%	1.0
CD011571	recall@74.0%	1.0
CD011571	recall@75.0%	1.0
CD011571	recall@76.0%	1.0
CD011571	recall@77.0%	1.0
CD011571	recall@78.0%	1.0
CD011571	recall@79.0%	1.0
CD011571	recall@80.0%	1.0
CD011571	recall@81.0%	1.0
CD011571	recall@82.0%	1.0
CD011571	recall@83.0%	1.0
CD011571	recall@84.0%	1.0
CD011571	recall@85.0%	1.0
CD011571	recall@86.0%	1.0
CD011571	recall@87.0%	1.0
CD011571	recall@88.0%	1.0
CD011571	recall@89.0%	1.0
CD011571	recall@90.0%	1.0
CD011571	recall@91.0%	1.0
CD011571	recall@92.0%	1.0
CD011571	recall@93.0%	1.0
CD011571	recall@94.0%	1.0
CD011571	recall@95.0%	1.0
CD011571	recall@96.0%	1.0
CD011571	recall@97.0%	1.0
CD011571	recall@98.0%	1.0
CD011571	recall@99.0%	1.0
CD011571	recall@100.0%	1.0
CD011571	total_cost	-236.0
CD011571	norm_area	0.873
CD011571	ap	0.486
CD011571	r	1.0
CD011571	loss_e	0.145
CD011571	loss_r	0.0
CD011571	loss_er	0.145
Skipping topic: CD011686
CD011768 Duplicate 19298231
CD011768 Duplicate 22189253
CD011768 Duplicate 279164
CD011768 Duplicate 8143007
CD011768 Duplicate 2255818
CD011768 Duplicate 3127228
CD011768 Duplicate 21505367
CD011768 Duplicate 19317918
CD011768 Duplicate 27502513
CD011768 Duplicate 26465137
CD011768 Duplicate 17990420
CD011768 Duplicate 26280211
CD011768 Duplicate 10476149
CD011768 Duplicate 28137906
CD011768 Duplicate 8573235
CD011768 Duplicate 22284769
CD011768 Duplicate 24336236
CD011768 Duplicate 6540862
CD011768 Duplicate 19712656
CD011768 Duplicate 16454884
CD011768 Duplicate 1359506
CD011768 Duplicate 15601351
CD011768 Duplicate 27060371
CD011768 Duplicate 11048911
CD011768 Duplicate 25306930
CD011768 Duplicate 22237870
CD011768 Duplicate 12771346
CD011768 Duplicate 7919750
CD011768 Duplicate 11722961
CD011768 Duplicate 1526902
CD011768 Duplicate 18624780
CD011768 Duplicate 8193689
CD011768 Duplicate 2895129
CD011768 Duplicate 1972084
CD011768 Duplicate 22679922
CD011768 Duplicate 527527
CD011768 Duplicate 11216748
CD011768 Duplicate 12682716
CD011768 Duplicate 20718169
CD011768 Duplicate 26238695
CD011768 Duplicate 11413828
CD011768 Duplicate 8726725
CD011768 Duplicate 10877363
CD011768 Duplicate 1496120
CD011768 Duplicate 22044902
CD011768 Duplicate 7745174
CD011768 Duplicate 8636523
CD011768 Duplicate 12643477
CD011768 Duplicate 19082281
CD011768 Duplicate 15251236
CD011768 Duplicate 11374532
CD011768 Duplicate 8826172
CD011768 Duplicate 24083002
CD011768 Duplicate 9668743
CD011768 Duplicate 19846010
CD011768 Duplicate 17661605
CD011768 Duplicate 19839992
CD011768 Duplicate 18838027
CD011768 Duplicate 3745586
CD011768 Duplicate 3198533
CD011768 Duplicate 21550373
CD011768 Duplicate 17371795
CD011768 Duplicate 11831518
CD011768 Duplicate 24616887
CD011768 Duplicate 23078885
CD011768 Duplicate 24895245
CD011768 Duplicate 15243563
CD011768 Duplicate 1486520
CD011768 Duplicate 24923516
CD011768 Duplicate 18716652
CD011768 Duplicate 25518876
CD011768 Duplicate 16756782
CD011768 Duplicate 6462632
CD011768 Duplicate 8657386
CD011768 Duplicate 15806450
CD011768 Duplicate 22748455
CD011768 Duplicate 25725185
CD011768 Duplicate 21389794
CD011768 Duplicate 8780904
CD011768 Duplicate 23973795
CD011768 Duplicate 25343026
CD011768 Duplicate 23136309
CD011768 Duplicate 19136396
CD011768 Duplicate 10917918
CD011768 Duplicate 6731685
CD011768 Duplicate 12022635
CD011768 Duplicate 19343527
CD011768 Duplicate 21342214
CD011768 Duplicate 26178463
CD011768 Duplicate 26158454
CD011768 Duplicate 10521048
CD011768 Duplicate 1944470
CD011768 Duplicate 10845745
CD011768 Duplicate 21883560
CD011768 Duplicate 22785179
CD011768 Duplicate 14599037
CD011768 Duplicate 8087768
CD011768 Duplicate 17182816
CD011768	num_shown	9160
CD011768	rels_found	54
CD011768	num_rels	54
CD011768	last_rel	3030
CD011768	norm_last_rel	0.331
CD011768	threshold	4252
CD011768	norm_threshold	0.464
CD011768	wss_100	0.669
CD011768	wss_95	0.833
CD011768	cg_total	54.0
CD011768	cg_max	54.0
CD011768	cg_threshold	54.0
CD011768	recall_threshold	1.0
CD011768	threshold	4252
CD011768	recall@1.0%	0.37
CD011768	recall@2.0%	0.537
CD011768	recall@3.0%	0.63
CD011768	recall@4.0%	0.722
CD011768	recall@5.0%	0.741
CD011768	recall@6.0%	0.759
CD011768	recall@7.0%	0.796
CD011768	recall@8.0%	0.852
CD011768	recall@9.0%	0.852
CD011768	recall@10.0%	0.852
CD011768	recall@11.0%	0.87
CD011768	recall@12.0%	0.944
CD011768	recall@13.0%	0.944
CD011768	recall@14.0%	0.944
CD011768	recall@15.0%	0.944
CD011768	recall@16.0%	0.944
CD011768	recall@17.0%	0.963
CD011768	recall@18.0%	0.981
CD011768	recall@19.0%	0.981
CD011768	recall@20.0%	0.981
CD011768	recall@21.0%	0.981
CD011768	recall@22.0%	0.981
CD011768	recall@23.0%	0.981
CD011768	recall@24.0%	0.981
CD011768	recall@25.0%	0.981
CD011768	recall@26.0%	0.981
CD011768	recall@27.0%	0.981
CD011768	recall@28.0%	0.981
CD011768	recall@29.0%	0.981
CD011768	recall@30.0%	0.981
CD011768	recall@31.0%	0.981
CD011768	recall@32.0%	0.981
CD011768	recall@33.0%	0.981
CD011768	recall@34.0%	1.0
CD011768	recall@35.0%	1.0
CD011768	recall@36.0%	1.0
CD011768	recall@37.0%	1.0
CD011768	recall@38.0%	1.0
CD011768	recall@39.0%	1.0
CD011768	recall@40.0%	1.0
CD011768	recall@41.0%	1.0
CD011768	recall@42.0%	1.0
CD011768	recall@43.0%	1.0
CD011768	recall@44.0%	1.0
CD011768	recall@45.0%	1.0
CD011768	recall@46.0%	1.0
CD011768	recall@47.0%	1.0
CD011768	recall@48.0%	1.0
CD011768	recall@49.0%	1.0
CD011768	recall@50.0%	1.0
CD011768	recall@51.0%	1.0
CD011768	recall@52.0%	1.0
CD011768	recall@53.0%	1.0
CD011768	recall@54.0%	1.0
CD011768	recall@55.0%	1.0
CD011768	recall@56.0%	1.0
CD011768	recall@57.0%	1.0
CD011768	recall@58.0%	1.0
CD011768	recall@59.0%	1.0
CD011768	recall@60.0%	1.0
CD011768	recall@61.0%	1.0
CD011768	recall@62.0%	1.0
CD011768	recall@63.0%	1.0
CD011768	recall@64.0%	1.0
CD011768	recall@65.0%	1.0
CD011768	recall@66.0%	1.0
CD011768	recall@67.0%	1.0
CD011768	recall@68.0%	1.0
CD011768	recall@69.0%	1.0
CD011768	recall@70.0%	1.0
CD011768	recall@71.0%	1.0
CD011768	recall@72.0%	1.0
CD011768	recall@73.0%	1.0
CD011768	recall@74.0%	1.0
CD011768	recall@75.0%	1.0
CD011768	recall@76.0%	1.0
CD011768	recall@77.0%	1.0
CD011768	recall@78.0%	1.0
CD011768	recall@79.0%	1.0
CD011768	recall@80.0%	1.0
CD011768	recall@81.0%	1.0
CD011768	recall@82.0%	1.0
CD011768	recall@83.0%	1.0
CD011768	recall@84.0%	1.0
CD011768	recall@85.0%	1.0
CD011768	recall@86.0%	1.0
CD011768	recall@87.0%	1.0
CD011768	recall@88.0%	1.0
CD011768	recall@89.0%	1.0
CD011768	recall@90.0%	1.0
CD011768	recall@91.0%	1.0
CD011768	recall@92.0%	1.0
CD011768	recall@93.0%	1.0
CD011768	recall@94.0%	1.0
CD011768	recall@95.0%	1.0
CD011768	recall@96.0%	1.0
CD011768	recall@97.0%	1.0
CD011768	recall@98.0%	1.0
CD011768	recall@99.0%	1.0
CD011768	recall@100.0%	1.0
CD011768	total_cost	3172.0
CD011768	norm_area	0.963
CD011768	ap	0.229
CD011768	r	1.0
CD011768	loss_e	0.091
CD011768	loss_r	0.0
CD011768	loss_er	0.091
Skipping topic: CD011787
CD011977 Duplicate 19575919
CD011977 Duplicate 19304088
CD011977 Duplicate 21183103
CD011977 Duplicate 17534810
CD011977	num_shown	195
CD011977	rels_found	49
CD011977	num_rels	49
CD011977	last_rel	141
CD011977	norm_last_rel	0.723
CD011977	threshold	88
CD011977	norm_threshold	0.451
CD011977	wss_100	0.277
CD011977	wss_95	0.391
CD011977	cg_total	49.0
CD011977	cg_max	49.0
CD011977	cg_threshold	40.0
CD011977	recall_threshold	0.816
CD011977	threshold	88
CD011977	recall@1.0%	0.02
CD011977	recall@2.0%	0.041
CD011977	recall@3.0%	0.061
CD011977	recall@4.0%	0.102
CD011977	recall@5.0%	0.122
CD011977	recall@6.0%	0.163
CD011977	recall@7.0%	0.184
CD011977	recall@8.0%	0.204
CD011977	recall@9.0%	0.245
CD011977	recall@10.0%	0.265
CD011977	recall@11.0%	0.286
CD011977	recall@12.0%	0.327
CD011977	recall@13.0%	0.367
CD011977	recall@14.0%	0.388
CD011977	recall@15.0%	0.408
CD011977	recall@16.0%	0.408
CD011977	recall@17.0%	0.429
CD011977	recall@18.0%	0.449
CD011977	recall@19.0%	0.469
CD011977	recall@20.0%	0.49
CD011977	recall@21.0%	0.51
CD011977	recall@22.0%	0.531
CD011977	recall@23.0%	0.571
CD011977	recall@24.0%	0.592
CD011977	recall@25.0%	0.612
CD011977	recall@26.0%	0.633
CD011977	recall@27.0%	0.633
CD011977	recall@28.0%	0.653
CD011977	recall@29.0%	0.653
CD011977	recall@30.0%	0.673
CD011977	recall@31.0%	0.694
CD011977	recall@32.0%	0.694
CD011977	recall@33.0%	0.694
CD011977	recall@34.0%	0.735
CD011977	recall@35.0%	0.755
CD011977	recall@36.0%	0.776
CD011977	recall@37.0%	0.776
CD011977	recall@38.0%	0.776
CD011977	recall@39.0%	0.796
CD011977	recall@40.0%	0.796
CD011977	recall@41.0%	0.796
CD011977	recall@42.0%	0.816
CD011977	recall@43.0%	0.816
CD011977	recall@44.0%	0.816
CD011977	recall@45.0%	0.816
CD011977	recall@46.0%	0.837
CD011977	recall@47.0%	0.857
CD011977	recall@48.0%	0.878
CD011977	recall@49.0%	0.878
CD011977	recall@50.0%	0.898
CD011977	recall@51.0%	0.918
CD011977	recall@52.0%	0.918
CD011977	recall@53.0%	0.918
CD011977	recall@54.0%	0.918
CD011977	recall@55.0%	0.939
CD011977	recall@56.0%	0.959
CD011977	recall@57.0%	0.959
CD011977	recall@58.0%	0.98
CD011977	recall@59.0%	0.98
CD011977	recall@60.0%	0.98
CD011977	recall@61.0%	0.98
CD011977	recall@62.0%	0.98
CD011977	recall@63.0%	0.98
CD011977	recall@64.0%	0.98
CD011977	recall@65.0%	0.98
CD011977	recall@66.0%	0.98
CD011977	recall@67.0%	0.98
CD011977	recall@68.0%	0.98
CD011977	recall@69.0%	0.98
CD011977	recall@70.0%	0.98
CD011977	recall@71.0%	0.98
CD011977	recall@72.0%	0.98
CD011977	recall@73.0%	1.0
CD011977	recall@74.0%	1.0
CD011977	recall@75.0%	1.0
CD011977	recall@76.0%	1.0
CD011977	recall@77.0%	1.0
CD011977	recall@78.0%	1.0
CD011977	recall@79.0%	1.0
CD011977	recall@80.0%	1.0
CD011977	recall@81.0%	1.0
CD011977	recall@82.0%	1.0
CD011977	recall@83.0%	1.0
CD011977	recall@84.0%	1.0
CD011977	recall@85.0%	1.0
CD011977	recall@86.0%	1.0
CD011977	recall@87.0%	1.0
CD011977	recall@88.0%	1.0
CD011977	recall@89.0%	1.0
CD011977	recall@90.0%	1.0
CD011977	recall@91.0%	1.0
CD011977	recall@92.0%	1.0
CD011977	recall@93.0%	1.0
CD011977	recall@94.0%	1.0
CD011977	recall@95.0%	1.0
CD011977	recall@96.0%	1.0
CD011977	recall@97.0%	1.0
CD011977	recall@98.0%	1.0
CD011977	recall@99.0%	1.0
CD011977	recall@100.0%	1.0
CD011977	total_cost	-352.0
CD011977	norm_area	0.87
CD011977	ap	0.595
CD011977	r	0.816
CD011977	loss_e	0.092
CD011977	loss_r	0.034
CD011977	loss_er	0.125
CD012069 Duplicate 17201625
CD012069 Duplicate 16816217
CD012069 Duplicate 16832317
CD012069 Duplicate 12894927
CD012069 Duplicate 889324
CD012069 Duplicate 17200281
CD012069 Duplicate 4944193
CD012069 Duplicate 19752258
CD012069 Duplicate 1580893
CD012069 Duplicate 19188195
CD012069 Duplicate 14294789
CD012069 Duplicate 5845239
CD012069 Duplicate 6588853
CD012069 Duplicate 5090403
CD012069 Duplicate 10933114
CD012069 Duplicate 3549871
CD012069 Duplicate 19928542
CD012069 Duplicate 24875071
CD012069 Duplicate 21901418
CD012069 Duplicate 1944967
CD012069 Duplicate 15809411
CD012069 Duplicate 2808257
CD012069 Duplicate 17690058
CD012069 Duplicate 1757710
CD012069 Duplicate 3052064
CD012069 Duplicate 20445837
CD012069 Duplicate 2768616
CD012069 Duplicate 11888837
CD012069 Duplicate 23139692
CD012069	num_shown	3479
CD012069	rels_found	320
CD012069	num_rels	320
CD012069	last_rel	3351
CD012069	norm_last_rel	0.963
CD012069	threshold	1622
CD012069	norm_threshold	0.466
CD012069	wss_100	0.037
CD012069	wss_95	0.147
CD012069	cg_total	320.0
CD012069	cg_max	320.0
CD012069	cg_threshold	236.0
CD012069	recall_threshold	0.738
CD012069	threshold	1622
CD012069	recall@1.0%	0.056
CD012069	recall@2.0%	0.078
CD012069	recall@3.0%	0.122
CD012069	recall@4.0%	0.156
CD012069	recall@5.0%	0.188
CD012069	recall@6.0%	0.219
CD012069	recall@7.0%	0.244
CD012069	recall@8.0%	0.278
CD012069	recall@9.0%	0.291
CD012069	recall@10.0%	0.312
CD012069	recall@11.0%	0.338
CD012069	recall@12.0%	0.356
CD012069	recall@13.0%	0.362
CD012069	recall@14.0%	0.378
CD012069	recall@15.0%	0.409
CD012069	recall@16.0%	0.422
CD012069	recall@17.0%	0.431
CD012069	recall@18.0%	0.447
CD012069	recall@19.0%	0.459
CD012069	recall@20.0%	0.463
CD012069	recall@21.0%	0.481
CD012069	recall@22.0%	0.494
CD012069	recall@23.0%	0.506
CD012069	recall@24.0%	0.512
CD012069	recall@25.0%	0.512
CD012069	recall@26.0%	0.522
CD012069	recall@27.0%	0.531
CD012069	recall@28.0%	0.534
CD012069	recall@29.0%	0.547
CD012069	recall@30.0%	0.547
CD012069	recall@31.0%	0.556
CD012069	recall@32.0%	0.566
CD012069	recall@33.0%	0.566
CD012069	recall@34.0%	0.575
CD012069	recall@35.0%	0.591
CD012069	recall@36.0%	0.603
CD012069	recall@37.0%	0.609
CD012069	recall@38.0%	0.637
CD012069	recall@39.0%	0.65
CD012069	recall@40.0%	0.672
CD012069	recall@41.0%	0.678
CD012069	recall@42.0%	0.688
CD012069	recall@43.0%	0.694
CD012069	recall@44.0%	0.7
CD012069	recall@45.0%	0.725
CD012069	recall@46.0%	0.731
CD012069	recall@47.0%	0.738
CD012069	recall@48.0%	0.747
CD012069	recall@49.0%	0.759
CD012069	recall@50.0%	0.762
CD012069	recall@51.0%	0.769
CD012069	recall@52.0%	0.778
CD012069	recall@53.0%	0.787
CD012069	recall@54.0%	0.794
CD012069	recall@55.0%	0.797
CD012069	recall@56.0%	0.806
CD012069	recall@57.0%	0.822
CD012069	recall@58.0%	0.825
CD012069	recall@59.0%	0.831
CD012069	recall@60.0%	0.834
CD012069	recall@61.0%	0.841
CD012069	recall@62.0%	0.844
CD012069	recall@63.0%	0.85
CD012069	recall@64.0%	0.856
CD012069	recall@65.0%	0.859
CD012069	recall@66.0%	0.878
CD012069	recall@67.0%	0.881
CD012069	recall@68.0%	0.894
CD012069	recall@69.0%	0.897
CD012069	recall@70.0%	0.903
CD012069	recall@71.0%	0.906
CD012069	recall@72.0%	0.922
CD012069	recall@73.0%	0.925
CD012069	recall@74.0%	0.928
CD012069	recall@75.0%	0.931
CD012069	recall@76.0%	0.938
CD012069	recall@77.0%	0.944
CD012069	recall@78.0%	0.944
CD012069	recall@79.0%	0.944
CD012069	recall@80.0%	0.947
CD012069	recall@81.0%	0.959
CD012069	recall@82.0%	0.963
CD012069	recall@83.0%	0.963
CD012069	recall@84.0%	0.969
CD012069	recall@85.0%	0.969
CD012069	recall@86.0%	0.969
CD012069	recall@87.0%	0.969
CD012069	recall@88.0%	0.972
CD012069	recall@89.0%	0.981
CD012069	recall@90.0%	0.981
CD012069	recall@91.0%	0.984
CD012069	recall@92.0%	0.984
CD012069	recall@93.0%	0.991
CD012069	recall@94.0%	0.991
CD012069	recall@95.0%	0.997
CD012069	recall@96.0%	0.997
CD012069	recall@97.0%	1.0
CD012069	recall@98.0%	1.0
CD012069	recall@99.0%	1.0
CD012069	recall@100.0%	1.0
CD012069	total_cost	262.0
CD012069	norm_area	0.73
CD012069	ap	0.236
CD012069	r	0.738
CD012069	loss_e	0.012
CD012069	loss_r	0.069
CD012069	loss_er	0.081
Skipping topic: CD012080
CD012164 Duplicate 22160028
CD012164	num_shown	62
CD012164	rels_found	7
CD012164	num_rels	7
CD012164	last_rel	60
CD012164	norm_last_rel	0.968
CD012164	threshold	26
CD012164	norm_threshold	0.419
CD012164	wss_100	0.032
CD012164	wss_95	-0.018
CD012164	cg_total	7.0
CD012164	cg_max	7.0
CD012164	cg_threshold	2.0
CD012164	recall_threshold	0.286
CD012164	threshold	26
CD012164	recall@1.0%	0.0
CD012164	recall@2.0%	0.0
CD012164	recall@3.0%	0.143
CD012164	recall@4.0%	0.143
CD012164	recall@5.0%	0.143
CD012164	recall@6.0%	0.143
CD012164	recall@7.0%	0.143
CD012164	recall@8.0%	0.286
CD012164	recall@9.0%	0.286
CD012164	recall@10.0%	0.286
CD012164	recall@11.0%	0.286
CD012164	recall@12.0%	0.286
CD012164	recall@13.0%	0.286
CD012164	recall@14.0%	0.286
CD012164	recall@15.0%	0.286
CD012164	recall@16.0%	0.286
CD012164	recall@17.0%	0.286
CD012164	recall@18.0%	0.286
CD012164	recall@19.0%	0.286
CD012164	recall@20.0%	0.286
CD012164	recall@21.0%	0.286
CD012164	recall@22.0%	0.286
CD012164	recall@23.0%	0.286
CD012164	recall@24.0%	0.286
CD012164	recall@25.0%	0.286
CD012164	recall@26.0%	0.286
CD012164	recall@27.0%	0.286
CD012164	recall@28.0%	0.286
CD012164	recall@29.0%	0.286
CD012164	recall@30.0%	0.286
CD012164	recall@31.0%	0.286
CD012164	recall@32.0%	0.286
CD012164	recall@33.0%	0.286
CD012164	recall@34.0%	0.286
CD012164	recall@35.0%	0.286
CD012164	recall@36.0%	0.286
CD012164	recall@37.0%	0.286
CD012164	recall@38.0%	0.286
CD012164	recall@39.0%	0.286
CD012164	recall@40.0%	0.286
CD012164	recall@41.0%	0.286
CD012164	recall@42.0%	0.286
CD012164	recall@43.0%	0.286
CD012164	recall@44.0%	0.429
CD012164	recall@45.0%	0.429
CD012164	recall@46.0%	0.429
CD012164	recall@47.0%	0.429
CD012164	recall@48.0%	0.429
CD012164	recall@49.0%	0.429
CD012164	recall@50.0%	0.429
CD012164	recall@51.0%	0.429
CD012164	recall@52.0%	0.429
CD012164	recall@53.0%	0.429
CD012164	recall@54.0%	0.571
CD012164	recall@55.0%	0.571
CD012164	recall@56.0%	0.571
CD012164	recall@57.0%	0.571
CD012164	recall@58.0%	0.571
CD012164	recall@59.0%	0.571
CD012164	recall@60.0%	0.571
CD012164	recall@61.0%	0.571
CD012164	recall@62.0%	0.571
CD012164	recall@63.0%	0.571
CD012164	recall@64.0%	0.571
CD012164	recall@65.0%	0.571
CD012164	recall@66.0%	0.571
CD012164	recall@67.0%	0.571
CD012164	recall@68.0%	0.571
CD012164	recall@69.0%	0.571
CD012164	recall@70.0%	0.571
CD012164	recall@71.0%	0.571
CD012164	recall@72.0%	0.571
CD012164	recall@73.0%	0.571
CD012164	recall@74.0%	0.571
CD012164	recall@75.0%	0.571
CD012164	recall@76.0%	0.571
CD012164	recall@77.0%	0.714
CD012164	recall@78.0%	0.714
CD012164	recall@79.0%	0.714
CD012164	recall@80.0%	0.714
CD012164	recall@81.0%	0.714
CD012164	recall@82.0%	0.714
CD012164	recall@83.0%	0.714
CD012164	recall@84.0%	0.714
CD012164	recall@85.0%	0.714
CD012164	recall@86.0%	0.714
CD012164	recall@87.0%	0.714
CD012164	recall@88.0%	0.857
CD012164	recall@89.0%	0.857
CD012164	recall@90.0%	0.857
CD012164	recall@91.0%	0.857
CD012164	recall@92.0%	0.857
CD012164	recall@93.0%	0.857
CD012164	recall@94.0%	0.857
CD012164	recall@95.0%	0.857
CD012164	recall@96.0%	0.857
CD012164	recall@97.0%	0.857
CD012164	recall@98.0%	1.0
CD012164	recall@99.0%	1.0
CD012164	recall@100.0%	1.0
CD012164	total_cost	186.0
CD012164	norm_area	0.512
CD012164	ap	0.209
CD012164	r	0.286
CD012164	loss_e	0.159
CD012164	loss_r	0.51
CD012164	loss_er	0.669
Skipping topic: CD012233
CD012342 Duplicate 8233277
CD012342 Duplicate 15717694
CD012342 Duplicate 27129318
CD012342 Duplicate 7711672
CD012342 Duplicate 1381453
CD012342 Duplicate 24849397
CD012342 Duplicate 7636550
CD012342 Duplicate 8040667
CD012342 Duplicate 24797790
CD012342 Duplicate 26345109
CD012342 Duplicate 8091463
CD012342 Duplicate 23083962
CD012342 Duplicate 16048493
CD012342 Duplicate 22666325
CD012342 Duplicate 23535672
CD012342 Duplicate 26497387
CD012342 Duplicate 24892422
CD012342 Duplicate 24433306
CD012342 Duplicate 19878361
CD012342 Duplicate 11350483
CD012342 Duplicate 9859077
CD012342 Duplicate 9626795
CD012342 Duplicate 9404921
CD012342 Duplicate 27375850
CD012342 Duplicate 9708644
CD012342	num_shown	2353
CD012342	rels_found	6
CD012342	num_rels	6
CD012342	last_rel	195
CD012342	norm_last_rel	0.083
CD012342	threshold	1090
CD012342	norm_threshold	0.463
CD012342	wss_100	0.917
CD012342	wss_95	0.867
CD012342	cg_total	6.0
CD012342	cg_max	6.0
CD012342	cg_threshold	6.0
CD012342	recall_threshold	1.0
CD012342	threshold	1090
CD012342	recall@1.0%	0.167
CD012342	recall@2.0%	0.167
CD012342	recall@3.0%	0.167
CD012342	recall@4.0%	0.167
CD012342	recall@5.0%	0.167
CD012342	recall@6.0%	0.167
CD012342	recall@7.0%	0.833
CD012342	recall@8.0%	0.833
CD012342	recall@9.0%	1.0
CD012342	recall@10.0%	1.0
CD012342	recall@11.0%	1.0
CD012342	recall@12.0%	1.0
CD012342	recall@13.0%	1.0
CD012342	recall@14.0%	1.0
CD012342	recall@15.0%	1.0
CD012342	recall@16.0%	1.0
CD012342	recall@17.0%	1.0
CD012342	recall@18.0%	1.0
CD012342	recall@19.0%	1.0
CD012342	recall@20.0%	1.0
CD012342	recall@21.0%	1.0
CD012342	recall@22.0%	1.0
CD012342	recall@23.0%	1.0
CD012342	recall@24.0%	1.0
CD012342	recall@25.0%	1.0
CD012342	recall@26.0%	1.0
CD012342	recall@27.0%	1.0
CD012342	recall@28.0%	1.0
CD012342	recall@29.0%	1.0
CD012342	recall@30.0%	1.0
CD012342	recall@31.0%	1.0
CD012342	recall@32.0%	1.0
CD012342	recall@33.0%	1.0
CD012342	recall@34.0%	1.0
CD012342	recall@35.0%	1.0
CD012342	recall@36.0%	1.0
CD012342	recall@37.0%	1.0
CD012342	recall@38.0%	1.0
CD012342	recall@39.0%	1.0
CD012342	recall@40.0%	1.0
CD012342	recall@41.0%	1.0
CD012342	recall@42.0%	1.0
CD012342	recall@43.0%	1.0
CD012342	recall@44.0%	1.0
CD012342	recall@45.0%	1.0
CD012342	recall@46.0%	1.0
CD012342	recall@47.0%	1.0
CD012342	recall@48.0%	1.0
CD012342	recall@49.0%	1.0
CD012342	recall@50.0%	1.0
CD012342	recall@51.0%	1.0
CD012342	recall@52.0%	1.0
CD012342	recall@53.0%	1.0
CD012342	recall@54.0%	1.0
CD012342	recall@55.0%	1.0
CD012342	recall@56.0%	1.0
CD012342	recall@57.0%	1.0
CD012342	recall@58.0%	1.0
CD012342	recall@59.0%	1.0
CD012342	recall@60.0%	1.0
CD012342	recall@61.0%	1.0
CD012342	recall@62.0%	1.0
CD012342	recall@63.0%	1.0
CD012342	recall@64.0%	1.0
CD012342	recall@65.0%	1.0
CD012342	recall@66.0%	1.0
CD012342	recall@67.0%	1.0
CD012342	recall@68.0%	1.0
CD012342	recall@69.0%	1.0
CD012342	recall@70.0%	1.0
CD012342	recall@71.0%	1.0
CD012342	recall@72.0%	1.0
CD012342	recall@73.0%	1.0
CD012342	recall@74.0%	1.0
CD012342	recall@75.0%	1.0
CD012342	recall@76.0%	1.0
CD012342	recall@77.0%	1.0
CD012342	recall@78.0%	1.0
CD012342	recall@79.0%	1.0
CD012342	recall@80.0%	1.0
CD012342	recall@81.0%	1.0
CD012342	recall@82.0%	1.0
CD012342	recall@83.0%	1.0
CD012342	recall@84.0%	1.0
CD012342	recall@85.0%	1.0
CD012342	recall@86.0%	1.0
CD012342	recall@87.0%	1.0
CD012342	recall@88.0%	1.0
CD012342	recall@89.0%	1.0
CD012342	recall@90.0%	1.0
CD012342	recall@91.0%	1.0
CD012342	recall@92.0%	1.0
CD012342	recall@93.0%	1.0
CD012342	recall@94.0%	1.0
CD012342	recall@95.0%	1.0
CD012342	recall@96.0%	1.0
CD012342	recall@97.0%	1.0
CD012342	recall@98.0%	1.0
CD012342	recall@99.0%	1.0
CD012342	recall@100.0%	1.0
CD012342	total_cost	970.0
CD012342	norm_area	0.944
CD012342	ap	0.029
CD012342	r	1.0
CD012342	loss_e	0.191
CD012342	loss_r	0.0
CD012342	loss_er	0.191
CD012455 Duplicate 25520823
CD012455 Duplicate 25004177
CD012455 Duplicate 23305914
CD012455 Duplicate 12074417
CD012455 Duplicate 28707741
CD012455 Duplicate 15562083
CD012455 Duplicate 2240506
CD012455 Duplicate 20299990
CD012455 Duplicate 3186477
CD012455 Duplicate 8988992
CD012455 Duplicate 21979104
CD012455 Duplicate 23752755
CD012455 Duplicate 9493671
CD012455	num_shown	1593
CD012455	rels_found	7
CD012455	num_rels	7
CD012455	last_rel	270
CD012455	norm_last_rel	0.169
CD012455	threshold	742
CD012455	norm_threshold	0.466
CD012455	wss_100	0.831
CD012455	wss_95	0.781
CD012455	cg_total	7.0
CD012455	cg_max	7.0
CD012455	cg_threshold	7.0
CD012455	recall_threshold	1.0
CD012455	threshold	742
CD012455	recall@1.0%	0.571
CD012455	recall@2.0%	0.857
CD012455	recall@3.0%	0.857
CD012455	recall@4.0%	0.857
CD012455	recall@5.0%	0.857
CD012455	recall@6.0%	0.857
CD012455	recall@7.0%	0.857
CD012455	recall@8.0%	0.857
CD012455	recall@9.0%	0.857
CD012455	recall@10.0%	0.857
CD012455	recall@11.0%	0.857
CD012455	recall@12.0%	0.857
CD012455	recall@13.0%	0.857
CD012455	recall@14.0%	0.857
CD012455	recall@15.0%	0.857
CD012455	recall@16.0%	0.857
CD012455	recall@17.0%	1.0
CD012455	recall@18.0%	1.0
CD012455	recall@19.0%	1.0
CD012455	recall@20.0%	1.0
CD012455	recall@21.0%	1.0
CD012455	recall@22.0%	1.0
CD012455	recall@23.0%	1.0
CD012455	recall@24.0%	1.0
CD012455	recall@25.0%	1.0
CD012455	recall@26.0%	1.0
CD012455	recall@27.0%	1.0
CD012455	recall@28.0%	1.0
CD012455	recall@29.0%	1.0
CD012455	recall@30.0%	1.0
CD012455	recall@31.0%	1.0
CD012455	recall@32.0%	1.0
CD012455	recall@33.0%	1.0
CD012455	recall@34.0%	1.0
CD012455	recall@35.0%	1.0
CD012455	recall@36.0%	1.0
CD012455	recall@37.0%	1.0
CD012455	recall@38.0%	1.0
CD012455	recall@39.0%	1.0
CD012455	recall@40.0%	1.0
CD012455	recall@41.0%	1.0
CD012455	recall@42.0%	1.0
CD012455	recall@43.0%	1.0
CD012455	recall@44.0%	1.0
CD012455	recall@45.0%	1.0
CD012455	recall@46.0%	1.0
CD012455	recall@47.0%	1.0
CD012455	recall@48.0%	1.0
CD012455	recall@49.0%	1.0
CD012455	recall@50.0%	1.0
CD012455	recall@51.0%	1.0
CD012455	recall@52.0%	1.0
CD012455	recall@53.0%	1.0
CD012455	recall@54.0%	1.0
CD012455	recall@55.0%	1.0
CD012455	recall@56.0%	1.0
CD012455	recall@57.0%	1.0
CD012455	recall@58.0%	1.0
CD012455	recall@59.0%	1.0
CD012455	recall@60.0%	1.0
CD012455	recall@61.0%	1.0
CD012455	recall@62.0%	1.0
CD012455	recall@63.0%	1.0
CD012455	recall@64.0%	1.0
CD012455	recall@65.0%	1.0
CD012455	recall@66.0%	1.0
CD012455	recall@67.0%	1.0
CD012455	recall@68.0%	1.0
CD012455	recall@69.0%	1.0
CD012455	recall@70.0%	1.0
CD012455	recall@71.0%	1.0
CD012455	recall@72.0%	1.0
CD012455	recall@73.0%	1.0
CD012455	recall@74.0%	1.0
CD012455	recall@75.0%	1.0
CD012455	recall@76.0%	1.0
CD012455	recall@77.0%	1.0
CD012455	recall@78.0%	1.0
CD012455	recall@79.0%	1.0
CD012455	recall@80.0%	1.0
CD012455	recall@81.0%	1.0
CD012455	recall@82.0%	1.0
CD012455	recall@83.0%	1.0
CD012455	recall@84.0%	1.0
CD012455	recall@85.0%	1.0
CD012455	recall@86.0%	1.0
CD012455	recall@87.0%	1.0
CD012455	recall@88.0%	1.0
CD012455	recall@89.0%	1.0
CD012455	recall@90.0%	1.0
CD012455	recall@91.0%	1.0
CD012455	recall@92.0%	1.0
CD012455	recall@93.0%	1.0
CD012455	recall@94.0%	1.0
CD012455	recall@95.0%	1.0
CD012455	recall@96.0%	1.0
CD012455	recall@97.0%	1.0
CD012455	recall@98.0%	1.0
CD012455	recall@99.0%	1.0
CD012455	recall@100.0%	1.0
CD012455	total_cost	602.0
CD012455	norm_area	0.971
CD012455	ap	0.317
CD012455	r	1.0
CD012455	loss_e	0.189
CD012455	loss_r	0.0
CD012455	loss_er	0.189
CD012551 Duplicate 17084960
CD012551 Duplicate 17695413
CD012551 Duplicate 21798389
CD012551 Duplicate 20446070
CD012551 Duplicate 24439688
CD012551 Duplicate 19467677
CD012551 Duplicate 22279784
CD012551 Duplicate 18622677
CD012551 Duplicate 23936942
CD012551 Duplicate 24819236
CD012551 Duplicate 12056038
CD012551	num_shown	591
CD012551	rels_found	68
CD012551	num_rels	68
CD012551	last_rel	560
CD012551	norm_last_rel	0.948
CD012551	threshold	266
CD012551	norm_threshold	0.45
CD012551	wss_100	0.052
CD012551	wss_95	0.243
CD012551	cg_total	68.0
CD012551	cg_max	68.0
CD012551	cg_threshold	56.0
CD012551	recall_threshold	0.824
CD012551	threshold	266
CD012551	recall@1.0%	0.015
CD012551	recall@2.0%	0.044
CD012551	recall@3.0%	0.088
CD012551	recall@4.0%	0.132
CD012551	recall@5.0%	0.147
CD012551	recall@6.0%	0.176
CD012551	recall@7.0%	0.191
CD012551	recall@8.0%	0.206
CD012551	recall@9.0%	0.221
CD012551	recall@10.0%	0.265
CD012551	recall@11.0%	0.279
CD012551	recall@12.0%	0.279
CD012551	recall@13.0%	0.294
CD012551	recall@14.0%	0.309
CD012551	recall@15.0%	0.309
CD012551	recall@16.0%	0.309
CD012551	recall@17.0%	0.324
CD012551	recall@18.0%	0.338
CD012551	recall@19.0%	0.338
CD012551	recall@20.0%	0.338
CD012551	recall@21.0%	0.353
CD012551	recall@22.0%	0.353
CD012551	recall@23.0%	0.368
CD012551	recall@24.0%	0.412
CD012551	recall@25.0%	0.441
CD012551	recall@26.0%	0.471
CD012551	recall@27.0%	0.485
CD012551	recall@28.0%	0.485
CD012551	recall@29.0%	0.485
CD012551	recall@30.0%	0.529
CD012551	recall@31.0%	0.559
CD012551	recall@32.0%	0.588
CD012551	recall@33.0%	0.603
CD012551	recall@34.0%	0.618
CD012551	recall@35.0%	0.632
CD012551	recall@36.0%	0.647
CD012551	recall@37.0%	0.676
CD012551	recall@38.0%	0.676
CD012551	recall@39.0%	0.706
CD012551	recall@40.0%	0.75
CD012551	recall@41.0%	0.779
CD012551	recall@42.0%	0.794
CD012551	recall@43.0%	0.809
CD012551	recall@44.0%	0.824
CD012551	recall@45.0%	0.824
CD012551	recall@46.0%	0.824
CD012551	recall@47.0%	0.824
CD012551	recall@48.0%	0.824
CD012551	recall@49.0%	0.838
CD012551	recall@50.0%	0.838
CD012551	recall@51.0%	0.838
CD012551	recall@52.0%	0.838
CD012551	recall@53.0%	0.838
CD012551	recall@54.0%	0.838
CD012551	recall@55.0%	0.838
CD012551	recall@56.0%	0.838
CD012551	recall@57.0%	0.838
CD012551	recall@58.0%	0.853
CD012551	recall@59.0%	0.868
CD012551	recall@60.0%	0.882
CD012551	recall@61.0%	0.882
CD012551	recall@62.0%	0.897
CD012551	recall@63.0%	0.897
CD012551	recall@64.0%	0.912
CD012551	recall@65.0%	0.926
CD012551	recall@66.0%	0.941
CD012551	recall@67.0%	0.941
CD012551	recall@68.0%	0.941
CD012551	recall@69.0%	0.941
CD012551	recall@70.0%	0.941
CD012551	recall@71.0%	0.956
CD012551	recall@72.0%	0.956
CD012551	recall@73.0%	0.956
CD012551	recall@74.0%	0.956
CD012551	recall@75.0%	0.956
CD012551	recall@76.0%	0.956
CD012551	recall@77.0%	0.956
CD012551	recall@78.0%	0.956
CD012551	recall@79.0%	0.956
CD012551	recall@80.0%	0.956
CD012551	recall@81.0%	0.956
CD012551	recall@82.0%	0.956
CD012551	recall@83.0%	0.956
CD012551	recall@84.0%	0.956
CD012551	recall@85.0%	0.956
CD012551	recall@86.0%	0.956
CD012551	recall@87.0%	0.956
CD012551	recall@88.0%	0.956
CD012551	recall@89.0%	0.956
CD012551	recall@90.0%	0.956
CD012551	recall@91.0%	0.971
CD012551	recall@92.0%	0.971
CD012551	recall@93.0%	0.985
CD012551	recall@94.0%	0.985
CD012551	recall@95.0%	1.0
CD012551	recall@96.0%	1.0
CD012551	recall@97.0%	1.0
CD012551	recall@98.0%	1.0
CD012551	recall@99.0%	1.0
CD012551	recall@100.0%	1.0
CD012551	total_cost	-374.0
CD012551	norm_area	0.741
CD012551	ap	0.231
CD012551	r	0.824
CD012551	loss_e	0.072
CD012551	loss_r	0.031
CD012551	loss_er	0.103
Skipping topic: CD012567
Skipping topic: CD012661
Skipping topic: CD012669
Skipping topic: CD012768
ALL	num_shown	41997
ALL	rels_found	937
ALL	num_rels	937
ALL	last_rel	992.0
ALL	norm_last_rel	0.508
ALL	threshold	975.0
ALL	norm_threshold	0.457
ALL	wss_100	0.492
ALL	wss_95	0.62
ALL	cg_total	47.0
ALL	cg_max	47.0
ALL	cg_threshold	41.0
ALL	recall_threshold	0.921
ALL	threshold	975.0
ALL	recall@1.0%	0.092
ALL	recall@2.0%	0.158
ALL	recall@3.0%	0.219
ALL	recall@4.0%	0.267
ALL	recall@5.0%	0.306
ALL	recall@6.0%	0.358
ALL	recall@7.0%	0.397
ALL	recall@8.0%	0.441
ALL	recall@9.0%	0.465
ALL	recall@10.0%	0.499
ALL	recall@11.0%	0.525
ALL	recall@12.0%	0.56
ALL	recall@13.0%	0.575
ALL	recall@14.0%	0.587
ALL	recall@15.0%	0.602
ALL	recall@16.0%	0.608
ALL	recall@17.0%	0.625
ALL	recall@18.0%	0.645
ALL	recall@19.0%	0.653
ALL	recall@20.0%	0.664
ALL	recall@21.0%	0.672
ALL	recall@22.0%	0.681
ALL	recall@23.0%	0.693
ALL	recall@24.0%	0.702
ALL	recall@25.0%	0.711
ALL	recall@26.0%	0.719
ALL	recall@27.0%	0.729
ALL	recall@28.0%	0.733
ALL	recall@29.0%	0.737
ALL	recall@30.0%	0.745
ALL	recall@31.0%	0.753
ALL	recall@32.0%	0.764
ALL	recall@33.0%	0.767
ALL	recall@34.0%	0.775
ALL	recall@35.0%	0.783
ALL	recall@36.0%	0.791
ALL	recall@37.0%	0.798
ALL	recall@38.0%	0.811
ALL	recall@39.0%	0.821
ALL	recall@40.0%	0.834
ALL	recall@41.0%	0.84
ALL	recall@42.0%	0.847
ALL	recall@43.0%	0.852
ALL	recall@44.0%	0.859
ALL	recall@45.0%	0.868
ALL	recall@46.0%	0.872
ALL	recall@47.0%	0.875
ALL	recall@48.0%	0.88
ALL	recall@49.0%	0.886
ALL	recall@50.0%	0.888
ALL	recall@51.0%	0.891
ALL	recall@52.0%	0.894
ALL	recall@53.0%	0.898
ALL	recall@54.0%	0.901
ALL	recall@55.0%	0.904
ALL	recall@56.0%	0.908
ALL	recall@57.0%	0.915
ALL	recall@58.0%	0.918
ALL	recall@59.0%	0.921
ALL	recall@60.0%	0.923
ALL	recall@61.0%	0.925
ALL	recall@62.0%	0.927
ALL	recall@63.0%	0.931
ALL	recall@64.0%	0.934
ALL	recall@65.0%	0.937
ALL	recall@66.0%	0.945
ALL	recall@67.0%	0.947
ALL	recall@68.0%	0.952
ALL	recall@69.0%	0.953
ALL	recall@70.0%	0.955
ALL	recall@71.0%	0.957
ALL	recall@72.0%	0.963
ALL	recall@73.0%	0.965
ALL	recall@74.0%	0.966
ALL	recall@75.0%	0.967
ALL	recall@76.0%	0.969
ALL	recall@77.0%	0.972
ALL	recall@78.0%	0.972
ALL	recall@79.0%	0.973
ALL	recall@80.0%	0.974
ALL	recall@81.0%	0.979
ALL	recall@82.0%	0.98
ALL	recall@83.0%	0.98
ALL	recall@84.0%	0.982
ALL	recall@85.0%	0.983
ALL	recall@86.0%	0.983
ALL	recall@87.0%	0.983
ALL	recall@88.0%	0.985
ALL	recall@89.0%	0.988
ALL	recall@90.0%	0.988
ALL	recall@91.0%	0.99
ALL	recall@92.0%	0.99
ALL	recall@93.0%	0.994
ALL	recall@94.0%	0.995
ALL	recall@95.0%	0.998
ALL	recall@96.0%	0.998
ALL	recall@97.0%	0.999
ALL	recall@98.0%	1.0
ALL	recall@99.0%	1.0
ALL	recall@100.0%	1.0
ALL	total_cost	398.0
ALL	norm_area	0.881
ALL	ap	0.279
ALL	r	0.921
ALL	loss_e	0.124
ALL	loss_r	0.033
ALL	loss_er	0.157
