CD000996	num_shown	281
CD000996	rels_found	9
CD000996	num_rels	9
CD000996	last_rel	62
CD000996	norm_last_rel	0.221
CD000996	threshold	281
CD000996	norm_threshold	1.0
CD000996	wss_100	0.779
CD000996	wss_95	0.729
CD000996	cg_total	9.0
CD000996	cg_max	9.0
CD000996	cg_threshold	9.0
CD000996	recall_threshold	1.0
CD000996	threshold	281
CD000996	recall@1.0%	0.111
CD000996	recall@2.0%	0.222
CD000996	recall@3.0%	0.222
CD000996	recall@4.0%	0.222
CD000996	recall@5.0%	0.333
CD000996	recall@6.0%	0.444
CD000996	recall@7.0%	0.444
CD000996	recall@8.0%	0.444
CD000996	recall@9.0%	0.556
CD000996	recall@10.0%	0.556
CD000996	recall@11.0%	0.556
CD000996	recall@12.0%	0.667
CD000996	recall@13.0%	0.667
CD000996	recall@14.0%	0.667
CD000996	recall@15.0%	0.778
CD000996	recall@16.0%	0.778
CD000996	recall@17.0%	0.778
CD000996	recall@18.0%	0.778
CD000996	recall@19.0%	0.778
CD000996	recall@20.0%	0.778
CD000996	recall@21.0%	0.778
CD000996	recall@22.0%	1.0
CD000996	recall@23.0%	1.0
CD000996	recall@24.0%	1.0
CD000996	recall@25.0%	1.0
CD000996	recall@26.0%	1.0
CD000996	recall@27.0%	1.0
CD000996	recall@28.0%	1.0
CD000996	recall@29.0%	1.0
CD000996	recall@30.0%	1.0
CD000996	recall@31.0%	1.0
CD000996	recall@32.0%	1.0
CD000996	recall@33.0%	1.0
CD000996	recall@34.0%	1.0
CD000996	recall@35.0%	1.0
CD000996	recall@36.0%	1.0
CD000996	recall@37.0%	1.0
CD000996	recall@38.0%	1.0
CD000996	recall@39.0%	1.0
CD000996	recall@40.0%	1.0
CD000996	recall@41.0%	1.0
CD000996	recall@42.0%	1.0
CD000996	recall@43.0%	1.0
CD000996	recall@44.0%	1.0
CD000996	recall@45.0%	1.0
CD000996	recall@46.0%	1.0
CD000996	recall@47.0%	1.0
CD000996	recall@48.0%	1.0
CD000996	recall@49.0%	1.0
CD000996	recall@50.0%	1.0
CD000996	recall@51.0%	1.0
CD000996	recall@52.0%	1.0
CD000996	recall@53.0%	1.0
CD000996	recall@54.0%	1.0
CD000996	recall@55.0%	1.0
CD000996	recall@56.0%	1.0
CD000996	recall@57.0%	1.0
CD000996	recall@58.0%	1.0
CD000996	recall@59.0%	1.0
CD000996	recall@60.0%	1.0
CD000996	recall@61.0%	1.0
CD000996	recall@62.0%	1.0
CD000996	recall@63.0%	1.0
CD000996	recall@64.0%	1.0
CD000996	recall@65.0%	1.0
CD000996	recall@66.0%	1.0
CD000996	recall@67.0%	1.0
CD000996	recall@68.0%	1.0
CD000996	recall@69.0%	1.0
CD000996	recall@70.0%	1.0
CD000996	recall@71.0%	1.0
CD000996	recall@72.0%	1.0
CD000996	recall@73.0%	1.0
CD000996	recall@74.0%	1.0
CD000996	recall@75.0%	1.0
CD000996	recall@76.0%	1.0
CD000996	recall@77.0%	1.0
CD000996	recall@78.0%	1.0
CD000996	recall@79.0%	1.0
CD000996	recall@80.0%	1.0
CD000996	recall@81.0%	1.0
CD000996	recall@82.0%	1.0
CD000996	recall@83.0%	1.0
CD000996	recall@84.0%	1.0
CD000996	recall@85.0%	1.0
CD000996	recall@86.0%	1.0
CD000996	recall@87.0%	1.0
CD000996	recall@88.0%	1.0
CD000996	recall@89.0%	1.0
CD000996	recall@90.0%	1.0
CD000996	recall@91.0%	1.0
CD000996	recall@92.0%	1.0
CD000996	recall@93.0%	1.0
CD000996	recall@94.0%	1.0
CD000996	recall@95.0%	1.0
CD000996	recall@96.0%	1.0
CD000996	recall@97.0%	1.0
CD000996	recall@98.0%	1.0
CD000996	recall@99.0%	1.0
CD000996	recall@100.0%	1.0
CD000996	total_cost	101.0
CD000996	norm_area	0.915
CD000996	ap	0.246
CD000996	r	1.0
CD000996	loss_e	0.842
CD000996	loss_r	0.0
CD000996	loss_er	0.842
CD001261	num_shown	571
CD001261	rels_found	72
CD001261	num_rels	72
CD001261	last_rel	466
CD001261	norm_last_rel	0.816
CD001261	threshold	571
CD001261	norm_threshold	1.0
CD001261	wss_100	0.184
CD001261	wss_95	0.323
CD001261	cg_total	72.0
CD001261	cg_max	72.0
CD001261	cg_threshold	72.0
CD001261	recall_threshold	1.0
CD001261	threshold	571
CD001261	recall@1.0%	0.0
CD001261	recall@2.0%	0.014
CD001261	recall@3.0%	0.069
CD001261	recall@4.0%	0.083
CD001261	recall@5.0%	0.097
CD001261	recall@6.0%	0.111
CD001261	recall@7.0%	0.111
CD001261	recall@8.0%	0.125
CD001261	recall@9.0%	0.125
CD001261	recall@10.0%	0.153
CD001261	recall@11.0%	0.181
CD001261	recall@12.0%	0.194
CD001261	recall@13.0%	0.222
CD001261	recall@14.0%	0.264
CD001261	recall@15.0%	0.292
CD001261	recall@16.0%	0.319
CD001261	recall@17.0%	0.347
CD001261	recall@18.0%	0.361
CD001261	recall@19.0%	0.403
CD001261	recall@20.0%	0.431
CD001261	recall@21.0%	0.431
CD001261	recall@22.0%	0.444
CD001261	recall@23.0%	0.444
CD001261	recall@24.0%	0.444
CD001261	recall@25.0%	0.472
CD001261	recall@26.0%	0.5
CD001261	recall@27.0%	0.542
CD001261	recall@28.0%	0.556
CD001261	recall@29.0%	0.583
CD001261	recall@30.0%	0.597
CD001261	recall@31.0%	0.611
CD001261	recall@32.0%	0.625
CD001261	recall@33.0%	0.653
CD001261	recall@34.0%	0.653
CD001261	recall@35.0%	0.653
CD001261	recall@36.0%	0.667
CD001261	recall@37.0%	0.667
CD001261	recall@38.0%	0.708
CD001261	recall@39.0%	0.708
CD001261	recall@40.0%	0.722
CD001261	recall@41.0%	0.736
CD001261	recall@42.0%	0.75
CD001261	recall@43.0%	0.75
CD001261	recall@44.0%	0.764
CD001261	recall@45.0%	0.792
CD001261	recall@46.0%	0.806
CD001261	recall@47.0%	0.806
CD001261	recall@48.0%	0.819
CD001261	recall@49.0%	0.819
CD001261	recall@50.0%	0.819
CD001261	recall@51.0%	0.833
CD001261	recall@52.0%	0.861
CD001261	recall@53.0%	0.875
CD001261	recall@54.0%	0.889
CD001261	recall@55.0%	0.889
CD001261	recall@56.0%	0.889
CD001261	recall@57.0%	0.889
CD001261	recall@58.0%	0.903
CD001261	recall@59.0%	0.903
CD001261	recall@60.0%	0.917
CD001261	recall@61.0%	0.917
CD001261	recall@62.0%	0.931
CD001261	recall@63.0%	0.944
CD001261	recall@64.0%	0.944
CD001261	recall@65.0%	0.944
CD001261	recall@66.0%	0.944
CD001261	recall@67.0%	0.958
CD001261	recall@68.0%	0.958
CD001261	recall@69.0%	0.958
CD001261	recall@70.0%	0.958
CD001261	recall@71.0%	0.958
CD001261	recall@72.0%	0.972
CD001261	recall@73.0%	0.972
CD001261	recall@74.0%	0.972
CD001261	recall@75.0%	0.972
CD001261	recall@76.0%	0.972
CD001261	recall@77.0%	0.972
CD001261	recall@78.0%	0.972
CD001261	recall@79.0%	0.972
CD001261	recall@80.0%	0.986
CD001261	recall@81.0%	0.986
CD001261	recall@82.0%	1.0
CD001261	recall@83.0%	1.0
CD001261	recall@84.0%	1.0
CD001261	recall@85.0%	1.0
CD001261	recall@86.0%	1.0
CD001261	recall@87.0%	1.0
CD001261	recall@88.0%	1.0
CD001261	recall@89.0%	1.0
CD001261	recall@90.0%	1.0
CD001261	recall@91.0%	1.0
CD001261	recall@92.0%	1.0
CD001261	recall@93.0%	1.0
CD001261	recall@94.0%	1.0
CD001261	recall@95.0%	1.0
CD001261	recall@96.0%	1.0
CD001261	recall@97.0%	1.0
CD001261	recall@98.0%	1.0
CD001261	recall@99.0%	1.0
CD001261	recall@100.0%	1.0
CD001261	total_cost	-869.0
CD001261	norm_area	0.757
CD001261	ap	0.23
CD001261	r	1.0
CD001261	loss_e	0.338
CD001261	loss_r	0.0
CD001261	loss_er	0.338
CD004414	num_shown	336
CD004414	rels_found	16
CD004414	num_rels	16
CD004414	last_rel	263
CD004414	norm_last_rel	0.783
CD004414	threshold	336
CD004414	norm_threshold	1.0
CD004414	wss_100	0.217
CD004414	wss_95	0.521
CD004414	cg_total	16.0
CD004414	cg_max	16.0
CD004414	cg_threshold	16.0
CD004414	recall_threshold	1.0
CD004414	threshold	336
CD004414	recall@1.0%	0.0
CD004414	recall@2.0%	0.062
CD004414	recall@3.0%	0.062
CD004414	recall@4.0%	0.062
CD004414	recall@5.0%	0.125
CD004414	recall@6.0%	0.188
CD004414	recall@7.0%	0.188
CD004414	recall@8.0%	0.188
CD004414	recall@9.0%	0.188
CD004414	recall@10.0%	0.188
CD004414	recall@11.0%	0.312
CD004414	recall@12.0%	0.312
CD004414	recall@13.0%	0.312
CD004414	recall@14.0%	0.312
CD004414	recall@15.0%	0.312
CD004414	recall@16.0%	0.375
CD004414	recall@17.0%	0.5
CD004414	recall@18.0%	0.5
CD004414	recall@19.0%	0.562
CD004414	recall@20.0%	0.562
CD004414	recall@21.0%	0.625
CD004414	recall@22.0%	0.625
CD004414	recall@23.0%	0.625
CD004414	recall@24.0%	0.625
CD004414	recall@25.0%	0.688
CD004414	recall@26.0%	0.688
CD004414	recall@27.0%	0.688
CD004414	recall@28.0%	0.688
CD004414	recall@29.0%	0.688
CD004414	recall@30.0%	0.688
CD004414	recall@31.0%	0.688
CD004414	recall@32.0%	0.688
CD004414	recall@33.0%	0.75
CD004414	recall@34.0%	0.75
CD004414	recall@35.0%	0.812
CD004414	recall@36.0%	0.812
CD004414	recall@37.0%	0.812
CD004414	recall@38.0%	0.812
CD004414	recall@39.0%	0.812
CD004414	recall@40.0%	0.812
CD004414	recall@41.0%	0.812
CD004414	recall@42.0%	0.875
CD004414	recall@43.0%	0.938
CD004414	recall@44.0%	0.938
CD004414	recall@45.0%	0.938
CD004414	recall@46.0%	0.938
CD004414	recall@47.0%	0.938
CD004414	recall@48.0%	0.938
CD004414	recall@49.0%	0.938
CD004414	recall@50.0%	0.938
CD004414	recall@51.0%	0.938
CD004414	recall@52.0%	0.938
CD004414	recall@53.0%	0.938
CD004414	recall@54.0%	0.938
CD004414	recall@55.0%	0.938
CD004414	recall@56.0%	0.938
CD004414	recall@57.0%	0.938
CD004414	recall@58.0%	0.938
CD004414	recall@59.0%	0.938
CD004414	recall@60.0%	0.938
CD004414	recall@61.0%	0.938
CD004414	recall@62.0%	0.938
CD004414	recall@63.0%	0.938
CD004414	recall@64.0%	0.938
CD004414	recall@65.0%	0.938
CD004414	recall@66.0%	0.938
CD004414	recall@67.0%	0.938
CD004414	recall@68.0%	0.938
CD004414	recall@69.0%	0.938
CD004414	recall@70.0%	0.938
CD004414	recall@71.0%	0.938
CD004414	recall@72.0%	0.938
CD004414	recall@73.0%	0.938
CD004414	recall@74.0%	0.938
CD004414	recall@75.0%	0.938
CD004414	recall@76.0%	0.938
CD004414	recall@77.0%	0.938
CD004414	recall@78.0%	0.938
CD004414	recall@79.0%	1.0
CD004414	recall@80.0%	1.0
CD004414	recall@81.0%	1.0
CD004414	recall@82.0%	1.0
CD004414	recall@83.0%	1.0
CD004414	recall@84.0%	1.0
CD004414	recall@85.0%	1.0
CD004414	recall@86.0%	1.0
CD004414	recall@87.0%	1.0
CD004414	recall@88.0%	1.0
CD004414	recall@89.0%	1.0
CD004414	recall@90.0%	1.0
CD004414	recall@91.0%	1.0
CD004414	recall@92.0%	1.0
CD004414	recall@93.0%	1.0
CD004414	recall@94.0%	1.0
CD004414	recall@95.0%	1.0
CD004414	recall@96.0%	1.0
CD004414	recall@97.0%	1.0
CD004414	recall@98.0%	1.0
CD004414	recall@99.0%	1.0
CD004414	recall@100.0%	1.0
CD004414	total_cost	16.0
CD004414	norm_area	0.785
CD004414	ap	0.126
CD004414	r	1.0
CD004414	loss_e	0.743
CD004414	loss_r	0.0
CD004414	loss_er	0.743
CD006468	num_shown	3874
CD006468	rels_found	52
CD006468	num_rels	52
CD006468	last_rel	2352
CD006468	norm_last_rel	0.607
CD006468	threshold	3874
CD006468	norm_threshold	1.0
CD006468	wss_100	0.393
CD006468	wss_95	0.533
CD006468	cg_total	52.0
CD006468	cg_max	52.0
CD006468	cg_threshold	52.0
CD006468	recall_threshold	1.0
CD006468	threshold	3874
CD006468	recall@1.0%	0.019
CD006468	recall@2.0%	0.058
CD006468	recall@3.0%	0.135
CD006468	recall@4.0%	0.212
CD006468	recall@5.0%	0.212
CD006468	recall@6.0%	0.269
CD006468	recall@7.0%	0.269
CD006468	recall@8.0%	0.308
CD006468	recall@9.0%	0.346
CD006468	recall@10.0%	0.365
CD006468	recall@11.0%	0.385
CD006468	recall@12.0%	0.423
CD006468	recall@13.0%	0.423
CD006468	recall@14.0%	0.423
CD006468	recall@15.0%	0.423
CD006468	recall@16.0%	0.442
CD006468	recall@17.0%	0.481
CD006468	recall@18.0%	0.5
CD006468	recall@19.0%	0.538
CD006468	recall@20.0%	0.577
CD006468	recall@21.0%	0.596
CD006468	recall@22.0%	0.615
CD006468	recall@23.0%	0.615
CD006468	recall@24.0%	0.615
CD006468	recall@25.0%	0.635
CD006468	recall@26.0%	0.673
CD006468	recall@27.0%	0.673
CD006468	recall@28.0%	0.731
CD006468	recall@29.0%	0.731
CD006468	recall@30.0%	0.75
CD006468	recall@31.0%	0.788
CD006468	recall@32.0%	0.808
CD006468	recall@33.0%	0.808
CD006468	recall@34.0%	0.846
CD006468	recall@35.0%	0.865
CD006468	recall@36.0%	0.865
CD006468	recall@37.0%	0.904
CD006468	recall@38.0%	0.923
CD006468	recall@39.0%	0.923
CD006468	recall@40.0%	0.923
CD006468	recall@41.0%	0.923
CD006468	recall@42.0%	0.942
CD006468	recall@43.0%	0.942
CD006468	recall@44.0%	0.942
CD006468	recall@45.0%	0.942
CD006468	recall@46.0%	0.942
CD006468	recall@47.0%	0.942
CD006468	recall@48.0%	0.942
CD006468	recall@49.0%	0.942
CD006468	recall@50.0%	0.942
CD006468	recall@51.0%	0.942
CD006468	recall@52.0%	0.962
CD006468	recall@53.0%	0.962
CD006468	recall@54.0%	0.962
CD006468	recall@55.0%	0.962
CD006468	recall@56.0%	0.962
CD006468	recall@57.0%	0.962
CD006468	recall@58.0%	0.962
CD006468	recall@59.0%	0.962
CD006468	recall@60.0%	0.981
CD006468	recall@61.0%	1.0
CD006468	recall@62.0%	1.0
CD006468	recall@63.0%	1.0
CD006468	recall@64.0%	1.0
CD006468	recall@65.0%	1.0
CD006468	recall@66.0%	1.0
CD006468	recall@67.0%	1.0
CD006468	recall@68.0%	1.0
CD006468	recall@69.0%	1.0
CD006468	recall@70.0%	1.0
CD006468	recall@71.0%	1.0
CD006468	recall@72.0%	1.0
CD006468	recall@73.0%	1.0
CD006468	recall@74.0%	1.0
CD006468	recall@75.0%	1.0
CD006468	recall@76.0%	1.0
CD006468	recall@77.0%	1.0
CD006468	recall@78.0%	1.0
CD006468	recall@79.0%	1.0
CD006468	recall@80.0%	1.0
CD006468	recall@81.0%	1.0
CD006468	recall@82.0%	1.0
CD006468	recall@83.0%	1.0
CD006468	recall@84.0%	1.0
CD006468	recall@85.0%	1.0
CD006468	recall@86.0%	1.0
CD006468	recall@87.0%	1.0
CD006468	recall@88.0%	1.0
CD006468	recall@89.0%	1.0
CD006468	recall@90.0%	1.0
CD006468	recall@91.0%	1.0
CD006468	recall@92.0%	1.0
CD006468	recall@93.0%	1.0
CD006468	recall@94.0%	1.0
CD006468	recall@95.0%	1.0
CD006468	recall@96.0%	1.0
CD006468	recall@97.0%	1.0
CD006468	recall@98.0%	1.0
CD006468	recall@99.0%	1.0
CD006468	recall@100.0%	1.0
CD006468	total_cost	2834.0
CD006468	norm_area	0.812
CD006468	ap	0.044
CD006468	r	1.0
CD006468	loss_e	0.433
CD006468	loss_r	0.0
CD006468	loss_er	0.433
CD007867	num_shown	943
CD007867	rels_found	17
CD007867	num_rels	17
CD007867	last_rel	941
CD007867	norm_last_rel	0.998
CD007867	threshold	943
CD007867	norm_threshold	1.0
CD007867	wss_100	0.002
CD007867	wss_95	0.229
CD007867	cg_total	17.0
CD007867	cg_max	17.0
CD007867	cg_threshold	17.0
CD007867	recall_threshold	1.0
CD007867	threshold	943
CD007867	recall@1.0%	0.235
CD007867	recall@2.0%	0.353
CD007867	recall@3.0%	0.412
CD007867	recall@4.0%	0.412
CD007867	recall@5.0%	0.412
CD007867	recall@6.0%	0.412
CD007867	recall@7.0%	0.412
CD007867	recall@8.0%	0.412
CD007867	recall@9.0%	0.412
CD007867	recall@10.0%	0.471
CD007867	recall@11.0%	0.471
CD007867	recall@12.0%	0.471
CD007867	recall@13.0%	0.471
CD007867	recall@14.0%	0.471
CD007867	recall@15.0%	0.471
CD007867	recall@16.0%	0.471
CD007867	recall@17.0%	0.471
CD007867	recall@18.0%	0.471
CD007867	recall@19.0%	0.471
CD007867	recall@20.0%	0.471
CD007867	recall@21.0%	0.471
CD007867	recall@22.0%	0.471
CD007867	recall@23.0%	0.471
CD007867	recall@24.0%	0.471
CD007867	recall@25.0%	0.588
CD007867	recall@26.0%	0.647
CD007867	recall@27.0%	0.647
CD007867	recall@28.0%	0.647
CD007867	recall@29.0%	0.647
CD007867	recall@30.0%	0.647
CD007867	recall@31.0%	0.647
CD007867	recall@32.0%	0.647
CD007867	recall@33.0%	0.647
CD007867	recall@34.0%	0.647
CD007867	recall@35.0%	0.647
CD007867	recall@36.0%	0.647
CD007867	recall@37.0%	0.706
CD007867	recall@38.0%	0.706
CD007867	recall@39.0%	0.706
CD007867	recall@40.0%	0.706
CD007867	recall@41.0%	0.706
CD007867	recall@42.0%	0.706
CD007867	recall@43.0%	0.706
CD007867	recall@44.0%	0.706
CD007867	recall@45.0%	0.706
CD007867	recall@46.0%	0.706
CD007867	recall@47.0%	0.706
CD007867	recall@48.0%	0.706
CD007867	recall@49.0%	0.706
CD007867	recall@50.0%	0.706
CD007867	recall@51.0%	0.706
CD007867	recall@52.0%	0.706
CD007867	recall@53.0%	0.706
CD007867	recall@54.0%	0.706
CD007867	recall@55.0%	0.765
CD007867	recall@56.0%	0.765
CD007867	recall@57.0%	0.765
CD007867	recall@58.0%	0.765
CD007867	recall@59.0%	0.765
CD007867	recall@60.0%	0.765
CD007867	recall@61.0%	0.765
CD007867	recall@62.0%	0.765
CD007867	recall@63.0%	0.765
CD007867	recall@64.0%	0.765
CD007867	recall@65.0%	0.765
CD007867	recall@66.0%	0.765
CD007867	recall@67.0%	0.824
CD007867	recall@68.0%	0.824
CD007867	recall@69.0%	0.882
CD007867	recall@70.0%	0.882
CD007867	recall@71.0%	0.882
CD007867	recall@72.0%	0.882
CD007867	recall@73.0%	0.941
CD007867	recall@74.0%	0.941
CD007867	recall@75.0%	0.941
CD007867	recall@76.0%	0.941
CD007867	recall@77.0%	0.941
CD007867	recall@78.0%	0.941
CD007867	recall@79.0%	0.941
CD007867	recall@80.0%	0.941
CD007867	recall@81.0%	0.941
CD007867	recall@82.0%	0.941
CD007867	recall@83.0%	0.941
CD007867	recall@84.0%	0.941
CD007867	recall@85.0%	0.941
CD007867	recall@86.0%	0.941
CD007867	recall@87.0%	0.941
CD007867	recall@88.0%	0.941
CD007867	recall@89.0%	0.941
CD007867	recall@90.0%	0.941
CD007867	recall@91.0%	0.941
CD007867	recall@92.0%	0.941
CD007867	recall@93.0%	0.941
CD007867	recall@94.0%	0.941
CD007867	recall@95.0%	0.941
CD007867	recall@96.0%	0.941
CD007867	recall@97.0%	0.941
CD007867	recall@98.0%	0.941
CD007867	recall@99.0%	0.941
CD007867	recall@100.0%	1.0
CD007867	total_cost	603.0
CD007867	norm_area	0.719
CD007867	ap	0.218
CD007867	r	1.0
CD007867	loss_e	0.731
CD007867	loss_r	0.0
CD007867	loss_er	0.731
CD009069	num_shown	1757
CD009069	rels_found	78
CD009069	num_rels	78
CD009069	last_rel	1377
CD009069	norm_last_rel	0.784
CD009069	threshold	1757
CD009069	norm_threshold	1.0
CD009069	wss_100	0.216
CD009069	wss_95	0.249
CD009069	cg_total	78.0
CD009069	cg_max	78.0
CD009069	cg_threshold	78.0
CD009069	recall_threshold	1.0
CD009069	threshold	1757
CD009069	recall@1.0%	0.026
CD009069	recall@2.0%	0.026
CD009069	recall@3.0%	0.038
CD009069	recall@4.0%	0.064
CD009069	recall@5.0%	0.077
CD009069	recall@6.0%	0.103
CD009069	recall@7.0%	0.141
CD009069	recall@8.0%	0.179
CD009069	recall@9.0%	0.218
CD009069	recall@10.0%	0.256
CD009069	recall@11.0%	0.269
CD009069	recall@12.0%	0.321
CD009069	recall@13.0%	0.359
CD009069	recall@14.0%	0.359
CD009069	recall@15.0%	0.372
CD009069	recall@16.0%	0.41
CD009069	recall@17.0%	0.41
CD009069	recall@18.0%	0.41
CD009069	recall@19.0%	0.449
CD009069	recall@20.0%	0.462
CD009069	recall@21.0%	0.462
CD009069	recall@22.0%	0.474
CD009069	recall@23.0%	0.487
CD009069	recall@24.0%	0.487
CD009069	recall@25.0%	0.487
CD009069	recall@26.0%	0.526
CD009069	recall@27.0%	0.526
CD009069	recall@28.0%	0.526
CD009069	recall@29.0%	0.526
CD009069	recall@30.0%	0.526
CD009069	recall@31.0%	0.526
CD009069	recall@32.0%	0.538
CD009069	recall@33.0%	0.538
CD009069	recall@34.0%	0.551
CD009069	recall@35.0%	0.564
CD009069	recall@36.0%	0.59
CD009069	recall@37.0%	0.615
CD009069	recall@38.0%	0.615
CD009069	recall@39.0%	0.641
CD009069	recall@40.0%	0.641
CD009069	recall@41.0%	0.654
CD009069	recall@42.0%	0.654
CD009069	recall@43.0%	0.654
CD009069	recall@44.0%	0.667
CD009069	recall@45.0%	0.692
CD009069	recall@46.0%	0.692
CD009069	recall@47.0%	0.718
CD009069	recall@48.0%	0.731
CD009069	recall@49.0%	0.744
CD009069	recall@50.0%	0.769
CD009069	recall@51.0%	0.782
CD009069	recall@52.0%	0.795
CD009069	recall@53.0%	0.808
CD009069	recall@54.0%	0.808
CD009069	recall@55.0%	0.833
CD009069	recall@56.0%	0.833
CD009069	recall@57.0%	0.859
CD009069	recall@58.0%	0.859
CD009069	recall@59.0%	0.859
CD009069	recall@60.0%	0.872
CD009069	recall@61.0%	0.885
CD009069	recall@62.0%	0.885
CD009069	recall@63.0%	0.885
CD009069	recall@64.0%	0.897
CD009069	recall@65.0%	0.923
CD009069	recall@66.0%	0.923
CD009069	recall@67.0%	0.923
CD009069	recall@68.0%	0.936
CD009069	recall@69.0%	0.936
CD009069	recall@70.0%	0.936
CD009069	recall@71.0%	0.962
CD009069	recall@72.0%	0.974
CD009069	recall@73.0%	0.974
CD009069	recall@74.0%	0.974
CD009069	recall@75.0%	0.974
CD009069	recall@76.0%	0.974
CD009069	recall@77.0%	0.987
CD009069	recall@78.0%	0.987
CD009069	recall@79.0%	1.0
CD009069	recall@80.0%	1.0
CD009069	recall@81.0%	1.0
CD009069	recall@82.0%	1.0
CD009069	recall@83.0%	1.0
CD009069	recall@84.0%	1.0
CD009069	recall@85.0%	1.0
CD009069	recall@86.0%	1.0
CD009069	recall@87.0%	1.0
CD009069	recall@88.0%	1.0
CD009069	recall@89.0%	1.0
CD009069	recall@90.0%	1.0
CD009069	recall@91.0%	1.0
CD009069	recall@92.0%	1.0
CD009069	recall@93.0%	1.0
CD009069	recall@94.0%	1.0
CD009069	recall@95.0%	1.0
CD009069	recall@96.0%	1.0
CD009069	recall@97.0%	1.0
CD009069	recall@98.0%	1.0
CD009069	recall@99.0%	1.0
CD009069	recall@100.0%	1.0
CD009069	total_cost	197.0
CD009069	norm_area	0.711
CD009069	ap	0.087
CD009069	r	1.0
CD009069	loss_e	0.316
CD009069	loss_r	0.0
CD009069	loss_er	0.316
CD009642	num_shown	1922
CD009642	rels_found	62
CD009642	num_rels	62
CD009642	last_rel	1749
CD009642	norm_last_rel	0.91
CD009642	threshold	1922
CD009642	norm_threshold	1.0
CD009642	wss_100	0.09
CD009642	wss_95	0.118
CD009642	cg_total	62.0
CD009642	cg_max	62.0
CD009642	cg_threshold	62.0
CD009642	recall_threshold	1.0
CD009642	threshold	1922
CD009642	recall@1.0%	0.258
CD009642	recall@2.0%	0.435
CD009642	recall@3.0%	0.532
CD009642	recall@4.0%	0.597
CD009642	recall@5.0%	0.661
CD009642	recall@6.0%	0.71
CD009642	recall@7.0%	0.71
CD009642	recall@8.0%	0.742
CD009642	recall@9.0%	0.774
CD009642	recall@10.0%	0.79
CD009642	recall@11.0%	0.79
CD009642	recall@12.0%	0.806
CD009642	recall@13.0%	0.823
CD009642	recall@14.0%	0.823
CD009642	recall@15.0%	0.823
CD009642	recall@16.0%	0.823
CD009642	recall@17.0%	0.855
CD009642	recall@18.0%	0.855
CD009642	recall@19.0%	0.871
CD009642	recall@20.0%	0.871
CD009642	recall@21.0%	0.871
CD009642	recall@22.0%	0.871
CD009642	recall@23.0%	0.871
CD009642	recall@24.0%	0.871
CD009642	recall@25.0%	0.871
CD009642	recall@26.0%	0.871
CD009642	recall@27.0%	0.871
CD009642	recall@28.0%	0.871
CD009642	recall@29.0%	0.871
CD009642	recall@30.0%	0.871
CD009642	recall@31.0%	0.871
CD009642	recall@32.0%	0.871
CD009642	recall@33.0%	0.871
CD009642	recall@34.0%	0.887
CD009642	recall@35.0%	0.887
CD009642	recall@36.0%	0.887
CD009642	recall@37.0%	0.887
CD009642	recall@38.0%	0.887
CD009642	recall@39.0%	0.887
CD009642	recall@40.0%	0.887
CD009642	recall@41.0%	0.887
CD009642	recall@42.0%	0.887
CD009642	recall@43.0%	0.887
CD009642	recall@44.0%	0.887
CD009642	recall@45.0%	0.903
CD009642	recall@46.0%	0.903
CD009642	recall@47.0%	0.903
CD009642	recall@48.0%	0.903
CD009642	recall@49.0%	0.903
CD009642	recall@50.0%	0.903
CD009642	recall@51.0%	0.903
CD009642	recall@52.0%	0.903
CD009642	recall@53.0%	0.903
CD009642	recall@54.0%	0.903
CD009642	recall@55.0%	0.903
CD009642	recall@56.0%	0.903
CD009642	recall@57.0%	0.903
CD009642	recall@58.0%	0.903
CD009642	recall@59.0%	0.903
CD009642	recall@60.0%	0.903
CD009642	recall@61.0%	0.903
CD009642	recall@62.0%	0.919
CD009642	recall@63.0%	0.919
CD009642	recall@64.0%	0.919
CD009642	recall@65.0%	0.919
CD009642	recall@66.0%	0.919
CD009642	recall@67.0%	0.919
CD009642	recall@68.0%	0.919
CD009642	recall@69.0%	0.919
CD009642	recall@70.0%	0.919
CD009642	recall@71.0%	0.919
CD009642	recall@72.0%	0.919
CD009642	recall@73.0%	0.919
CD009642	recall@74.0%	0.919
CD009642	recall@75.0%	0.919
CD009642	recall@76.0%	0.919
CD009642	recall@77.0%	0.919
CD009642	recall@78.0%	0.935
CD009642	recall@79.0%	0.935
CD009642	recall@80.0%	0.935
CD009642	recall@81.0%	0.935
CD009642	recall@82.0%	0.935
CD009642	recall@83.0%	0.935
CD009642	recall@84.0%	0.968
CD009642	recall@85.0%	0.968
CD009642	recall@86.0%	0.984
CD009642	recall@87.0%	0.984
CD009642	recall@88.0%	0.984
CD009642	recall@89.0%	0.984
CD009642	recall@90.0%	0.984
CD009642	recall@91.0%	1.0
CD009642	recall@92.0%	1.0
CD009642	recall@93.0%	1.0
CD009642	recall@94.0%	1.0
CD009642	recall@95.0%	1.0
CD009642	recall@96.0%	1.0
CD009642	recall@97.0%	1.0
CD009642	recall@98.0%	1.0
CD009642	recall@99.0%	1.0
CD009642	recall@100.0%	1.0
CD009642	total_cost	682.0
CD009642	norm_area	0.891
CD009642	ap	0.547
CD009642	r	1.0
CD009642	loss_e	0.381
CD009642	loss_r	0.0
CD009642	loss_er	0.381
CD010038	num_shown	8867
CD010038	rels_found	23
CD010038	num_rels	23
CD010038	last_rel	5438
CD010038	norm_last_rel	0.613
CD010038	threshold	8867
CD010038	norm_threshold	1.0
CD010038	wss_100	0.387
CD010038	wss_95	0.434
CD010038	cg_total	23.0
CD010038	cg_max	23.0
CD010038	cg_threshold	23.0
CD010038	recall_threshold	1.0
CD010038	threshold	8867
CD010038	recall@1.0%	0.13
CD010038	recall@2.0%	0.217
CD010038	recall@3.0%	0.217
CD010038	recall@4.0%	0.304
CD010038	recall@5.0%	0.304
CD010038	recall@6.0%	0.391
CD010038	recall@7.0%	0.478
CD010038	recall@8.0%	0.478
CD010038	recall@9.0%	0.522
CD010038	recall@10.0%	0.565
CD010038	recall@11.0%	0.565
CD010038	recall@12.0%	0.565
CD010038	recall@13.0%	0.609
CD010038	recall@14.0%	0.609
CD010038	recall@15.0%	0.609
CD010038	recall@16.0%	0.609
CD010038	recall@17.0%	0.652
CD010038	recall@18.0%	0.696
CD010038	recall@19.0%	0.696
CD010038	recall@20.0%	0.696
CD010038	recall@21.0%	0.696
CD010038	recall@22.0%	0.739
CD010038	recall@23.0%	0.739
CD010038	recall@24.0%	0.739
CD010038	recall@25.0%	0.739
CD010038	recall@26.0%	0.739
CD010038	recall@27.0%	0.739
CD010038	recall@28.0%	0.739
CD010038	recall@29.0%	0.783
CD010038	recall@30.0%	0.783
CD010038	recall@31.0%	0.826
CD010038	recall@32.0%	0.826
CD010038	recall@33.0%	0.87
CD010038	recall@34.0%	0.87
CD010038	recall@35.0%	0.87
CD010038	recall@36.0%	0.87
CD010038	recall@37.0%	0.87
CD010038	recall@38.0%	0.87
CD010038	recall@39.0%	0.87
CD010038	recall@40.0%	0.913
CD010038	recall@41.0%	0.913
CD010038	recall@42.0%	0.913
CD010038	recall@43.0%	0.913
CD010038	recall@44.0%	0.913
CD010038	recall@45.0%	0.913
CD010038	recall@46.0%	0.913
CD010038	recall@47.0%	0.913
CD010038	recall@48.0%	0.913
CD010038	recall@49.0%	0.913
CD010038	recall@50.0%	0.913
CD010038	recall@51.0%	0.913
CD010038	recall@52.0%	0.957
CD010038	recall@53.0%	0.957
CD010038	recall@54.0%	0.957
CD010038	recall@55.0%	0.957
CD010038	recall@56.0%	0.957
CD010038	recall@57.0%	0.957
CD010038	recall@58.0%	0.957
CD010038	recall@59.0%	0.957
CD010038	recall@60.0%	0.957
CD010038	recall@61.0%	0.957
CD010038	recall@62.0%	1.0
CD010038	recall@63.0%	1.0
CD010038	recall@64.0%	1.0
CD010038	recall@65.0%	1.0
CD010038	recall@66.0%	1.0
CD010038	recall@67.0%	1.0
CD010038	recall@68.0%	1.0
CD010038	recall@69.0%	1.0
CD010038	recall@70.0%	1.0
CD010038	recall@71.0%	1.0
CD010038	recall@72.0%	1.0
CD010038	recall@73.0%	1.0
CD010038	recall@74.0%	1.0
CD010038	recall@75.0%	1.0
CD010038	recall@76.0%	1.0
CD010038	recall@77.0%	1.0
CD010038	recall@78.0%	1.0
CD010038	recall@79.0%	1.0
CD010038	recall@80.0%	1.0
CD010038	recall@81.0%	1.0
CD010038	recall@82.0%	1.0
CD010038	recall@83.0%	1.0
CD010038	recall@84.0%	1.0
CD010038	recall@85.0%	1.0
CD010038	recall@86.0%	1.0
CD010038	recall@87.0%	1.0
CD010038	recall@88.0%	1.0
CD010038	recall@89.0%	1.0
CD010038	recall@90.0%	1.0
CD010038	recall@91.0%	1.0
CD010038	recall@92.0%	1.0
CD010038	recall@93.0%	1.0
CD010038	recall@94.0%	1.0
CD010038	recall@95.0%	1.0
CD010038	recall@96.0%	1.0
CD010038	recall@97.0%	1.0
CD010038	recall@98.0%	1.0
CD010038	recall@99.0%	1.0
CD010038	recall@100.0%	1.0
CD010038	total_cost	8407.0
CD010038	norm_area	0.842
CD010038	ap	0.022
CD010038	r	1.0
CD010038	loss_e	0.661
CD010038	loss_r	0.0
CD010038	loss_er	0.661
CD010239	num_shown	224
CD010239	rels_found	12
CD010239	num_rels	12
CD010239	last_rel	29
CD010239	norm_last_rel	0.129
CD010239	threshold	224
CD010239	norm_threshold	1.0
CD010239	wss_100	0.871
CD010239	wss_95	0.861
CD010239	cg_total	12.0
CD010239	cg_max	12.0
CD010239	cg_threshold	12.0
CD010239	recall_threshold	1.0
CD010239	threshold	224
CD010239	recall@1.0%	0.167
CD010239	recall@2.0%	0.333
CD010239	recall@3.0%	0.583
CD010239	recall@4.0%	0.667
CD010239	recall@5.0%	0.667
CD010239	recall@6.0%	0.667
CD010239	recall@7.0%	0.833
CD010239	recall@8.0%	0.833
CD010239	recall@9.0%	0.917
CD010239	recall@10.0%	0.917
CD010239	recall@11.0%	0.917
CD010239	recall@12.0%	0.917
CD010239	recall@13.0%	1.0
CD010239	recall@14.0%	1.0
CD010239	recall@15.0%	1.0
CD010239	recall@16.0%	1.0
CD010239	recall@17.0%	1.0
CD010239	recall@18.0%	1.0
CD010239	recall@19.0%	1.0
CD010239	recall@20.0%	1.0
CD010239	recall@21.0%	1.0
CD010239	recall@22.0%	1.0
CD010239	recall@23.0%	1.0
CD010239	recall@24.0%	1.0
CD010239	recall@25.0%	1.0
CD010239	recall@26.0%	1.0
CD010239	recall@27.0%	1.0
CD010239	recall@28.0%	1.0
CD010239	recall@29.0%	1.0
CD010239	recall@30.0%	1.0
CD010239	recall@31.0%	1.0
CD010239	recall@32.0%	1.0
CD010239	recall@33.0%	1.0
CD010239	recall@34.0%	1.0
CD010239	recall@35.0%	1.0
CD010239	recall@36.0%	1.0
CD010239	recall@37.0%	1.0
CD010239	recall@38.0%	1.0
CD010239	recall@39.0%	1.0
CD010239	recall@40.0%	1.0
CD010239	recall@41.0%	1.0
CD010239	recall@42.0%	1.0
CD010239	recall@43.0%	1.0
CD010239	recall@44.0%	1.0
CD010239	recall@45.0%	1.0
CD010239	recall@46.0%	1.0
CD010239	recall@47.0%	1.0
CD010239	recall@48.0%	1.0
CD010239	recall@49.0%	1.0
CD010239	recall@50.0%	1.0
CD010239	recall@51.0%	1.0
CD010239	recall@52.0%	1.0
CD010239	recall@53.0%	1.0
CD010239	recall@54.0%	1.0
CD010239	recall@55.0%	1.0
CD010239	recall@56.0%	1.0
CD010239	recall@57.0%	1.0
CD010239	recall@58.0%	1.0
CD010239	recall@59.0%	1.0
CD010239	recall@60.0%	1.0
CD010239	recall@61.0%	1.0
CD010239	recall@62.0%	1.0
CD010239	recall@63.0%	1.0
CD010239	recall@64.0%	1.0
CD010239	recall@65.0%	1.0
CD010239	recall@66.0%	1.0
CD010239	recall@67.0%	1.0
CD010239	recall@68.0%	1.0
CD010239	recall@69.0%	1.0
CD010239	recall@70.0%	1.0
CD010239	recall@71.0%	1.0
CD010239	recall@72.0%	1.0
CD010239	recall@73.0%	1.0
CD010239	recall@74.0%	1.0
CD010239	recall@75.0%	1.0
CD010239	recall@76.0%	1.0
CD010239	recall@77.0%	1.0
CD010239	recall@78.0%	1.0
CD010239	recall@79.0%	1.0
CD010239	recall@80.0%	1.0
CD010239	recall@81.0%	1.0
CD010239	recall@82.0%	1.0
CD010239	recall@83.0%	1.0
CD010239	recall@84.0%	1.0
CD010239	recall@85.0%	1.0
CD010239	recall@86.0%	1.0
CD010239	recall@87.0%	1.0
CD010239	recall@88.0%	1.0
CD010239	recall@89.0%	1.0
CD010239	recall@90.0%	1.0
CD010239	recall@91.0%	1.0
CD010239	recall@92.0%	1.0
CD010239	recall@93.0%	1.0
CD010239	recall@94.0%	1.0
CD010239	recall@95.0%	1.0
CD010239	recall@96.0%	1.0
CD010239	recall@97.0%	1.0
CD010239	recall@98.0%	1.0
CD010239	recall@99.0%	1.0
CD010239	recall@100.0%	1.0
CD010239	total_cost	-16.0
CD010239	norm_area	0.986
CD010239	ap	0.847
CD010239	r	1.0
CD010239	loss_e	0.797
CD010239	loss_r	0.0
CD010239	loss_er	0.797
CD010558	num_shown	2815
CD010558	rels_found	37
CD010558	num_rels	37
CD010558	last_rel	2055
CD010558	norm_last_rel	0.73
CD010558	threshold	2815
CD010558	norm_threshold	1.0
CD010558	wss_100	0.27
CD010558	wss_95	0.401
CD010558	cg_total	37.0
CD010558	cg_max	37.0
CD010558	cg_threshold	37.0
CD010558	recall_threshold	1.0
CD010558	threshold	2815
CD010558	recall@1.0%	0.054
CD010558	recall@2.0%	0.108
CD010558	recall@3.0%	0.108
CD010558	recall@4.0%	0.189
CD010558	recall@5.0%	0.189
CD010558	recall@6.0%	0.189
CD010558	recall@7.0%	0.216
CD010558	recall@8.0%	0.27
CD010558	recall@9.0%	0.297
CD010558	recall@10.0%	0.351
CD010558	recall@11.0%	0.351
CD010558	recall@12.0%	0.351
CD010558	recall@13.0%	0.378
CD010558	recall@14.0%	0.378
CD010558	recall@15.0%	0.405
CD010558	recall@16.0%	0.405
CD010558	recall@17.0%	0.405
CD010558	recall@18.0%	0.459
CD010558	recall@19.0%	0.459
CD010558	recall@20.0%	0.459
CD010558	recall@21.0%	0.486
CD010558	recall@22.0%	0.541
CD010558	recall@23.0%	0.568
CD010558	recall@24.0%	0.595
CD010558	recall@25.0%	0.622
CD010558	recall@26.0%	0.649
CD010558	recall@27.0%	0.649
CD010558	recall@28.0%	0.703
CD010558	recall@29.0%	0.703
CD010558	recall@30.0%	0.703
CD010558	recall@31.0%	0.703
CD010558	recall@32.0%	0.73
CD010558	recall@33.0%	0.73
CD010558	recall@34.0%	0.73
CD010558	recall@35.0%	0.73
CD010558	recall@36.0%	0.73
CD010558	recall@37.0%	0.73
CD010558	recall@38.0%	0.73
CD010558	recall@39.0%	0.73
CD010558	recall@40.0%	0.757
CD010558	recall@41.0%	0.757
CD010558	recall@42.0%	0.757
CD010558	recall@43.0%	0.757
CD010558	recall@44.0%	0.784
CD010558	recall@45.0%	0.811
CD010558	recall@46.0%	0.811
CD010558	recall@47.0%	0.811
CD010558	recall@48.0%	0.865
CD010558	recall@49.0%	0.865
CD010558	recall@50.0%	0.865
CD010558	recall@51.0%	0.865
CD010558	recall@52.0%	0.865
CD010558	recall@53.0%	0.892
CD010558	recall@54.0%	0.919
CD010558	recall@55.0%	0.946
CD010558	recall@56.0%	0.946
CD010558	recall@57.0%	0.973
CD010558	recall@58.0%	0.973
CD010558	recall@59.0%	0.973
CD010558	recall@60.0%	0.973
CD010558	recall@61.0%	0.973
CD010558	recall@62.0%	0.973
CD010558	recall@63.0%	0.973
CD010558	recall@64.0%	0.973
CD010558	recall@65.0%	0.973
CD010558	recall@66.0%	0.973
CD010558	recall@67.0%	0.973
CD010558	recall@68.0%	0.973
CD010558	recall@69.0%	0.973
CD010558	recall@70.0%	0.973
CD010558	recall@71.0%	0.973
CD010558	recall@72.0%	0.973
CD010558	recall@73.0%	1.0
CD010558	recall@74.0%	1.0
CD010558	recall@75.0%	1.0
CD010558	recall@76.0%	1.0
CD010558	recall@77.0%	1.0
CD010558	recall@78.0%	1.0
CD010558	recall@79.0%	1.0
CD010558	recall@80.0%	1.0
CD010558	recall@81.0%	1.0
CD010558	recall@82.0%	1.0
CD010558	recall@83.0%	1.0
CD010558	recall@84.0%	1.0
CD010558	recall@85.0%	1.0
CD010558	recall@86.0%	1.0
CD010558	recall@87.0%	1.0
CD010558	recall@88.0%	1.0
CD010558	recall@89.0%	1.0
CD010558	recall@90.0%	1.0
CD010558	recall@91.0%	1.0
CD010558	recall@92.0%	1.0
CD010558	recall@93.0%	1.0
CD010558	recall@94.0%	1.0
CD010558	recall@95.0%	1.0
CD010558	recall@96.0%	1.0
CD010558	recall@97.0%	1.0
CD010558	recall@98.0%	1.0
CD010558	recall@99.0%	1.0
CD010558	recall@100.0%	1.0
CD010558	total_cost	2075.0
CD010558	norm_area	0.767
CD010558	ap	0.044
CD010558	r	1.0
CD010558	loss_e	0.533
CD010558	loss_r	0.0
CD010558	loss_er	0.533
CD010753	num_shown	2539
CD010753	rels_found	29
CD010753	num_rels	29
CD010753	last_rel	2444
CD010753	norm_last_rel	0.963
CD010753	threshold	2539
CD010753	norm_threshold	1.0
CD010753	wss_100	0.037
CD010753	wss_95	0.558
CD010753	cg_total	29.0
CD010753	cg_max	29.0
CD010753	cg_threshold	29.0
CD010753	recall_threshold	1.0
CD010753	threshold	2539
CD010753	recall@1.0%	0.069
CD010753	recall@2.0%	0.138
CD010753	recall@3.0%	0.276
CD010753	recall@4.0%	0.31
CD010753	recall@5.0%	0.31
CD010753	recall@6.0%	0.379
CD010753	recall@7.0%	0.379
CD010753	recall@8.0%	0.483
CD010753	recall@9.0%	0.517
CD010753	recall@10.0%	0.586
CD010753	recall@11.0%	0.586
CD010753	recall@12.0%	0.621
CD010753	recall@13.0%	0.621
CD010753	recall@14.0%	0.621
CD010753	recall@15.0%	0.69
CD010753	recall@16.0%	0.724
CD010753	recall@17.0%	0.724
CD010753	recall@18.0%	0.724
CD010753	recall@19.0%	0.724
CD010753	recall@20.0%	0.724
CD010753	recall@21.0%	0.828
CD010753	recall@22.0%	0.828
CD010753	recall@23.0%	0.862
CD010753	recall@24.0%	0.862
CD010753	recall@25.0%	0.862
CD010753	recall@26.0%	0.897
CD010753	recall@27.0%	0.897
CD010753	recall@28.0%	0.897
CD010753	recall@29.0%	0.897
CD010753	recall@30.0%	0.897
CD010753	recall@31.0%	0.897
CD010753	recall@32.0%	0.897
CD010753	recall@33.0%	0.897
CD010753	recall@34.0%	0.897
CD010753	recall@35.0%	0.897
CD010753	recall@36.0%	0.897
CD010753	recall@37.0%	0.897
CD010753	recall@38.0%	0.897
CD010753	recall@39.0%	0.931
CD010753	recall@40.0%	0.966
CD010753	recall@41.0%	0.966
CD010753	recall@42.0%	0.966
CD010753	recall@43.0%	0.966
CD010753	recall@44.0%	0.966
CD010753	recall@45.0%	0.966
CD010753	recall@46.0%	0.966
CD010753	recall@47.0%	0.966
CD010753	recall@48.0%	0.966
CD010753	recall@49.0%	0.966
CD010753	recall@50.0%	0.966
CD010753	recall@51.0%	0.966
CD010753	recall@52.0%	0.966
CD010753	recall@53.0%	0.966
CD010753	recall@54.0%	0.966
CD010753	recall@55.0%	0.966
CD010753	recall@56.0%	0.966
CD010753	recall@57.0%	0.966
CD010753	recall@58.0%	0.966
CD010753	recall@59.0%	0.966
CD010753	recall@60.0%	0.966
CD010753	recall@61.0%	0.966
CD010753	recall@62.0%	0.966
CD010753	recall@63.0%	0.966
CD010753	recall@64.0%	0.966
CD010753	recall@65.0%	0.966
CD010753	recall@66.0%	0.966
CD010753	recall@67.0%	0.966
CD010753	recall@68.0%	0.966
CD010753	recall@69.0%	0.966
CD010753	recall@70.0%	0.966
CD010753	recall@71.0%	0.966
CD010753	recall@72.0%	0.966
CD010753	recall@73.0%	0.966
CD010753	recall@74.0%	0.966
CD010753	recall@75.0%	0.966
CD010753	recall@76.0%	0.966
CD010753	recall@77.0%	0.966
CD010753	recall@78.0%	0.966
CD010753	recall@79.0%	0.966
CD010753	recall@80.0%	0.966
CD010753	recall@81.0%	0.966
CD010753	recall@82.0%	0.966
CD010753	recall@83.0%	0.966
CD010753	recall@84.0%	0.966
CD010753	recall@85.0%	0.966
CD010753	recall@86.0%	0.966
CD010753	recall@87.0%	0.966
CD010753	recall@88.0%	0.966
CD010753	recall@89.0%	0.966
CD010753	recall@90.0%	0.966
CD010753	recall@91.0%	0.966
CD010753	recall@92.0%	0.966
CD010753	recall@93.0%	0.966
CD010753	recall@94.0%	0.966
CD010753	recall@95.0%	0.966
CD010753	recall@96.0%	0.966
CD010753	recall@97.0%	1.0
CD010753	recall@98.0%	1.0
CD010753	recall@99.0%	1.0
CD010753	recall@100.0%	1.0
CD010753	total_cost	1959.0
CD010753	norm_area	0.861
CD010753	ap	0.067
CD010753	r	1.0
CD010753	loss_e	0.601
CD010753	loss_r	0.0
CD010753	loss_er	0.601
CD011140	num_shown	289
CD011140	rels_found	4
CD011140	num_rels	4
CD011140	last_rel	13
CD011140	norm_last_rel	0.045
CD011140	threshold	289
CD011140	norm_threshold	1.0
CD011140	wss_100	0.955
CD011140	wss_95	0.905
CD011140	cg_total	4.0
CD011140	cg_max	4.0
CD011140	cg_threshold	4.0
CD011140	recall_threshold	1.0
CD011140	threshold	289
CD011140	recall@1.0%	0.25
CD011140	recall@2.0%	0.25
CD011140	recall@3.0%	0.5
CD011140	recall@4.0%	0.75
CD011140	recall@5.0%	1.0
CD011140	recall@6.0%	1.0
CD011140	recall@7.0%	1.0
CD011140	recall@8.0%	1.0
CD011140	recall@9.0%	1.0
CD011140	recall@10.0%	1.0
CD011140	recall@11.0%	1.0
CD011140	recall@12.0%	1.0
CD011140	recall@13.0%	1.0
CD011140	recall@14.0%	1.0
CD011140	recall@15.0%	1.0
CD011140	recall@16.0%	1.0
CD011140	recall@17.0%	1.0
CD011140	recall@18.0%	1.0
CD011140	recall@19.0%	1.0
CD011140	recall@20.0%	1.0
CD011140	recall@21.0%	1.0
CD011140	recall@22.0%	1.0
CD011140	recall@23.0%	1.0
CD011140	recall@24.0%	1.0
CD011140	recall@25.0%	1.0
CD011140	recall@26.0%	1.0
CD011140	recall@27.0%	1.0
CD011140	recall@28.0%	1.0
CD011140	recall@29.0%	1.0
CD011140	recall@30.0%	1.0
CD011140	recall@31.0%	1.0
CD011140	recall@32.0%	1.0
CD011140	recall@33.0%	1.0
CD011140	recall@34.0%	1.0
CD011140	recall@35.0%	1.0
CD011140	recall@36.0%	1.0
CD011140	recall@37.0%	1.0
CD011140	recall@38.0%	1.0
CD011140	recall@39.0%	1.0
CD011140	recall@40.0%	1.0
CD011140	recall@41.0%	1.0
CD011140	recall@42.0%	1.0
CD011140	recall@43.0%	1.0
CD011140	recall@44.0%	1.0
CD011140	recall@45.0%	1.0
CD011140	recall@46.0%	1.0
CD011140	recall@47.0%	1.0
CD011140	recall@48.0%	1.0
CD011140	recall@49.0%	1.0
CD011140	recall@50.0%	1.0
CD011140	recall@51.0%	1.0
CD011140	recall@52.0%	1.0
CD011140	recall@53.0%	1.0
CD011140	recall@54.0%	1.0
CD011140	recall@55.0%	1.0
CD011140	recall@56.0%	1.0
CD011140	recall@57.0%	1.0
CD011140	recall@58.0%	1.0
CD011140	recall@59.0%	1.0
CD011140	recall@60.0%	1.0
CD011140	recall@61.0%	1.0
CD011140	recall@62.0%	1.0
CD011140	recall@63.0%	1.0
CD011140	recall@64.0%	1.0
CD011140	recall@65.0%	1.0
CD011140	recall@66.0%	1.0
CD011140	recall@67.0%	1.0
CD011140	recall@68.0%	1.0
CD011140	recall@69.0%	1.0
CD011140	recall@70.0%	1.0
CD011140	recall@71.0%	1.0
CD011140	recall@72.0%	1.0
CD011140	recall@73.0%	1.0
CD011140	recall@74.0%	1.0
CD011140	recall@75.0%	1.0
CD011140	recall@76.0%	1.0
CD011140	recall@77.0%	1.0
CD011140	recall@78.0%	1.0
CD011140	recall@79.0%	1.0
CD011140	recall@80.0%	1.0
CD011140	recall@81.0%	1.0
CD011140	recall@82.0%	1.0
CD011140	recall@83.0%	1.0
CD011140	recall@84.0%	1.0
CD011140	recall@85.0%	1.0
CD011140	recall@86.0%	1.0
CD011140	recall@87.0%	1.0
CD011140	recall@88.0%	1.0
CD011140	recall@89.0%	1.0
CD011140	recall@90.0%	1.0
CD011140	recall@91.0%	1.0
CD011140	recall@92.0%	1.0
CD011140	recall@93.0%	1.0
CD011140	recall@94.0%	1.0
CD011140	recall@95.0%	1.0
CD011140	recall@96.0%	1.0
CD011140	recall@97.0%	1.0
CD011140	recall@98.0%	1.0
CD011140	recall@99.0%	1.0
CD011140	recall@100.0%	1.0
CD011140	total_cost	209.0
CD011140	norm_area	0.98
CD011140	ap	0.307
CD011140	r	1.0
CD011140	loss_e	0.925
CD011140	loss_r	0.0
CD011140	loss_er	0.925
CD011571	num_shown	146
CD011571	rels_found	15
CD011571	num_rels	15
CD011571	last_rel	97
CD011571	norm_last_rel	0.664
CD011571	threshold	146
CD011571	norm_threshold	1.0
CD011571	wss_100	0.336
CD011571	wss_95	0.334
CD011571	cg_total	15.0
CD011571	cg_max	15.0
CD011571	cg_threshold	15.0
CD011571	recall_threshold	1.0
CD011571	threshold	146
CD011571	recall@1.0%	0.0
CD011571	recall@2.0%	0.133
CD011571	recall@3.0%	0.133
CD011571	recall@4.0%	0.2
CD011571	recall@5.0%	0.267
CD011571	recall@6.0%	0.333
CD011571	recall@7.0%	0.333
CD011571	recall@8.0%	0.4
CD011571	recall@9.0%	0.4
CD011571	recall@10.0%	0.4
CD011571	recall@11.0%	0.4
CD011571	recall@12.0%	0.4
CD011571	recall@13.0%	0.4
CD011571	recall@14.0%	0.4
CD011571	recall@15.0%	0.4
CD011571	recall@16.0%	0.4
CD011571	recall@17.0%	0.4
CD011571	recall@18.0%	0.4
CD011571	recall@19.0%	0.4
CD011571	recall@20.0%	0.4
CD011571	recall@21.0%	0.467
CD011571	recall@22.0%	0.467
CD011571	recall@23.0%	0.467
CD011571	recall@24.0%	0.467
CD011571	recall@25.0%	0.467
CD011571	recall@26.0%	0.533
CD011571	recall@27.0%	0.533
CD011571	recall@28.0%	0.533
CD011571	recall@29.0%	0.533
CD011571	recall@30.0%	0.6
CD011571	recall@31.0%	0.6
CD011571	recall@32.0%	0.6
CD011571	recall@33.0%	0.6
CD011571	recall@34.0%	0.6
CD011571	recall@35.0%	0.6
CD011571	recall@36.0%	0.6
CD011571	recall@37.0%	0.6
CD011571	recall@38.0%	0.6
CD011571	recall@39.0%	0.6
CD011571	recall@40.0%	0.6
CD011571	recall@41.0%	0.6
CD011571	recall@42.0%	0.6
CD011571	recall@43.0%	0.6
CD011571	recall@44.0%	0.6
CD011571	recall@45.0%	0.6
CD011571	recall@46.0%	0.6
CD011571	recall@47.0%	0.6
CD011571	recall@48.0%	0.6
CD011571	recall@49.0%	0.667
CD011571	recall@50.0%	0.667
CD011571	recall@51.0%	0.667
CD011571	recall@52.0%	0.667
CD011571	recall@53.0%	0.667
CD011571	recall@54.0%	0.667
CD011571	recall@55.0%	0.733
CD011571	recall@56.0%	0.8
CD011571	recall@57.0%	0.8
CD011571	recall@58.0%	0.8
CD011571	recall@59.0%	0.8
CD011571	recall@60.0%	0.867
CD011571	recall@61.0%	0.867
CD011571	recall@62.0%	0.933
CD011571	recall@63.0%	0.933
CD011571	recall@64.0%	0.933
CD011571	recall@65.0%	0.933
CD011571	recall@66.0%	0.933
CD011571	recall@67.0%	1.0
CD011571	recall@68.0%	1.0
CD011571	recall@69.0%	1.0
CD011571	recall@70.0%	1.0
CD011571	recall@71.0%	1.0
CD011571	recall@72.0%	1.0
CD011571	recall@73.0%	1.0
CD011571	recall@74.0%	1.0
CD011571	recall@75.0%	1.0
CD011571	recall@76.0%	1.0
CD011571	recall@77.0%	1.0
CD011571	recall@78.0%	1.0
CD011571	recall@79.0%	1.0
CD011571	recall@80.0%	1.0
CD011571	recall@81.0%	1.0
CD011571	recall@82.0%	1.0
CD011571	recall@83.0%	1.0
CD011571	recall@84.0%	1.0
CD011571	recall@85.0%	1.0
CD011571	recall@86.0%	1.0
CD011571	recall@87.0%	1.0
CD011571	recall@88.0%	1.0
CD011571	recall@89.0%	1.0
CD011571	recall@90.0%	1.0
CD011571	recall@91.0%	1.0
CD011571	recall@92.0%	1.0
CD011571	recall@93.0%	1.0
CD011571	recall@94.0%	1.0
CD011571	recall@95.0%	1.0
CD011571	recall@96.0%	1.0
CD011571	recall@97.0%	1.0
CD011571	recall@98.0%	1.0
CD011571	recall@99.0%	1.0
CD011571	recall@100.0%	1.0
CD011571	total_cost	-154.0
CD011571	norm_area	0.741
CD011571	ap	0.329
CD011571	r	1.0
CD011571	loss_e	0.756
CD011571	loss_r	0.0
CD011571	loss_er	0.756
CD011768	num_shown	9160
CD011768	rels_found	54
CD011768	num_rels	54
CD011768	last_rel	2980
CD011768	norm_last_rel	0.325
CD011768	threshold	9160
CD011768	norm_threshold	1.0
CD011768	wss_100	0.675
CD011768	wss_95	0.768
CD011768	cg_total	54.0
CD011768	cg_max	54.0
CD011768	cg_threshold	54.0
CD011768	recall_threshold	1.0
CD011768	threshold	9160
CD011768	recall@1.0%	0.296
CD011768	recall@2.0%	0.481
CD011768	recall@3.0%	0.556
CD011768	recall@4.0%	0.611
CD011768	recall@5.0%	0.667
CD011768	recall@6.0%	0.759
CD011768	recall@7.0%	0.778
CD011768	recall@8.0%	0.796
CD011768	recall@9.0%	0.796
CD011768	recall@10.0%	0.815
CD011768	recall@11.0%	0.833
CD011768	recall@12.0%	0.833
CD011768	recall@13.0%	0.833
CD011768	recall@14.0%	0.87
CD011768	recall@15.0%	0.907
CD011768	recall@16.0%	0.907
CD011768	recall@17.0%	0.907
CD011768	recall@18.0%	0.926
CD011768	recall@19.0%	0.944
CD011768	recall@20.0%	0.944
CD011768	recall@21.0%	0.944
CD011768	recall@22.0%	0.963
CD011768	recall@23.0%	0.981
CD011768	recall@24.0%	0.981
CD011768	recall@25.0%	0.981
CD011768	recall@26.0%	0.981
CD011768	recall@27.0%	0.981
CD011768	recall@28.0%	0.981
CD011768	recall@29.0%	0.981
CD011768	recall@30.0%	0.981
CD011768	recall@31.0%	0.981
CD011768	recall@32.0%	0.981
CD011768	recall@33.0%	1.0
CD011768	recall@34.0%	1.0
CD011768	recall@35.0%	1.0
CD011768	recall@36.0%	1.0
CD011768	recall@37.0%	1.0
CD011768	recall@38.0%	1.0
CD011768	recall@39.0%	1.0
CD011768	recall@40.0%	1.0
CD011768	recall@41.0%	1.0
CD011768	recall@42.0%	1.0
CD011768	recall@43.0%	1.0
CD011768	recall@44.0%	1.0
CD011768	recall@45.0%	1.0
CD011768	recall@46.0%	1.0
CD011768	recall@47.0%	1.0
CD011768	recall@48.0%	1.0
CD011768	recall@49.0%	1.0
CD011768	recall@50.0%	1.0
CD011768	recall@51.0%	1.0
CD011768	recall@52.0%	1.0
CD011768	recall@53.0%	1.0
CD011768	recall@54.0%	1.0
CD011768	recall@55.0%	1.0
CD011768	recall@56.0%	1.0
CD011768	recall@57.0%	1.0
CD011768	recall@58.0%	1.0
CD011768	recall@59.0%	1.0
CD011768	recall@60.0%	1.0
CD011768	recall@61.0%	1.0
CD011768	recall@62.0%	1.0
CD011768	recall@63.0%	1.0
CD011768	recall@64.0%	1.0
CD011768	recall@65.0%	1.0
CD011768	recall@66.0%	1.0
CD011768	recall@67.0%	1.0
CD011768	recall@68.0%	1.0
CD011768	recall@69.0%	1.0
CD011768	recall@70.0%	1.0
CD011768	recall@71.0%	1.0
CD011768	recall@72.0%	1.0
CD011768	recall@73.0%	1.0
CD011768	recall@74.0%	1.0
CD011768	recall@75.0%	1.0
CD011768	recall@76.0%	1.0
CD011768	recall@77.0%	1.0
CD011768	recall@78.0%	1.0
CD011768	recall@79.0%	1.0
CD011768	recall@80.0%	1.0
CD011768	recall@81.0%	1.0
CD011768	recall@82.0%	1.0
CD011768	recall@83.0%	1.0
CD011768	recall@84.0%	1.0
CD011768	recall@85.0%	1.0
CD011768	recall@86.0%	1.0
CD011768	recall@87.0%	1.0
CD011768	recall@88.0%	1.0
CD011768	recall@89.0%	1.0
CD011768	recall@90.0%	1.0
CD011768	recall@91.0%	1.0
CD011768	recall@92.0%	1.0
CD011768	recall@93.0%	1.0
CD011768	recall@94.0%	1.0
CD011768	recall@95.0%	1.0
CD011768	recall@96.0%	1.0
CD011768	recall@97.0%	1.0
CD011768	recall@98.0%	1.0
CD011768	recall@99.0%	1.0
CD011768	recall@100.0%	1.0
CD011768	total_cost	8080.0
CD011768	norm_area	0.95
CD011768	ap	0.13
CD011768	r	1.0
CD011768	loss_e	0.422
CD011768	loss_r	0.0
CD011768	loss_er	0.422
CD011977	num_shown	195
CD011977	rels_found	49
CD011977	num_rels	49
CD011977	last_rel	143
CD011977	norm_last_rel	0.733
CD011977	threshold	195
CD011977	norm_threshold	1.0
CD011977	wss_100	0.267
CD011977	wss_95	0.283
CD011977	cg_total	49.0
CD011977	cg_max	49.0
CD011977	cg_threshold	49.0
CD011977	recall_threshold	1.0
CD011977	threshold	195
CD011977	recall@1.0%	0.02
CD011977	recall@2.0%	0.02
CD011977	recall@3.0%	0.061
CD011977	recall@4.0%	0.102
CD011977	recall@5.0%	0.102
CD011977	recall@6.0%	0.122
CD011977	recall@7.0%	0.122
CD011977	recall@8.0%	0.143
CD011977	recall@9.0%	0.163
CD011977	recall@10.0%	0.204
CD011977	recall@11.0%	0.204
CD011977	recall@12.0%	0.224
CD011977	recall@13.0%	0.224
CD011977	recall@14.0%	0.265
CD011977	recall@15.0%	0.265
CD011977	recall@16.0%	0.286
CD011977	recall@17.0%	0.306
CD011977	recall@18.0%	0.327
CD011977	recall@19.0%	0.367
CD011977	recall@20.0%	0.388
CD011977	recall@21.0%	0.429
CD011977	recall@22.0%	0.429
CD011977	recall@23.0%	0.469
CD011977	recall@24.0%	0.469
CD011977	recall@25.0%	0.51
CD011977	recall@26.0%	0.551
CD011977	recall@27.0%	0.592
CD011977	recall@28.0%	0.592
CD011977	recall@29.0%	0.592
CD011977	recall@30.0%	0.612
CD011977	recall@31.0%	0.612
CD011977	recall@32.0%	0.612
CD011977	recall@33.0%	0.612
CD011977	recall@34.0%	0.612
CD011977	recall@35.0%	0.633
CD011977	recall@36.0%	0.673
CD011977	recall@37.0%	0.673
CD011977	recall@38.0%	0.694
CD011977	recall@39.0%	0.714
CD011977	recall@40.0%	0.735
CD011977	recall@41.0%	0.755
CD011977	recall@42.0%	0.755
CD011977	recall@43.0%	0.776
CD011977	recall@44.0%	0.796
CD011977	recall@45.0%	0.816
CD011977	recall@46.0%	0.816
CD011977	recall@47.0%	0.837
CD011977	recall@48.0%	0.837
CD011977	recall@49.0%	0.837
CD011977	recall@50.0%	0.837
CD011977	recall@51.0%	0.857
CD011977	recall@52.0%	0.857
CD011977	recall@53.0%	0.878
CD011977	recall@54.0%	0.878
CD011977	recall@55.0%	0.878
CD011977	recall@56.0%	0.898
CD011977	recall@57.0%	0.918
CD011977	recall@58.0%	0.918
CD011977	recall@59.0%	0.918
CD011977	recall@60.0%	0.918
CD011977	recall@61.0%	0.918
CD011977	recall@62.0%	0.918
CD011977	recall@63.0%	0.939
CD011977	recall@64.0%	0.939
CD011977	recall@65.0%	0.939
CD011977	recall@66.0%	0.939
CD011977	recall@67.0%	0.959
CD011977	recall@68.0%	0.959
CD011977	recall@69.0%	0.959
CD011977	recall@70.0%	0.959
CD011977	recall@71.0%	0.959
CD011977	recall@72.0%	0.959
CD011977	recall@73.0%	0.98
CD011977	recall@74.0%	1.0
CD011977	recall@75.0%	1.0
CD011977	recall@76.0%	1.0
CD011977	recall@77.0%	1.0
CD011977	recall@78.0%	1.0
CD011977	recall@79.0%	1.0
CD011977	recall@80.0%	1.0
CD011977	recall@81.0%	1.0
CD011977	recall@82.0%	1.0
CD011977	recall@83.0%	1.0
CD011977	recall@84.0%	1.0
CD011977	recall@85.0%	1.0
CD011977	recall@86.0%	1.0
CD011977	recall@87.0%	1.0
CD011977	recall@88.0%	1.0
CD011977	recall@89.0%	1.0
CD011977	recall@90.0%	1.0
CD011977	recall@91.0%	1.0
CD011977	recall@92.0%	1.0
CD011977	recall@93.0%	1.0
CD011977	recall@94.0%	1.0
CD011977	recall@95.0%	1.0
CD011977	recall@96.0%	1.0
CD011977	recall@97.0%	1.0
CD011977	recall@98.0%	1.0
CD011977	recall@99.0%	1.0
CD011977	recall@100.0%	1.0
CD011977	total_cost	-785.0
CD011977	norm_area	0.818
CD011977	ap	0.471
CD011977	r	1.0
CD011977	loss_e	0.45
CD011977	loss_r	0.0
CD011977	loss_er	0.45
CD012069	num_shown	3479
CD012069	rels_found	320
CD012069	num_rels	320
CD012069	last_rel	3378
CD012069	norm_last_rel	0.971
CD012069	threshold	3479
CD012069	norm_threshold	1.0
CD012069	wss_100	0.029
CD012069	wss_95	0.13
CD012069	cg_total	320.0
CD012069	cg_max	320.0
CD012069	cg_threshold	320.0
CD012069	recall_threshold	1.0
CD012069	threshold	3479
CD012069	recall@1.0%	0.025
CD012069	recall@2.0%	0.047
CD012069	recall@3.0%	0.062
CD012069	recall@4.0%	0.078
CD012069	recall@5.0%	0.1
CD012069	recall@6.0%	0.109
CD012069	recall@7.0%	0.128
CD012069	recall@8.0%	0.153
CD012069	recall@9.0%	0.169
CD012069	recall@10.0%	0.184
CD012069	recall@11.0%	0.203
CD012069	recall@12.0%	0.225
CD012069	recall@13.0%	0.244
CD012069	recall@14.0%	0.256
CD012069	recall@15.0%	0.259
CD012069	recall@16.0%	0.278
CD012069	recall@17.0%	0.294
CD012069	recall@18.0%	0.309
CD012069	recall@19.0%	0.334
CD012069	recall@20.0%	0.362
CD012069	recall@21.0%	0.388
CD012069	recall@22.0%	0.409
CD012069	recall@23.0%	0.438
CD012069	recall@24.0%	0.45
CD012069	recall@25.0%	0.466
CD012069	recall@26.0%	0.484
CD012069	recall@27.0%	0.512
CD012069	recall@28.0%	0.528
CD012069	recall@29.0%	0.537
CD012069	recall@30.0%	0.55
CD012069	recall@31.0%	0.553
CD012069	recall@32.0%	0.572
CD012069	recall@33.0%	0.584
CD012069	recall@34.0%	0.591
CD012069	recall@35.0%	0.613
CD012069	recall@36.0%	0.628
CD012069	recall@37.0%	0.644
CD012069	recall@38.0%	0.653
CD012069	recall@39.0%	0.669
CD012069	recall@40.0%	0.688
CD012069	recall@41.0%	0.691
CD012069	recall@42.0%	0.7
CD012069	recall@43.0%	0.716
CD012069	recall@44.0%	0.722
CD012069	recall@45.0%	0.731
CD012069	recall@46.0%	0.744
CD012069	recall@47.0%	0.753
CD012069	recall@48.0%	0.759
CD012069	recall@49.0%	0.762
CD012069	recall@50.0%	0.778
CD012069	recall@51.0%	0.784
CD012069	recall@52.0%	0.787
CD012069	recall@53.0%	0.794
CD012069	recall@54.0%	0.8
CD012069	recall@55.0%	0.8
CD012069	recall@56.0%	0.803
CD012069	recall@57.0%	0.822
CD012069	recall@58.0%	0.831
CD012069	recall@59.0%	0.847
CD012069	recall@60.0%	0.856
CD012069	recall@61.0%	0.863
CD012069	recall@62.0%	0.869
CD012069	recall@63.0%	0.875
CD012069	recall@64.0%	0.881
CD012069	recall@65.0%	0.894
CD012069	recall@66.0%	0.894
CD012069	recall@67.0%	0.897
CD012069	recall@68.0%	0.903
CD012069	recall@69.0%	0.909
CD012069	recall@70.0%	0.909
CD012069	recall@71.0%	0.909
CD012069	recall@72.0%	0.909
CD012069	recall@73.0%	0.909
CD012069	recall@74.0%	0.922
CD012069	recall@75.0%	0.922
CD012069	recall@76.0%	0.925
CD012069	recall@77.0%	0.931
CD012069	recall@78.0%	0.931
CD012069	recall@79.0%	0.931
CD012069	recall@80.0%	0.938
CD012069	recall@81.0%	0.944
CD012069	recall@82.0%	0.947
CD012069	recall@83.0%	0.956
CD012069	recall@84.0%	0.956
CD012069	recall@85.0%	0.956
CD012069	recall@86.0%	0.963
CD012069	recall@87.0%	0.963
CD012069	recall@88.0%	0.966
CD012069	recall@89.0%	0.972
CD012069	recall@90.0%	0.972
CD012069	recall@91.0%	0.972
CD012069	recall@92.0%	0.978
CD012069	recall@93.0%	0.984
CD012069	recall@94.0%	0.984
CD012069	recall@95.0%	0.984
CD012069	recall@96.0%	0.991
CD012069	recall@97.0%	0.994
CD012069	recall@98.0%	1.0
CD012069	recall@99.0%	1.0
CD012069	recall@100.0%	1.0
CD012069	total_cost	-2921.0
CD012069	norm_area	0.706
CD012069	ap	0.161
CD012069	r	1.0
CD012069	loss_e	0.057
CD012069	loss_r	0.0
CD012069	loss_er	0.057
CD012164	num_shown	61
CD012164	rels_found	7
CD012164	num_rels	7
CD012164	last_rel	32
CD012164	norm_last_rel	0.525
CD012164	threshold	61
CD012164	norm_threshold	1.0
CD012164	wss_100	0.475
CD012164	wss_95	0.425
CD012164	cg_total	7.0
CD012164	cg_max	7.0
CD012164	cg_threshold	7.0
CD012164	recall_threshold	1.0
CD012164	threshold	61
CD012164	recall@1.0%	0.0
CD012164	recall@2.0%	0.0
CD012164	recall@3.0%	0.0
CD012164	recall@4.0%	0.0
CD012164	recall@5.0%	0.0
CD012164	recall@6.0%	0.143
CD012164	recall@7.0%	0.143
CD012164	recall@8.0%	0.143
CD012164	recall@9.0%	0.143
CD012164	recall@10.0%	0.143
CD012164	recall@11.0%	0.286
CD012164	recall@12.0%	0.286
CD012164	recall@13.0%	0.429
CD012164	recall@14.0%	0.571
CD012164	recall@15.0%	0.571
CD012164	recall@16.0%	0.714
CD012164	recall@17.0%	0.714
CD012164	recall@18.0%	0.714
CD012164	recall@19.0%	0.714
CD012164	recall@20.0%	0.714
CD012164	recall@21.0%	0.714
CD012164	recall@22.0%	0.714
CD012164	recall@23.0%	0.714
CD012164	recall@24.0%	0.714
CD012164	recall@25.0%	0.714
CD012164	recall@26.0%	0.714
CD012164	recall@27.0%	0.714
CD012164	recall@28.0%	0.714
CD012164	recall@29.0%	0.714
CD012164	recall@30.0%	0.714
CD012164	recall@31.0%	0.714
CD012164	recall@32.0%	0.714
CD012164	recall@33.0%	0.714
CD012164	recall@34.0%	0.857
CD012164	recall@35.0%	0.857
CD012164	recall@36.0%	0.857
CD012164	recall@37.0%	0.857
CD012164	recall@38.0%	0.857
CD012164	recall@39.0%	0.857
CD012164	recall@40.0%	0.857
CD012164	recall@41.0%	0.857
CD012164	recall@42.0%	0.857
CD012164	recall@43.0%	0.857
CD012164	recall@44.0%	0.857
CD012164	recall@45.0%	0.857
CD012164	recall@46.0%	0.857
CD012164	recall@47.0%	0.857
CD012164	recall@48.0%	0.857
CD012164	recall@49.0%	0.857
CD012164	recall@50.0%	0.857
CD012164	recall@51.0%	0.857
CD012164	recall@52.0%	1.0
CD012164	recall@53.0%	1.0
CD012164	recall@54.0%	1.0
CD012164	recall@55.0%	1.0
CD012164	recall@56.0%	1.0
CD012164	recall@57.0%	1.0
CD012164	recall@58.0%	1.0
CD012164	recall@59.0%	1.0
CD012164	recall@60.0%	1.0
CD012164	recall@61.0%	1.0
CD012164	recall@62.0%	1.0
CD012164	recall@63.0%	1.0
CD012164	recall@64.0%	1.0
CD012164	recall@65.0%	1.0
CD012164	recall@66.0%	1.0
CD012164	recall@67.0%	1.0
CD012164	recall@68.0%	1.0
CD012164	recall@69.0%	1.0
CD012164	recall@70.0%	1.0
CD012164	recall@71.0%	1.0
CD012164	recall@72.0%	1.0
CD012164	recall@73.0%	1.0
CD012164	recall@74.0%	1.0
CD012164	recall@75.0%	1.0
CD012164	recall@76.0%	1.0
CD012164	recall@77.0%	1.0
CD012164	recall@78.0%	1.0
CD012164	recall@79.0%	1.0
CD012164	recall@80.0%	1.0
CD012164	recall@81.0%	1.0
CD012164	recall@82.0%	1.0
CD012164	recall@83.0%	1.0
CD012164	recall@84.0%	1.0
CD012164	recall@85.0%	1.0
CD012164	recall@86.0%	1.0
CD012164	recall@87.0%	1.0
CD012164	recall@88.0%	1.0
CD012164	recall@89.0%	1.0
CD012164	recall@90.0%	1.0
CD012164	recall@91.0%	1.0
CD012164	recall@92.0%	1.0
CD012164	recall@93.0%	1.0
CD012164	recall@94.0%	1.0
CD012164	recall@95.0%	1.0
CD012164	recall@96.0%	1.0
CD012164	recall@97.0%	1.0
CD012164	recall@98.0%	1.0
CD012164	recall@99.0%	1.0
CD012164	recall@100.0%	1.0
CD012164	total_cost	-79.0
CD012164	norm_area	0.843
CD012164	ap	0.337
CD012164	r	1.0
CD012164	loss_e	0.873
CD012164	loss_r	0.0
CD012164	loss_er	0.873
CD012342	num_shown	2353
CD012342	rels_found	6
CD012342	num_rels	6
CD012342	last_rel	1104
CD012342	norm_last_rel	0.469
CD012342	threshold	2353
CD012342	norm_threshold	1.0
CD012342	wss_100	0.531
CD012342	wss_95	0.481
CD012342	cg_total	6.0
CD012342	cg_max	6.0
CD012342	cg_threshold	6.0
CD012342	recall_threshold	1.0
CD012342	threshold	2353
CD012342	recall@1.0%	0.333
CD012342	recall@2.0%	0.333
CD012342	recall@3.0%	0.5
CD012342	recall@4.0%	0.5
CD012342	recall@5.0%	0.667
CD012342	recall@6.0%	0.667
CD012342	recall@7.0%	0.667
CD012342	recall@8.0%	0.667
CD012342	recall@9.0%	0.667
CD012342	recall@10.0%	0.667
CD012342	recall@11.0%	0.667
CD012342	recall@12.0%	0.667
CD012342	recall@13.0%	0.667
CD012342	recall@14.0%	0.667
CD012342	recall@15.0%	0.833
CD012342	recall@16.0%	0.833
CD012342	recall@17.0%	0.833
CD012342	recall@18.0%	0.833
CD012342	recall@19.0%	0.833
CD012342	recall@20.0%	0.833
CD012342	recall@21.0%	0.833
CD012342	recall@22.0%	0.833
CD012342	recall@23.0%	0.833
CD012342	recall@24.0%	0.833
CD012342	recall@25.0%	0.833
CD012342	recall@26.0%	0.833
CD012342	recall@27.0%	0.833
CD012342	recall@28.0%	0.833
CD012342	recall@29.0%	0.833
CD012342	recall@30.0%	0.833
CD012342	recall@31.0%	0.833
CD012342	recall@32.0%	0.833
CD012342	recall@33.0%	0.833
CD012342	recall@34.0%	0.833
CD012342	recall@35.0%	0.833
CD012342	recall@36.0%	0.833
CD012342	recall@37.0%	0.833
CD012342	recall@38.0%	0.833
CD012342	recall@39.0%	0.833
CD012342	recall@40.0%	0.833
CD012342	recall@41.0%	0.833
CD012342	recall@42.0%	0.833
CD012342	recall@43.0%	0.833
CD012342	recall@44.0%	0.833
CD012342	recall@45.0%	0.833
CD012342	recall@46.0%	0.833
CD012342	recall@47.0%	1.0
CD012342	recall@48.0%	1.0
CD012342	recall@49.0%	1.0
CD012342	recall@50.0%	1.0
CD012342	recall@51.0%	1.0
CD012342	recall@52.0%	1.0
CD012342	recall@53.0%	1.0
CD012342	recall@54.0%	1.0
CD012342	recall@55.0%	1.0
CD012342	recall@56.0%	1.0
CD012342	recall@57.0%	1.0
CD012342	recall@58.0%	1.0
CD012342	recall@59.0%	1.0
CD012342	recall@60.0%	1.0
CD012342	recall@61.0%	1.0
CD012342	recall@62.0%	1.0
CD012342	recall@63.0%	1.0
CD012342	recall@64.0%	1.0
CD012342	recall@65.0%	1.0
CD012342	recall@66.0%	1.0
CD012342	recall@67.0%	1.0
CD012342	recall@68.0%	1.0
CD012342	recall@69.0%	1.0
CD012342	recall@70.0%	1.0
CD012342	recall@71.0%	1.0
CD012342	recall@72.0%	1.0
CD012342	recall@73.0%	1.0
CD012342	recall@74.0%	1.0
CD012342	recall@75.0%	1.0
CD012342	recall@76.0%	1.0
CD012342	recall@77.0%	1.0
CD012342	recall@78.0%	1.0
CD012342	recall@79.0%	1.0
CD012342	recall@80.0%	1.0
CD012342	recall@81.0%	1.0
CD012342	recall@82.0%	1.0
CD012342	recall@83.0%	1.0
CD012342	recall@84.0%	1.0
CD012342	recall@85.0%	1.0
CD012342	recall@86.0%	1.0
CD012342	recall@87.0%	1.0
CD012342	recall@88.0%	1.0
CD012342	recall@89.0%	1.0
CD012342	recall@90.0%	1.0
CD012342	recall@91.0%	1.0
CD012342	recall@92.0%	1.0
CD012342	recall@93.0%	1.0
CD012342	recall@94.0%	1.0
CD012342	recall@95.0%	1.0
CD012342	recall@96.0%	1.0
CD012342	recall@97.0%	1.0
CD012342	recall@98.0%	1.0
CD012342	recall@99.0%	1.0
CD012342	recall@100.0%	1.0
CD012342	total_cost	2233.0
CD012342	norm_area	0.885
CD012342	ap	0.062
CD012342	r	1.0
CD012342	loss_e	0.89
CD012342	loss_r	0.0
CD012342	loss_er	0.89
CD012455	num_shown	1593
CD012455	rels_found	7
CD012455	num_rels	7
CD012455	last_rel	15
CD012455	norm_last_rel	0.009
CD012455	threshold	1593
CD012455	norm_threshold	1.0
CD012455	wss_100	0.991
CD012455	wss_95	0.941
CD012455	cg_total	7.0
CD012455	cg_max	7.0
CD012455	cg_threshold	7.0
CD012455	recall_threshold	1.0
CD012455	threshold	1593
CD012455	recall@1.0%	1.0
CD012455	recall@2.0%	1.0
CD012455	recall@3.0%	1.0
CD012455	recall@4.0%	1.0
CD012455	recall@5.0%	1.0
CD012455	recall@6.0%	1.0
CD012455	recall@7.0%	1.0
CD012455	recall@8.0%	1.0
CD012455	recall@9.0%	1.0
CD012455	recall@10.0%	1.0
CD012455	recall@11.0%	1.0
CD012455	recall@12.0%	1.0
CD012455	recall@13.0%	1.0
CD012455	recall@14.0%	1.0
CD012455	recall@15.0%	1.0
CD012455	recall@16.0%	1.0
CD012455	recall@17.0%	1.0
CD012455	recall@18.0%	1.0
CD012455	recall@19.0%	1.0
CD012455	recall@20.0%	1.0
CD012455	recall@21.0%	1.0
CD012455	recall@22.0%	1.0
CD012455	recall@23.0%	1.0
CD012455	recall@24.0%	1.0
CD012455	recall@25.0%	1.0
CD012455	recall@26.0%	1.0
CD012455	recall@27.0%	1.0
CD012455	recall@28.0%	1.0
CD012455	recall@29.0%	1.0
CD012455	recall@30.0%	1.0
CD012455	recall@31.0%	1.0
CD012455	recall@32.0%	1.0
CD012455	recall@33.0%	1.0
CD012455	recall@34.0%	1.0
CD012455	recall@35.0%	1.0
CD012455	recall@36.0%	1.0
CD012455	recall@37.0%	1.0
CD012455	recall@38.0%	1.0
CD012455	recall@39.0%	1.0
CD012455	recall@40.0%	1.0
CD012455	recall@41.0%	1.0
CD012455	recall@42.0%	1.0
CD012455	recall@43.0%	1.0
CD012455	recall@44.0%	1.0
CD012455	recall@45.0%	1.0
CD012455	recall@46.0%	1.0
CD012455	recall@47.0%	1.0
CD012455	recall@48.0%	1.0
CD012455	recall@49.0%	1.0
CD012455	recall@50.0%	1.0
CD012455	recall@51.0%	1.0
CD012455	recall@52.0%	1.0
CD012455	recall@53.0%	1.0
CD012455	recall@54.0%	1.0
CD012455	recall@55.0%	1.0
CD012455	recall@56.0%	1.0
CD012455	recall@57.0%	1.0
CD012455	recall@58.0%	1.0
CD012455	recall@59.0%	1.0
CD012455	recall@60.0%	1.0
CD012455	recall@61.0%	1.0
CD012455	recall@62.0%	1.0
CD012455	recall@63.0%	1.0
CD012455	recall@64.0%	1.0
CD012455	recall@65.0%	1.0
CD012455	recall@66.0%	1.0
CD012455	recall@67.0%	1.0
CD012455	recall@68.0%	1.0
CD012455	recall@69.0%	1.0
CD012455	recall@70.0%	1.0
CD012455	recall@71.0%	1.0
CD012455	recall@72.0%	1.0
CD012455	recall@73.0%	1.0
CD012455	recall@74.0%	1.0
CD012455	recall@75.0%	1.0
CD012455	recall@76.0%	1.0
CD012455	recall@77.0%	1.0
CD012455	recall@78.0%	1.0
CD012455	recall@79.0%	1.0
CD012455	recall@80.0%	1.0
CD012455	recall@81.0%	1.0
CD012455	recall@82.0%	1.0
CD012455	recall@83.0%	1.0
CD012455	recall@84.0%	1.0
CD012455	recall@85.0%	1.0
CD012455	recall@86.0%	1.0
CD012455	recall@87.0%	1.0
CD012455	recall@88.0%	1.0
CD012455	recall@89.0%	1.0
CD012455	recall@90.0%	1.0
CD012455	recall@91.0%	1.0
CD012455	recall@92.0%	1.0
CD012455	recall@93.0%	1.0
CD012455	recall@94.0%	1.0
CD012455	recall@95.0%	1.0
CD012455	recall@96.0%	1.0
CD012455	recall@97.0%	1.0
CD012455	recall@98.0%	1.0
CD012455	recall@99.0%	1.0
CD012455	recall@100.0%	1.0
CD012455	total_cost	1453.0
CD012455	norm_area	0.997
CD012455	ap	0.445
CD012455	r	1.0
CD012455	loss_e	0.873
CD012455	loss_r	0.0
CD012455	loss_er	0.873
CD012551	num_shown	591
CD012551	rels_found	68
CD012551	num_rels	68
CD012551	last_rel	581
CD012551	norm_last_rel	0.983
CD012551	threshold	591
CD012551	norm_threshold	1.0
CD012551	wss_100	0.017
CD012551	wss_95	0.175
CD012551	cg_total	68.0
CD012551	cg_max	68.0
CD012551	cg_threshold	68.0
CD012551	recall_threshold	1.0
CD012551	threshold	591
CD012551	recall@1.0%	0.029
CD012551	recall@2.0%	0.059
CD012551	recall@3.0%	0.088
CD012551	recall@4.0%	0.088
CD012551	recall@5.0%	0.088
CD012551	recall@6.0%	0.088
CD012551	recall@7.0%	0.118
CD012551	recall@8.0%	0.118
CD012551	recall@9.0%	0.132
CD012551	recall@10.0%	0.132
CD012551	recall@11.0%	0.147
CD012551	recall@12.0%	0.162
CD012551	recall@13.0%	0.176
CD012551	recall@14.0%	0.206
CD012551	recall@15.0%	0.221
CD012551	recall@16.0%	0.265
CD012551	recall@17.0%	0.279
CD012551	recall@18.0%	0.294
CD012551	recall@19.0%	0.294
CD012551	recall@20.0%	0.309
CD012551	recall@21.0%	0.324
CD012551	recall@22.0%	0.324
CD012551	recall@23.0%	0.353
CD012551	recall@24.0%	0.368
CD012551	recall@25.0%	0.412
CD012551	recall@26.0%	0.412
CD012551	recall@27.0%	0.441
CD012551	recall@28.0%	0.471
CD012551	recall@29.0%	0.471
CD012551	recall@30.0%	0.485
CD012551	recall@31.0%	0.5
CD012551	recall@32.0%	0.515
CD012551	recall@33.0%	0.515
CD012551	recall@34.0%	0.515
CD012551	recall@35.0%	0.515
CD012551	recall@36.0%	0.515
CD012551	recall@37.0%	0.529
CD012551	recall@38.0%	0.529
CD012551	recall@39.0%	0.529
CD012551	recall@40.0%	0.544
CD012551	recall@41.0%	0.544
CD012551	recall@42.0%	0.544
CD012551	recall@43.0%	0.559
CD012551	recall@44.0%	0.559
CD012551	recall@45.0%	0.559
CD012551	recall@46.0%	0.574
CD012551	recall@47.0%	0.588
CD012551	recall@48.0%	0.588
CD012551	recall@49.0%	0.588
CD012551	recall@50.0%	0.588
CD012551	recall@51.0%	0.588
CD012551	recall@52.0%	0.588
CD012551	recall@53.0%	0.603
CD012551	recall@54.0%	0.618
CD012551	recall@55.0%	0.647
CD012551	recall@56.0%	0.647
CD012551	recall@57.0%	0.662
CD012551	recall@58.0%	0.662
CD012551	recall@59.0%	0.676
CD012551	recall@60.0%	0.691
CD012551	recall@61.0%	0.706
CD012551	recall@62.0%	0.706
CD012551	recall@63.0%	0.721
CD012551	recall@64.0%	0.721
CD012551	recall@65.0%	0.735
CD012551	recall@66.0%	0.75
CD012551	recall@67.0%	0.75
CD012551	recall@68.0%	0.765
CD012551	recall@69.0%	0.779
CD012551	recall@70.0%	0.794
CD012551	recall@71.0%	0.838
CD012551	recall@72.0%	0.853
CD012551	recall@73.0%	0.868
CD012551	recall@74.0%	0.897
CD012551	recall@75.0%	0.897
CD012551	recall@76.0%	0.912
CD012551	recall@77.0%	0.941
CD012551	recall@78.0%	0.956
CD012551	recall@79.0%	0.956
CD012551	recall@80.0%	0.971
CD012551	recall@81.0%	0.971
CD012551	recall@82.0%	0.971
CD012551	recall@83.0%	0.985
CD012551	recall@84.0%	0.985
CD012551	recall@85.0%	0.985
CD012551	recall@86.0%	0.985
CD012551	recall@87.0%	0.985
CD012551	recall@88.0%	0.985
CD012551	recall@89.0%	0.985
CD012551	recall@90.0%	0.985
CD012551	recall@91.0%	0.985
CD012551	recall@92.0%	0.985
CD012551	recall@93.0%	0.985
CD012551	recall@94.0%	0.985
CD012551	recall@95.0%	0.985
CD012551	recall@96.0%	0.985
CD012551	recall@97.0%	0.985
CD012551	recall@98.0%	0.985
CD012551	recall@99.0%	1.0
CD012551	recall@100.0%	1.0
CD012551	total_cost	-769.0
CD012551	norm_area	0.64
CD012551	ap	0.188
CD012551	r	1.0
CD012551	loss_e	0.354
CD012551	loss_r	0.0
CD012551	loss_er	0.354
ALL	num_shown	41996
ALL	rels_found	937
ALL	num_rels	937
ALL	last_rel	1276.0
ALL	norm_last_rel	0.614
ALL	threshold	2100.0
ALL	norm_threshold	1.0
ALL	wss_100	0.386
ALL	wss_95	0.47
ALL	cg_total	47.0
ALL	cg_max	47.0
ALL	cg_threshold	47.0
ALL	recall_threshold	1.0
ALL	threshold	2100.0
ALL	recall@1.0%	0.075
ALL	recall@2.0%	0.125
ALL	recall@3.0%	0.165
ALL	recall@4.0%	0.197
ALL	recall@5.0%	0.22
ALL	recall@6.0%	0.248
ALL	recall@7.0%	0.266
ALL	recall@8.0%	0.291
ALL	recall@9.0%	0.312
ALL	recall@10.0%	0.334
ALL	recall@11.0%	0.35
ALL	recall@12.0%	0.37
ALL	recall@13.0%	0.388
ALL	recall@14.0%	0.403
ALL	recall@15.0%	0.416
ALL	recall@16.0%	0.436
ALL	recall@17.0%	0.454
ALL	recall@18.0%	0.467
ALL	recall@19.0%	0.49
ALL	recall@20.0%	0.507
ALL	recall@21.0%	0.526
ALL	recall@22.0%	0.543
ALL	recall@23.0%	0.561
ALL	recall@24.0%	0.568
ALL	recall@25.0%	0.586
ALL	recall@26.0%	0.606
ALL	recall@27.0%	0.623
ALL	recall@28.0%	0.637
ALL	recall@29.0%	0.644
ALL	recall@30.0%	0.653
ALL	recall@31.0%	0.66
ALL	recall@32.0%	0.671
ALL	recall@33.0%	0.681
ALL	recall@34.0%	0.688
ALL	recall@35.0%	0.7
ALL	recall@36.0%	0.711
ALL	recall@37.0%	0.723
ALL	recall@38.0%	0.731
ALL	recall@39.0%	0.741
ALL	recall@40.0%	0.753
ALL	recall@41.0%	0.758
ALL	recall@42.0%	0.764
ALL	recall@43.0%	0.773
ALL	recall@44.0%	0.779
ALL	recall@45.0%	0.79
ALL	recall@46.0%	0.796
ALL	recall@47.0%	0.805
ALL	recall@48.0%	0.811
ALL	recall@49.0%	0.814
ALL	recall@50.0%	0.822
ALL	recall@51.0%	0.827
ALL	recall@52.0%	0.835
ALL	recall@53.0%	0.842
ALL	recall@54.0%	0.847
ALL	recall@55.0%	0.855
ALL	recall@56.0%	0.858
ALL	recall@57.0%	0.87
ALL	recall@58.0%	0.874
ALL	recall@59.0%	0.88
ALL	recall@60.0%	0.889
ALL	recall@61.0%	0.894
ALL	recall@62.0%	0.901
ALL	recall@63.0%	0.906
ALL	recall@64.0%	0.909
ALL	recall@65.0%	0.917
ALL	recall@66.0%	0.918
ALL	recall@67.0%	0.923
ALL	recall@68.0%	0.927
ALL	recall@69.0%	0.932
ALL	recall@70.0%	0.933
ALL	recall@71.0%	0.938
ALL	recall@72.0%	0.941
ALL	recall@73.0%	0.946
ALL	recall@74.0%	0.953
ALL	recall@75.0%	0.953
ALL	recall@76.0%	0.955
ALL	recall@77.0%	0.961
ALL	recall@78.0%	0.963
ALL	recall@79.0%	0.965
ALL	recall@80.0%	0.969
ALL	recall@81.0%	0.971
ALL	recall@82.0%	0.973
ALL	recall@83.0%	0.978
ALL	recall@84.0%	0.98
ALL	recall@85.0%	0.98
ALL	recall@86.0%	0.983
ALL	recall@87.0%	0.983
ALL	recall@88.0%	0.984
ALL	recall@89.0%	0.986
ALL	recall@90.0%	0.986
ALL	recall@91.0%	0.987
ALL	recall@92.0%	0.989
ALL	recall@93.0%	0.991
ALL	recall@94.0%	0.991
ALL	recall@95.0%	0.991
ALL	recall@96.0%	0.994
ALL	recall@97.0%	0.996
ALL	recall@98.0%	0.998
ALL	recall@99.0%	0.999
ALL	recall@100.0%	1.0
ALL	total_cost	1163.0
ALL	norm_area	0.83
ALL	ap	0.245
ALL	r	1.0
ALL	loss_e	0.599
ALL	loss_r	0.0
ALL	loss_er	0.599
