CD000996	num_shown	281
CD000996	rels_found	9
CD000996	num_rels	9
CD000996	last_rel	15
CD000996	norm_last_rel	0.053
CD000996	threshold	141
CD000996	norm_threshold	0.502
CD000996	wss_100	0.947
CD000996	wss_95	0.897
CD000996	cg_total	9.0
CD000996	cg_max	9.0
CD000996	cg_threshold	9.0
CD000996	recall_threshold	1.0
CD000996	threshold	141
CD000996	recall@1.0%	0.333
CD000996	recall@2.0%	0.667
CD000996	recall@3.0%	0.667
CD000996	recall@4.0%	0.778
CD000996	recall@5.0%	0.889
CD000996	recall@6.0%	1.0
CD000996	recall@7.0%	1.0
CD000996	recall@8.0%	1.0
CD000996	recall@9.0%	1.0
CD000996	recall@10.0%	1.0
CD000996	recall@11.0%	1.0
CD000996	recall@12.0%	1.0
CD000996	recall@13.0%	1.0
CD000996	recall@14.0%	1.0
CD000996	recall@15.0%	1.0
CD000996	recall@16.0%	1.0
CD000996	recall@17.0%	1.0
CD000996	recall@18.0%	1.0
CD000996	recall@19.0%	1.0
CD000996	recall@20.0%	1.0
CD000996	recall@21.0%	1.0
CD000996	recall@22.0%	1.0
CD000996	recall@23.0%	1.0
CD000996	recall@24.0%	1.0
CD000996	recall@25.0%	1.0
CD000996	recall@26.0%	1.0
CD000996	recall@27.0%	1.0
CD000996	recall@28.0%	1.0
CD000996	recall@29.0%	1.0
CD000996	recall@30.0%	1.0
CD000996	recall@31.0%	1.0
CD000996	recall@32.0%	1.0
CD000996	recall@33.0%	1.0
CD000996	recall@34.0%	1.0
CD000996	recall@35.0%	1.0
CD000996	recall@36.0%	1.0
CD000996	recall@37.0%	1.0
CD000996	recall@38.0%	1.0
CD000996	recall@39.0%	1.0
CD000996	recall@40.0%	1.0
CD000996	recall@41.0%	1.0
CD000996	recall@42.0%	1.0
CD000996	recall@43.0%	1.0
CD000996	recall@44.0%	1.0
CD000996	recall@45.0%	1.0
CD000996	recall@46.0%	1.0
CD000996	recall@47.0%	1.0
CD000996	recall@48.0%	1.0
CD000996	recall@49.0%	1.0
CD000996	recall@50.0%	1.0
CD000996	recall@51.0%	1.0
CD000996	recall@52.0%	1.0
CD000996	recall@53.0%	1.0
CD000996	recall@54.0%	1.0
CD000996	recall@55.0%	1.0
CD000996	recall@56.0%	1.0
CD000996	recall@57.0%	1.0
CD000996	recall@58.0%	1.0
CD000996	recall@59.0%	1.0
CD000996	recall@60.0%	1.0
CD000996	recall@61.0%	1.0
CD000996	recall@62.0%	1.0
CD000996	recall@63.0%	1.0
CD000996	recall@64.0%	1.0
CD000996	recall@65.0%	1.0
CD000996	recall@66.0%	1.0
CD000996	recall@67.0%	1.0
CD000996	recall@68.0%	1.0
CD000996	recall@69.0%	1.0
CD000996	recall@70.0%	1.0
CD000996	recall@71.0%	1.0
CD000996	recall@72.0%	1.0
CD000996	recall@73.0%	1.0
CD000996	recall@74.0%	1.0
CD000996	recall@75.0%	1.0
CD000996	recall@76.0%	1.0
CD000996	recall@77.0%	1.0
CD000996	recall@78.0%	1.0
CD000996	recall@79.0%	1.0
CD000996	recall@80.0%	1.0
CD000996	recall@81.0%	1.0
CD000996	recall@82.0%	1.0
CD000996	recall@83.0%	1.0
CD000996	recall@84.0%	1.0
CD000996	recall@85.0%	1.0
CD000996	recall@86.0%	1.0
CD000996	recall@87.0%	1.0
CD000996	recall@88.0%	1.0
CD000996	recall@89.0%	1.0
CD000996	recall@90.0%	1.0
CD000996	recall@91.0%	1.0
CD000996	recall@92.0%	1.0
CD000996	recall@93.0%	1.0
CD000996	recall@94.0%	1.0
CD000996	recall@95.0%	1.0
CD000996	recall@96.0%	1.0
CD000996	recall@97.0%	1.0
CD000996	recall@98.0%	1.0
CD000996	recall@99.0%	1.0
CD000996	recall@100.0%	1.0
CD000996	total_cost	-39.0
CD000996	norm_area	0.994
CD000996	ap	0.883
CD000996	r	1.0
CD000996	loss_e	0.212
CD000996	loss_r	0.0
CD000996	loss_er	0.212
CD001261	num_shown	571
CD001261	rels_found	72
CD001261	num_rels	72
CD001261	last_rel	534
CD001261	norm_last_rel	0.935
CD001261	threshold	276
CD001261	norm_threshold	0.483
CD001261	wss_100	0.065
CD001261	wss_95	0.598
CD001261	cg_total	72.0
CD001261	cg_max	72.0
CD001261	cg_threshold	71.0
CD001261	recall_threshold	0.986
CD001261	threshold	276
CD001261	recall@1.0%	0.083
CD001261	recall@2.0%	0.153
CD001261	recall@3.0%	0.236
CD001261	recall@4.0%	0.264
CD001261	recall@5.0%	0.278
CD001261	recall@6.0%	0.319
CD001261	recall@7.0%	0.375
CD001261	recall@8.0%	0.403
CD001261	recall@9.0%	0.431
CD001261	recall@10.0%	0.458
CD001261	recall@11.0%	0.472
CD001261	recall@12.0%	0.514
CD001261	recall@13.0%	0.569
CD001261	recall@14.0%	0.611
CD001261	recall@15.0%	0.625
CD001261	recall@16.0%	0.625
CD001261	recall@17.0%	0.653
CD001261	recall@18.0%	0.681
CD001261	recall@19.0%	0.722
CD001261	recall@20.0%	0.736
CD001261	recall@21.0%	0.75
CD001261	recall@22.0%	0.764
CD001261	recall@23.0%	0.778
CD001261	recall@24.0%	0.778
CD001261	recall@25.0%	0.792
CD001261	recall@26.0%	0.833
CD001261	recall@27.0%	0.847
CD001261	recall@28.0%	0.875
CD001261	recall@29.0%	0.889
CD001261	recall@30.0%	0.889
CD001261	recall@31.0%	0.889
CD001261	recall@32.0%	0.931
CD001261	recall@33.0%	0.931
CD001261	recall@34.0%	0.931
CD001261	recall@35.0%	0.931
CD001261	recall@36.0%	0.944
CD001261	recall@37.0%	0.944
CD001261	recall@38.0%	0.958
CD001261	recall@39.0%	0.958
CD001261	recall@40.0%	0.958
CD001261	recall@41.0%	0.972
CD001261	recall@42.0%	0.972
CD001261	recall@43.0%	0.986
CD001261	recall@44.0%	0.986
CD001261	recall@45.0%	0.986
CD001261	recall@46.0%	0.986
CD001261	recall@47.0%	0.986
CD001261	recall@48.0%	0.986
CD001261	recall@49.0%	0.986
CD001261	recall@50.0%	0.986
CD001261	recall@51.0%	0.986
CD001261	recall@52.0%	0.986
CD001261	recall@53.0%	0.986
CD001261	recall@54.0%	0.986
CD001261	recall@55.0%	0.986
CD001261	recall@56.0%	0.986
CD001261	recall@57.0%	0.986
CD001261	recall@58.0%	0.986
CD001261	recall@59.0%	0.986
CD001261	recall@60.0%	0.986
CD001261	recall@61.0%	0.986
CD001261	recall@62.0%	0.986
CD001261	recall@63.0%	0.986
CD001261	recall@64.0%	0.986
CD001261	recall@65.0%	0.986
CD001261	recall@66.0%	0.986
CD001261	recall@67.0%	0.986
CD001261	recall@68.0%	0.986
CD001261	recall@69.0%	0.986
CD001261	recall@70.0%	0.986
CD001261	recall@71.0%	0.986
CD001261	recall@72.0%	0.986
CD001261	recall@73.0%	0.986
CD001261	recall@74.0%	0.986
CD001261	recall@75.0%	0.986
CD001261	recall@76.0%	0.986
CD001261	recall@77.0%	0.986
CD001261	recall@78.0%	0.986
CD001261	recall@79.0%	0.986
CD001261	recall@80.0%	0.986
CD001261	recall@81.0%	0.986
CD001261	recall@82.0%	0.986
CD001261	recall@83.0%	0.986
CD001261	recall@84.0%	0.986
CD001261	recall@85.0%	0.986
CD001261	recall@86.0%	0.986
CD001261	recall@87.0%	0.986
CD001261	recall@88.0%	0.986
CD001261	recall@89.0%	0.986
CD001261	recall@90.0%	0.986
CD001261	recall@91.0%	0.986
CD001261	recall@92.0%	0.986
CD001261	recall@93.0%	0.986
CD001261	recall@94.0%	1.0
CD001261	recall@95.0%	1.0
CD001261	recall@96.0%	1.0
CD001261	recall@97.0%	1.0
CD001261	recall@98.0%	1.0
CD001261	recall@99.0%	1.0
CD001261	recall@100.0%	1.0
CD001261	total_cost	-1104.0
CD001261	norm_area	0.913
CD001261	ap	0.63
CD001261	r	0.986
CD001261	loss_e	0.079
CD001261	loss_r	0.0
CD001261	loss_er	0.079
CD004414	num_shown	336
CD004414	rels_found	16
CD004414	num_rels	16
CD004414	last_rel	192
CD004414	norm_last_rel	0.571
CD004414	threshold	186
CD004414	norm_threshold	0.554
CD004414	wss_100	0.429
CD004414	wss_95	0.507
CD004414	cg_total	16.0
CD004414	cg_max	16.0
CD004414	cg_threshold	15.0
CD004414	recall_threshold	0.938
CD004414	threshold	186
CD004414	recall@1.0%	0.188
CD004414	recall@2.0%	0.375
CD004414	recall@3.0%	0.438
CD004414	recall@4.0%	0.438
CD004414	recall@5.0%	0.5
CD004414	recall@6.0%	0.5
CD004414	recall@7.0%	0.5
CD004414	recall@8.0%	0.5
CD004414	recall@9.0%	0.5
CD004414	recall@10.0%	0.5
CD004414	recall@11.0%	0.5
CD004414	recall@12.0%	0.5
CD004414	recall@13.0%	0.5
CD004414	recall@14.0%	0.5
CD004414	recall@15.0%	0.562
CD004414	recall@16.0%	0.562
CD004414	recall@17.0%	0.625
CD004414	recall@18.0%	0.625
CD004414	recall@19.0%	0.688
CD004414	recall@20.0%	0.75
CD004414	recall@21.0%	0.75
CD004414	recall@22.0%	0.812
CD004414	recall@23.0%	0.812
CD004414	recall@24.0%	0.812
CD004414	recall@25.0%	0.812
CD004414	recall@26.0%	0.812
CD004414	recall@27.0%	0.812
CD004414	recall@28.0%	0.812
CD004414	recall@29.0%	0.875
CD004414	recall@30.0%	0.875
CD004414	recall@31.0%	0.875
CD004414	recall@32.0%	0.875
CD004414	recall@33.0%	0.875
CD004414	recall@34.0%	0.875
CD004414	recall@35.0%	0.875
CD004414	recall@36.0%	0.875
CD004414	recall@37.0%	0.875
CD004414	recall@38.0%	0.875
CD004414	recall@39.0%	0.875
CD004414	recall@40.0%	0.875
CD004414	recall@41.0%	0.875
CD004414	recall@42.0%	0.875
CD004414	recall@43.0%	0.875
CD004414	recall@44.0%	0.875
CD004414	recall@45.0%	0.938
CD004414	recall@46.0%	0.938
CD004414	recall@47.0%	0.938
CD004414	recall@48.0%	0.938
CD004414	recall@49.0%	0.938
CD004414	recall@50.0%	0.938
CD004414	recall@51.0%	0.938
CD004414	recall@52.0%	0.938
CD004414	recall@53.0%	0.938
CD004414	recall@54.0%	0.938
CD004414	recall@55.0%	0.938
CD004414	recall@56.0%	0.938
CD004414	recall@57.0%	1.0
CD004414	recall@58.0%	1.0
CD004414	recall@59.0%	1.0
CD004414	recall@60.0%	1.0
CD004414	recall@61.0%	1.0
CD004414	recall@62.0%	1.0
CD004414	recall@63.0%	1.0
CD004414	recall@64.0%	1.0
CD004414	recall@65.0%	1.0
CD004414	recall@66.0%	1.0
CD004414	recall@67.0%	1.0
CD004414	recall@68.0%	1.0
CD004414	recall@69.0%	1.0
CD004414	recall@70.0%	1.0
CD004414	recall@71.0%	1.0
CD004414	recall@72.0%	1.0
CD004414	recall@73.0%	1.0
CD004414	recall@74.0%	1.0
CD004414	recall@75.0%	1.0
CD004414	recall@76.0%	1.0
CD004414	recall@77.0%	1.0
CD004414	recall@78.0%	1.0
CD004414	recall@79.0%	1.0
CD004414	recall@80.0%	1.0
CD004414	recall@81.0%	1.0
CD004414	recall@82.0%	1.0
CD004414	recall@83.0%	1.0
CD004414	recall@84.0%	1.0
CD004414	recall@85.0%	1.0
CD004414	recall@86.0%	1.0
CD004414	recall@87.0%	1.0
CD004414	recall@88.0%	1.0
CD004414	recall@89.0%	1.0
CD004414	recall@90.0%	1.0
CD004414	recall@91.0%	1.0
CD004414	recall@92.0%	1.0
CD004414	recall@93.0%	1.0
CD004414	recall@94.0%	1.0
CD004414	recall@95.0%	1.0
CD004414	recall@96.0%	1.0
CD004414	recall@97.0%	1.0
CD004414	recall@98.0%	1.0
CD004414	recall@99.0%	1.0
CD004414	recall@100.0%	1.0
CD004414	total_cost	-74.0
CD004414	norm_area	0.875
CD004414	ap	0.511
CD004414	r	0.938
CD004414	loss_e	0.228
CD004414	loss_r	0.004
CD004414	loss_er	0.232
CD006468	num_shown	3874
CD006468	rels_found	52
CD006468	num_rels	52
CD006468	last_rel	2181
CD006468	norm_last_rel	0.563
CD006468	threshold	446
CD006468	norm_threshold	0.115
CD006468	wss_100	0.437
CD006468	wss_95	0.649
CD006468	cg_total	52.0
CD006468	cg_max	52.0
CD006468	cg_threshold	44.0
CD006468	recall_threshold	0.846
CD006468	threshold	446
CD006468	recall@1.0%	0.25
CD006468	recall@2.0%	0.288
CD006468	recall@3.0%	0.385
CD006468	recall@4.0%	0.462
CD006468	recall@5.0%	0.558
CD006468	recall@6.0%	0.654
CD006468	recall@7.0%	0.673
CD006468	recall@8.0%	0.731
CD006468	recall@9.0%	0.769
CD006468	recall@10.0%	0.808
CD006468	recall@11.0%	0.846
CD006468	recall@12.0%	0.865
CD006468	recall@13.0%	0.865
CD006468	recall@14.0%	0.865
CD006468	recall@15.0%	0.865
CD006468	recall@16.0%	0.885
CD006468	recall@17.0%	0.885
CD006468	recall@18.0%	0.885
CD006468	recall@19.0%	0.885
CD006468	recall@20.0%	0.885
CD006468	recall@21.0%	0.885
CD006468	recall@22.0%	0.885
CD006468	recall@23.0%	0.885
CD006468	recall@24.0%	0.885
CD006468	recall@25.0%	0.885
CD006468	recall@26.0%	0.885
CD006468	recall@27.0%	0.885
CD006468	recall@28.0%	0.904
CD006468	recall@29.0%	0.904
CD006468	recall@30.0%	0.923
CD006468	recall@31.0%	0.962
CD006468	recall@32.0%	0.962
CD006468	recall@33.0%	0.962
CD006468	recall@34.0%	0.962
CD006468	recall@35.0%	0.981
CD006468	recall@36.0%	0.981
CD006468	recall@37.0%	0.981
CD006468	recall@38.0%	0.981
CD006468	recall@39.0%	0.981
CD006468	recall@40.0%	0.981
CD006468	recall@41.0%	0.981
CD006468	recall@42.0%	0.981
CD006468	recall@43.0%	0.981
CD006468	recall@44.0%	0.981
CD006468	recall@45.0%	0.981
CD006468	recall@46.0%	0.981
CD006468	recall@47.0%	0.981
CD006468	recall@48.0%	0.981
CD006468	recall@49.0%	0.981
CD006468	recall@50.0%	0.981
CD006468	recall@51.0%	0.981
CD006468	recall@52.0%	0.981
CD006468	recall@53.0%	0.981
CD006468	recall@54.0%	0.981
CD006468	recall@55.0%	0.981
CD006468	recall@56.0%	0.981
CD006468	recall@57.0%	1.0
CD006468	recall@58.0%	1.0
CD006468	recall@59.0%	1.0
CD006468	recall@60.0%	1.0
CD006468	recall@61.0%	1.0
CD006468	recall@62.0%	1.0
CD006468	recall@63.0%	1.0
CD006468	recall@64.0%	1.0
CD006468	recall@65.0%	1.0
CD006468	recall@66.0%	1.0
CD006468	recall@67.0%	1.0
CD006468	recall@68.0%	1.0
CD006468	recall@69.0%	1.0
CD006468	recall@70.0%	1.0
CD006468	recall@71.0%	1.0
CD006468	recall@72.0%	1.0
CD006468	recall@73.0%	1.0
CD006468	recall@74.0%	1.0
CD006468	recall@75.0%	1.0
CD006468	recall@76.0%	1.0
CD006468	recall@77.0%	1.0
CD006468	recall@78.0%	1.0
CD006468	recall@79.0%	1.0
CD006468	recall@80.0%	1.0
CD006468	recall@81.0%	1.0
CD006468	recall@82.0%	1.0
CD006468	recall@83.0%	1.0
CD006468	recall@84.0%	1.0
CD006468	recall@85.0%	1.0
CD006468	recall@86.0%	1.0
CD006468	recall@87.0%	1.0
CD006468	recall@88.0%	1.0
CD006468	recall@89.0%	1.0
CD006468	recall@90.0%	1.0
CD006468	recall@91.0%	1.0
CD006468	recall@92.0%	1.0
CD006468	recall@93.0%	1.0
CD006468	recall@94.0%	1.0
CD006468	recall@95.0%	1.0
CD006468	recall@96.0%	1.0
CD006468	recall@97.0%	1.0
CD006468	recall@98.0%	1.0
CD006468	recall@99.0%	1.0
CD006468	recall@100.0%	1.0
CD006468	total_cost	-114.0
CD006468	norm_area	0.929
CD006468	ap	0.304
CD006468	r	0.846
CD006468	loss_e	0.006
CD006468	loss_r	0.024
CD006468	loss_er	0.029
CD007867	num_shown	943
CD007867	rels_found	17
CD007867	num_rels	17
CD007867	last_rel	773
CD007867	norm_last_rel	0.82
CD007867	threshold	202
CD007867	norm_threshold	0.214
CD007867	wss_100	0.18
CD007867	wss_95	0.284
CD007867	cg_total	17.0
CD007867	cg_max	17.0
CD007867	cg_threshold	12.0
CD007867	recall_threshold	0.706
CD007867	threshold	202
CD007867	recall@1.0%	0.412
CD007867	recall@2.0%	0.529
CD007867	recall@3.0%	0.588
CD007867	recall@4.0%	0.706
CD007867	recall@5.0%	0.706
CD007867	recall@6.0%	0.706
CD007867	recall@7.0%	0.706
CD007867	recall@8.0%	0.706
CD007867	recall@9.0%	0.706
CD007867	recall@10.0%	0.706
CD007867	recall@11.0%	0.706
CD007867	recall@12.0%	0.706
CD007867	recall@13.0%	0.706
CD007867	recall@14.0%	0.706
CD007867	recall@15.0%	0.706
CD007867	recall@16.0%	0.706
CD007867	recall@17.0%	0.706
CD007867	recall@18.0%	0.706
CD007867	recall@19.0%	0.706
CD007867	recall@20.0%	0.706
CD007867	recall@21.0%	0.706
CD007867	recall@22.0%	0.706
CD007867	recall@23.0%	0.706
CD007867	recall@24.0%	0.706
CD007867	recall@25.0%	0.706
CD007867	recall@26.0%	0.765
CD007867	recall@27.0%	0.765
CD007867	recall@28.0%	0.765
CD007867	recall@29.0%	0.765
CD007867	recall@30.0%	0.765
CD007867	recall@31.0%	0.765
CD007867	recall@32.0%	0.765
CD007867	recall@33.0%	0.765
CD007867	recall@34.0%	0.765
CD007867	recall@35.0%	0.765
CD007867	recall@36.0%	0.765
CD007867	recall@37.0%	0.765
CD007867	recall@38.0%	0.765
CD007867	recall@39.0%	0.765
CD007867	recall@40.0%	0.765
CD007867	recall@41.0%	0.765
CD007867	recall@42.0%	0.765
CD007867	recall@43.0%	0.765
CD007867	recall@44.0%	0.765
CD007867	recall@45.0%	0.824
CD007867	recall@46.0%	0.824
CD007867	recall@47.0%	0.824
CD007867	recall@48.0%	0.824
CD007867	recall@49.0%	0.824
CD007867	recall@50.0%	0.824
CD007867	recall@51.0%	0.824
CD007867	recall@52.0%	0.824
CD007867	recall@53.0%	0.824
CD007867	recall@54.0%	0.882
CD007867	recall@55.0%	0.882
CD007867	recall@56.0%	0.882
CD007867	recall@57.0%	0.882
CD007867	recall@58.0%	0.882
CD007867	recall@59.0%	0.882
CD007867	recall@60.0%	0.882
CD007867	recall@61.0%	0.882
CD007867	recall@62.0%	0.882
CD007867	recall@63.0%	0.882
CD007867	recall@64.0%	0.882
CD007867	recall@65.0%	0.882
CD007867	recall@66.0%	0.882
CD007867	recall@67.0%	0.941
CD007867	recall@68.0%	0.941
CD007867	recall@69.0%	0.941
CD007867	recall@70.0%	0.941
CD007867	recall@71.0%	0.941
CD007867	recall@72.0%	0.941
CD007867	recall@73.0%	0.941
CD007867	recall@74.0%	0.941
CD007867	recall@75.0%	0.941
CD007867	recall@76.0%	0.941
CD007867	recall@77.0%	0.941
CD007867	recall@78.0%	0.941
CD007867	recall@79.0%	0.941
CD007867	recall@80.0%	0.941
CD007867	recall@81.0%	0.941
CD007867	recall@82.0%	1.0
CD007867	recall@83.0%	1.0
CD007867	recall@84.0%	1.0
CD007867	recall@85.0%	1.0
CD007867	recall@86.0%	1.0
CD007867	recall@87.0%	1.0
CD007867	recall@88.0%	1.0
CD007867	recall@89.0%	1.0
CD007867	recall@90.0%	1.0
CD007867	recall@91.0%	1.0
CD007867	recall@92.0%	1.0
CD007867	recall@93.0%	1.0
CD007867	recall@94.0%	1.0
CD007867	recall@95.0%	1.0
CD007867	recall@96.0%	1.0
CD007867	recall@97.0%	1.0
CD007867	recall@98.0%	1.0
CD007867	recall@99.0%	1.0
CD007867	recall@100.0%	1.0
CD007867	total_cost	162.0
CD007867	norm_area	0.839
CD007867	ap	0.562
CD007867	r	0.706
CD007867	loss_e	0.034
CD007867	loss_r	0.087
CD007867	loss_er	0.12
Skipping topic: CD008874
Skipping topic: CD009044
CD009069	num_shown	1757
CD009069	rels_found	78
CD009069	num_rels	78
CD009069	last_rel	1754
CD009069	norm_last_rel	0.998
CD009069	threshold	289
CD009069	norm_threshold	0.164
CD009069	wss_100	0.002
CD009069	wss_95	-0.016
CD009069	cg_total	78.0
CD009069	cg_max	78.0
CD009069	cg_threshold	26.0
CD009069	recall_threshold	0.333
CD009069	threshold	289
CD009069	recall@1.0%	0.103
CD009069	recall@2.0%	0.128
CD009069	recall@3.0%	0.167
CD009069	recall@4.0%	0.244
CD009069	recall@5.0%	0.256
CD009069	recall@6.0%	0.295
CD009069	recall@7.0%	0.308
CD009069	recall@8.0%	0.308
CD009069	recall@9.0%	0.308
CD009069	recall@10.0%	0.308
CD009069	recall@11.0%	0.308
CD009069	recall@12.0%	0.321
CD009069	recall@13.0%	0.321
CD009069	recall@14.0%	0.321
CD009069	recall@15.0%	0.333
CD009069	recall@16.0%	0.333
CD009069	recall@17.0%	0.346
CD009069	recall@18.0%	0.359
CD009069	recall@19.0%	0.359
CD009069	recall@20.0%	0.385
CD009069	recall@21.0%	0.397
CD009069	recall@22.0%	0.41
CD009069	recall@23.0%	0.423
CD009069	recall@24.0%	0.423
CD009069	recall@25.0%	0.436
CD009069	recall@26.0%	0.449
CD009069	recall@27.0%	0.449
CD009069	recall@28.0%	0.449
CD009069	recall@29.0%	0.449
CD009069	recall@30.0%	0.462
CD009069	recall@31.0%	0.474
CD009069	recall@32.0%	0.5
CD009069	recall@33.0%	0.5
CD009069	recall@34.0%	0.513
CD009069	recall@35.0%	0.513
CD009069	recall@36.0%	0.513
CD009069	recall@37.0%	0.526
CD009069	recall@38.0%	0.526
CD009069	recall@39.0%	0.551
CD009069	recall@40.0%	0.551
CD009069	recall@41.0%	0.564
CD009069	recall@42.0%	0.564
CD009069	recall@43.0%	0.577
CD009069	recall@44.0%	0.577
CD009069	recall@45.0%	0.577
CD009069	recall@46.0%	0.59
CD009069	recall@47.0%	0.603
CD009069	recall@48.0%	0.615
CD009069	recall@49.0%	0.628
CD009069	recall@50.0%	0.628
CD009069	recall@51.0%	0.628
CD009069	recall@52.0%	0.628
CD009069	recall@53.0%	0.628
CD009069	recall@54.0%	0.628
CD009069	recall@55.0%	0.628
CD009069	recall@56.0%	0.628
CD009069	recall@57.0%	0.641
CD009069	recall@58.0%	0.641
CD009069	recall@59.0%	0.641
CD009069	recall@60.0%	0.641
CD009069	recall@61.0%	0.641
CD009069	recall@62.0%	0.641
CD009069	recall@63.0%	0.654
CD009069	recall@64.0%	0.654
CD009069	recall@65.0%	0.654
CD009069	recall@66.0%	0.654
CD009069	recall@67.0%	0.654
CD009069	recall@68.0%	0.654
CD009069	recall@69.0%	0.654
CD009069	recall@70.0%	0.654
CD009069	recall@71.0%	0.679
CD009069	recall@72.0%	0.705
CD009069	recall@73.0%	0.718
CD009069	recall@74.0%	0.718
CD009069	recall@75.0%	0.718
CD009069	recall@76.0%	0.744
CD009069	recall@77.0%	0.769
CD009069	recall@78.0%	0.769
CD009069	recall@79.0%	0.782
CD009069	recall@80.0%	0.782
CD009069	recall@81.0%	0.782
CD009069	recall@82.0%	0.782
CD009069	recall@83.0%	0.782
CD009069	recall@84.0%	0.782
CD009069	recall@85.0%	0.782
CD009069	recall@86.0%	0.782
CD009069	recall@87.0%	0.795
CD009069	recall@88.0%	0.808
CD009069	recall@89.0%	0.808
CD009069	recall@90.0%	0.808
CD009069	recall@91.0%	0.821
CD009069	recall@92.0%	0.833
CD009069	recall@93.0%	0.846
CD009069	recall@94.0%	0.872
CD009069	recall@95.0%	0.897
CD009069	recall@96.0%	0.91
CD009069	recall@97.0%	0.949
CD009069	recall@98.0%	0.949
CD009069	recall@99.0%	0.974
CD009069	recall@100.0%	1.0
CD009069	total_cost	1849.0
CD009069	norm_area	0.593
CD009069	ap	0.186
CD009069	r	0.333
CD009069	loss_e	0.009
CD009069	loss_r	0.444
CD009069	loss_er	0.453
CD009642	num_shown	1922
CD009642	rels_found	62
CD009642	num_rels	62
CD009642	last_rel	363
CD009642	norm_last_rel	0.189
CD009642	threshold	374
CD009642	norm_threshold	0.195
CD009642	wss_100	0.811
CD009642	wss_95	0.891
CD009642	cg_total	62.0
CD009642	cg_max	62.0
CD009642	cg_threshold	62.0
CD009642	recall_threshold	1.0
CD009642	threshold	374
CD009642	recall@1.0%	0.306
CD009642	recall@2.0%	0.613
CD009642	recall@3.0%	0.823
CD009642	recall@4.0%	0.887
CD009642	recall@5.0%	0.903
CD009642	recall@6.0%	0.952
CD009642	recall@7.0%	0.952
CD009642	recall@8.0%	0.952
CD009642	recall@9.0%	0.968
CD009642	recall@10.0%	0.984
CD009642	recall@11.0%	0.984
CD009642	recall@12.0%	0.984
CD009642	recall@13.0%	0.984
CD009642	recall@14.0%	0.984
CD009642	recall@15.0%	0.984
CD009642	recall@16.0%	0.984
CD009642	recall@17.0%	0.984
CD009642	recall@18.0%	0.984
CD009642	recall@19.0%	1.0
CD009642	recall@20.0%	1.0
CD009642	recall@21.0%	1.0
CD009642	recall@22.0%	1.0
CD009642	recall@23.0%	1.0
CD009642	recall@24.0%	1.0
CD009642	recall@25.0%	1.0
CD009642	recall@26.0%	1.0
CD009642	recall@27.0%	1.0
CD009642	recall@28.0%	1.0
CD009642	recall@29.0%	1.0
CD009642	recall@30.0%	1.0
CD009642	recall@31.0%	1.0
CD009642	recall@32.0%	1.0
CD009642	recall@33.0%	1.0
CD009642	recall@34.0%	1.0
CD009642	recall@35.0%	1.0
CD009642	recall@36.0%	1.0
CD009642	recall@37.0%	1.0
CD009642	recall@38.0%	1.0
CD009642	recall@39.0%	1.0
CD009642	recall@40.0%	1.0
CD009642	recall@41.0%	1.0
CD009642	recall@42.0%	1.0
CD009642	recall@43.0%	1.0
CD009642	recall@44.0%	1.0
CD009642	recall@45.0%	1.0
CD009642	recall@46.0%	1.0
CD009642	recall@47.0%	1.0
CD009642	recall@48.0%	1.0
CD009642	recall@49.0%	1.0
CD009642	recall@50.0%	1.0
CD009642	recall@51.0%	1.0
CD009642	recall@52.0%	1.0
CD009642	recall@53.0%	1.0
CD009642	recall@54.0%	1.0
CD009642	recall@55.0%	1.0
CD009642	recall@56.0%	1.0
CD009642	recall@57.0%	1.0
CD009642	recall@58.0%	1.0
CD009642	recall@59.0%	1.0
CD009642	recall@60.0%	1.0
CD009642	recall@61.0%	1.0
CD009642	recall@62.0%	1.0
CD009642	recall@63.0%	1.0
CD009642	recall@64.0%	1.0
CD009642	recall@65.0%	1.0
CD009642	recall@66.0%	1.0
CD009642	recall@67.0%	1.0
CD009642	recall@68.0%	1.0
CD009642	recall@69.0%	1.0
CD009642	recall@70.0%	1.0
CD009642	recall@71.0%	1.0
CD009642	recall@72.0%	1.0
CD009642	recall@73.0%	1.0
CD009642	recall@74.0%	1.0
CD009642	recall@75.0%	1.0
CD009642	recall@76.0%	1.0
CD009642	recall@77.0%	1.0
CD009642	recall@78.0%	1.0
CD009642	recall@79.0%	1.0
CD009642	recall@80.0%	1.0
CD009642	recall@81.0%	1.0
CD009642	recall@82.0%	1.0
CD009642	recall@83.0%	1.0
CD009642	recall@84.0%	1.0
CD009642	recall@85.0%	1.0
CD009642	recall@86.0%	1.0
CD009642	recall@87.0%	1.0
CD009642	recall@88.0%	1.0
CD009642	recall@89.0%	1.0
CD009642	recall@90.0%	1.0
CD009642	recall@91.0%	1.0
CD009642	recall@92.0%	1.0
CD009642	recall@93.0%	1.0
CD009642	recall@94.0%	1.0
CD009642	recall@95.0%	1.0
CD009642	recall@96.0%	1.0
CD009642	recall@97.0%	1.0
CD009642	recall@98.0%	1.0
CD009642	recall@99.0%	1.0
CD009642	recall@100.0%	1.0
CD009642	total_cost	-866.0
CD009642	norm_area	0.993
CD009642	ap	0.913
CD009642	r	1.0
CD009642	loss_e	0.014
CD009642	loss_r	0.0
CD009642	loss_er	0.014
CD010038	num_shown	8867
CD010038	rels_found	23
CD010038	num_rels	23
CD010038	last_rel	1738
CD010038	norm_last_rel	0.196
CD010038	threshold	2342
CD010038	norm_threshold	0.264
CD010038	wss_100	0.804
CD010038	wss_95	0.817
CD010038	cg_total	23.0
CD010038	cg_max	23.0
CD010038	cg_threshold	23.0
CD010038	recall_threshold	1.0
CD010038	threshold	2342
CD010038	recall@1.0%	0.435
CD010038	recall@2.0%	0.522
CD010038	recall@3.0%	0.652
CD010038	recall@4.0%	0.652
CD010038	recall@5.0%	0.739
CD010038	recall@6.0%	0.783
CD010038	recall@7.0%	0.783
CD010038	recall@8.0%	0.87
CD010038	recall@9.0%	0.87
CD010038	recall@10.0%	0.87
CD010038	recall@11.0%	0.87
CD010038	recall@12.0%	0.913
CD010038	recall@13.0%	0.913
CD010038	recall@14.0%	0.957
CD010038	recall@15.0%	0.957
CD010038	recall@16.0%	0.957
CD010038	recall@17.0%	0.957
CD010038	recall@18.0%	0.957
CD010038	recall@19.0%	0.957
CD010038	recall@20.0%	1.0
CD010038	recall@21.0%	1.0
CD010038	recall@22.0%	1.0
CD010038	recall@23.0%	1.0
CD010038	recall@24.0%	1.0
CD010038	recall@25.0%	1.0
CD010038	recall@26.0%	1.0
CD010038	recall@27.0%	1.0
CD010038	recall@28.0%	1.0
CD010038	recall@29.0%	1.0
CD010038	recall@30.0%	1.0
CD010038	recall@31.0%	1.0
CD010038	recall@32.0%	1.0
CD010038	recall@33.0%	1.0
CD010038	recall@34.0%	1.0
CD010038	recall@35.0%	1.0
CD010038	recall@36.0%	1.0
CD010038	recall@37.0%	1.0
CD010038	recall@38.0%	1.0
CD010038	recall@39.0%	1.0
CD010038	recall@40.0%	1.0
CD010038	recall@41.0%	1.0
CD010038	recall@42.0%	1.0
CD010038	recall@43.0%	1.0
CD010038	recall@44.0%	1.0
CD010038	recall@45.0%	1.0
CD010038	recall@46.0%	1.0
CD010038	recall@47.0%	1.0
CD010038	recall@48.0%	1.0
CD010038	recall@49.0%	1.0
CD010038	recall@50.0%	1.0
CD010038	recall@51.0%	1.0
CD010038	recall@52.0%	1.0
CD010038	recall@53.0%	1.0
CD010038	recall@54.0%	1.0
CD010038	recall@55.0%	1.0
CD010038	recall@56.0%	1.0
CD010038	recall@57.0%	1.0
CD010038	recall@58.0%	1.0
CD010038	recall@59.0%	1.0
CD010038	recall@60.0%	1.0
CD010038	recall@61.0%	1.0
CD010038	recall@62.0%	1.0
CD010038	recall@63.0%	1.0
CD010038	recall@64.0%	1.0
CD010038	recall@65.0%	1.0
CD010038	recall@66.0%	1.0
CD010038	recall@67.0%	1.0
CD010038	recall@68.0%	1.0
CD010038	recall@69.0%	1.0
CD010038	recall@70.0%	1.0
CD010038	recall@71.0%	1.0
CD010038	recall@72.0%	1.0
CD010038	recall@73.0%	1.0
CD010038	recall@74.0%	1.0
CD010038	recall@75.0%	1.0
CD010038	recall@76.0%	1.0
CD010038	recall@77.0%	1.0
CD010038	recall@78.0%	1.0
CD010038	recall@79.0%	1.0
CD010038	recall@80.0%	1.0
CD010038	recall@81.0%	1.0
CD010038	recall@82.0%	1.0
CD010038	recall@83.0%	1.0
CD010038	recall@84.0%	1.0
CD010038	recall@85.0%	1.0
CD010038	recall@86.0%	1.0
CD010038	recall@87.0%	1.0
CD010038	recall@88.0%	1.0
CD010038	recall@89.0%	1.0
CD010038	recall@90.0%	1.0
CD010038	recall@91.0%	1.0
CD010038	recall@92.0%	1.0
CD010038	recall@93.0%	1.0
CD010038	recall@94.0%	1.0
CD010038	recall@95.0%	1.0
CD010038	recall@96.0%	1.0
CD010038	recall@97.0%	1.0
CD010038	recall@98.0%	1.0
CD010038	recall@99.0%	1.0
CD010038	recall@100.0%	1.0
CD010038	total_cost	1882.0
CD010038	norm_area	0.964
CD010038	ap	0.322
CD010038	r	1.0
CD010038	loss_e	0.046
CD010038	loss_r	0.0
CD010038	loss_er	0.046
CD010239	num_shown	224
CD010239	rels_found	12
CD010239	num_rels	12
CD010239	last_rel	14
CD010239	norm_last_rel	0.062
CD010239	threshold	104
CD010239	norm_threshold	0.464
CD010239	wss_100	0.938
CD010239	wss_95	0.901
CD010239	cg_total	12.0
CD010239	cg_max	12.0
CD010239	cg_threshold	12.0
CD010239	recall_threshold	1.0
CD010239	threshold	104
CD010239	recall@1.0%	0.167
CD010239	recall@2.0%	0.333
CD010239	recall@3.0%	0.583
CD010239	recall@4.0%	0.75
CD010239	recall@5.0%	0.917
CD010239	recall@6.0%	0.917
CD010239	recall@7.0%	1.0
CD010239	recall@8.0%	1.0
CD010239	recall@9.0%	1.0
CD010239	recall@10.0%	1.0
CD010239	recall@11.0%	1.0
CD010239	recall@12.0%	1.0
CD010239	recall@13.0%	1.0
CD010239	recall@14.0%	1.0
CD010239	recall@15.0%	1.0
CD010239	recall@16.0%	1.0
CD010239	recall@17.0%	1.0
CD010239	recall@18.0%	1.0
CD010239	recall@19.0%	1.0
CD010239	recall@20.0%	1.0
CD010239	recall@21.0%	1.0
CD010239	recall@22.0%	1.0
CD010239	recall@23.0%	1.0
CD010239	recall@24.0%	1.0
CD010239	recall@25.0%	1.0
CD010239	recall@26.0%	1.0
CD010239	recall@27.0%	1.0
CD010239	recall@28.0%	1.0
CD010239	recall@29.0%	1.0
CD010239	recall@30.0%	1.0
CD010239	recall@31.0%	1.0
CD010239	recall@32.0%	1.0
CD010239	recall@33.0%	1.0
CD010239	recall@34.0%	1.0
CD010239	recall@35.0%	1.0
CD010239	recall@36.0%	1.0
CD010239	recall@37.0%	1.0
CD010239	recall@38.0%	1.0
CD010239	recall@39.0%	1.0
CD010239	recall@40.0%	1.0
CD010239	recall@41.0%	1.0
CD010239	recall@42.0%	1.0
CD010239	recall@43.0%	1.0
CD010239	recall@44.0%	1.0
CD010239	recall@45.0%	1.0
CD010239	recall@46.0%	1.0
CD010239	recall@47.0%	1.0
CD010239	recall@48.0%	1.0
CD010239	recall@49.0%	1.0
CD010239	recall@50.0%	1.0
CD010239	recall@51.0%	1.0
CD010239	recall@52.0%	1.0
CD010239	recall@53.0%	1.0
CD010239	recall@54.0%	1.0
CD010239	recall@55.0%	1.0
CD010239	recall@56.0%	1.0
CD010239	recall@57.0%	1.0
CD010239	recall@58.0%	1.0
CD010239	recall@59.0%	1.0
CD010239	recall@60.0%	1.0
CD010239	recall@61.0%	1.0
CD010239	recall@62.0%	1.0
CD010239	recall@63.0%	1.0
CD010239	recall@64.0%	1.0
CD010239	recall@65.0%	1.0
CD010239	recall@66.0%	1.0
CD010239	recall@67.0%	1.0
CD010239	recall@68.0%	1.0
CD010239	recall@69.0%	1.0
CD010239	recall@70.0%	1.0
CD010239	recall@71.0%	1.0
CD010239	recall@72.0%	1.0
CD010239	recall@73.0%	1.0
CD010239	recall@74.0%	1.0
CD010239	recall@75.0%	1.0
CD010239	recall@76.0%	1.0
CD010239	recall@77.0%	1.0
CD010239	recall@78.0%	1.0
CD010239	recall@79.0%	1.0
CD010239	recall@80.0%	1.0
CD010239	recall@81.0%	1.0
CD010239	recall@82.0%	1.0
CD010239	recall@83.0%	1.0
CD010239	recall@84.0%	1.0
CD010239	recall@85.0%	1.0
CD010239	recall@86.0%	1.0
CD010239	recall@87.0%	1.0
CD010239	recall@88.0%	1.0
CD010239	recall@89.0%	1.0
CD010239	recall@90.0%	1.0
CD010239	recall@91.0%	1.0
CD010239	recall@92.0%	1.0
CD010239	recall@93.0%	1.0
CD010239	recall@94.0%	1.0
CD010239	recall@95.0%	1.0
CD010239	recall@96.0%	1.0
CD010239	recall@97.0%	1.0
CD010239	recall@98.0%	1.0
CD010239	recall@99.0%	1.0
CD010239	recall@100.0%	1.0
CD010239	total_cost	-136.0
CD010239	norm_area	0.999
CD010239	ap	0.988
CD010239	r	1.0
CD010239	loss_e	0.172
CD010239	loss_r	0.0
CD010239	loss_er	0.172
CD010558	num_shown	2815
CD010558	rels_found	37
CD010558	num_rels	37
CD010558	last_rel	1966
CD010558	norm_last_rel	0.698
CD010558	threshold	1318
CD010558	norm_threshold	0.468
CD010558	wss_100	0.302
CD010558	wss_95	0.33
CD010558	cg_total	37.0
CD010558	cg_max	37.0
CD010558	cg_threshold	29.0
CD010558	recall_threshold	0.784
CD010558	threshold	1318
CD010558	recall@1.0%	0.216
CD010558	recall@2.0%	0.351
CD010558	recall@3.0%	0.378
CD010558	recall@4.0%	0.405
CD010558	recall@5.0%	0.432
CD010558	recall@6.0%	0.486
CD010558	recall@7.0%	0.486
CD010558	recall@8.0%	0.541
CD010558	recall@9.0%	0.568
CD010558	recall@10.0%	0.595
CD010558	recall@11.0%	0.595
CD010558	recall@12.0%	0.595
CD010558	recall@13.0%	0.595
CD010558	recall@14.0%	0.595
CD010558	recall@15.0%	0.595
CD010558	recall@16.0%	0.622
CD010558	recall@17.0%	0.622
CD010558	recall@18.0%	0.622
CD010558	recall@19.0%	0.622
CD010558	recall@20.0%	0.622
CD010558	recall@21.0%	0.622
CD010558	recall@22.0%	0.676
CD010558	recall@23.0%	0.676
CD010558	recall@24.0%	0.676
CD010558	recall@25.0%	0.73
CD010558	recall@26.0%	0.73
CD010558	recall@27.0%	0.757
CD010558	recall@28.0%	0.757
CD010558	recall@29.0%	0.757
CD010558	recall@30.0%	0.757
CD010558	recall@31.0%	0.757
CD010558	recall@32.0%	0.757
CD010558	recall@33.0%	0.757
CD010558	recall@34.0%	0.757
CD010558	recall@35.0%	0.757
CD010558	recall@36.0%	0.757
CD010558	recall@37.0%	0.784
CD010558	recall@38.0%	0.784
CD010558	recall@39.0%	0.784
CD010558	recall@40.0%	0.784
CD010558	recall@41.0%	0.784
CD010558	recall@42.0%	0.784
CD010558	recall@43.0%	0.784
CD010558	recall@44.0%	0.784
CD010558	recall@45.0%	0.784
CD010558	recall@46.0%	0.784
CD010558	recall@47.0%	0.784
CD010558	recall@48.0%	0.784
CD010558	recall@49.0%	0.838
CD010558	recall@50.0%	0.865
CD010558	recall@51.0%	0.865
CD010558	recall@52.0%	0.865
CD010558	recall@53.0%	0.865
CD010558	recall@54.0%	0.865
CD010558	recall@55.0%	0.865
CD010558	recall@56.0%	0.865
CD010558	recall@57.0%	0.919
CD010558	recall@58.0%	0.919
CD010558	recall@59.0%	0.919
CD010558	recall@60.0%	0.919
CD010558	recall@61.0%	0.919
CD010558	recall@62.0%	0.946
CD010558	recall@63.0%	0.946
CD010558	recall@64.0%	0.946
CD010558	recall@65.0%	0.946
CD010558	recall@66.0%	0.946
CD010558	recall@67.0%	0.946
CD010558	recall@68.0%	0.946
CD010558	recall@69.0%	0.973
CD010558	recall@70.0%	1.0
CD010558	recall@71.0%	1.0
CD010558	recall@72.0%	1.0
CD010558	recall@73.0%	1.0
CD010558	recall@74.0%	1.0
CD010558	recall@75.0%	1.0
CD010558	recall@76.0%	1.0
CD010558	recall@77.0%	1.0
CD010558	recall@78.0%	1.0
CD010558	recall@79.0%	1.0
CD010558	recall@80.0%	1.0
CD010558	recall@81.0%	1.0
CD010558	recall@82.0%	1.0
CD010558	recall@83.0%	1.0
CD010558	recall@84.0%	1.0
CD010558	recall@85.0%	1.0
CD010558	recall@86.0%	1.0
CD010558	recall@87.0%	1.0
CD010558	recall@88.0%	1.0
CD010558	recall@89.0%	1.0
CD010558	recall@90.0%	1.0
CD010558	recall@91.0%	1.0
CD010558	recall@92.0%	1.0
CD010558	recall@93.0%	1.0
CD010558	recall@94.0%	1.0
CD010558	recall@95.0%	1.0
CD010558	recall@96.0%	1.0
CD010558	recall@97.0%	1.0
CD010558	recall@98.0%	1.0
CD010558	recall@99.0%	1.0
CD010558	recall@100.0%	1.0
CD010558	total_cost	1058.0
CD010558	norm_area	0.819
CD010558	ap	0.297
CD010558	r	0.784
CD010558	loss_e	0.117
CD010558	loss_r	0.047
CD010558	loss_er	0.164
CD010753	num_shown	2539
CD010753	rels_found	29
CD010753	num_rels	29
CD010753	last_rel	1637
CD010753	norm_last_rel	0.645
CD010753	threshold	773
CD010753	norm_threshold	0.304
CD010753	wss_100	0.355
CD010753	wss_95	0.329
CD010753	cg_total	29.0
CD010753	cg_max	29.0
CD010753	cg_threshold	25.0
CD010753	recall_threshold	0.862
CD010753	threshold	773
CD010753	recall@1.0%	0.448
CD010753	recall@2.0%	0.483
CD010753	recall@3.0%	0.552
CD010753	recall@4.0%	0.655
CD010753	recall@5.0%	0.655
CD010753	recall@6.0%	0.655
CD010753	recall@7.0%	0.655
CD010753	recall@8.0%	0.655
CD010753	recall@9.0%	0.655
CD010753	recall@10.0%	0.655
CD010753	recall@11.0%	0.724
CD010753	recall@12.0%	0.724
CD010753	recall@13.0%	0.724
CD010753	recall@14.0%	0.724
CD010753	recall@15.0%	0.724
CD010753	recall@16.0%	0.724
CD010753	recall@17.0%	0.724
CD010753	recall@18.0%	0.759
CD010753	recall@19.0%	0.759
CD010753	recall@20.0%	0.793
CD010753	recall@21.0%	0.828
CD010753	recall@22.0%	0.828
CD010753	recall@23.0%	0.862
CD010753	recall@24.0%	0.862
CD010753	recall@25.0%	0.862
CD010753	recall@26.0%	0.862
CD010753	recall@27.0%	0.862
CD010753	recall@28.0%	0.862
CD010753	recall@29.0%	0.862
CD010753	recall@30.0%	0.862
CD010753	recall@31.0%	0.862
CD010753	recall@32.0%	0.862
CD010753	recall@33.0%	0.862
CD010753	recall@34.0%	0.862
CD010753	recall@35.0%	0.862
CD010753	recall@36.0%	0.862
CD010753	recall@37.0%	0.862
CD010753	recall@38.0%	0.862
CD010753	recall@39.0%	0.862
CD010753	recall@40.0%	0.862
CD010753	recall@41.0%	0.862
CD010753	recall@42.0%	0.862
CD010753	recall@43.0%	0.862
CD010753	recall@44.0%	0.862
CD010753	recall@45.0%	0.862
CD010753	recall@46.0%	0.862
CD010753	recall@47.0%	0.862
CD010753	recall@48.0%	0.897
CD010753	recall@49.0%	0.897
CD010753	recall@50.0%	0.897
CD010753	recall@51.0%	0.897
CD010753	recall@52.0%	0.897
CD010753	recall@53.0%	0.897
CD010753	recall@54.0%	0.897
CD010753	recall@55.0%	0.897
CD010753	recall@56.0%	0.897
CD010753	recall@57.0%	0.897
CD010753	recall@58.0%	0.897
CD010753	recall@59.0%	0.897
CD010753	recall@60.0%	0.897
CD010753	recall@61.0%	0.931
CD010753	recall@62.0%	0.931
CD010753	recall@63.0%	0.966
CD010753	recall@64.0%	0.966
CD010753	recall@65.0%	1.0
CD010753	recall@66.0%	1.0
CD010753	recall@67.0%	1.0
CD010753	recall@68.0%	1.0
CD010753	recall@69.0%	1.0
CD010753	recall@70.0%	1.0
CD010753	recall@71.0%	1.0
CD010753	recall@72.0%	1.0
CD010753	recall@73.0%	1.0
CD010753	recall@74.0%	1.0
CD010753	recall@75.0%	1.0
CD010753	recall@76.0%	1.0
CD010753	recall@77.0%	1.0
CD010753	recall@78.0%	1.0
CD010753	recall@79.0%	1.0
CD010753	recall@80.0%	1.0
CD010753	recall@81.0%	1.0
CD010753	recall@82.0%	1.0
CD010753	recall@83.0%	1.0
CD010753	recall@84.0%	1.0
CD010753	recall@85.0%	1.0
CD010753	recall@86.0%	1.0
CD010753	recall@87.0%	1.0
CD010753	recall@88.0%	1.0
CD010753	recall@89.0%	1.0
CD010753	recall@90.0%	1.0
CD010753	recall@91.0%	1.0
CD010753	recall@92.0%	1.0
CD010753	recall@93.0%	1.0
CD010753	recall@94.0%	1.0
CD010753	recall@95.0%	1.0
CD010753	recall@96.0%	1.0
CD010753	recall@97.0%	1.0
CD010753	recall@98.0%	1.0
CD010753	recall@99.0%	1.0
CD010753	recall@100.0%	1.0
CD010753	total_cost	433.0
CD010753	norm_area	0.882
CD010753	ap	0.509
CD010753	r	0.862
CD010753	loss_e	0.056
CD010753	loss_r	0.019
CD010753	loss_er	0.075
CD011140	num_shown	289
CD011140	rels_found	4
CD011140	num_rels	4
CD011140	last_rel	9
CD011140	norm_last_rel	0.031
CD011140	threshold	236
CD011140	norm_threshold	0.817
CD011140	wss_100	0.969
CD011140	wss_95	0.919
CD011140	cg_total	4.0
CD011140	cg_max	4.0
CD011140	cg_threshold	4.0
CD011140	recall_threshold	1.0
CD011140	threshold	236
CD011140	recall@1.0%	0.0
CD011140	recall@2.0%	0.25
CD011140	recall@3.0%	1.0
CD011140	recall@4.0%	1.0
CD011140	recall@5.0%	1.0
CD011140	recall@6.0%	1.0
CD011140	recall@7.0%	1.0
CD011140	recall@8.0%	1.0
CD011140	recall@9.0%	1.0
CD011140	recall@10.0%	1.0
CD011140	recall@11.0%	1.0
CD011140	recall@12.0%	1.0
CD011140	recall@13.0%	1.0
CD011140	recall@14.0%	1.0
CD011140	recall@15.0%	1.0
CD011140	recall@16.0%	1.0
CD011140	recall@17.0%	1.0
CD011140	recall@18.0%	1.0
CD011140	recall@19.0%	1.0
CD011140	recall@20.0%	1.0
CD011140	recall@21.0%	1.0
CD011140	recall@22.0%	1.0
CD011140	recall@23.0%	1.0
CD011140	recall@24.0%	1.0
CD011140	recall@25.0%	1.0
CD011140	recall@26.0%	1.0
CD011140	recall@27.0%	1.0
CD011140	recall@28.0%	1.0
CD011140	recall@29.0%	1.0
CD011140	recall@30.0%	1.0
CD011140	recall@31.0%	1.0
CD011140	recall@32.0%	1.0
CD011140	recall@33.0%	1.0
CD011140	recall@34.0%	1.0
CD011140	recall@35.0%	1.0
CD011140	recall@36.0%	1.0
CD011140	recall@37.0%	1.0
CD011140	recall@38.0%	1.0
CD011140	recall@39.0%	1.0
CD011140	recall@40.0%	1.0
CD011140	recall@41.0%	1.0
CD011140	recall@42.0%	1.0
CD011140	recall@43.0%	1.0
CD011140	recall@44.0%	1.0
CD011140	recall@45.0%	1.0
CD011140	recall@46.0%	1.0
CD011140	recall@47.0%	1.0
CD011140	recall@48.0%	1.0
CD011140	recall@49.0%	1.0
CD011140	recall@50.0%	1.0
CD011140	recall@51.0%	1.0
CD011140	recall@52.0%	1.0
CD011140	recall@53.0%	1.0
CD011140	recall@54.0%	1.0
CD011140	recall@55.0%	1.0
CD011140	recall@56.0%	1.0
CD011140	recall@57.0%	1.0
CD011140	recall@58.0%	1.0
CD011140	recall@59.0%	1.0
CD011140	recall@60.0%	1.0
CD011140	recall@61.0%	1.0
CD011140	recall@62.0%	1.0
CD011140	recall@63.0%	1.0
CD011140	recall@64.0%	1.0
CD011140	recall@65.0%	1.0
CD011140	recall@66.0%	1.0
CD011140	recall@67.0%	1.0
CD011140	recall@68.0%	1.0
CD011140	recall@69.0%	1.0
CD011140	recall@70.0%	1.0
CD011140	recall@71.0%	1.0
CD011140	recall@72.0%	1.0
CD011140	recall@73.0%	1.0
CD011140	recall@74.0%	1.0
CD011140	recall@75.0%	1.0
CD011140	recall@76.0%	1.0
CD011140	recall@77.0%	1.0
CD011140	recall@78.0%	1.0
CD011140	recall@79.0%	1.0
CD011140	recall@80.0%	1.0
CD011140	recall@81.0%	1.0
CD011140	recall@82.0%	1.0
CD011140	recall@83.0%	1.0
CD011140	recall@84.0%	1.0
CD011140	recall@85.0%	1.0
CD011140	recall@86.0%	1.0
CD011140	recall@87.0%	1.0
CD011140	recall@88.0%	1.0
CD011140	recall@89.0%	1.0
CD011140	recall@90.0%	1.0
CD011140	recall@91.0%	1.0
CD011140	recall@92.0%	1.0
CD011140	recall@93.0%	1.0
CD011140	recall@94.0%	1.0
CD011140	recall@95.0%	1.0
CD011140	recall@96.0%	1.0
CD011140	recall@97.0%	1.0
CD011140	recall@98.0%	1.0
CD011140	recall@99.0%	1.0
CD011140	recall@100.0%	1.0
CD011140	total_cost	156.0
CD011140	norm_area	0.983
CD011140	ap	0.318
CD011140	r	1.0
CD011140	loss_e	0.617
CD011140	loss_r	0.0
CD011140	loss_er	0.617
Skipping topic: CD011558
CD011571	num_shown	146
CD011571	rels_found	15
CD011571	num_rels	15
CD011571	last_rel	71
CD011571	norm_last_rel	0.486
CD011571	threshold	81
CD011571	norm_threshold	0.555
CD011571	wss_100	0.514
CD011571	wss_95	0.717
CD011571	cg_total	15.0
CD011571	cg_max	15.0
CD011571	cg_threshold	15.0
CD011571	recall_threshold	1.0
CD011571	threshold	81
CD011571	recall@1.0%	0.067
CD011571	recall@2.0%	0.2
CD011571	recall@3.0%	0.267
CD011571	recall@4.0%	0.333
CD011571	recall@5.0%	0.4
CD011571	recall@6.0%	0.467
CD011571	recall@7.0%	0.533
CD011571	recall@8.0%	0.533
CD011571	recall@9.0%	0.533
CD011571	recall@10.0%	0.533
CD011571	recall@11.0%	0.533
CD011571	recall@12.0%	0.533
CD011571	recall@13.0%	0.533
CD011571	recall@14.0%	0.6
CD011571	recall@15.0%	0.6
CD011571	recall@16.0%	0.6
CD011571	recall@17.0%	0.667
CD011571	recall@18.0%	0.733
CD011571	recall@19.0%	0.733
CD011571	recall@20.0%	0.733
CD011571	recall@21.0%	0.867
CD011571	recall@22.0%	0.867
CD011571	recall@23.0%	0.933
CD011571	recall@24.0%	0.933
CD011571	recall@25.0%	0.933
CD011571	recall@26.0%	0.933
CD011571	recall@27.0%	0.933
CD011571	recall@28.0%	0.933
CD011571	recall@29.0%	0.933
CD011571	recall@30.0%	0.933
CD011571	recall@31.0%	0.933
CD011571	recall@32.0%	0.933
CD011571	recall@33.0%	0.933
CD011571	recall@34.0%	0.933
CD011571	recall@35.0%	0.933
CD011571	recall@36.0%	0.933
CD011571	recall@37.0%	0.933
CD011571	recall@38.0%	0.933
CD011571	recall@39.0%	0.933
CD011571	recall@40.0%	0.933
CD011571	recall@41.0%	0.933
CD011571	recall@42.0%	0.933
CD011571	recall@43.0%	0.933
CD011571	recall@44.0%	0.933
CD011571	recall@45.0%	0.933
CD011571	recall@46.0%	0.933
CD011571	recall@47.0%	0.933
CD011571	recall@48.0%	0.933
CD011571	recall@49.0%	1.0
CD011571	recall@50.0%	1.0
CD011571	recall@51.0%	1.0
CD011571	recall@52.0%	1.0
CD011571	recall@53.0%	1.0
CD011571	recall@54.0%	1.0
CD011571	recall@55.0%	1.0
CD011571	recall@56.0%	1.0
CD011571	recall@57.0%	1.0
CD011571	recall@58.0%	1.0
CD011571	recall@59.0%	1.0
CD011571	recall@60.0%	1.0
CD011571	recall@61.0%	1.0
CD011571	recall@62.0%	1.0
CD011571	recall@63.0%	1.0
CD011571	recall@64.0%	1.0
CD011571	recall@65.0%	1.0
CD011571	recall@66.0%	1.0
CD011571	recall@67.0%	1.0
CD011571	recall@68.0%	1.0
CD011571	recall@69.0%	1.0
CD011571	recall@70.0%	1.0
CD011571	recall@71.0%	1.0
CD011571	recall@72.0%	1.0
CD011571	recall@73.0%	1.0
CD011571	recall@74.0%	1.0
CD011571	recall@75.0%	1.0
CD011571	recall@76.0%	1.0
CD011571	recall@77.0%	1.0
CD011571	recall@78.0%	1.0
CD011571	recall@79.0%	1.0
CD011571	recall@80.0%	1.0
CD011571	recall@81.0%	1.0
CD011571	recall@82.0%	1.0
CD011571	recall@83.0%	1.0
CD011571	recall@84.0%	1.0
CD011571	recall@85.0%	1.0
CD011571	recall@86.0%	1.0
CD011571	recall@87.0%	1.0
CD011571	recall@88.0%	1.0
CD011571	recall@89.0%	1.0
CD011571	recall@90.0%	1.0
CD011571	recall@91.0%	1.0
CD011571	recall@92.0%	1.0
CD011571	recall@93.0%	1.0
CD011571	recall@94.0%	1.0
CD011571	recall@95.0%	1.0
CD011571	recall@96.0%	1.0
CD011571	recall@97.0%	1.0
CD011571	recall@98.0%	1.0
CD011571	recall@99.0%	1.0
CD011571	recall@100.0%	1.0
CD011571	total_cost	-219.0
CD011571	norm_area	0.924
CD011571	ap	0.678
CD011571	r	1.0
CD011571	loss_e	0.233
CD011571	loss_r	0.0
CD011571	loss_er	0.233
Skipping topic: CD011686
CD011768	num_shown	9160
CD011768	rels_found	54
CD011768	num_rels	54
CD011768	last_rel	1931
CD011768	norm_last_rel	0.211
CD011768	threshold	881
CD011768	norm_threshold	0.096
CD011768	wss_100	0.789
CD011768	wss_95	0.879
CD011768	cg_total	54.0
CD011768	cg_max	54.0
CD011768	cg_threshold	53.0
CD011768	recall_threshold	0.981
CD011768	threshold	881
CD011768	recall@1.0%	0.556
CD011768	recall@2.0%	0.667
CD011768	recall@3.0%	0.759
CD011768	recall@4.0%	0.796
CD011768	recall@5.0%	0.87
CD011768	recall@6.0%	0.907
CD011768	recall@7.0%	0.926
CD011768	recall@8.0%	0.963
CD011768	recall@9.0%	0.963
CD011768	recall@10.0%	0.981
CD011768	recall@11.0%	0.981
CD011768	recall@12.0%	0.981
CD011768	recall@13.0%	0.981
CD011768	recall@14.0%	0.981
CD011768	recall@15.0%	0.981
CD011768	recall@16.0%	0.981
CD011768	recall@17.0%	0.981
CD011768	recall@18.0%	0.981
CD011768	recall@19.0%	0.981
CD011768	recall@20.0%	0.981
CD011768	recall@21.0%	0.981
CD011768	recall@22.0%	1.0
CD011768	recall@23.0%	1.0
CD011768	recall@24.0%	1.0
CD011768	recall@25.0%	1.0
CD011768	recall@26.0%	1.0
CD011768	recall@27.0%	1.0
CD011768	recall@28.0%	1.0
CD011768	recall@29.0%	1.0
CD011768	recall@30.0%	1.0
CD011768	recall@31.0%	1.0
CD011768	recall@32.0%	1.0
CD011768	recall@33.0%	1.0
CD011768	recall@34.0%	1.0
CD011768	recall@35.0%	1.0
CD011768	recall@36.0%	1.0
CD011768	recall@37.0%	1.0
CD011768	recall@38.0%	1.0
CD011768	recall@39.0%	1.0
CD011768	recall@40.0%	1.0
CD011768	recall@41.0%	1.0
CD011768	recall@42.0%	1.0
CD011768	recall@43.0%	1.0
CD011768	recall@44.0%	1.0
CD011768	recall@45.0%	1.0
CD011768	recall@46.0%	1.0
CD011768	recall@47.0%	1.0
CD011768	recall@48.0%	1.0
CD011768	recall@49.0%	1.0
CD011768	recall@50.0%	1.0
CD011768	recall@51.0%	1.0
CD011768	recall@52.0%	1.0
CD011768	recall@53.0%	1.0
CD011768	recall@54.0%	1.0
CD011768	recall@55.0%	1.0
CD011768	recall@56.0%	1.0
CD011768	recall@57.0%	1.0
CD011768	recall@58.0%	1.0
CD011768	recall@59.0%	1.0
CD011768	recall@60.0%	1.0
CD011768	recall@61.0%	1.0
CD011768	recall@62.0%	1.0
CD011768	recall@63.0%	1.0
CD011768	recall@64.0%	1.0
CD011768	recall@65.0%	1.0
CD011768	recall@66.0%	1.0
CD011768	recall@67.0%	1.0
CD011768	recall@68.0%	1.0
CD011768	recall@69.0%	1.0
CD011768	recall@70.0%	1.0
CD011768	recall@71.0%	1.0
CD011768	recall@72.0%	1.0
CD011768	recall@73.0%	1.0
CD011768	recall@74.0%	1.0
CD011768	recall@75.0%	1.0
CD011768	recall@76.0%	1.0
CD011768	recall@77.0%	1.0
CD011768	recall@78.0%	1.0
CD011768	recall@79.0%	1.0
CD011768	recall@80.0%	1.0
CD011768	recall@81.0%	1.0
CD011768	recall@82.0%	1.0
CD011768	recall@83.0%	1.0
CD011768	recall@84.0%	1.0
CD011768	recall@85.0%	1.0
CD011768	recall@86.0%	1.0
CD011768	recall@87.0%	1.0
CD011768	recall@88.0%	1.0
CD011768	recall@89.0%	1.0
CD011768	recall@90.0%	1.0
CD011768	recall@91.0%	1.0
CD011768	recall@92.0%	1.0
CD011768	recall@93.0%	1.0
CD011768	recall@94.0%	1.0
CD011768	recall@95.0%	1.0
CD011768	recall@96.0%	1.0
CD011768	recall@97.0%	1.0
CD011768	recall@98.0%	1.0
CD011768	recall@99.0%	1.0
CD011768	recall@100.0%	1.0
CD011768	total_cost	-139.0
CD011768	norm_area	0.981
CD011768	ap	0.487
CD011768	r	0.981
CD011768	loss_e	0.004
CD011768	loss_r	0.0
CD011768	loss_er	0.004
Skipping topic: CD011787
CD011977	num_shown	195
CD011977	rels_found	49
CD011977	num_rels	49
CD011977	last_rel	176
CD011977	norm_last_rel	0.903
CD011977	threshold	138
CD011977	norm_threshold	0.708
CD011977	wss_100	0.097
CD011977	wss_95	0.483
CD011977	cg_total	49.0
CD011977	cg_max	49.0
CD011977	cg_threshold	48.0
CD011977	recall_threshold	0.98
CD011977	threshold	138
CD011977	recall@1.0%	0.041
CD011977	recall@2.0%	0.082
CD011977	recall@3.0%	0.122
CD011977	recall@4.0%	0.163
CD011977	recall@5.0%	0.204
CD011977	recall@6.0%	0.245
CD011977	recall@7.0%	0.286
CD011977	recall@8.0%	0.327
CD011977	recall@9.0%	0.367
CD011977	recall@10.0%	0.408
CD011977	recall@11.0%	0.429
CD011977	recall@12.0%	0.469
CD011977	recall@13.0%	0.51
CD011977	recall@14.0%	0.551
CD011977	recall@15.0%	0.592
CD011977	recall@16.0%	0.592
CD011977	recall@17.0%	0.592
CD011977	recall@18.0%	0.612
CD011977	recall@19.0%	0.633
CD011977	recall@20.0%	0.673
CD011977	recall@21.0%	0.673
CD011977	recall@22.0%	0.694
CD011977	recall@23.0%	0.694
CD011977	recall@24.0%	0.714
CD011977	recall@25.0%	0.714
CD011977	recall@26.0%	0.755
CD011977	recall@27.0%	0.776
CD011977	recall@28.0%	0.816
CD011977	recall@29.0%	0.816
CD011977	recall@30.0%	0.837
CD011977	recall@31.0%	0.837
CD011977	recall@32.0%	0.857
CD011977	recall@33.0%	0.857
CD011977	recall@34.0%	0.857
CD011977	recall@35.0%	0.857
CD011977	recall@36.0%	0.857
CD011977	recall@37.0%	0.878
CD011977	recall@38.0%	0.898
CD011977	recall@39.0%	0.898
CD011977	recall@40.0%	0.898
CD011977	recall@41.0%	0.898
CD011977	recall@42.0%	0.918
CD011977	recall@43.0%	0.939
CD011977	recall@44.0%	0.939
CD011977	recall@45.0%	0.939
CD011977	recall@46.0%	0.939
CD011977	recall@47.0%	0.959
CD011977	recall@48.0%	0.959
CD011977	recall@49.0%	0.959
CD011977	recall@50.0%	0.959
CD011977	recall@51.0%	0.98
CD011977	recall@52.0%	0.98
CD011977	recall@53.0%	0.98
CD011977	recall@54.0%	0.98
CD011977	recall@55.0%	0.98
CD011977	recall@56.0%	0.98
CD011977	recall@57.0%	0.98
CD011977	recall@58.0%	0.98
CD011977	recall@59.0%	0.98
CD011977	recall@60.0%	0.98
CD011977	recall@61.0%	0.98
CD011977	recall@62.0%	0.98
CD011977	recall@63.0%	0.98
CD011977	recall@64.0%	0.98
CD011977	recall@65.0%	0.98
CD011977	recall@66.0%	0.98
CD011977	recall@67.0%	0.98
CD011977	recall@68.0%	0.98
CD011977	recall@69.0%	0.98
CD011977	recall@70.0%	0.98
CD011977	recall@71.0%	0.98
CD011977	recall@72.0%	0.98
CD011977	recall@73.0%	0.98
CD011977	recall@74.0%	0.98
CD011977	recall@75.0%	0.98
CD011977	recall@76.0%	0.98
CD011977	recall@77.0%	0.98
CD011977	recall@78.0%	0.98
CD011977	recall@79.0%	0.98
CD011977	recall@80.0%	0.98
CD011977	recall@81.0%	0.98
CD011977	recall@82.0%	0.98
CD011977	recall@83.0%	0.98
CD011977	recall@84.0%	0.98
CD011977	recall@85.0%	0.98
CD011977	recall@86.0%	0.98
CD011977	recall@87.0%	0.98
CD011977	recall@88.0%	0.98
CD011977	recall@89.0%	0.98
CD011977	recall@90.0%	1.0
CD011977	recall@91.0%	1.0
CD011977	recall@92.0%	1.0
CD011977	recall@93.0%	1.0
CD011977	recall@94.0%	1.0
CD011977	recall@95.0%	1.0
CD011977	recall@96.0%	1.0
CD011977	recall@97.0%	1.0
CD011977	recall@98.0%	1.0
CD011977	recall@99.0%	1.0
CD011977	recall@100.0%	1.0
CD011977	total_cost	-782.0
CD011977	norm_area	0.939
CD011977	ap	0.868
CD011977	r	0.98
CD011977	loss_e	0.226
CD011977	loss_r	0.0
CD011977	loss_er	0.226
CD012069	num_shown	3479
CD012069	rels_found	320
CD012069	num_rels	320
CD012069	last_rel	3416
CD012069	norm_last_rel	0.982
CD012069	threshold	1011
CD012069	norm_threshold	0.291
CD012069	wss_100	0.018
CD012069	wss_95	0.183
CD012069	cg_total	320.0
CD012069	cg_max	320.0
CD012069	cg_threshold	219.0
CD012069	recall_threshold	0.684
CD012069	threshold	1011
CD012069	recall@1.0%	0.109
CD012069	recall@2.0%	0.219
CD012069	recall@3.0%	0.325
CD012069	recall@4.0%	0.394
CD012069	recall@5.0%	0.409
CD012069	recall@6.0%	0.428
CD012069	recall@7.0%	0.447
CD012069	recall@8.0%	0.453
CD012069	recall@9.0%	0.466
CD012069	recall@10.0%	0.481
CD012069	recall@11.0%	0.5
CD012069	recall@12.0%	0.506
CD012069	recall@13.0%	0.531
CD012069	recall@14.0%	0.541
CD012069	recall@15.0%	0.55
CD012069	recall@16.0%	0.559
CD012069	recall@17.0%	0.581
CD012069	recall@18.0%	0.588
CD012069	recall@19.0%	0.588
CD012069	recall@20.0%	0.6
CD012069	recall@21.0%	0.603
CD012069	recall@22.0%	0.616
CD012069	recall@23.0%	0.637
CD012069	recall@24.0%	0.644
CD012069	recall@25.0%	0.65
CD012069	recall@26.0%	0.656
CD012069	recall@27.0%	0.666
CD012069	recall@28.0%	0.678
CD012069	recall@29.0%	0.684
CD012069	recall@30.0%	0.688
CD012069	recall@31.0%	0.7
CD012069	recall@32.0%	0.713
CD012069	recall@33.0%	0.719
CD012069	recall@34.0%	0.722
CD012069	recall@35.0%	0.728
CD012069	recall@36.0%	0.731
CD012069	recall@37.0%	0.738
CD012069	recall@38.0%	0.744
CD012069	recall@39.0%	0.753
CD012069	recall@40.0%	0.766
CD012069	recall@41.0%	0.775
CD012069	recall@42.0%	0.778
CD012069	recall@43.0%	0.787
CD012069	recall@44.0%	0.797
CD012069	recall@45.0%	0.803
CD012069	recall@46.0%	0.806
CD012069	recall@47.0%	0.806
CD012069	recall@48.0%	0.809
CD012069	recall@49.0%	0.819
CD012069	recall@50.0%	0.828
CD012069	recall@51.0%	0.841
CD012069	recall@52.0%	0.844
CD012069	recall@53.0%	0.85
CD012069	recall@54.0%	0.853
CD012069	recall@55.0%	0.863
CD012069	recall@56.0%	0.863
CD012069	recall@57.0%	0.869
CD012069	recall@58.0%	0.872
CD012069	recall@59.0%	0.878
CD012069	recall@60.0%	0.884
CD012069	recall@61.0%	0.884
CD012069	recall@62.0%	0.887
CD012069	recall@63.0%	0.887
CD012069	recall@64.0%	0.894
CD012069	recall@65.0%	0.894
CD012069	recall@66.0%	0.906
CD012069	recall@67.0%	0.906
CD012069	recall@68.0%	0.912
CD012069	recall@69.0%	0.916
CD012069	recall@70.0%	0.919
CD012069	recall@71.0%	0.922
CD012069	recall@72.0%	0.925
CD012069	recall@73.0%	0.931
CD012069	recall@74.0%	0.941
CD012069	recall@75.0%	0.941
CD012069	recall@76.0%	0.944
CD012069	recall@77.0%	0.95
CD012069	recall@78.0%	0.953
CD012069	recall@79.0%	0.953
CD012069	recall@80.0%	0.966
CD012069	recall@81.0%	0.969
CD012069	recall@82.0%	0.972
CD012069	recall@83.0%	0.972
CD012069	recall@84.0%	0.975
CD012069	recall@85.0%	0.978
CD012069	recall@86.0%	0.984
CD012069	recall@87.0%	0.984
CD012069	recall@88.0%	0.984
CD012069	recall@89.0%	0.988
CD012069	recall@90.0%	0.994
CD012069	recall@91.0%	0.994
CD012069	recall@92.0%	0.994
CD012069	recall@93.0%	0.997
CD012069	recall@94.0%	0.997
CD012069	recall@95.0%	0.997
CD012069	recall@96.0%	0.997
CD012069	recall@97.0%	0.997
CD012069	recall@98.0%	0.997
CD012069	recall@99.0%	1.0
CD012069	recall@100.0%	1.0
CD012069	total_cost	671.0
CD012069	norm_area	0.812
CD012069	ap	0.558
CD012069	r	0.684
CD012069	loss_e	0.005
CD012069	loss_r	0.1
CD012069	loss_er	0.104
Skipping topic: CD012080
CD012164	num_shown	61
CD012164	rels_found	7
CD012164	num_rels	7
CD012164	last_rel	42
CD012164	norm_last_rel	0.689
CD012164	threshold	38
CD012164	norm_threshold	0.623
CD012164	wss_100	0.311
CD012164	wss_95	0.261
CD012164	cg_total	7.0
CD012164	cg_max	7.0
CD012164	cg_threshold	6.0
CD012164	recall_threshold	0.857
CD012164	threshold	38
CD012164	recall@1.0%	0.143
CD012164	recall@2.0%	0.143
CD012164	recall@3.0%	0.286
CD012164	recall@4.0%	0.286
CD012164	recall@5.0%	0.429
CD012164	recall@6.0%	0.429
CD012164	recall@7.0%	0.429
CD012164	recall@8.0%	0.429
CD012164	recall@9.0%	0.429
CD012164	recall@10.0%	0.429
CD012164	recall@11.0%	0.429
CD012164	recall@12.0%	0.429
CD012164	recall@13.0%	0.571
CD012164	recall@14.0%	0.571
CD012164	recall@15.0%	0.571
CD012164	recall@16.0%	0.571
CD012164	recall@17.0%	0.571
CD012164	recall@18.0%	0.714
CD012164	recall@19.0%	0.714
CD012164	recall@20.0%	0.714
CD012164	recall@21.0%	0.714
CD012164	recall@22.0%	0.714
CD012164	recall@23.0%	0.714
CD012164	recall@24.0%	0.714
CD012164	recall@25.0%	0.714
CD012164	recall@26.0%	0.714
CD012164	recall@27.0%	0.714
CD012164	recall@28.0%	0.714
CD012164	recall@29.0%	0.714
CD012164	recall@30.0%	0.714
CD012164	recall@31.0%	0.714
CD012164	recall@32.0%	0.714
CD012164	recall@33.0%	0.714
CD012164	recall@34.0%	0.714
CD012164	recall@35.0%	0.714
CD012164	recall@36.0%	0.714
CD012164	recall@37.0%	0.714
CD012164	recall@38.0%	0.714
CD012164	recall@39.0%	0.714
CD012164	recall@40.0%	0.714
CD012164	recall@41.0%	0.714
CD012164	recall@42.0%	0.714
CD012164	recall@43.0%	0.714
CD012164	recall@44.0%	0.714
CD012164	recall@45.0%	0.714
CD012164	recall@46.0%	0.714
CD012164	recall@47.0%	0.714
CD012164	recall@48.0%	0.714
CD012164	recall@49.0%	0.714
CD012164	recall@50.0%	0.714
CD012164	recall@51.0%	0.714
CD012164	recall@52.0%	0.714
CD012164	recall@53.0%	0.714
CD012164	recall@54.0%	0.714
CD012164	recall@55.0%	0.714
CD012164	recall@56.0%	0.714
CD012164	recall@57.0%	0.714
CD012164	recall@58.0%	0.714
CD012164	recall@59.0%	0.714
CD012164	recall@60.0%	0.714
CD012164	recall@61.0%	0.714
CD012164	recall@62.0%	0.857
CD012164	recall@63.0%	0.857
CD012164	recall@64.0%	0.857
CD012164	recall@65.0%	0.857
CD012164	recall@66.0%	0.857
CD012164	recall@67.0%	0.857
CD012164	recall@68.0%	0.857
CD012164	recall@69.0%	1.0
CD012164	recall@70.0%	1.0
CD012164	recall@71.0%	1.0
CD012164	recall@72.0%	1.0
CD012164	recall@73.0%	1.0
CD012164	recall@74.0%	1.0
CD012164	recall@75.0%	1.0
CD012164	recall@76.0%	1.0
CD012164	recall@77.0%	1.0
CD012164	recall@78.0%	1.0
CD012164	recall@79.0%	1.0
CD012164	recall@80.0%	1.0
CD012164	recall@81.0%	1.0
CD012164	recall@82.0%	1.0
CD012164	recall@83.0%	1.0
CD012164	recall@84.0%	1.0
CD012164	recall@85.0%	1.0
CD012164	recall@86.0%	1.0
CD012164	recall@87.0%	1.0
CD012164	recall@88.0%	1.0
CD012164	recall@89.0%	1.0
CD012164	recall@90.0%	1.0
CD012164	recall@91.0%	1.0
CD012164	recall@92.0%	1.0
CD012164	recall@93.0%	1.0
CD012164	recall@94.0%	1.0
CD012164	recall@95.0%	1.0
CD012164	recall@96.0%	1.0
CD012164	recall@97.0%	1.0
CD012164	recall@98.0%	1.0
CD012164	recall@99.0%	1.0
CD012164	recall@100.0%	1.0
CD012164	total_cost	-42.0
CD012164	norm_area	0.809
CD012164	ap	0.611
CD012164	r	0.857
CD012164	loss_e	0.339
CD012164	loss_r	0.02
CD012164	loss_er	0.359
Skipping topic: CD012233
CD012342	num_shown	2353
CD012342	rels_found	6
CD012342	num_rels	6
CD012342	last_rel	2323
CD012342	norm_last_rel	0.987
CD012342	threshold	1884
CD012342	norm_threshold	0.801
CD012342	wss_100	0.013
CD012342	wss_95	-0.037
CD012342	cg_total	6.0
CD012342	cg_max	6.0
CD012342	cg_threshold	4.0
CD012342	recall_threshold	0.667
CD012342	threshold	1884
CD012342	recall@1.0%	0.0
CD012342	recall@2.0%	0.0
CD012342	recall@3.0%	0.0
CD012342	recall@4.0%	0.0
CD012342	recall@5.0%	0.0
CD012342	recall@6.0%	0.167
CD012342	recall@7.0%	0.167
CD012342	recall@8.0%	0.167
CD012342	recall@9.0%	0.167
CD012342	recall@10.0%	0.167
CD012342	recall@11.0%	0.167
CD012342	recall@12.0%	0.167
CD012342	recall@13.0%	0.167
CD012342	recall@14.0%	0.167
CD012342	recall@15.0%	0.167
CD012342	recall@16.0%	0.167
CD012342	recall@17.0%	0.167
CD012342	recall@18.0%	0.167
CD012342	recall@19.0%	0.167
CD012342	recall@20.0%	0.167
CD012342	recall@21.0%	0.167
CD012342	recall@22.0%	0.167
CD012342	recall@23.0%	0.167
CD012342	recall@24.0%	0.167
CD012342	recall@25.0%	0.167
CD012342	recall@26.0%	0.167
CD012342	recall@27.0%	0.167
CD012342	recall@28.0%	0.167
CD012342	recall@29.0%	0.167
CD012342	recall@30.0%	0.167
CD012342	recall@31.0%	0.167
CD012342	recall@32.0%	0.167
CD012342	recall@33.0%	0.167
CD012342	recall@34.0%	0.167
CD012342	recall@35.0%	0.167
CD012342	recall@36.0%	0.167
CD012342	recall@37.0%	0.167
CD012342	recall@38.0%	0.167
CD012342	recall@39.0%	0.167
CD012342	recall@40.0%	0.167
CD012342	recall@41.0%	0.167
CD012342	recall@42.0%	0.333
CD012342	recall@43.0%	0.333
CD012342	recall@44.0%	0.333
CD012342	recall@45.0%	0.333
CD012342	recall@46.0%	0.333
CD012342	recall@47.0%	0.5
CD012342	recall@48.0%	0.5
CD012342	recall@49.0%	0.5
CD012342	recall@50.0%	0.5
CD012342	recall@51.0%	0.5
CD012342	recall@52.0%	0.5
CD012342	recall@53.0%	0.5
CD012342	recall@54.0%	0.5
CD012342	recall@55.0%	0.5
CD012342	recall@56.0%	0.5
CD012342	recall@57.0%	0.5
CD012342	recall@58.0%	0.5
CD012342	recall@59.0%	0.5
CD012342	recall@60.0%	0.5
CD012342	recall@61.0%	0.5
CD012342	recall@62.0%	0.5
CD012342	recall@63.0%	0.5
CD012342	recall@64.0%	0.5
CD012342	recall@65.0%	0.5
CD012342	recall@66.0%	0.5
CD012342	recall@67.0%	0.5
CD012342	recall@68.0%	0.5
CD012342	recall@69.0%	0.667
CD012342	recall@70.0%	0.667
CD012342	recall@71.0%	0.667
CD012342	recall@72.0%	0.667
CD012342	recall@73.0%	0.667
CD012342	recall@74.0%	0.667
CD012342	recall@75.0%	0.667
CD012342	recall@76.0%	0.667
CD012342	recall@77.0%	0.667
CD012342	recall@78.0%	0.667
CD012342	recall@79.0%	0.667
CD012342	recall@80.0%	0.667
CD012342	recall@81.0%	0.667
CD012342	recall@82.0%	0.667
CD012342	recall@83.0%	0.667
CD012342	recall@84.0%	0.667
CD012342	recall@85.0%	0.667
CD012342	recall@86.0%	0.667
CD012342	recall@87.0%	0.667
CD012342	recall@88.0%	0.667
CD012342	recall@89.0%	0.667
CD012342	recall@90.0%	0.667
CD012342	recall@91.0%	0.667
CD012342	recall@92.0%	0.833
CD012342	recall@93.0%	0.833
CD012342	recall@94.0%	0.833
CD012342	recall@95.0%	0.833
CD012342	recall@96.0%	0.833
CD012342	recall@97.0%	0.833
CD012342	recall@98.0%	0.833
CD012342	recall@99.0%	1.0
CD012342	recall@100.0%	1.0
CD012342	total_cost	1884.0
CD012342	norm_area	0.413
CD012342	ap	0.003
CD012342	r	0.667
CD012342	loss_e	0.571
CD012342	loss_r	0.111
CD012342	loss_er	0.682
CD012455	num_shown	1593
CD012455	rels_found	7
CD012455	num_rels	7
CD012455	last_rel	9
CD012455	norm_last_rel	0.006
CD012455	threshold	157
CD012455	norm_threshold	0.099
CD012455	wss_100	0.994
CD012455	wss_95	0.944
CD012455	cg_total	7.0
CD012455	cg_max	7.0
CD012455	cg_threshold	7.0
CD012455	recall_threshold	1.0
CD012455	threshold	157
CD012455	recall@1.0%	1.0
CD012455	recall@2.0%	1.0
CD012455	recall@3.0%	1.0
CD012455	recall@4.0%	1.0
CD012455	recall@5.0%	1.0
CD012455	recall@6.0%	1.0
CD012455	recall@7.0%	1.0
CD012455	recall@8.0%	1.0
CD012455	recall@9.0%	1.0
CD012455	recall@10.0%	1.0
CD012455	recall@11.0%	1.0
CD012455	recall@12.0%	1.0
CD012455	recall@13.0%	1.0
CD012455	recall@14.0%	1.0
CD012455	recall@15.0%	1.0
CD012455	recall@16.0%	1.0
CD012455	recall@17.0%	1.0
CD012455	recall@18.0%	1.0
CD012455	recall@19.0%	1.0
CD012455	recall@20.0%	1.0
CD012455	recall@21.0%	1.0
CD012455	recall@22.0%	1.0
CD012455	recall@23.0%	1.0
CD012455	recall@24.0%	1.0
CD012455	recall@25.0%	1.0
CD012455	recall@26.0%	1.0
CD012455	recall@27.0%	1.0
CD012455	recall@28.0%	1.0
CD012455	recall@29.0%	1.0
CD012455	recall@30.0%	1.0
CD012455	recall@31.0%	1.0
CD012455	recall@32.0%	1.0
CD012455	recall@33.0%	1.0
CD012455	recall@34.0%	1.0
CD012455	recall@35.0%	1.0
CD012455	recall@36.0%	1.0
CD012455	recall@37.0%	1.0
CD012455	recall@38.0%	1.0
CD012455	recall@39.0%	1.0
CD012455	recall@40.0%	1.0
CD012455	recall@41.0%	1.0
CD012455	recall@42.0%	1.0
CD012455	recall@43.0%	1.0
CD012455	recall@44.0%	1.0
CD012455	recall@45.0%	1.0
CD012455	recall@46.0%	1.0
CD012455	recall@47.0%	1.0
CD012455	recall@48.0%	1.0
CD012455	recall@49.0%	1.0
CD012455	recall@50.0%	1.0
CD012455	recall@51.0%	1.0
CD012455	recall@52.0%	1.0
CD012455	recall@53.0%	1.0
CD012455	recall@54.0%	1.0
CD012455	recall@55.0%	1.0
CD012455	recall@56.0%	1.0
CD012455	recall@57.0%	1.0
CD012455	recall@58.0%	1.0
CD012455	recall@59.0%	1.0
CD012455	recall@60.0%	1.0
CD012455	recall@61.0%	1.0
CD012455	recall@62.0%	1.0
CD012455	recall@63.0%	1.0
CD012455	recall@64.0%	1.0
CD012455	recall@65.0%	1.0
CD012455	recall@66.0%	1.0
CD012455	recall@67.0%	1.0
CD012455	recall@68.0%	1.0
CD012455	recall@69.0%	1.0
CD012455	recall@70.0%	1.0
CD012455	recall@71.0%	1.0
CD012455	recall@72.0%	1.0
CD012455	recall@73.0%	1.0
CD012455	recall@74.0%	1.0
CD012455	recall@75.0%	1.0
CD012455	recall@76.0%	1.0
CD012455	recall@77.0%	1.0
CD012455	recall@78.0%	1.0
CD012455	recall@79.0%	1.0
CD012455	recall@80.0%	1.0
CD012455	recall@81.0%	1.0
CD012455	recall@82.0%	1.0
CD012455	recall@83.0%	1.0
CD012455	recall@84.0%	1.0
CD012455	recall@85.0%	1.0
CD012455	recall@86.0%	1.0
CD012455	recall@87.0%	1.0
CD012455	recall@88.0%	1.0
CD012455	recall@89.0%	1.0
CD012455	recall@90.0%	1.0
CD012455	recall@91.0%	1.0
CD012455	recall@92.0%	1.0
CD012455	recall@93.0%	1.0
CD012455	recall@94.0%	1.0
CD012455	recall@95.0%	1.0
CD012455	recall@96.0%	1.0
CD012455	recall@97.0%	1.0
CD012455	recall@98.0%	1.0
CD012455	recall@99.0%	1.0
CD012455	recall@100.0%	1.0
CD012455	total_cost	17.0
CD012455	norm_area	1.0
CD012455	ap	0.968
CD012455	r	1.0
CD012455	loss_e	0.008
CD012455	loss_r	0.0
CD012455	loss_er	0.008
CD012551	num_shown	591
CD012551	rels_found	68
CD012551	num_rels	68
CD012551	last_rel	581
CD012551	norm_last_rel	0.983
CD012551	threshold	219
CD012551	norm_threshold	0.371
CD012551	wss_100	0.017
CD012551	wss_95	0.165
CD012551	cg_total	68.0
CD012551	cg_max	68.0
CD012551	cg_threshold	50.0
CD012551	recall_threshold	0.735
CD012551	threshold	219
CD012551	recall@1.0%	0.088
CD012551	recall@2.0%	0.176
CD012551	recall@3.0%	0.265
CD012551	recall@4.0%	0.294
CD012551	recall@5.0%	0.353
CD012551	recall@6.0%	0.368
CD012551	recall@7.0%	0.382
CD012551	recall@8.0%	0.382
CD012551	recall@9.0%	0.397
CD012551	recall@10.0%	0.412
CD012551	recall@11.0%	0.426
CD012551	recall@12.0%	0.441
CD012551	recall@13.0%	0.485
CD012551	recall@14.0%	0.485
CD012551	recall@15.0%	0.5
CD012551	recall@16.0%	0.5
CD012551	recall@17.0%	0.515
CD012551	recall@18.0%	0.529
CD012551	recall@19.0%	0.544
CD012551	recall@20.0%	0.544
CD012551	recall@21.0%	0.544
CD012551	recall@22.0%	0.574
CD012551	recall@23.0%	0.603
CD012551	recall@24.0%	0.618
CD012551	recall@25.0%	0.632
CD012551	recall@26.0%	0.647
CD012551	recall@27.0%	0.647
CD012551	recall@28.0%	0.647
CD012551	recall@29.0%	0.662
CD012551	recall@30.0%	0.662
CD012551	recall@31.0%	0.662
CD012551	recall@32.0%	0.676
CD012551	recall@33.0%	0.691
CD012551	recall@34.0%	0.706
CD012551	recall@35.0%	0.721
CD012551	recall@36.0%	0.721
CD012551	recall@37.0%	0.735
CD012551	recall@38.0%	0.75
CD012551	recall@39.0%	0.75
CD012551	recall@40.0%	0.75
CD012551	recall@41.0%	0.75
CD012551	recall@42.0%	0.75
CD012551	recall@43.0%	0.75
CD012551	recall@44.0%	0.75
CD012551	recall@45.0%	0.765
CD012551	recall@46.0%	0.765
CD012551	recall@47.0%	0.779
CD012551	recall@48.0%	0.779
CD012551	recall@49.0%	0.794
CD012551	recall@50.0%	0.794
CD012551	recall@51.0%	0.794
CD012551	recall@52.0%	0.794
CD012551	recall@53.0%	0.794
CD012551	recall@54.0%	0.824
CD012551	recall@55.0%	0.838
CD012551	recall@56.0%	0.838
CD012551	recall@57.0%	0.838
CD012551	recall@58.0%	0.853
CD012551	recall@59.0%	0.853
CD012551	recall@60.0%	0.853
CD012551	recall@61.0%	0.853
CD012551	recall@62.0%	0.853
CD012551	recall@63.0%	0.868
CD012551	recall@64.0%	0.868
CD012551	recall@65.0%	0.868
CD012551	recall@66.0%	0.868
CD012551	recall@67.0%	0.882
CD012551	recall@68.0%	0.897
CD012551	recall@69.0%	0.897
CD012551	recall@70.0%	0.912
CD012551	recall@71.0%	0.926
CD012551	recall@72.0%	0.926
CD012551	recall@73.0%	0.926
CD012551	recall@74.0%	0.926
CD012551	recall@75.0%	0.926
CD012551	recall@76.0%	0.926
CD012551	recall@77.0%	0.926
CD012551	recall@78.0%	0.941
CD012551	recall@79.0%	0.956
CD012551	recall@80.0%	0.956
CD012551	recall@81.0%	0.956
CD012551	recall@82.0%	0.956
CD012551	recall@83.0%	0.971
CD012551	recall@84.0%	0.971
CD012551	recall@85.0%	0.971
CD012551	recall@86.0%	0.985
CD012551	recall@87.0%	0.985
CD012551	recall@88.0%	0.985
CD012551	recall@89.0%	0.985
CD012551	recall@90.0%	0.985
CD012551	recall@91.0%	0.985
CD012551	recall@92.0%	0.985
CD012551	recall@93.0%	0.985
CD012551	recall@94.0%	0.985
CD012551	recall@95.0%	0.985
CD012551	recall@96.0%	0.985
CD012551	recall@97.0%	0.985
CD012551	recall@98.0%	0.985
CD012551	recall@99.0%	1.0
CD012551	recall@100.0%	1.0
CD012551	total_cost	-61.0
CD012551	norm_area	0.792
CD012551	ap	0.526
CD012551	r	0.735
CD012551	loss_e	0.049
CD012551	loss_r	0.07
CD012551	loss_er	0.119
Skipping topic: CD012567
Skipping topic: CD012661
Skipping topic: CD012669
Skipping topic: CD012768
ALL	num_shown	41996
ALL	rels_found	937
ALL	num_rels	937
ALL	last_rel	986.0
ALL	norm_last_rel	0.55
ALL	threshold	555.0
ALL	norm_threshold	0.404
ALL	wss_100	0.45
ALL	wss_95	0.535
ALL	cg_total	47.0
ALL	cg_max	47.0
ALL	cg_threshold	37.0
ALL	recall_threshold	0.868
ALL	threshold	555.0
ALL	recall@1.0%	0.186
ALL	recall@2.0%	0.29
ALL	recall@3.0%	0.386
ALL	recall@4.0%	0.444
ALL	recall@5.0%	0.478
ALL	recall@6.0%	0.511
ALL	recall@7.0%	0.53
ALL	recall@8.0%	0.546
ALL	recall@9.0%	0.56
ALL	recall@10.0%	0.576
ALL	recall@11.0%	0.59
ALL	recall@12.0%	0.602
ALL	recall@13.0%	0.621
ALL	recall@14.0%	0.632
ALL	recall@15.0%	0.641
ALL	recall@16.0%	0.647
ALL	recall@17.0%	0.661
ALL	recall@18.0%	0.671
ALL	recall@19.0%	0.679
ALL	recall@20.0%	0.692
ALL	recall@21.0%	0.698
ALL	recall@22.0%	0.712
ALL	recall@23.0%	0.726
ALL	recall@24.0%	0.73
ALL	recall@25.0%	0.737
ALL	recall@26.0%	0.748
ALL	recall@27.0%	0.755
ALL	recall@28.0%	0.764
ALL	recall@29.0%	0.769
ALL	recall@30.0%	0.774
ALL	recall@31.0%	0.781
ALL	recall@32.0%	0.793
ALL	recall@33.0%	0.796
ALL	recall@34.0%	0.799
ALL	recall@35.0%	0.804
ALL	recall@36.0%	0.806
ALL	recall@37.0%	0.812
ALL	recall@38.0%	0.818
ALL	recall@39.0%	0.823
ALL	recall@40.0%	0.827
ALL	recall@41.0%	0.832
ALL	recall@42.0%	0.836
ALL	recall@43.0%	0.842
ALL	recall@44.0%	0.845
ALL	recall@45.0%	0.851
ALL	recall@46.0%	0.853
ALL	recall@47.0%	0.857
ALL	recall@48.0%	0.86
ALL	recall@49.0%	0.869
ALL	recall@50.0%	0.873
ALL	recall@51.0%	0.878
ALL	recall@52.0%	0.879
ALL	recall@53.0%	0.882
ALL	recall@54.0%	0.886
ALL	recall@55.0%	0.89
ALL	recall@56.0%	0.89
ALL	recall@57.0%	0.898
ALL	recall@58.0%	0.9
ALL	recall@59.0%	0.902
ALL	recall@60.0%	0.904
ALL	recall@61.0%	0.905
ALL	recall@62.0%	0.908
ALL	recall@63.0%	0.911
ALL	recall@64.0%	0.914
ALL	recall@65.0%	0.915
ALL	recall@66.0%	0.919
ALL	recall@67.0%	0.921
ALL	recall@68.0%	0.924
ALL	recall@69.0%	0.928
ALL	recall@70.0%	0.932
ALL	recall@71.0%	0.936
ALL	recall@72.0%	0.939
ALL	recall@73.0%	0.942
ALL	recall@74.0%	0.946
ALL	recall@75.0%	0.946
ALL	recall@76.0%	0.949
ALL	recall@77.0%	0.953
ALL	recall@78.0%	0.955
ALL	recall@79.0%	0.957
ALL	recall@80.0%	0.962
ALL	recall@81.0%	0.963
ALL	recall@82.0%	0.965
ALL	recall@83.0%	0.966
ALL	recall@84.0%	0.967
ALL	recall@85.0%	0.968
ALL	recall@86.0%	0.971
ALL	recall@87.0%	0.972
ALL	recall@88.0%	0.973
ALL	recall@89.0%	0.974
ALL	recall@90.0%	0.978
ALL	recall@91.0%	0.979
ALL	recall@92.0%	0.981
ALL	recall@93.0%	0.983
ALL	recall@94.0%	0.986
ALL	recall@95.0%	0.988
ALL	recall@96.0%	0.989
ALL	recall@97.0%	0.993
ALL	recall@98.0%	0.993
ALL	recall@99.0%	0.998
ALL	recall@100.0%	1.0
ALL	total_cost	227.0
ALL	norm_area	0.873
ALL	ap	0.556
ALL	r	0.868
ALL	loss_e	0.151
ALL	loss_r	0.046
ALL	loss_er	0.197
