Skipping topic: CD000996
Skipping topic: CD001261
Skipping topic: CD004414
Skipping topic: CD006468
Skipping topic: CD007867
CD008874	num_shown	2382
CD008874	rels_found	110
CD008874	num_rels	110
CD008874	last_rel	696
CD008874	norm_last_rel	0.292
CD008874	threshold	524
CD008874	norm_threshold	0.22
CD008874	wss_100	0.708
CD008874	wss_95	0.813
CD008874	cg_total	110.0
CD008874	cg_max	110.0
CD008874	cg_threshold	107.0
CD008874	recall_threshold	0.973
CD008874	threshold	524
CD008874	recall@1.0%	0.218
CD008874	recall@2.0%	0.436
CD008874	recall@3.0%	0.582
CD008874	recall@4.0%	0.609
CD008874	recall@5.0%	0.691
CD008874	recall@6.0%	0.755
CD008874	recall@7.0%	0.791
CD008874	recall@8.0%	0.827
CD008874	recall@9.0%	0.845
CD008874	recall@10.0%	0.855
CD008874	recall@11.0%	0.882
CD008874	recall@12.0%	0.918
CD008874	recall@13.0%	0.936
CD008874	recall@14.0%	0.955
CD008874	recall@15.0%	0.955
CD008874	recall@16.0%	0.964
CD008874	recall@17.0%	0.964
CD008874	recall@18.0%	0.964
CD008874	recall@19.0%	0.964
CD008874	recall@20.0%	0.964
CD008874	recall@21.0%	0.973
CD008874	recall@22.0%	0.973
CD008874	recall@23.0%	0.973
CD008874	recall@24.0%	0.973
CD008874	recall@25.0%	0.973
CD008874	recall@26.0%	0.982
CD008874	recall@27.0%	0.982
CD008874	recall@28.0%	0.991
CD008874	recall@29.0%	0.991
CD008874	recall@30.0%	1.0
CD008874	recall@31.0%	1.0
CD008874	recall@32.0%	1.0
CD008874	recall@33.0%	1.0
CD008874	recall@34.0%	1.0
CD008874	recall@35.0%	1.0
CD008874	recall@36.0%	1.0
CD008874	recall@37.0%	1.0
CD008874	recall@38.0%	1.0
CD008874	recall@39.0%	1.0
CD008874	recall@40.0%	1.0
CD008874	recall@41.0%	1.0
CD008874	recall@42.0%	1.0
CD008874	recall@43.0%	1.0
CD008874	recall@44.0%	1.0
CD008874	recall@45.0%	1.0
CD008874	recall@46.0%	1.0
CD008874	recall@47.0%	1.0
CD008874	recall@48.0%	1.0
CD008874	recall@49.0%	1.0
CD008874	recall@50.0%	1.0
CD008874	recall@51.0%	1.0
CD008874	recall@52.0%	1.0
CD008874	recall@53.0%	1.0
CD008874	recall@54.0%	1.0
CD008874	recall@55.0%	1.0
CD008874	recall@56.0%	1.0
CD008874	recall@57.0%	1.0
CD008874	recall@58.0%	1.0
CD008874	recall@59.0%	1.0
CD008874	recall@60.0%	1.0
CD008874	recall@61.0%	1.0
CD008874	recall@62.0%	1.0
CD008874	recall@63.0%	1.0
CD008874	recall@64.0%	1.0
CD008874	recall@65.0%	1.0
CD008874	recall@66.0%	1.0
CD008874	recall@67.0%	1.0
CD008874	recall@68.0%	1.0
CD008874	recall@69.0%	1.0
CD008874	recall@70.0%	1.0
CD008874	recall@71.0%	1.0
CD008874	recall@72.0%	1.0
CD008874	recall@73.0%	1.0
CD008874	recall@74.0%	1.0
CD008874	recall@75.0%	1.0
CD008874	recall@76.0%	1.0
CD008874	recall@77.0%	1.0
CD008874	recall@78.0%	1.0
CD008874	recall@79.0%	1.0
CD008874	recall@80.0%	1.0
CD008874	recall@81.0%	1.0
CD008874	recall@82.0%	1.0
CD008874	recall@83.0%	1.0
CD008874	recall@84.0%	1.0
CD008874	recall@85.0%	1.0
CD008874	recall@86.0%	1.0
CD008874	recall@87.0%	1.0
CD008874	recall@88.0%	1.0
CD008874	recall@89.0%	1.0
CD008874	recall@90.0%	1.0
CD008874	recall@91.0%	1.0
CD008874	recall@92.0%	1.0
CD008874	recall@93.0%	1.0
CD008874	recall@94.0%	1.0
CD008874	recall@95.0%	1.0
CD008874	recall@96.0%	1.0
CD008874	recall@97.0%	1.0
CD008874	recall@98.0%	1.0
CD008874	recall@99.0%	1.0
CD008874	recall@100.0%	1.0
CD008874	total_cost	-1496.0
CD008874	norm_area	0.977
CD008874	ap	0.793
CD008874	r	0.973
CD008874	loss_e	0.011
CD008874	loss_r	0.001
CD008874	loss_er	0.012
CD009044	num_shown	3169
CD009044	rels_found	1
CD009044	num_rels	1
CD009044	last_rel	2543
CD009044	norm_last_rel	0.802
CD009044	threshold	2450
CD009044	norm_threshold	0.773
CD009044	wss_100	0.198
CD009044	wss_95	0.148
CD009044	cg_total	1.0
CD009044	cg_max	1.0
CD009044	cg_threshold	0.0
CD009044	recall_threshold	0.0
CD009044	threshold	2450
CD009044	recall@1.0%	0.0
CD009044	recall@2.0%	0.0
CD009044	recall@3.0%	0.0
CD009044	recall@4.0%	0.0
CD009044	recall@5.0%	0.0
CD009044	recall@6.0%	0.0
CD009044	recall@7.0%	0.0
CD009044	recall@8.0%	0.0
CD009044	recall@9.0%	0.0
CD009044	recall@10.0%	0.0
CD009044	recall@11.0%	0.0
CD009044	recall@12.0%	0.0
CD009044	recall@13.0%	0.0
CD009044	recall@14.0%	0.0
CD009044	recall@15.0%	0.0
CD009044	recall@16.0%	0.0
CD009044	recall@17.0%	0.0
CD009044	recall@18.0%	0.0
CD009044	recall@19.0%	0.0
CD009044	recall@20.0%	0.0
CD009044	recall@21.0%	0.0
CD009044	recall@22.0%	0.0
CD009044	recall@23.0%	0.0
CD009044	recall@24.0%	0.0
CD009044	recall@25.0%	0.0
CD009044	recall@26.0%	0.0
CD009044	recall@27.0%	0.0
CD009044	recall@28.0%	0.0
CD009044	recall@29.0%	0.0
CD009044	recall@30.0%	0.0
CD009044	recall@31.0%	0.0
CD009044	recall@32.0%	0.0
CD009044	recall@33.0%	0.0
CD009044	recall@34.0%	0.0
CD009044	recall@35.0%	0.0
CD009044	recall@36.0%	0.0
CD009044	recall@37.0%	0.0
CD009044	recall@38.0%	0.0
CD009044	recall@39.0%	0.0
CD009044	recall@40.0%	0.0
CD009044	recall@41.0%	0.0
CD009044	recall@42.0%	0.0
CD009044	recall@43.0%	0.0
CD009044	recall@44.0%	0.0
CD009044	recall@45.0%	0.0
CD009044	recall@46.0%	0.0
CD009044	recall@47.0%	0.0
CD009044	recall@48.0%	0.0
CD009044	recall@49.0%	0.0
CD009044	recall@50.0%	0.0
CD009044	recall@51.0%	0.0
CD009044	recall@52.0%	0.0
CD009044	recall@53.0%	0.0
CD009044	recall@54.0%	0.0
CD009044	recall@55.0%	0.0
CD009044	recall@56.0%	0.0
CD009044	recall@57.0%	0.0
CD009044	recall@58.0%	0.0
CD009044	recall@59.0%	0.0
CD009044	recall@60.0%	0.0
CD009044	recall@61.0%	0.0
CD009044	recall@62.0%	0.0
CD009044	recall@63.0%	0.0
CD009044	recall@64.0%	0.0
CD009044	recall@65.0%	0.0
CD009044	recall@66.0%	0.0
CD009044	recall@67.0%	0.0
CD009044	recall@68.0%	0.0
CD009044	recall@69.0%	0.0
CD009044	recall@70.0%	0.0
CD009044	recall@71.0%	0.0
CD009044	recall@72.0%	0.0
CD009044	recall@73.0%	0.0
CD009044	recall@74.0%	0.0
CD009044	recall@75.0%	0.0
CD009044	recall@76.0%	0.0
CD009044	recall@77.0%	0.0
CD009044	recall@78.0%	0.0
CD009044	recall@79.0%	0.0
CD009044	recall@80.0%	0.0
CD009044	recall@81.0%	1.0
CD009044	recall@82.0%	1.0
CD009044	recall@83.0%	1.0
CD009044	recall@84.0%	1.0
CD009044	recall@85.0%	1.0
CD009044	recall@86.0%	1.0
CD009044	recall@87.0%	1.0
CD009044	recall@88.0%	1.0
CD009044	recall@89.0%	1.0
CD009044	recall@90.0%	1.0
CD009044	recall@91.0%	1.0
CD009044	recall@92.0%	1.0
CD009044	recall@93.0%	1.0
CD009044	recall@94.0%	1.0
CD009044	recall@95.0%	1.0
CD009044	recall@96.0%	1.0
CD009044	recall@97.0%	1.0
CD009044	recall@98.0%	1.0
CD009044	recall@99.0%	1.0
CD009044	recall@100.0%	1.0
CD009044	total_cost	2490.0
CD009044	norm_area	0.198
CD009044	ap	0.0
CD009044	r	0.0
CD009044	loss_e	0.586
CD009044	loss_r	1.0
CD009044	loss_er	2.0
Skipping topic: CD009069
Skipping topic: CD009642
Skipping topic: CD010038
Skipping topic: CD010239
Skipping topic: CD010558
Skipping topic: CD010753
Skipping topic: CD011140
Skipping topic: CD011558
Skipping topic: CD011571
CD011686	num_shown	9450
CD011686	rels_found	3
CD011686	num_rels	3
CD011686	last_rel	8223
CD011686	norm_last_rel	0.845
CD011686	threshold	4186
CD011686	norm_threshold	0.43
CD011686	wss_100	0.155
CD011686	wss_95	0.105
CD011686	cg_total	3.0
CD011686	cg_max	3.0
CD011686	cg_threshold	1.0
CD011686	recall_threshold	0.333
CD011686	threshold	4186
CD011686	recall@1.0%	0.0
CD011686	recall@2.0%	0.0
CD011686	recall@3.0%	0.0
CD011686	recall@4.0%	0.0
CD011686	recall@5.0%	0.0
CD011686	recall@6.0%	0.0
CD011686	recall@7.0%	0.0
CD011686	recall@8.0%	0.0
CD011686	recall@9.0%	0.0
CD011686	recall@10.0%	0.0
CD011686	recall@11.0%	0.0
CD011686	recall@12.0%	0.0
CD011686	recall@13.0%	0.0
CD011686	recall@14.0%	0.0
CD011686	recall@15.0%	0.0
CD011686	recall@16.0%	0.0
CD011686	recall@17.0%	0.0
CD011686	recall@18.0%	0.0
CD011686	recall@19.0%	0.0
CD011686	recall@20.0%	0.0
CD011686	recall@21.0%	0.0
CD011686	recall@22.0%	0.333
CD011686	recall@23.0%	0.333
CD011686	recall@24.0%	0.333
CD011686	recall@25.0%	0.333
CD011686	recall@26.0%	0.333
CD011686	recall@27.0%	0.333
CD011686	recall@28.0%	0.333
CD011686	recall@29.0%	0.333
CD011686	recall@30.0%	0.333
CD011686	recall@31.0%	0.333
CD011686	recall@32.0%	0.333
CD011686	recall@33.0%	0.333
CD011686	recall@34.0%	0.333
CD011686	recall@35.0%	0.333
CD011686	recall@36.0%	0.333
CD011686	recall@37.0%	0.333
CD011686	recall@38.0%	0.333
CD011686	recall@39.0%	0.333
CD011686	recall@40.0%	0.333
CD011686	recall@41.0%	0.333
CD011686	recall@42.0%	0.333
CD011686	recall@43.0%	0.333
CD011686	recall@44.0%	0.333
CD011686	recall@45.0%	0.333
CD011686	recall@46.0%	0.333
CD011686	recall@47.0%	0.333
CD011686	recall@48.0%	0.333
CD011686	recall@49.0%	0.333
CD011686	recall@50.0%	0.333
CD011686	recall@51.0%	0.333
CD011686	recall@52.0%	0.333
CD011686	recall@53.0%	0.333
CD011686	recall@54.0%	0.333
CD011686	recall@55.0%	0.333
CD011686	recall@56.0%	0.333
CD011686	recall@57.0%	0.333
CD011686	recall@58.0%	0.333
CD011686	recall@59.0%	0.333
CD011686	recall@60.0%	0.333
CD011686	recall@61.0%	0.333
CD011686	recall@62.0%	0.333
CD011686	recall@63.0%	0.333
CD011686	recall@64.0%	0.333
CD011686	recall@65.0%	0.333
CD011686	recall@66.0%	0.333
CD011686	recall@67.0%	0.333
CD011686	recall@68.0%	0.333
CD011686	recall@69.0%	0.333
CD011686	recall@70.0%	0.333
CD011686	recall@71.0%	0.333
CD011686	recall@72.0%	0.333
CD011686	recall@73.0%	0.333
CD011686	recall@74.0%	0.333
CD011686	recall@75.0%	0.333
CD011686	recall@76.0%	0.667
CD011686	recall@77.0%	0.667
CD011686	recall@78.0%	0.667
CD011686	recall@79.0%	0.667
CD011686	recall@80.0%	0.667
CD011686	recall@81.0%	0.667
CD011686	recall@82.0%	0.667
CD011686	recall@83.0%	0.667
CD011686	recall@84.0%	0.667
CD011686	recall@85.0%	1.0
CD011686	recall@86.0%	1.0
CD011686	recall@87.0%	1.0
CD011686	recall@88.0%	1.0
CD011686	recall@89.0%	1.0
CD011686	recall@90.0%	1.0
CD011686	recall@91.0%	1.0
CD011686	recall@92.0%	1.0
CD011686	recall@93.0%	1.0
CD011686	recall@94.0%	1.0
CD011686	recall@95.0%	1.0
CD011686	recall@96.0%	1.0
CD011686	recall@97.0%	1.0
CD011686	recall@98.0%	1.0
CD011686	recall@99.0%	1.0
CD011686	recall@100.0%	1.0
CD011686	total_cost	4246.0
CD011686	norm_area	0.394
CD011686	ap	0.0
CD011686	r	0.333
CD011686	loss_e	0.174
CD011686	loss_r	0.444
CD011686	loss_er	0.619
Skipping topic: CD011768
Skipping topic: CD011787
Skipping topic: CD011977
Skipping topic: CD012069
CD012080	num_shown	6643
CD012080	rels_found	77
CD012080	num_rels	77
CD012080	last_rel	2714
CD012080	norm_last_rel	0.409
CD012080	threshold	1365
CD012080	norm_threshold	0.205
CD012080	wss_100	0.591
CD012080	wss_95	0.726
CD012080	cg_total	77.0
CD012080	cg_max	77.0
CD012080	cg_threshold	72.0
CD012080	recall_threshold	0.935
CD012080	threshold	1365
CD012080	recall@1.0%	0.61
CD012080	recall@2.0%	0.649
CD012080	recall@3.0%	0.701
CD012080	recall@4.0%	0.727
CD012080	recall@5.0%	0.753
CD012080	recall@6.0%	0.792
CD012080	recall@7.0%	0.818
CD012080	recall@8.0%	0.844
CD012080	recall@9.0%	0.844
CD012080	recall@10.0%	0.87
CD012080	recall@11.0%	0.87
CD012080	recall@12.0%	0.87
CD012080	recall@13.0%	0.909
CD012080	recall@14.0%	0.909
CD012080	recall@15.0%	0.922
CD012080	recall@16.0%	0.922
CD012080	recall@17.0%	0.922
CD012080	recall@18.0%	0.922
CD012080	recall@19.0%	0.922
CD012080	recall@20.0%	0.935
CD012080	recall@21.0%	0.935
CD012080	recall@22.0%	0.935
CD012080	recall@23.0%	0.948
CD012080	recall@24.0%	0.961
CD012080	recall@25.0%	0.961
CD012080	recall@26.0%	0.961
CD012080	recall@27.0%	0.961
CD012080	recall@28.0%	0.961
CD012080	recall@29.0%	0.987
CD012080	recall@30.0%	0.987
CD012080	recall@31.0%	0.987
CD012080	recall@32.0%	0.987
CD012080	recall@33.0%	0.987
CD012080	recall@34.0%	0.987
CD012080	recall@35.0%	0.987
CD012080	recall@36.0%	0.987
CD012080	recall@37.0%	0.987
CD012080	recall@38.0%	0.987
CD012080	recall@39.0%	0.987
CD012080	recall@40.0%	0.987
CD012080	recall@41.0%	1.0
CD012080	recall@42.0%	1.0
CD012080	recall@43.0%	1.0
CD012080	recall@44.0%	1.0
CD012080	recall@45.0%	1.0
CD012080	recall@46.0%	1.0
CD012080	recall@47.0%	1.0
CD012080	recall@48.0%	1.0
CD012080	recall@49.0%	1.0
CD012080	recall@50.0%	1.0
CD012080	recall@51.0%	1.0
CD012080	recall@52.0%	1.0
CD012080	recall@53.0%	1.0
CD012080	recall@54.0%	1.0
CD012080	recall@55.0%	1.0
CD012080	recall@56.0%	1.0
CD012080	recall@57.0%	1.0
CD012080	recall@58.0%	1.0
CD012080	recall@59.0%	1.0
CD012080	recall@60.0%	1.0
CD012080	recall@61.0%	1.0
CD012080	recall@62.0%	1.0
CD012080	recall@63.0%	1.0
CD012080	recall@64.0%	1.0
CD012080	recall@65.0%	1.0
CD012080	recall@66.0%	1.0
CD012080	recall@67.0%	1.0
CD012080	recall@68.0%	1.0
CD012080	recall@69.0%	1.0
CD012080	recall@70.0%	1.0
CD012080	recall@71.0%	1.0
CD012080	recall@72.0%	1.0
CD012080	recall@73.0%	1.0
CD012080	recall@74.0%	1.0
CD012080	recall@75.0%	1.0
CD012080	recall@76.0%	1.0
CD012080	recall@77.0%	1.0
CD012080	recall@78.0%	1.0
CD012080	recall@79.0%	1.0
CD012080	recall@80.0%	1.0
CD012080	recall@81.0%	1.0
CD012080	recall@82.0%	1.0
CD012080	recall@83.0%	1.0
CD012080	recall@84.0%	1.0
CD012080	recall@85.0%	1.0
CD012080	recall@86.0%	1.0
CD012080	recall@87.0%	1.0
CD012080	recall@88.0%	1.0
CD012080	recall@89.0%	1.0
CD012080	recall@90.0%	1.0
CD012080	recall@91.0%	1.0
CD012080	recall@92.0%	1.0
CD012080	recall@93.0%	1.0
CD012080	recall@94.0%	1.0
CD012080	recall@95.0%	1.0
CD012080	recall@96.0%	1.0
CD012080	recall@97.0%	1.0
CD012080	recall@98.0%	1.0
CD012080	recall@99.0%	1.0
CD012080	recall@100.0%	1.0
CD012080	total_cost	125.0
CD012080	norm_area	0.963
CD012080	ap	0.681
CD012080	r	0.935
CD012080	loss_e	0.013
CD012080	loss_r	0.004
CD012080	loss_er	0.018
Skipping topic: CD012164
CD012233	num_shown	472
CD012233	rels_found	9
CD012233	num_rels	9
CD012233	last_rel	254
CD012233	norm_last_rel	0.538
CD012233	threshold	204
CD012233	norm_threshold	0.432
CD012233	wss_100	0.462
CD012233	wss_95	0.412
CD012233	cg_total	9.0
CD012233	cg_max	9.0
CD012233	cg_threshold	8.0
CD012233	recall_threshold	0.889
CD012233	threshold	204
CD012233	recall@1.0%	0.556
CD012233	recall@2.0%	0.778
CD012233	recall@3.0%	0.778
CD012233	recall@4.0%	0.889
CD012233	recall@5.0%	0.889
CD012233	recall@6.0%	0.889
CD012233	recall@7.0%	0.889
CD012233	recall@8.0%	0.889
CD012233	recall@9.0%	0.889
CD012233	recall@10.0%	0.889
CD012233	recall@11.0%	0.889
CD012233	recall@12.0%	0.889
CD012233	recall@13.0%	0.889
CD012233	recall@14.0%	0.889
CD012233	recall@15.0%	0.889
CD012233	recall@16.0%	0.889
CD012233	recall@17.0%	0.889
CD012233	recall@18.0%	0.889
CD012233	recall@19.0%	0.889
CD012233	recall@20.0%	0.889
CD012233	recall@21.0%	0.889
CD012233	recall@22.0%	0.889
CD012233	recall@23.0%	0.889
CD012233	recall@24.0%	0.889
CD012233	recall@25.0%	0.889
CD012233	recall@26.0%	0.889
CD012233	recall@27.0%	0.889
CD012233	recall@28.0%	0.889
CD012233	recall@29.0%	0.889
CD012233	recall@30.0%	0.889
CD012233	recall@31.0%	0.889
CD012233	recall@32.0%	0.889
CD012233	recall@33.0%	0.889
CD012233	recall@34.0%	0.889
CD012233	recall@35.0%	0.889
CD012233	recall@36.0%	0.889
CD012233	recall@37.0%	0.889
CD012233	recall@38.0%	0.889
CD012233	recall@39.0%	0.889
CD012233	recall@40.0%	0.889
CD012233	recall@41.0%	0.889
CD012233	recall@42.0%	0.889
CD012233	recall@43.0%	0.889
CD012233	recall@44.0%	0.889
CD012233	recall@45.0%	0.889
CD012233	recall@46.0%	0.889
CD012233	recall@47.0%	0.889
CD012233	recall@48.0%	0.889
CD012233	recall@49.0%	0.889
CD012233	recall@50.0%	0.889
CD012233	recall@51.0%	0.889
CD012233	recall@52.0%	0.889
CD012233	recall@53.0%	0.889
CD012233	recall@54.0%	1.0
CD012233	recall@55.0%	1.0
CD012233	recall@56.0%	1.0
CD012233	recall@57.0%	1.0
CD012233	recall@58.0%	1.0
CD012233	recall@59.0%	1.0
CD012233	recall@60.0%	1.0
CD012233	recall@61.0%	1.0
CD012233	recall@62.0%	1.0
CD012233	recall@63.0%	1.0
CD012233	recall@64.0%	1.0
CD012233	recall@65.0%	1.0
CD012233	recall@66.0%	1.0
CD012233	recall@67.0%	1.0
CD012233	recall@68.0%	1.0
CD012233	recall@69.0%	1.0
CD012233	recall@70.0%	1.0
CD012233	recall@71.0%	1.0
CD012233	recall@72.0%	1.0
CD012233	recall@73.0%	1.0
CD012233	recall@74.0%	1.0
CD012233	recall@75.0%	1.0
CD012233	recall@76.0%	1.0
CD012233	recall@77.0%	1.0
CD012233	recall@78.0%	1.0
CD012233	recall@79.0%	1.0
CD012233	recall@80.0%	1.0
CD012233	recall@81.0%	1.0
CD012233	recall@82.0%	1.0
CD012233	recall@83.0%	1.0
CD012233	recall@84.0%	1.0
CD012233	recall@85.0%	1.0
CD012233	recall@86.0%	1.0
CD012233	recall@87.0%	1.0
CD012233	recall@88.0%	1.0
CD012233	recall@89.0%	1.0
CD012233	recall@90.0%	1.0
CD012233	recall@91.0%	1.0
CD012233	recall@92.0%	1.0
CD012233	recall@93.0%	1.0
CD012233	recall@94.0%	1.0
CD012233	recall@95.0%	1.0
CD012233	recall@96.0%	1.0
CD012233	recall@97.0%	1.0
CD012233	recall@98.0%	1.0
CD012233	recall@99.0%	1.0
CD012233	recall@100.0%	1.0
CD012233	total_cost	84.0
CD012233	norm_area	0.939
CD012233	ap	0.831
CD012233	r	0.889
CD012233	loss_e	0.157
CD012233	loss_r	0.012
CD012233	loss_er	0.17
Skipping topic: CD012342
Skipping topic: CD012455
Skipping topic: CD012551
CD012567	num_shown	6735
CD012567	rels_found	4
CD012567	num_rels	4
CD012567	last_rel	2149
CD012567	norm_last_rel	0.319
CD012567	threshold	3633
CD012567	norm_threshold	0.539
CD012567	wss_100	0.681
CD012567	wss_95	0.631
CD012567	cg_total	4.0
CD012567	cg_max	4.0
CD012567	cg_threshold	4.0
CD012567	recall_threshold	1.0
CD012567	threshold	3633
CD012567	recall@1.0%	0.5
CD012567	recall@2.0%	0.5
CD012567	recall@3.0%	0.5
CD012567	recall@4.0%	0.5
CD012567	recall@5.0%	0.5
CD012567	recall@6.0%	0.5
CD012567	recall@7.0%	0.5
CD012567	recall@8.0%	0.5
CD012567	recall@9.0%	0.5
CD012567	recall@10.0%	0.5
CD012567	recall@11.0%	0.5
CD012567	recall@12.0%	0.5
CD012567	recall@13.0%	0.5
CD012567	recall@14.0%	0.5
CD012567	recall@15.0%	0.5
CD012567	recall@16.0%	0.5
CD012567	recall@17.0%	0.5
CD012567	recall@18.0%	0.5
CD012567	recall@19.0%	0.5
CD012567	recall@20.0%	0.5
CD012567	recall@21.0%	0.5
CD012567	recall@22.0%	0.5
CD012567	recall@23.0%	0.5
CD012567	recall@24.0%	0.5
CD012567	recall@25.0%	0.75
CD012567	recall@26.0%	0.75
CD012567	recall@27.0%	0.75
CD012567	recall@28.0%	0.75
CD012567	recall@29.0%	0.75
CD012567	recall@30.0%	0.75
CD012567	recall@31.0%	0.75
CD012567	recall@32.0%	1.0
CD012567	recall@33.0%	1.0
CD012567	recall@34.0%	1.0
CD012567	recall@35.0%	1.0
CD012567	recall@36.0%	1.0
CD012567	recall@37.0%	1.0
CD012567	recall@38.0%	1.0
CD012567	recall@39.0%	1.0
CD012567	recall@40.0%	1.0
CD012567	recall@41.0%	1.0
CD012567	recall@42.0%	1.0
CD012567	recall@43.0%	1.0
CD012567	recall@44.0%	1.0
CD012567	recall@45.0%	1.0
CD012567	recall@46.0%	1.0
CD012567	recall@47.0%	1.0
CD012567	recall@48.0%	1.0
CD012567	recall@49.0%	1.0
CD012567	recall@50.0%	1.0
CD012567	recall@51.0%	1.0
CD012567	recall@52.0%	1.0
CD012567	recall@53.0%	1.0
CD012567	recall@54.0%	1.0
CD012567	recall@55.0%	1.0
CD012567	recall@56.0%	1.0
CD012567	recall@57.0%	1.0
CD012567	recall@58.0%	1.0
CD012567	recall@59.0%	1.0
CD012567	recall@60.0%	1.0
CD012567	recall@61.0%	1.0
CD012567	recall@62.0%	1.0
CD012567	recall@63.0%	1.0
CD012567	recall@64.0%	1.0
CD012567	recall@65.0%	1.0
CD012567	recall@66.0%	1.0
CD012567	recall@67.0%	1.0
CD012567	recall@68.0%	1.0
CD012567	recall@69.0%	1.0
CD012567	recall@70.0%	1.0
CD012567	recall@71.0%	1.0
CD012567	recall@72.0%	1.0
CD012567	recall@73.0%	1.0
CD012567	recall@74.0%	1.0
CD012567	recall@75.0%	1.0
CD012567	recall@76.0%	1.0
CD012567	recall@77.0%	1.0
CD012567	recall@78.0%	1.0
CD012567	recall@79.0%	1.0
CD012567	recall@80.0%	1.0
CD012567	recall@81.0%	1.0
CD012567	recall@82.0%	1.0
CD012567	recall@83.0%	1.0
CD012567	recall@84.0%	1.0
CD012567	recall@85.0%	1.0
CD012567	recall@86.0%	1.0
CD012567	recall@87.0%	1.0
CD012567	recall@88.0%	1.0
CD012567	recall@89.0%	1.0
CD012567	recall@90.0%	1.0
CD012567	recall@91.0%	1.0
CD012567	recall@92.0%	1.0
CD012567	recall@93.0%	1.0
CD012567	recall@94.0%	1.0
CD012567	recall@95.0%	1.0
CD012567	recall@96.0%	1.0
CD012567	recall@97.0%	1.0
CD012567	recall@98.0%	1.0
CD012567	recall@99.0%	1.0
CD012567	recall@100.0%	1.0
CD012567	total_cost	3553.0
CD012567	norm_area	0.859
CD012567	ap	0.501
CD012567	r	1.0
CD012567	loss_e	0.269
CD012567	loss_r	0.0
CD012567	loss_er	0.269
Skipping topic: CD012661
CD012669	num_shown	1260
CD012669	rels_found	24
CD012669	num_rels	24
CD012669	last_rel	391
CD012669	norm_last_rel	0.31
CD012669	threshold	421
CD012669	norm_threshold	0.334
CD012669	wss_100	0.69
CD012669	wss_95	0.748
CD012669	cg_total	24.0
CD012669	cg_max	24.0
CD012669	cg_threshold	24.0
CD012669	recall_threshold	1.0
CD012669	threshold	421
CD012669	recall@1.0%	0.542
CD012669	recall@2.0%	0.583
CD012669	recall@3.0%	0.583
CD012669	recall@4.0%	0.583
CD012669	recall@5.0%	0.583
CD012669	recall@6.0%	0.583
CD012669	recall@7.0%	0.583
CD012669	recall@8.0%	0.583
CD012669	recall@9.0%	0.583
CD012669	recall@10.0%	0.625
CD012669	recall@11.0%	0.625
CD012669	recall@12.0%	0.625
CD012669	recall@13.0%	0.708
CD012669	recall@14.0%	0.792
CD012669	recall@15.0%	0.875
CD012669	recall@16.0%	0.917
CD012669	recall@17.0%	0.917
CD012669	recall@18.0%	0.917
CD012669	recall@19.0%	0.917
CD012669	recall@20.0%	0.917
CD012669	recall@21.0%	0.958
CD012669	recall@22.0%	0.958
CD012669	recall@23.0%	0.958
CD012669	recall@24.0%	0.958
CD012669	recall@25.0%	0.958
CD012669	recall@26.0%	0.958
CD012669	recall@27.0%	0.958
CD012669	recall@28.0%	0.958
CD012669	recall@29.0%	0.958
CD012669	recall@30.0%	0.958
CD012669	recall@31.0%	1.0
CD012669	recall@32.0%	1.0
CD012669	recall@33.0%	1.0
CD012669	recall@34.0%	1.0
CD012669	recall@35.0%	1.0
CD012669	recall@36.0%	1.0
CD012669	recall@37.0%	1.0
CD012669	recall@38.0%	1.0
CD012669	recall@39.0%	1.0
CD012669	recall@40.0%	1.0
CD012669	recall@41.0%	1.0
CD012669	recall@42.0%	1.0
CD012669	recall@43.0%	1.0
CD012669	recall@44.0%	1.0
CD012669	recall@45.0%	1.0
CD012669	recall@46.0%	1.0
CD012669	recall@47.0%	1.0
CD012669	recall@48.0%	1.0
CD012669	recall@49.0%	1.0
CD012669	recall@50.0%	1.0
CD012669	recall@51.0%	1.0
CD012669	recall@52.0%	1.0
CD012669	recall@53.0%	1.0
CD012669	recall@54.0%	1.0
CD012669	recall@55.0%	1.0
CD012669	recall@56.0%	1.0
CD012669	recall@57.0%	1.0
CD012669	recall@58.0%	1.0
CD012669	recall@59.0%	1.0
CD012669	recall@60.0%	1.0
CD012669	recall@61.0%	1.0
CD012669	recall@62.0%	1.0
CD012669	recall@63.0%	1.0
CD012669	recall@64.0%	1.0
CD012669	recall@65.0%	1.0
CD012669	recall@66.0%	1.0
CD012669	recall@67.0%	1.0
CD012669	recall@68.0%	1.0
CD012669	recall@69.0%	1.0
CD012669	recall@70.0%	1.0
CD012669	recall@71.0%	1.0
CD012669	recall@72.0%	1.0
CD012669	recall@73.0%	1.0
CD012669	recall@74.0%	1.0
CD012669	recall@75.0%	1.0
CD012669	recall@76.0%	1.0
CD012669	recall@77.0%	1.0
CD012669	recall@78.0%	1.0
CD012669	recall@79.0%	1.0
CD012669	recall@80.0%	1.0
CD012669	recall@81.0%	1.0
CD012669	recall@82.0%	1.0
CD012669	recall@83.0%	1.0
CD012669	recall@84.0%	1.0
CD012669	recall@85.0%	1.0
CD012669	recall@86.0%	1.0
CD012669	recall@87.0%	1.0
CD012669	recall@88.0%	1.0
CD012669	recall@89.0%	1.0
CD012669	recall@90.0%	1.0
CD012669	recall@91.0%	1.0
CD012669	recall@92.0%	1.0
CD012669	recall@93.0%	1.0
CD012669	recall@94.0%	1.0
CD012669	recall@95.0%	1.0
CD012669	recall@96.0%	1.0
CD012669	recall@97.0%	1.0
CD012669	recall@98.0%	1.0
CD012669	recall@99.0%	1.0
CD012669	recall@100.0%	1.0
CD012669	total_cost	-59.0
CD012669	norm_area	0.941
CD012669	ap	0.627
CD012669	r	1.0
CD012669	loss_e	0.073
CD012669	loss_r	0.0
CD012669	loss_er	0.073
CD012768	num_shown	131
CD012768	rels_found	22
CD012768	num_rels	22
CD012768	last_rel	131
CD012768	norm_last_rel	1.0
CD012768	threshold	86
CD012768	norm_threshold	0.656
CD012768	wss_100	0.0
CD012768	wss_95	0.08
CD012768	cg_total	22.0
CD012768	cg_max	22.0
CD012768	cg_threshold	19.0
CD012768	recall_threshold	0.864
CD012768	threshold	86
CD012768	recall@1.0%	0.045
CD012768	recall@2.0%	0.136
CD012768	recall@3.0%	0.182
CD012768	recall@4.0%	0.227
CD012768	recall@5.0%	0.318
CD012768	recall@6.0%	0.364
CD012768	recall@7.0%	0.409
CD012768	recall@8.0%	0.455
CD012768	recall@9.0%	0.545
CD012768	recall@10.0%	0.591
CD012768	recall@11.0%	0.636
CD012768	recall@12.0%	0.636
CD012768	recall@13.0%	0.636
CD012768	recall@14.0%	0.636
CD012768	recall@15.0%	0.636
CD012768	recall@16.0%	0.636
CD012768	recall@17.0%	0.636
CD012768	recall@18.0%	0.636
CD012768	recall@19.0%	0.636
CD012768	recall@20.0%	0.636
CD012768	recall@21.0%	0.636
CD012768	recall@22.0%	0.636
CD012768	recall@23.0%	0.682
CD012768	recall@24.0%	0.682
CD012768	recall@25.0%	0.682
CD012768	recall@26.0%	0.682
CD012768	recall@27.0%	0.682
CD012768	recall@28.0%	0.682
CD012768	recall@29.0%	0.682
CD012768	recall@30.0%	0.682
CD012768	recall@31.0%	0.682
CD012768	recall@32.0%	0.682
CD012768	recall@33.0%	0.682
CD012768	recall@34.0%	0.682
CD012768	recall@35.0%	0.682
CD012768	recall@36.0%	0.682
CD012768	recall@37.0%	0.682
CD012768	recall@38.0%	0.682
CD012768	recall@39.0%	0.727
CD012768	recall@40.0%	0.727
CD012768	recall@41.0%	0.727
CD012768	recall@42.0%	0.727
CD012768	recall@43.0%	0.727
CD012768	recall@44.0%	0.727
CD012768	recall@45.0%	0.727
CD012768	recall@46.0%	0.727
CD012768	recall@47.0%	0.727
CD012768	recall@48.0%	0.727
CD012768	recall@49.0%	0.727
CD012768	recall@50.0%	0.727
CD012768	recall@51.0%	0.727
CD012768	recall@52.0%	0.727
CD012768	recall@53.0%	0.727
CD012768	recall@54.0%	0.727
CD012768	recall@55.0%	0.727
CD012768	recall@56.0%	0.727
CD012768	recall@57.0%	0.727
CD012768	recall@58.0%	0.773
CD012768	recall@59.0%	0.773
CD012768	recall@60.0%	0.818
CD012768	recall@61.0%	0.818
CD012768	recall@62.0%	0.864
CD012768	recall@63.0%	0.864
CD012768	recall@64.0%	0.864
CD012768	recall@65.0%	0.864
CD012768	recall@66.0%	0.864
CD012768	recall@67.0%	0.864
CD012768	recall@68.0%	0.909
CD012768	recall@69.0%	0.909
CD012768	recall@70.0%	0.909
CD012768	recall@71.0%	0.909
CD012768	recall@72.0%	0.909
CD012768	recall@73.0%	0.909
CD012768	recall@74.0%	0.909
CD012768	recall@75.0%	0.909
CD012768	recall@76.0%	0.909
CD012768	recall@77.0%	0.909
CD012768	recall@78.0%	0.909
CD012768	recall@79.0%	0.909
CD012768	recall@80.0%	0.909
CD012768	recall@81.0%	0.909
CD012768	recall@82.0%	0.909
CD012768	recall@83.0%	0.909
CD012768	recall@84.0%	0.909
CD012768	recall@85.0%	0.909
CD012768	recall@86.0%	0.909
CD012768	recall@87.0%	0.955
CD012768	recall@88.0%	0.955
CD012768	recall@89.0%	0.955
CD012768	recall@90.0%	0.955
CD012768	recall@91.0%	0.955
CD012768	recall@92.0%	0.955
CD012768	recall@93.0%	0.955
CD012768	recall@94.0%	0.955
CD012768	recall@95.0%	0.955
CD012768	recall@96.0%	0.955
CD012768	recall@97.0%	0.955
CD012768	recall@98.0%	0.955
CD012768	recall@99.0%	0.955
CD012768	recall@100.0%	1.0
CD012768	total_cost	-174.0
CD012768	norm_area	0.81
CD012768	ap	0.731
CD012768	r	0.864
CD012768	loss_e	0.29
CD012768	loss_r	0.019
CD012768	loss_er	0.308
ALL	num_shown	30242
ALL	rels_found	250
ALL	num_rels	250
ALL	last_rel	2138.0
ALL	norm_last_rel	0.564
ALL	threshold	1609.0
ALL	norm_threshold	0.449
ALL	wss_100	0.436
ALL	wss_95	0.458
ALL	cg_total	31.0
ALL	cg_max	31.0
ALL	cg_threshold	29.0
ALL	recall_threshold	0.749
ALL	threshold	1609.0
ALL	recall@1.0%	0.368
ALL	recall@2.0%	0.496
ALL	recall@3.0%	0.58
ALL	recall@4.0%	0.608
ALL	recall@5.0%	0.66
ALL	recall@6.0%	0.704
ALL	recall@7.0%	0.732
ALL	recall@8.0%	0.76
ALL	recall@9.0%	0.776
ALL	recall@10.0%	0.796
ALL	recall@11.0%	0.812
ALL	recall@12.0%	0.828
ALL	recall@13.0%	0.856
ALL	recall@14.0%	0.872
ALL	recall@15.0%	0.884
ALL	recall@16.0%	0.892
ALL	recall@17.0%	0.892
ALL	recall@18.0%	0.892
ALL	recall@19.0%	0.892
ALL	recall@20.0%	0.896
ALL	recall@21.0%	0.904
ALL	recall@22.0%	0.908
ALL	recall@23.0%	0.916
ALL	recall@24.0%	0.92
ALL	recall@25.0%	0.924
ALL	recall@26.0%	0.928
ALL	recall@27.0%	0.928
ALL	recall@28.0%	0.932
ALL	recall@29.0%	0.94
ALL	recall@30.0%	0.944
ALL	recall@31.0%	0.948
ALL	recall@32.0%	0.952
ALL	recall@33.0%	0.952
ALL	recall@34.0%	0.952
ALL	recall@35.0%	0.952
ALL	recall@36.0%	0.952
ALL	recall@37.0%	0.952
ALL	recall@38.0%	0.952
ALL	recall@39.0%	0.956
ALL	recall@40.0%	0.956
ALL	recall@41.0%	0.96
ALL	recall@42.0%	0.96
ALL	recall@43.0%	0.96
ALL	recall@44.0%	0.96
ALL	recall@45.0%	0.96
ALL	recall@46.0%	0.96
ALL	recall@47.0%	0.96
ALL	recall@48.0%	0.96
ALL	recall@49.0%	0.96
ALL	recall@50.0%	0.96
ALL	recall@51.0%	0.96
ALL	recall@52.0%	0.96
ALL	recall@53.0%	0.96
ALL	recall@54.0%	0.964
ALL	recall@55.0%	0.964
ALL	recall@56.0%	0.964
ALL	recall@57.0%	0.964
ALL	recall@58.0%	0.968
ALL	recall@59.0%	0.968
ALL	recall@60.0%	0.972
ALL	recall@61.0%	0.972
ALL	recall@62.0%	0.976
ALL	recall@63.0%	0.976
ALL	recall@64.0%	0.976
ALL	recall@65.0%	0.976
ALL	recall@66.0%	0.976
ALL	recall@67.0%	0.976
ALL	recall@68.0%	0.98
ALL	recall@69.0%	0.98
ALL	recall@70.0%	0.98
ALL	recall@71.0%	0.98
ALL	recall@72.0%	0.98
ALL	recall@73.0%	0.98
ALL	recall@74.0%	0.98
ALL	recall@75.0%	0.98
ALL	recall@76.0%	0.984
ALL	recall@77.0%	0.984
ALL	recall@78.0%	0.984
ALL	recall@79.0%	0.984
ALL	recall@80.0%	0.984
ALL	recall@81.0%	0.988
ALL	recall@82.0%	0.988
ALL	recall@83.0%	0.988
ALL	recall@84.0%	0.988
ALL	recall@85.0%	0.992
ALL	recall@86.0%	0.992
ALL	recall@87.0%	0.996
ALL	recall@88.0%	0.996
ALL	recall@89.0%	0.996
ALL	recall@90.0%	0.996
ALL	recall@91.0%	0.996
ALL	recall@92.0%	0.996
ALL	recall@93.0%	0.996
ALL	recall@94.0%	0.996
ALL	recall@95.0%	0.996
ALL	recall@96.0%	0.996
ALL	recall@97.0%	0.996
ALL	recall@98.0%	0.996
ALL	recall@99.0%	0.996
ALL	recall@100.0%	1.0
ALL	total_cost	1096.0
ALL	norm_area	0.76
ALL	ap	0.521
ALL	r	0.749
ALL	loss_e	0.197
ALL	loss_r	0.185
ALL	loss_er	0.382
