Skipping topic: CD000996
Skipping topic: CD001261
Skipping topic: CD004414
Skipping topic: CD006468
Skipping topic: CD007867
CD008874 Duplicate 21346165
CD008874 Duplicate 16829671
CD008874 Duplicate 23595703
CD008874 Duplicate 25900232
CD008874 Duplicate 1734783
CD008874 Duplicate 21792006
CD008874 Duplicate 11493491
CD008874 Duplicate 18931245
CD008874 Duplicate 23147447
CD008874 Duplicate 22770760
CD008874 Duplicate 20072692
CD008874 Duplicate 2888993
CD008874 Duplicate 2271208
CD008874 Duplicate 15310373
CD008874 Duplicate 10764179
CD008874 Duplicate 12707162
CD008874 Duplicate 7941947
CD008874 Duplicate 20661197
CD008874 Duplicate 26571181
CD008874 Duplicate 22374390
CD008874 Duplicate 16409355
CD008874 Duplicate 17448065
CD008874 Duplicate 17164541
CD008874 Duplicate 1628234
CD008874 Duplicate 9389861
CD008874 Duplicate 10787269
CD008874	num_shown	2382
CD008874	rels_found	110
CD008874	num_rels	110
CD008874	last_rel	1694
CD008874	norm_last_rel	0.711
CD008874	threshold	1107
CD008874	norm_threshold	0.465
CD008874	wss_100	0.289
CD008874	wss_95	0.805
CD008874	cg_total	110.0
CD008874	cg_max	110.0
CD008874	cg_threshold	108.0
CD008874	recall_threshold	0.982
CD008874	threshold	1107
CD008874	recall@1.0%	0.109
CD008874	recall@2.0%	0.236
CD008874	recall@3.0%	0.391
CD008874	recall@4.0%	0.5
CD008874	recall@5.0%	0.591
CD008874	recall@6.0%	0.664
CD008874	recall@7.0%	0.745
CD008874	recall@8.0%	0.773
CD008874	recall@9.0%	0.782
CD008874	recall@10.0%	0.8
CD008874	recall@11.0%	0.855
CD008874	recall@12.0%	0.873
CD008874	recall@13.0%	0.9
CD008874	recall@14.0%	0.918
CD008874	recall@15.0%	0.955
CD008874	recall@16.0%	0.955
CD008874	recall@17.0%	0.964
CD008874	recall@18.0%	0.973
CD008874	recall@19.0%	0.973
CD008874	recall@20.0%	0.973
CD008874	recall@21.0%	0.973
CD008874	recall@22.0%	0.982
CD008874	recall@23.0%	0.982
CD008874	recall@24.0%	0.982
CD008874	recall@25.0%	0.982
CD008874	recall@26.0%	0.982
CD008874	recall@27.0%	0.982
CD008874	recall@28.0%	0.982
CD008874	recall@29.0%	0.982
CD008874	recall@30.0%	0.982
CD008874	recall@31.0%	0.982
CD008874	recall@32.0%	0.982
CD008874	recall@33.0%	0.982
CD008874	recall@34.0%	0.982
CD008874	recall@35.0%	0.982
CD008874	recall@36.0%	0.982
CD008874	recall@37.0%	0.982
CD008874	recall@38.0%	0.982
CD008874	recall@39.0%	0.982
CD008874	recall@40.0%	0.982
CD008874	recall@41.0%	0.982
CD008874	recall@42.0%	0.982
CD008874	recall@43.0%	0.982
CD008874	recall@44.0%	0.982
CD008874	recall@45.0%	0.982
CD008874	recall@46.0%	0.982
CD008874	recall@47.0%	0.982
CD008874	recall@48.0%	0.982
CD008874	recall@49.0%	0.982
CD008874	recall@50.0%	0.991
CD008874	recall@51.0%	0.991
CD008874	recall@52.0%	0.991
CD008874	recall@53.0%	0.991
CD008874	recall@54.0%	0.991
CD008874	recall@55.0%	0.991
CD008874	recall@56.0%	0.991
CD008874	recall@57.0%	0.991
CD008874	recall@58.0%	0.991
CD008874	recall@59.0%	0.991
CD008874	recall@60.0%	0.991
CD008874	recall@61.0%	0.991
CD008874	recall@62.0%	0.991
CD008874	recall@63.0%	0.991
CD008874	recall@64.0%	0.991
CD008874	recall@65.0%	0.991
CD008874	recall@66.0%	0.991
CD008874	recall@67.0%	0.991
CD008874	recall@68.0%	0.991
CD008874	recall@69.0%	0.991
CD008874	recall@70.0%	0.991
CD008874	recall@71.0%	0.991
CD008874	recall@72.0%	1.0
CD008874	recall@73.0%	1.0
CD008874	recall@74.0%	1.0
CD008874	recall@75.0%	1.0
CD008874	recall@76.0%	1.0
CD008874	recall@77.0%	1.0
CD008874	recall@78.0%	1.0
CD008874	recall@79.0%	1.0
CD008874	recall@80.0%	1.0
CD008874	recall@81.0%	1.0
CD008874	recall@82.0%	1.0
CD008874	recall@83.0%	1.0
CD008874	recall@84.0%	1.0
CD008874	recall@85.0%	1.0
CD008874	recall@86.0%	1.0
CD008874	recall@87.0%	1.0
CD008874	recall@88.0%	1.0
CD008874	recall@89.0%	1.0
CD008874	recall@90.0%	1.0
CD008874	recall@91.0%	1.0
CD008874	recall@92.0%	1.0
CD008874	recall@93.0%	1.0
CD008874	recall@94.0%	1.0
CD008874	recall@95.0%	1.0
CD008874	recall@96.0%	1.0
CD008874	recall@97.0%	1.0
CD008874	recall@98.0%	1.0
CD008874	recall@99.0%	1.0
CD008874	recall@100.0%	1.0
CD008874	total_cost	-973.0
CD008874	norm_area	0.959
CD008874	ap	0.495
CD008874	r	0.982
CD008874	loss_e	0.049
CD008874	loss_r	0.0
CD008874	loss_er	0.049
CD009044 Duplicate 26306707
CD009044 Duplicate 24731073
CD009044 Duplicate 25211371
CD009044 Duplicate 26456972
CD009044 Duplicate 25844317
CD009044 Duplicate 24231169
CD009044 Duplicate 20824493
CD009044 Duplicate 24690944
CD009044 Duplicate 22893535
CD009044 Duplicate 22686870
CD009044 Duplicate 23547019
CD009044 Duplicate 25008216
CD009044 Duplicate 25110506
CD009044 Duplicate 24369683
CD009044 Duplicate 24011743
CD009044 Duplicate 24857014
CD009044 Duplicate 23118257
CD009044 Duplicate 24104514
CD009044 Duplicate 26085230
CD009044 Duplicate 25428403
CD009044 Duplicate 20605639
CD009044 Duplicate 24450318
CD009044 Duplicate 20809377
CD009044 Duplicate 23464608
CD009044 Duplicate 23110806
CD009044 Duplicate 25176439
CD009044 Duplicate 24687688
CD009044 Duplicate 23146332
CD009044 Duplicate 22294525
CD009044 Duplicate 20300816
CD009044	num_shown	3169
CD009044	rels_found	1
CD009044	num_rels	1
CD009044	last_rel	36
CD009044	norm_last_rel	0.011
CD009044	threshold	1475
CD009044	norm_threshold	0.465
CD009044	wss_100	0.989
CD009044	wss_95	0.939
CD009044	cg_total	1.0
CD009044	cg_max	1.0
CD009044	cg_threshold	1.0
CD009044	recall_threshold	1.0
CD009044	threshold	1475
CD009044	recall@1.0%	0.0
CD009044	recall@2.0%	1.0
CD009044	recall@3.0%	1.0
CD009044	recall@4.0%	1.0
CD009044	recall@5.0%	1.0
CD009044	recall@6.0%	1.0
CD009044	recall@7.0%	1.0
CD009044	recall@8.0%	1.0
CD009044	recall@9.0%	1.0
CD009044	recall@10.0%	1.0
CD009044	recall@11.0%	1.0
CD009044	recall@12.0%	1.0
CD009044	recall@13.0%	1.0
CD009044	recall@14.0%	1.0
CD009044	recall@15.0%	1.0
CD009044	recall@16.0%	1.0
CD009044	recall@17.0%	1.0
CD009044	recall@18.0%	1.0
CD009044	recall@19.0%	1.0
CD009044	recall@20.0%	1.0
CD009044	recall@21.0%	1.0
CD009044	recall@22.0%	1.0
CD009044	recall@23.0%	1.0
CD009044	recall@24.0%	1.0
CD009044	recall@25.0%	1.0
CD009044	recall@26.0%	1.0
CD009044	recall@27.0%	1.0
CD009044	recall@28.0%	1.0
CD009044	recall@29.0%	1.0
CD009044	recall@30.0%	1.0
CD009044	recall@31.0%	1.0
CD009044	recall@32.0%	1.0
CD009044	recall@33.0%	1.0
CD009044	recall@34.0%	1.0
CD009044	recall@35.0%	1.0
CD009044	recall@36.0%	1.0
CD009044	recall@37.0%	1.0
CD009044	recall@38.0%	1.0
CD009044	recall@39.0%	1.0
CD009044	recall@40.0%	1.0
CD009044	recall@41.0%	1.0
CD009044	recall@42.0%	1.0
CD009044	recall@43.0%	1.0
CD009044	recall@44.0%	1.0
CD009044	recall@45.0%	1.0
CD009044	recall@46.0%	1.0
CD009044	recall@47.0%	1.0
CD009044	recall@48.0%	1.0
CD009044	recall@49.0%	1.0
CD009044	recall@50.0%	1.0
CD009044	recall@51.0%	1.0
CD009044	recall@52.0%	1.0
CD009044	recall@53.0%	1.0
CD009044	recall@54.0%	1.0
CD009044	recall@55.0%	1.0
CD009044	recall@56.0%	1.0
CD009044	recall@57.0%	1.0
CD009044	recall@58.0%	1.0
CD009044	recall@59.0%	1.0
CD009044	recall@60.0%	1.0
CD009044	recall@61.0%	1.0
CD009044	recall@62.0%	1.0
CD009044	recall@63.0%	1.0
CD009044	recall@64.0%	1.0
CD009044	recall@65.0%	1.0
CD009044	recall@66.0%	1.0
CD009044	recall@67.0%	1.0
CD009044	recall@68.0%	1.0
CD009044	recall@69.0%	1.0
CD009044	recall@70.0%	1.0
CD009044	recall@71.0%	1.0
CD009044	recall@72.0%	1.0
CD009044	recall@73.0%	1.0
CD009044	recall@74.0%	1.0
CD009044	recall@75.0%	1.0
CD009044	recall@76.0%	1.0
CD009044	recall@77.0%	1.0
CD009044	recall@78.0%	1.0
CD009044	recall@79.0%	1.0
CD009044	recall@80.0%	1.0
CD009044	recall@81.0%	1.0
CD009044	recall@82.0%	1.0
CD009044	recall@83.0%	1.0
CD009044	recall@84.0%	1.0
CD009044	recall@85.0%	1.0
CD009044	recall@86.0%	1.0
CD009044	recall@87.0%	1.0
CD009044	recall@88.0%	1.0
CD009044	recall@89.0%	1.0
CD009044	recall@90.0%	1.0
CD009044	recall@91.0%	1.0
CD009044	recall@92.0%	1.0
CD009044	recall@93.0%	1.0
CD009044	recall@94.0%	1.0
CD009044	recall@95.0%	1.0
CD009044	recall@96.0%	1.0
CD009044	recall@97.0%	1.0
CD009044	recall@98.0%	1.0
CD009044	recall@99.0%	1.0
CD009044	recall@100.0%	1.0
CD009044	total_cost	1455.0
CD009044	norm_area	0.989
CD009044	ap	0.028
CD009044	r	1.0
CD009044	loss_e	0.212
CD009044	loss_r	0.0
CD009044	loss_er	0.212
Skipping topic: CD009069
Skipping topic: CD009642
Skipping topic: CD010038
Skipping topic: CD010239
Skipping topic: CD010558
Skipping topic: CD010753
Skipping topic: CD011140
Skipping topic: CD011558
Skipping topic: CD011571
CD011686 Duplicate 15457746
CD011686 Duplicate 5816544
CD011686 Duplicate 6764894
CD011686 Duplicate 5301498
CD011686 Duplicate 1002765
CD011686 Duplicate 740385
CD011686 Duplicate 2675321
CD011686 Duplicate 3195120
CD011686 Duplicate 740371
CD011686 Duplicate 24834483
CD011686 Duplicate 22269486
CD011686 Duplicate 15918129
CD011686 Duplicate 14705231
CD011686 Duplicate 7280823
CD011686 Duplicate 8863317
CD011686 Duplicate 2093868
CD011686 Duplicate 3832033
CD011686 Duplicate 8989713
CD011686 Duplicate 17541072
CD011686 Duplicate 19240671
CD011686 Duplicate 3616666
CD011686 Duplicate 23999783
CD011686 Duplicate 1091907
CD011686 Duplicate 6511744
CD011686 Duplicate 18442755
CD011686 Duplicate 19934960
CD011686 Duplicate 3920881
CD011686 Duplicate 1507289
CD011686 Duplicate 16858227
CD011686 Duplicate 5401349
CD011686 Duplicate 4993999
CD011686 Duplicate 19412816
CD011686 Duplicate 8814154
CD011686 Duplicate 19526376
CD011686 Duplicate 17065747
CD011686 Duplicate 16206967
CD011686 Duplicate 12387536
CD011686 Duplicate 15580739
CD011686 Duplicate 14636529
CD011686 Duplicate 16915078
CD011686 Duplicate 5806666
CD011686 Duplicate 16602338
CD011686 Duplicate 7758524
CD011686 Duplicate 2402685
CD011686 Duplicate 4656579
CD011686 Duplicate 11753329
CD011686 Duplicate 10757684
CD011686 Duplicate 2915917
CD011686 Duplicate 7293345
CD011686 Duplicate 22734031
CD011686 Duplicate 4767882
CD011686 Duplicate 1529870
CD011686 Duplicate 18450762
CD011686 Duplicate 5129106
CD011686 Duplicate 5915106
CD011686 Duplicate 7110487
CD011686 Duplicate 414586
CD011686 Duplicate 24341064
CD011686 Duplicate 23552592
CD011686 Duplicate 21654471
CD011686 Duplicate 17067972
CD011686 Duplicate 5022471
CD011686 Duplicate 8703874
CD011686 Duplicate 7263741
CD011686 Duplicate 7801568
CD011686 Duplicate 10963980
CD011686 Duplicate 19481230
CD011686 Duplicate 9474738
CD011686 Duplicate 7337313
CD011686 Duplicate 7846919
CD011686 Duplicate 5848981
CD011686 Duplicate 4876246
CD011686 Duplicate 18302455
CD011686 Duplicate 21484402
CD011686 Duplicate 5829900
CD011686 Duplicate 24517240
CD011686 Duplicate 3225693
CD011686 Duplicate 16096551
CD011686 Duplicate 19922021
CD011686 Duplicate 7997581
CD011686 Duplicate 10602526
CD011686 Duplicate 21475996
CD011686 Duplicate 11987005
CD011686 Duplicate 4154365
CD011686 Duplicate 20016360
CD011686 Duplicate 3568482
CD011686 Duplicate 21149864
CD011686 Duplicate 24245055
CD011686 Duplicate 7570182
CD011686 Duplicate 7619624
CD011686 Duplicate 21102967
CD011686 Duplicate 12831692
CD011686 Duplicate 20337002
CD011686 Duplicate 8272939
CD011686 Duplicate 9670386
CD011686 Duplicate 20479766
CD011686 Duplicate 17366336
CD011686 Duplicate 4710835
CD011686 Duplicate 19127164
CD011686 Duplicate 8883191
CD011686 Duplicate 11317029
CD011686 Duplicate 615961
CD011686 Duplicate 3875996
CD011686 Duplicate 24192523
CD011686 Duplicate 17896330
CD011686 Duplicate 5339472
CD011686 Duplicate 1403125
CD011686	num_shown	9729
CD011686	rels_found	3
CD011686	num_rels	3
CD011686	last_rel	128
CD011686	norm_last_rel	0.013
CD011686	threshold	4518
CD011686	norm_threshold	0.464
CD011686	wss_100	0.987
CD011686	wss_95	0.937
CD011686	cg_total	3.0
CD011686	cg_max	3.0
CD011686	cg_threshold	3.0
CD011686	recall_threshold	1.0
CD011686	threshold	4518
CD011686	recall@1.0%	0.0
CD011686	recall@2.0%	1.0
CD011686	recall@3.0%	1.0
CD011686	recall@4.0%	1.0
CD011686	recall@5.0%	1.0
CD011686	recall@6.0%	1.0
CD011686	recall@7.0%	1.0
CD011686	recall@8.0%	1.0
CD011686	recall@9.0%	1.0
CD011686	recall@10.0%	1.0
CD011686	recall@11.0%	1.0
CD011686	recall@12.0%	1.0
CD011686	recall@13.0%	1.0
CD011686	recall@14.0%	1.0
CD011686	recall@15.0%	1.0
CD011686	recall@16.0%	1.0
CD011686	recall@17.0%	1.0
CD011686	recall@18.0%	1.0
CD011686	recall@19.0%	1.0
CD011686	recall@20.0%	1.0
CD011686	recall@21.0%	1.0
CD011686	recall@22.0%	1.0
CD011686	recall@23.0%	1.0
CD011686	recall@24.0%	1.0
CD011686	recall@25.0%	1.0
CD011686	recall@26.0%	1.0
CD011686	recall@27.0%	1.0
CD011686	recall@28.0%	1.0
CD011686	recall@29.0%	1.0
CD011686	recall@30.0%	1.0
CD011686	recall@31.0%	1.0
CD011686	recall@32.0%	1.0
CD011686	recall@33.0%	1.0
CD011686	recall@34.0%	1.0
CD011686	recall@35.0%	1.0
CD011686	recall@36.0%	1.0
CD011686	recall@37.0%	1.0
CD011686	recall@38.0%	1.0
CD011686	recall@39.0%	1.0
CD011686	recall@40.0%	1.0
CD011686	recall@41.0%	1.0
CD011686	recall@42.0%	1.0
CD011686	recall@43.0%	1.0
CD011686	recall@44.0%	1.0
CD011686	recall@45.0%	1.0
CD011686	recall@46.0%	1.0
CD011686	recall@47.0%	1.0
CD011686	recall@48.0%	1.0
CD011686	recall@49.0%	1.0
CD011686	recall@50.0%	1.0
CD011686	recall@51.0%	1.0
CD011686	recall@52.0%	1.0
CD011686	recall@53.0%	1.0
CD011686	recall@54.0%	1.0
CD011686	recall@55.0%	1.0
CD011686	recall@56.0%	1.0
CD011686	recall@57.0%	1.0
CD011686	recall@58.0%	1.0
CD011686	recall@59.0%	1.0
CD011686	recall@60.0%	1.0
CD011686	recall@61.0%	1.0
CD011686	recall@62.0%	1.0
CD011686	recall@63.0%	1.0
CD011686	recall@64.0%	1.0
CD011686	recall@65.0%	1.0
CD011686	recall@66.0%	1.0
CD011686	recall@67.0%	1.0
CD011686	recall@68.0%	1.0
CD011686	recall@69.0%	1.0
CD011686	recall@70.0%	1.0
CD011686	recall@71.0%	1.0
CD011686	recall@72.0%	1.0
CD011686	recall@73.0%	1.0
CD011686	recall@74.0%	1.0
CD011686	recall@75.0%	1.0
CD011686	recall@76.0%	1.0
CD011686	recall@77.0%	1.0
CD011686	recall@78.0%	1.0
CD011686	recall@79.0%	1.0
CD011686	recall@80.0%	1.0
CD011686	recall@81.0%	1.0
CD011686	recall@82.0%	1.0
CD011686	recall@83.0%	1.0
CD011686	recall@84.0%	1.0
CD011686	recall@85.0%	1.0
CD011686	recall@86.0%	1.0
CD011686	recall@87.0%	1.0
CD011686	recall@88.0%	1.0
CD011686	recall@89.0%	1.0
CD011686	recall@90.0%	1.0
CD011686	recall@91.0%	1.0
CD011686	recall@92.0%	1.0
CD011686	recall@93.0%	1.0
CD011686	recall@94.0%	1.0
CD011686	recall@95.0%	1.0
CD011686	recall@96.0%	1.0
CD011686	recall@97.0%	1.0
CD011686	recall@98.0%	1.0
CD011686	recall@99.0%	1.0
CD011686	recall@100.0%	1.0
CD011686	total_cost	4458.0
CD011686	norm_area	0.988
CD011686	ap	0.016
CD011686	r	1.0
CD011686	loss_e	0.203
CD011686	loss_r	0.0
CD011686	loss_er	0.203
Skipping topic: CD011768
Skipping topic: CD011787
Skipping topic: CD011977
Skipping topic: CD012069
CD012080 Duplicate 12843086
CD012080 Duplicate 10366298
CD012080 Duplicate 19618211
CD012080 Duplicate 11190069
CD012080 Duplicate 16024932
CD012080 Duplicate 8478718
CD012080 Duplicate 10971680
CD012080 Duplicate 20619254
CD012080 Duplicate 7552635
CD012080 Duplicate 19433553
CD012080 Duplicate 16865212
CD012080 Duplicate 16295734
CD012080 Duplicate 12197904
CD012080 Duplicate 9795467
CD012080 Duplicate 7817672
CD012080 Duplicate 16457124
CD012080 Duplicate 9616329
CD012080 Duplicate 24653928
CD012080 Duplicate 9279151
CD012080 Duplicate 25022434
CD012080 Duplicate 12838214
CD012080 Duplicate 2759488
CD012080 Duplicate 8645510
CD012080 Duplicate 6411829
CD012080 Duplicate 19606677
CD012080 Duplicate 17003940
CD012080 Duplicate 8536529
CD012080 Duplicate 17357563
CD012080 Duplicate 8163693
CD012080 Duplicate 16489308
CD012080 Duplicate 18956631
CD012080 Duplicate 22980564
CD012080 Duplicate 9702650
CD012080 Duplicate 23880626
CD012080 Duplicate 18979584
CD012080 Duplicate 16804982
CD012080 Duplicate 12432590
CD012080 Duplicate 19568571
CD012080 Duplicate 10876951
CD012080 Duplicate 15290454
CD012080 Duplicate 11570943
CD012080 Duplicate 11135029
CD012080 Duplicate 19712169
CD012080 Duplicate 16549831
CD012080 Duplicate 12638805
CD012080 Duplicate 2279995
CD012080 Duplicate 20483041
CD012080 Duplicate 23446740
CD012080 Duplicate 9421119
CD012080 Duplicate 10641724
CD012080 Duplicate 9707053
CD012080 Duplicate 17033108
CD012080 Duplicate 25560322
CD012080 Duplicate 16237763
CD012080 Duplicate 21537122
CD012080 Duplicate 9432345
CD012080 Duplicate 1711875
CD012080 Duplicate 12795457
CD012080	num_shown	6643
CD012080	rels_found	77
CD012080	num_rels	77
CD012080	last_rel	2919
CD012080	norm_last_rel	0.439
CD012080	threshold	3101
CD012080	norm_threshold	0.467
CD012080	wss_100	0.561
CD012080	wss_95	0.681
CD012080	cg_total	77.0
CD012080	cg_max	77.0
CD012080	cg_threshold	77.0
CD012080	recall_threshold	1.0
CD012080	threshold	3101
CD012080	recall@1.0%	0.052
CD012080	recall@2.0%	0.182
CD012080	recall@3.0%	0.247
CD012080	recall@4.0%	0.377
CD012080	recall@5.0%	0.442
CD012080	recall@6.0%	0.532
CD012080	recall@7.0%	0.597
CD012080	recall@8.0%	0.675
CD012080	recall@9.0%	0.688
CD012080	recall@10.0%	0.74
CD012080	recall@11.0%	0.779
CD012080	recall@12.0%	0.792
CD012080	recall@13.0%	0.831
CD012080	recall@14.0%	0.844
CD012080	recall@15.0%	0.844
CD012080	recall@16.0%	0.87
CD012080	recall@17.0%	0.87
CD012080	recall@18.0%	0.87
CD012080	recall@19.0%	0.87
CD012080	recall@20.0%	0.87
CD012080	recall@21.0%	0.883
CD012080	recall@22.0%	0.896
CD012080	recall@23.0%	0.922
CD012080	recall@24.0%	0.922
CD012080	recall@25.0%	0.922
CD012080	recall@26.0%	0.935
CD012080	recall@27.0%	0.948
CD012080	recall@28.0%	0.948
CD012080	recall@29.0%	0.948
CD012080	recall@30.0%	0.961
CD012080	recall@31.0%	0.961
CD012080	recall@32.0%	0.961
CD012080	recall@33.0%	0.961
CD012080	recall@34.0%	0.961
CD012080	recall@35.0%	0.961
CD012080	recall@36.0%	0.961
CD012080	recall@37.0%	0.974
CD012080	recall@38.0%	0.974
CD012080	recall@39.0%	0.974
CD012080	recall@40.0%	0.974
CD012080	recall@41.0%	0.974
CD012080	recall@42.0%	0.987
CD012080	recall@43.0%	0.987
CD012080	recall@44.0%	1.0
CD012080	recall@45.0%	1.0
CD012080	recall@46.0%	1.0
CD012080	recall@47.0%	1.0
CD012080	recall@48.0%	1.0
CD012080	recall@49.0%	1.0
CD012080	recall@50.0%	1.0
CD012080	recall@51.0%	1.0
CD012080	recall@52.0%	1.0
CD012080	recall@53.0%	1.0
CD012080	recall@54.0%	1.0
CD012080	recall@55.0%	1.0
CD012080	recall@56.0%	1.0
CD012080	recall@57.0%	1.0
CD012080	recall@58.0%	1.0
CD012080	recall@59.0%	1.0
CD012080	recall@60.0%	1.0
CD012080	recall@61.0%	1.0
CD012080	recall@62.0%	1.0
CD012080	recall@63.0%	1.0
CD012080	recall@64.0%	1.0
CD012080	recall@65.0%	1.0
CD012080	recall@66.0%	1.0
CD012080	recall@67.0%	1.0
CD012080	recall@68.0%	1.0
CD012080	recall@69.0%	1.0
CD012080	recall@70.0%	1.0
CD012080	recall@71.0%	1.0
CD012080	recall@72.0%	1.0
CD012080	recall@73.0%	1.0
CD012080	recall@74.0%	1.0
CD012080	recall@75.0%	1.0
CD012080	recall@76.0%	1.0
CD012080	recall@77.0%	1.0
CD012080	recall@78.0%	1.0
CD012080	recall@79.0%	1.0
CD012080	recall@80.0%	1.0
CD012080	recall@81.0%	1.0
CD012080	recall@82.0%	1.0
CD012080	recall@83.0%	1.0
CD012080	recall@84.0%	1.0
CD012080	recall@85.0%	1.0
CD012080	recall@86.0%	1.0
CD012080	recall@87.0%	1.0
CD012080	recall@88.0%	1.0
CD012080	recall@89.0%	1.0
CD012080	recall@90.0%	1.0
CD012080	recall@91.0%	1.0
CD012080	recall@92.0%	1.0
CD012080	recall@93.0%	1.0
CD012080	recall@94.0%	1.0
CD012080	recall@95.0%	1.0
CD012080	recall@96.0%	1.0
CD012080	recall@97.0%	1.0
CD012080	recall@98.0%	1.0
CD012080	recall@99.0%	1.0
CD012080	recall@100.0%	1.0
CD012080	total_cost	1561.0
CD012080	norm_area	0.919
CD012080	ap	0.088
CD012080	r	1.0
CD012080	loss_e	0.07
CD012080	loss_r	0.0
CD012080	loss_er	0.07
Skipping topic: CD012164
CD012233 Duplicate 25763724
CD012233 Duplicate 1787565
CD012233 Duplicate 10855556
CD012233 Duplicate 3152410
CD012233 Duplicate 2822196
CD012233 Duplicate 16358628
CD012233	num_shown	472
CD012233	rels_found	9
CD012233	num_rels	9
CD012233	last_rel	386
CD012233	norm_last_rel	0.818
CD012233	threshold	217
CD012233	norm_threshold	0.46
CD012233	wss_100	0.182
CD012233	wss_95	0.132
CD012233	cg_total	9.0
CD012233	cg_max	9.0
CD012233	cg_threshold	8.0
CD012233	recall_threshold	0.889
CD012233	threshold	217
CD012233	recall@1.0%	0.111
CD012233	recall@2.0%	0.111
CD012233	recall@3.0%	0.222
CD012233	recall@4.0%	0.444
CD012233	recall@5.0%	0.667
CD012233	recall@6.0%	0.778
CD012233	recall@7.0%	0.778
CD012233	recall@8.0%	0.778
CD012233	recall@9.0%	0.778
CD012233	recall@10.0%	0.889
CD012233	recall@11.0%	0.889
CD012233	recall@12.0%	0.889
CD012233	recall@13.0%	0.889
CD012233	recall@14.0%	0.889
CD012233	recall@15.0%	0.889
CD012233	recall@16.0%	0.889
CD012233	recall@17.0%	0.889
CD012233	recall@18.0%	0.889
CD012233	recall@19.0%	0.889
CD012233	recall@20.0%	0.889
CD012233	recall@21.0%	0.889
CD012233	recall@22.0%	0.889
CD012233	recall@23.0%	0.889
CD012233	recall@24.0%	0.889
CD012233	recall@25.0%	0.889
CD012233	recall@26.0%	0.889
CD012233	recall@27.0%	0.889
CD012233	recall@28.0%	0.889
CD012233	recall@29.0%	0.889
CD012233	recall@30.0%	0.889
CD012233	recall@31.0%	0.889
CD012233	recall@32.0%	0.889
CD012233	recall@33.0%	0.889
CD012233	recall@34.0%	0.889
CD012233	recall@35.0%	0.889
CD012233	recall@36.0%	0.889
CD012233	recall@37.0%	0.889
CD012233	recall@38.0%	0.889
CD012233	recall@39.0%	0.889
CD012233	recall@40.0%	0.889
CD012233	recall@41.0%	0.889
CD012233	recall@42.0%	0.889
CD012233	recall@43.0%	0.889
CD012233	recall@44.0%	0.889
CD012233	recall@45.0%	0.889
CD012233	recall@46.0%	0.889
CD012233	recall@47.0%	0.889
CD012233	recall@48.0%	0.889
CD012233	recall@49.0%	0.889
CD012233	recall@50.0%	0.889
CD012233	recall@51.0%	0.889
CD012233	recall@52.0%	0.889
CD012233	recall@53.0%	0.889
CD012233	recall@54.0%	0.889
CD012233	recall@55.0%	0.889
CD012233	recall@56.0%	0.889
CD012233	recall@57.0%	0.889
CD012233	recall@58.0%	0.889
CD012233	recall@59.0%	0.889
CD012233	recall@60.0%	0.889
CD012233	recall@61.0%	0.889
CD012233	recall@62.0%	0.889
CD012233	recall@63.0%	0.889
CD012233	recall@64.0%	0.889
CD012233	recall@65.0%	0.889
CD012233	recall@66.0%	0.889
CD012233	recall@67.0%	0.889
CD012233	recall@68.0%	0.889
CD012233	recall@69.0%	0.889
CD012233	recall@70.0%	0.889
CD012233	recall@71.0%	0.889
CD012233	recall@72.0%	0.889
CD012233	recall@73.0%	0.889
CD012233	recall@74.0%	0.889
CD012233	recall@75.0%	0.889
CD012233	recall@76.0%	0.889
CD012233	recall@77.0%	0.889
CD012233	recall@78.0%	0.889
CD012233	recall@79.0%	0.889
CD012233	recall@80.0%	0.889
CD012233	recall@81.0%	0.889
CD012233	recall@82.0%	1.0
CD012233	recall@83.0%	1.0
CD012233	recall@84.0%	1.0
CD012233	recall@85.0%	1.0
CD012233	recall@86.0%	1.0
CD012233	recall@87.0%	1.0
CD012233	recall@88.0%	1.0
CD012233	recall@89.0%	1.0
CD012233	recall@90.0%	1.0
CD012233	recall@91.0%	1.0
CD012233	recall@92.0%	1.0
CD012233	recall@93.0%	1.0
CD012233	recall@94.0%	1.0
CD012233	recall@95.0%	1.0
CD012233	recall@96.0%	1.0
CD012233	recall@97.0%	1.0
CD012233	recall@98.0%	1.0
CD012233	recall@99.0%	1.0
CD012233	recall@100.0%	1.0
CD012233	total_cost	97.0
CD012233	norm_area	0.881
CD012233	ap	0.229
CD012233	r	0.889
CD012233	loss_e	0.178
CD012233	loss_r	0.012
CD012233	loss_er	0.19
Skipping topic: CD012342
Skipping topic: CD012455
Skipping topic: CD012551
CD012567 Duplicate 16855505
CD012567 Duplicate 10751466
CD012567 Duplicate 10207459
CD012567 Duplicate 23002005
CD012567 Duplicate 1925850
CD012567 Duplicate 16160814
CD012567 Duplicate 16462852
CD012567 Duplicate 11420840
CD012567 Duplicate 2992252
CD012567 Duplicate 6499386
CD012567 Duplicate 17291227
CD012567 Duplicate 3308061
CD012567 Duplicate 8838883
CD012567 Duplicate 8689344
CD012567 Duplicate 8184113
CD012567 Duplicate 4085488
CD012567 Duplicate 10410535
CD012567 Duplicate 19549284
CD012567 Duplicate 26443095
CD012567 Duplicate 25666971
CD012567 Duplicate 19304715
CD012567 Duplicate 18664839
CD012567 Duplicate 1465272
CD012567 Duplicate 15745682
CD012567 Duplicate 15648188
CD012567 Duplicate 6822367
CD012567 Duplicate 7968203
CD012567 Duplicate 15661217
CD012567 Duplicate 17986851
CD012567 Duplicate 23214029
CD012567 Duplicate 26858203
CD012567 Duplicate 25605133
CD012567 Duplicate 7548256
CD012567 Duplicate 16733671
CD012567 Duplicate 15927509
CD012567 Duplicate 6651474
CD012567 Duplicate 25920533
CD012567 Duplicate 23518148
CD012567 Duplicate 21927562
CD012567 Duplicate 18025811
CD012567 Duplicate 3456399
CD012567 Duplicate 23268086
CD012567 Duplicate 16735822
CD012567 Duplicate 23270913
CD012567 Duplicate 15385282
CD012567 Duplicate 22475913
CD012567 Duplicate 2086797
CD012567 Duplicate 16916448
CD012567 Duplicate 21776915
CD012567 Duplicate 7812707
CD012567 Duplicate 3550058
CD012567 Duplicate 27130065
CD012567 Duplicate 24773063
CD012567 Duplicate 15614146
CD012567	num_shown	6735
CD012567	rels_found	4
CD012567	num_rels	4
CD012567	last_rel	423
CD012567	norm_last_rel	0.063
CD012567	threshold	3145
CD012567	norm_threshold	0.467
CD012567	wss_100	0.937
CD012567	wss_95	0.887
CD012567	cg_total	4.0
CD012567	cg_max	4.0
CD012567	cg_threshold	4.0
CD012567	recall_threshold	1.0
CD012567	threshold	3145
CD012567	recall@1.0%	0.0
CD012567	recall@2.0%	0.0
CD012567	recall@3.0%	0.25
CD012567	recall@4.0%	0.75
CD012567	recall@5.0%	0.75
CD012567	recall@6.0%	0.75
CD012567	recall@7.0%	1.0
CD012567	recall@8.0%	1.0
CD012567	recall@9.0%	1.0
CD012567	recall@10.0%	1.0
CD012567	recall@11.0%	1.0
CD012567	recall@12.0%	1.0
CD012567	recall@13.0%	1.0
CD012567	recall@14.0%	1.0
CD012567	recall@15.0%	1.0
CD012567	recall@16.0%	1.0
CD012567	recall@17.0%	1.0
CD012567	recall@18.0%	1.0
CD012567	recall@19.0%	1.0
CD012567	recall@20.0%	1.0
CD012567	recall@21.0%	1.0
CD012567	recall@22.0%	1.0
CD012567	recall@23.0%	1.0
CD012567	recall@24.0%	1.0
CD012567	recall@25.0%	1.0
CD012567	recall@26.0%	1.0
CD012567	recall@27.0%	1.0
CD012567	recall@28.0%	1.0
CD012567	recall@29.0%	1.0
CD012567	recall@30.0%	1.0
CD012567	recall@31.0%	1.0
CD012567	recall@32.0%	1.0
CD012567	recall@33.0%	1.0
CD012567	recall@34.0%	1.0
CD012567	recall@35.0%	1.0
CD012567	recall@36.0%	1.0
CD012567	recall@37.0%	1.0
CD012567	recall@38.0%	1.0
CD012567	recall@39.0%	1.0
CD012567	recall@40.0%	1.0
CD012567	recall@41.0%	1.0
CD012567	recall@42.0%	1.0
CD012567	recall@43.0%	1.0
CD012567	recall@44.0%	1.0
CD012567	recall@45.0%	1.0
CD012567	recall@46.0%	1.0
CD012567	recall@47.0%	1.0
CD012567	recall@48.0%	1.0
CD012567	recall@49.0%	1.0
CD012567	recall@50.0%	1.0
CD012567	recall@51.0%	1.0
CD012567	recall@52.0%	1.0
CD012567	recall@53.0%	1.0
CD012567	recall@54.0%	1.0
CD012567	recall@55.0%	1.0
CD012567	recall@56.0%	1.0
CD012567	recall@57.0%	1.0
CD012567	recall@58.0%	1.0
CD012567	recall@59.0%	1.0
CD012567	recall@60.0%	1.0
CD012567	recall@61.0%	1.0
CD012567	recall@62.0%	1.0
CD012567	recall@63.0%	1.0
CD012567	recall@64.0%	1.0
CD012567	recall@65.0%	1.0
CD012567	recall@66.0%	1.0
CD012567	recall@67.0%	1.0
CD012567	recall@68.0%	1.0
CD012567	recall@69.0%	1.0
CD012567	recall@70.0%	1.0
CD012567	recall@71.0%	1.0
CD012567	recall@72.0%	1.0
CD012567	recall@73.0%	1.0
CD012567	recall@74.0%	1.0
CD012567	recall@75.0%	1.0
CD012567	recall@76.0%	1.0
CD012567	recall@77.0%	1.0
CD012567	recall@78.0%	1.0
CD012567	recall@79.0%	1.0
CD012567	recall@80.0%	1.0
CD012567	recall@81.0%	1.0
CD012567	recall@82.0%	1.0
CD012567	recall@83.0%	1.0
CD012567	recall@84.0%	1.0
CD012567	recall@85.0%	1.0
CD012567	recall@86.0%	1.0
CD012567	recall@87.0%	1.0
CD012567	recall@88.0%	1.0
CD012567	recall@89.0%	1.0
CD012567	recall@90.0%	1.0
CD012567	recall@91.0%	1.0
CD012567	recall@92.0%	1.0
CD012567	recall@93.0%	1.0
CD012567	recall@94.0%	1.0
CD012567	recall@95.0%	1.0
CD012567	recall@96.0%	1.0
CD012567	recall@97.0%	1.0
CD012567	recall@98.0%	1.0
CD012567	recall@99.0%	1.0
CD012567	recall@100.0%	1.0
CD012567	total_cost	3065.0
CD012567	norm_area	0.959
CD012567	ap	0.009
CD012567	r	1.0
CD012567	loss_e	0.202
CD012567	loss_r	0.0
CD012567	loss_er	0.202
Skipping topic: CD012661
CD012669 Duplicate 20149371
CD012669 Duplicate 21871760
CD012669 Duplicate 15722991
CD012669 Duplicate 9932693
CD012669 Duplicate 9563554
CD012669	num_shown	1260
CD012669	rels_found	24
CD012669	num_rels	24
CD012669	last_rel	579
CD012669	norm_last_rel	0.46
CD012669	threshold	589
CD012669	norm_threshold	0.467
CD012669	wss_100	0.54
CD012669	wss_95	0.706
CD012669	cg_total	24.0
CD012669	cg_max	24.0
CD012669	cg_threshold	24.0
CD012669	recall_threshold	1.0
CD012669	threshold	589
CD012669	recall@1.0%	0.0
CD012669	recall@2.0%	0.0
CD012669	recall@3.0%	0.042
CD012669	recall@4.0%	0.042
CD012669	recall@5.0%	0.167
CD012669	recall@6.0%	0.25
CD012669	recall@7.0%	0.292
CD012669	recall@8.0%	0.458
CD012669	recall@9.0%	0.5
CD012669	recall@10.0%	0.542
CD012669	recall@11.0%	0.625
CD012669	recall@12.0%	0.667
CD012669	recall@13.0%	0.708
CD012669	recall@14.0%	0.792
CD012669	recall@15.0%	0.792
CD012669	recall@16.0%	0.792
CD012669	recall@17.0%	0.792
CD012669	recall@18.0%	0.792
CD012669	recall@19.0%	0.792
CD012669	recall@20.0%	0.875
CD012669	recall@21.0%	0.875
CD012669	recall@22.0%	0.875
CD012669	recall@23.0%	0.917
CD012669	recall@24.0%	0.917
CD012669	recall@25.0%	0.958
CD012669	recall@26.0%	0.958
CD012669	recall@27.0%	0.958
CD012669	recall@28.0%	0.958
CD012669	recall@29.0%	0.958
CD012669	recall@30.0%	0.958
CD012669	recall@31.0%	0.958
CD012669	recall@32.0%	0.958
CD012669	recall@33.0%	0.958
CD012669	recall@34.0%	0.958
CD012669	recall@35.0%	0.958
CD012669	recall@36.0%	0.958
CD012669	recall@37.0%	0.958
CD012669	recall@38.0%	0.958
CD012669	recall@39.0%	0.958
CD012669	recall@40.0%	0.958
CD012669	recall@41.0%	0.958
CD012669	recall@42.0%	0.958
CD012669	recall@43.0%	0.958
CD012669	recall@44.0%	0.958
CD012669	recall@45.0%	0.958
CD012669	recall@46.0%	1.0
CD012669	recall@47.0%	1.0
CD012669	recall@48.0%	1.0
CD012669	recall@49.0%	1.0
CD012669	recall@50.0%	1.0
CD012669	recall@51.0%	1.0
CD012669	recall@52.0%	1.0
CD012669	recall@53.0%	1.0
CD012669	recall@54.0%	1.0
CD012669	recall@55.0%	1.0
CD012669	recall@56.0%	1.0
CD012669	recall@57.0%	1.0
CD012669	recall@58.0%	1.0
CD012669	recall@59.0%	1.0
CD012669	recall@60.0%	1.0
CD012669	recall@61.0%	1.0
CD012669	recall@62.0%	1.0
CD012669	recall@63.0%	1.0
CD012669	recall@64.0%	1.0
CD012669	recall@65.0%	1.0
CD012669	recall@66.0%	1.0
CD012669	recall@67.0%	1.0
CD012669	recall@68.0%	1.0
CD012669	recall@69.0%	1.0
CD012669	recall@70.0%	1.0
CD012669	recall@71.0%	1.0
CD012669	recall@72.0%	1.0
CD012669	recall@73.0%	1.0
CD012669	recall@74.0%	1.0
CD012669	recall@75.0%	1.0
CD012669	recall@76.0%	1.0
CD012669	recall@77.0%	1.0
CD012669	recall@78.0%	1.0
CD012669	recall@79.0%	1.0
CD012669	recall@80.0%	1.0
CD012669	recall@81.0%	1.0
CD012669	recall@82.0%	1.0
CD012669	recall@83.0%	1.0
CD012669	recall@84.0%	1.0
CD012669	recall@85.0%	1.0
CD012669	recall@86.0%	1.0
CD012669	recall@87.0%	1.0
CD012669	recall@88.0%	1.0
CD012669	recall@89.0%	1.0
CD012669	recall@90.0%	1.0
CD012669	recall@91.0%	1.0
CD012669	recall@92.0%	1.0
CD012669	recall@93.0%	1.0
CD012669	recall@94.0%	1.0
CD012669	recall@95.0%	1.0
CD012669	recall@96.0%	1.0
CD012669	recall@97.0%	1.0
CD012669	recall@98.0%	1.0
CD012669	recall@99.0%	1.0
CD012669	recall@100.0%	1.0
CD012669	total_cost	109.0
CD012669	norm_area	0.889
CD012669	ap	0.086
CD012669	r	1.0
CD012669	loss_e	0.142
CD012669	loss_r	0.0
CD012669	loss_er	0.142
CD012768 Duplicate 22381459
CD012768 Duplicate 24693467
CD012768	num_shown	131
CD012768	rels_found	22
CD012768	num_rels	22
CD012768	last_rel	121
CD012768	norm_last_rel	0.924
CD012768	threshold	60
CD012768	norm_threshold	0.458
CD012768	wss_100	0.076
CD012768	wss_95	0.095
CD012768	cg_total	22.0
CD012768	cg_max	22.0
CD012768	cg_threshold	15.0
CD012768	recall_threshold	0.682
CD012768	threshold	60
CD012768	recall@1.0%	0.0
CD012768	recall@2.0%	0.0
CD012768	recall@3.0%	0.0
CD012768	recall@4.0%	0.0
CD012768	recall@5.0%	0.045
CD012768	recall@6.0%	0.045
CD012768	recall@7.0%	0.045
CD012768	recall@8.0%	0.045
CD012768	recall@9.0%	0.091
CD012768	recall@10.0%	0.136
CD012768	recall@11.0%	0.136
CD012768	recall@12.0%	0.136
CD012768	recall@13.0%	0.136
CD012768	recall@14.0%	0.182
CD012768	recall@15.0%	0.227
CD012768	recall@16.0%	0.227
CD012768	recall@17.0%	0.227
CD012768	recall@18.0%	0.318
CD012768	recall@19.0%	0.318
CD012768	recall@20.0%	0.318
CD012768	recall@21.0%	0.364
CD012768	recall@22.0%	0.364
CD012768	recall@23.0%	0.364
CD012768	recall@24.0%	0.409
CD012768	recall@25.0%	0.455
CD012768	recall@26.0%	0.5
CD012768	recall@27.0%	0.5
CD012768	recall@28.0%	0.545
CD012768	recall@29.0%	0.591
CD012768	recall@30.0%	0.591
CD012768	recall@31.0%	0.636
CD012768	recall@32.0%	0.636
CD012768	recall@33.0%	0.636
CD012768	recall@34.0%	0.636
CD012768	recall@35.0%	0.636
CD012768	recall@36.0%	0.636
CD012768	recall@37.0%	0.636
CD012768	recall@38.0%	0.636
CD012768	recall@39.0%	0.636
CD012768	recall@40.0%	0.636
CD012768	recall@41.0%	0.636
CD012768	recall@42.0%	0.636
CD012768	recall@43.0%	0.636
CD012768	recall@44.0%	0.636
CD012768	recall@45.0%	0.682
CD012768	recall@46.0%	0.682
CD012768	recall@47.0%	0.682
CD012768	recall@48.0%	0.727
CD012768	recall@49.0%	0.727
CD012768	recall@50.0%	0.727
CD012768	recall@51.0%	0.727
CD012768	recall@52.0%	0.727
CD012768	recall@53.0%	0.727
CD012768	recall@54.0%	0.727
CD012768	recall@55.0%	0.773
CD012768	recall@56.0%	0.773
CD012768	recall@57.0%	0.818
CD012768	recall@58.0%	0.818
CD012768	recall@59.0%	0.818
CD012768	recall@60.0%	0.818
CD012768	recall@61.0%	0.818
CD012768	recall@62.0%	0.818
CD012768	recall@63.0%	0.864
CD012768	recall@64.0%	0.864
CD012768	recall@65.0%	0.864
CD012768	recall@66.0%	0.864
CD012768	recall@67.0%	0.864
CD012768	recall@68.0%	0.864
CD012768	recall@69.0%	0.909
CD012768	recall@70.0%	0.909
CD012768	recall@71.0%	0.909
CD012768	recall@72.0%	0.909
CD012768	recall@73.0%	0.909
CD012768	recall@74.0%	0.909
CD012768	recall@75.0%	0.909
CD012768	recall@76.0%	0.909
CD012768	recall@77.0%	0.909
CD012768	recall@78.0%	0.909
CD012768	recall@79.0%	0.909
CD012768	recall@80.0%	0.909
CD012768	recall@81.0%	0.909
CD012768	recall@82.0%	0.909
CD012768	recall@83.0%	0.909
CD012768	recall@84.0%	0.909
CD012768	recall@85.0%	0.909
CD012768	recall@86.0%	0.955
CD012768	recall@87.0%	0.955
CD012768	recall@88.0%	0.955
CD012768	recall@89.0%	0.955
CD012768	recall@90.0%	0.955
CD012768	recall@91.0%	0.955
CD012768	recall@92.0%	1.0
CD012768	recall@93.0%	1.0
CD012768	recall@94.0%	1.0
CD012768	recall@95.0%	1.0
CD012768	recall@96.0%	1.0
CD012768	recall@97.0%	1.0
CD012768	recall@98.0%	1.0
CD012768	recall@99.0%	1.0
CD012768	recall@100.0%	1.0
CD012768	total_cost	40.0
CD012768	norm_area	0.706
CD012768	ap	0.255
CD012768	r	0.682
CD012768	loss_e	0.141
CD012768	loss_r	0.101
CD012768	loss_er	0.242
ALL	num_shown	30521
ALL	rels_found	250
ALL	num_rels	250
ALL	last_rel	786.0
ALL	norm_last_rel	0.43
ALL	threshold	1776.0
ALL	norm_threshold	0.464
ALL	wss_100	0.57
ALL	wss_95	0.648
ALL	cg_total	31.0
ALL	cg_max	31.0
ALL	cg_threshold	30.0
ALL	recall_threshold	0.944
ALL	threshold	1776.0
ALL	recall@1.0%	0.068
ALL	recall@2.0%	0.18
ALL	recall@3.0%	0.28
ALL	recall@4.0%	0.384
ALL	recall@5.0%	0.468
ALL	recall@6.0%	0.54
ALL	recall@7.0%	0.604
ALL	recall@8.0%	0.656
ALL	recall@9.0%	0.672
ALL	recall@10.0%	0.708
ALL	recall@11.0%	0.752
ALL	recall@12.0%	0.768
ALL	recall@13.0%	0.796
ALL	recall@14.0%	0.82
ALL	recall@15.0%	0.84
ALL	recall@16.0%	0.848
ALL	recall@17.0%	0.852
ALL	recall@18.0%	0.864
ALL	recall@19.0%	0.864
ALL	recall@20.0%	0.872
ALL	recall@21.0%	0.88
ALL	recall@22.0%	0.888
ALL	recall@23.0%	0.9
ALL	recall@24.0%	0.904
ALL	recall@25.0%	0.912
ALL	recall@26.0%	0.92
ALL	recall@27.0%	0.924
ALL	recall@28.0%	0.928
ALL	recall@29.0%	0.932
ALL	recall@30.0%	0.936
ALL	recall@31.0%	0.94
ALL	recall@32.0%	0.94
ALL	recall@33.0%	0.94
ALL	recall@34.0%	0.94
ALL	recall@35.0%	0.94
ALL	recall@36.0%	0.94
ALL	recall@37.0%	0.944
ALL	recall@38.0%	0.944
ALL	recall@39.0%	0.944
ALL	recall@40.0%	0.944
ALL	recall@41.0%	0.944
ALL	recall@42.0%	0.948
ALL	recall@43.0%	0.948
ALL	recall@44.0%	0.952
ALL	recall@45.0%	0.956
ALL	recall@46.0%	0.96
ALL	recall@47.0%	0.96
ALL	recall@48.0%	0.964
ALL	recall@49.0%	0.964
ALL	recall@50.0%	0.968
ALL	recall@51.0%	0.968
ALL	recall@52.0%	0.968
ALL	recall@53.0%	0.968
ALL	recall@54.0%	0.968
ALL	recall@55.0%	0.972
ALL	recall@56.0%	0.972
ALL	recall@57.0%	0.976
ALL	recall@58.0%	0.976
ALL	recall@59.0%	0.976
ALL	recall@60.0%	0.976
ALL	recall@61.0%	0.976
ALL	recall@62.0%	0.976
ALL	recall@63.0%	0.98
ALL	recall@64.0%	0.98
ALL	recall@65.0%	0.98
ALL	recall@66.0%	0.98
ALL	recall@67.0%	0.98
ALL	recall@68.0%	0.98
ALL	recall@69.0%	0.984
ALL	recall@70.0%	0.984
ALL	recall@71.0%	0.984
ALL	recall@72.0%	0.988
ALL	recall@73.0%	0.988
ALL	recall@74.0%	0.988
ALL	recall@75.0%	0.988
ALL	recall@76.0%	0.988
ALL	recall@77.0%	0.988
ALL	recall@78.0%	0.988
ALL	recall@79.0%	0.988
ALL	recall@80.0%	0.988
ALL	recall@81.0%	0.988
ALL	recall@82.0%	0.992
ALL	recall@83.0%	0.992
ALL	recall@84.0%	0.992
ALL	recall@85.0%	0.992
ALL	recall@86.0%	0.996
ALL	recall@87.0%	0.996
ALL	recall@88.0%	0.996
ALL	recall@89.0%	0.996
ALL	recall@90.0%	0.996
ALL	recall@91.0%	0.996
ALL	recall@92.0%	1.0
ALL	recall@93.0%	1.0
ALL	recall@94.0%	1.0
ALL	recall@95.0%	1.0
ALL	recall@96.0%	1.0
ALL	recall@97.0%	1.0
ALL	recall@98.0%	1.0
ALL	recall@99.0%	1.0
ALL	recall@100.0%	1.0
ALL	total_cost	1226.0
ALL	norm_area	0.911
ALL	ap	0.151
ALL	r	0.944
ALL	loss_e	0.15
ALL	loss_r	0.014
ALL	loss_er	0.164
