Skipping topic: CD000996
Skipping topic: CD001261
Skipping topic: CD004414
Skipping topic: CD006468
Skipping topic: CD007867
Skipping topic: CD008874
Skipping topic: CD009044
Skipping topic: CD009069
Skipping topic: CD009642
Skipping topic: CD010038
Skipping topic: CD010239
Skipping topic: CD010558
Skipping topic: CD010753
Skipping topic: CD011140
Skipping topic: CD011558
Skipping topic: CD011571
Skipping topic: CD011686
Skipping topic: CD011768
CD011787 Duplicate 18946911
CD011787 Duplicate 11660443
CD011787 Duplicate 2133575
CD011787 Duplicate 11183663
CD011787 Duplicate 16140182
CD011787	num_shown	4369
CD011787	rels_found	28
CD011787	num_rels	28
CD011787	last_rel	1047
CD011787	norm_last_rel	0.24
CD011787	threshold	648
CD011787	norm_threshold	0.148
CD011787	wss_100	0.76
CD011787	wss_95	0.72
CD011787	cg_total	28.0
CD011787	cg_max	28.0
CD011787	cg_threshold	25.0
CD011787	recall_threshold	0.893
CD011787	threshold	648
CD011787	recall@1.0%	0.214
CD011787	recall@2.0%	0.429
CD011787	recall@3.0%	0.536
CD011787	recall@4.0%	0.75
CD011787	recall@5.0%	0.786
CD011787	recall@6.0%	0.821
CD011787	recall@7.0%	0.857
CD011787	recall@8.0%	0.857
CD011787	recall@9.0%	0.893
CD011787	recall@10.0%	0.893
CD011787	recall@11.0%	0.893
CD011787	recall@12.0%	0.893
CD011787	recall@13.0%	0.893
CD011787	recall@14.0%	0.893
CD011787	recall@15.0%	0.893
CD011787	recall@16.0%	0.893
CD011787	recall@17.0%	0.893
CD011787	recall@18.0%	0.893
CD011787	recall@19.0%	0.929
CD011787	recall@20.0%	0.929
CD011787	recall@21.0%	0.929
CD011787	recall@22.0%	0.929
CD011787	recall@23.0%	0.964
CD011787	recall@24.0%	1.0
CD011787	recall@25.0%	1.0
CD011787	recall@26.0%	1.0
CD011787	recall@27.0%	1.0
CD011787	recall@28.0%	1.0
CD011787	recall@29.0%	1.0
CD011787	recall@30.0%	1.0
CD011787	recall@31.0%	1.0
CD011787	recall@32.0%	1.0
CD011787	recall@33.0%	1.0
CD011787	recall@34.0%	1.0
CD011787	recall@35.0%	1.0
CD011787	recall@36.0%	1.0
CD011787	recall@37.0%	1.0
CD011787	recall@38.0%	1.0
CD011787	recall@39.0%	1.0
CD011787	recall@40.0%	1.0
CD011787	recall@41.0%	1.0
CD011787	recall@42.0%	1.0
CD011787	recall@43.0%	1.0
CD011787	recall@44.0%	1.0
CD011787	recall@45.0%	1.0
CD011787	recall@46.0%	1.0
CD011787	recall@47.0%	1.0
CD011787	recall@48.0%	1.0
CD011787	recall@49.0%	1.0
CD011787	recall@50.0%	1.0
CD011787	recall@51.0%	1.0
CD011787	recall@52.0%	1.0
CD011787	recall@53.0%	1.0
CD011787	recall@54.0%	1.0
CD011787	recall@55.0%	1.0
CD011787	recall@56.0%	1.0
CD011787	recall@57.0%	1.0
CD011787	recall@58.0%	1.0
CD011787	recall@59.0%	1.0
CD011787	recall@60.0%	1.0
CD011787	recall@61.0%	1.0
CD011787	recall@62.0%	1.0
CD011787	recall@63.0%	1.0
CD011787	recall@64.0%	1.0
CD011787	recall@65.0%	1.0
CD011787	recall@66.0%	1.0
CD011787	recall@67.0%	1.0
CD011787	recall@68.0%	1.0
CD011787	recall@69.0%	1.0
CD011787	recall@70.0%	1.0
CD011787	recall@71.0%	1.0
CD011787	recall@72.0%	1.0
CD011787	recall@73.0%	1.0
CD011787	recall@74.0%	1.0
CD011787	recall@75.0%	1.0
CD011787	recall@76.0%	1.0
CD011787	recall@77.0%	1.0
CD011787	recall@78.0%	1.0
CD011787	recall@79.0%	1.0
CD011787	recall@80.0%	1.0
CD011787	recall@81.0%	1.0
CD011787	recall@82.0%	1.0
CD011787	recall@83.0%	1.0
CD011787	recall@84.0%	1.0
CD011787	recall@85.0%	1.0
CD011787	recall@86.0%	1.0
CD011787	recall@87.0%	1.0
CD011787	recall@88.0%	1.0
CD011787	recall@89.0%	1.0
CD011787	recall@90.0%	1.0
CD011787	recall@91.0%	1.0
CD011787	recall@92.0%	1.0
CD011787	recall@93.0%	1.0
CD011787	recall@94.0%	1.0
CD011787	recall@95.0%	1.0
CD011787	recall@96.0%	1.0
CD011787	recall@97.0%	1.0
CD011787	recall@98.0%	1.0
CD011787	recall@99.0%	1.0
CD011787	recall@100.0%	1.0
CD011787	total_cost	268.0
CD011787	norm_area	0.956
CD011787	ap	0.113
CD011787	r	0.893
CD011787	loss_e	0.013
CD011787	loss_r	0.011
CD011787	loss_er	0.025
Skipping topic: CD011977
Skipping topic: CD012069
Skipping topic: CD012080
Skipping topic: CD012164
Skipping topic: CD012233
Skipping topic: CD012342
Skipping topic: CD012455
Skipping topic: CD012551
Skipping topic: CD012567
Skipping topic: CD012661
Skipping topic: CD012669
Skipping topic: CD012768
ALL	num_shown	4369
ALL	rels_found	28
ALL	num_rels	28
ALL	last_rel	1047.0
ALL	norm_last_rel	0.24
ALL	threshold	648.0
ALL	norm_threshold	0.148
ALL	wss_100	0.76
ALL	wss_95	0.72
ALL	cg_total	28.0
ALL	cg_max	28.0
ALL	cg_threshold	25.0
ALL	recall_threshold	0.893
ALL	threshold	648.0
ALL	recall@1.0%	0.214
ALL	recall@2.0%	0.429
ALL	recall@3.0%	0.536
ALL	recall@4.0%	0.75
ALL	recall@5.0%	0.786
ALL	recall@6.0%	0.821
ALL	recall@7.0%	0.857
ALL	recall@8.0%	0.857
ALL	recall@9.0%	0.893
ALL	recall@10.0%	0.893
ALL	recall@11.0%	0.893
ALL	recall@12.0%	0.893
ALL	recall@13.0%	0.893
ALL	recall@14.0%	0.893
ALL	recall@15.0%	0.893
ALL	recall@16.0%	0.893
ALL	recall@17.0%	0.893
ALL	recall@18.0%	0.893
ALL	recall@19.0%	0.929
ALL	recall@20.0%	0.929
ALL	recall@21.0%	0.929
ALL	recall@22.0%	0.929
ALL	recall@23.0%	0.964
ALL	recall@24.0%	1.0
ALL	recall@25.0%	1.0
ALL	recall@26.0%	1.0
ALL	recall@27.0%	1.0
ALL	recall@28.0%	1.0
ALL	recall@29.0%	1.0
ALL	recall@30.0%	1.0
ALL	recall@31.0%	1.0
ALL	recall@32.0%	1.0
ALL	recall@33.0%	1.0
ALL	recall@34.0%	1.0
ALL	recall@35.0%	1.0
ALL	recall@36.0%	1.0
ALL	recall@37.0%	1.0
ALL	recall@38.0%	1.0
ALL	recall@39.0%	1.0
ALL	recall@40.0%	1.0
ALL	recall@41.0%	1.0
ALL	recall@42.0%	1.0
ALL	recall@43.0%	1.0
ALL	recall@44.0%	1.0
ALL	recall@45.0%	1.0
ALL	recall@46.0%	1.0
ALL	recall@47.0%	1.0
ALL	recall@48.0%	1.0
ALL	recall@49.0%	1.0
ALL	recall@50.0%	1.0
ALL	recall@51.0%	1.0
ALL	recall@52.0%	1.0
ALL	recall@53.0%	1.0
ALL	recall@54.0%	1.0
ALL	recall@55.0%	1.0
ALL	recall@56.0%	1.0
ALL	recall@57.0%	1.0
ALL	recall@58.0%	1.0
ALL	recall@59.0%	1.0
ALL	recall@60.0%	1.0
ALL	recall@61.0%	1.0
ALL	recall@62.0%	1.0
ALL	recall@63.0%	1.0
ALL	recall@64.0%	1.0
ALL	recall@65.0%	1.0
ALL	recall@66.0%	1.0
ALL	recall@67.0%	1.0
ALL	recall@68.0%	1.0
ALL	recall@69.0%	1.0
ALL	recall@70.0%	1.0
ALL	recall@71.0%	1.0
ALL	recall@72.0%	1.0
ALL	recall@73.0%	1.0
ALL	recall@74.0%	1.0
ALL	recall@75.0%	1.0
ALL	recall@76.0%	1.0
ALL	recall@77.0%	1.0
ALL	recall@78.0%	1.0
ALL	recall@79.0%	1.0
ALL	recall@80.0%	1.0
ALL	recall@81.0%	1.0
ALL	recall@82.0%	1.0
ALL	recall@83.0%	1.0
ALL	recall@84.0%	1.0
ALL	recall@85.0%	1.0
ALL	recall@86.0%	1.0
ALL	recall@87.0%	1.0
ALL	recall@88.0%	1.0
ALL	recall@89.0%	1.0
ALL	recall@90.0%	1.0
ALL	recall@91.0%	1.0
ALL	recall@92.0%	1.0
ALL	recall@93.0%	1.0
ALL	recall@94.0%	1.0
ALL	recall@95.0%	1.0
ALL	recall@96.0%	1.0
ALL	recall@97.0%	1.0
ALL	recall@98.0%	1.0
ALL	recall@99.0%	1.0
ALL	recall@100.0%	1.0
ALL	total_cost	268.0
ALL	norm_area	0.956
ALL	ap	0.113
ALL	r	0.893
ALL	loss_e	0.013
ALL	loss_r	0.011
ALL	loss_er	0.025
