CD000996	num_shown	281
CD000996	rels_found	6
CD000996	num_rels	6
CD000996	last_rel	33
CD000996	norm_last_rel	0.117
CD000996	threshold	281
CD000996	norm_threshold	1.0
CD000996	wss_100	0.883
CD000996	wss_95	0.833
CD000996	cg_total	6.0
CD000996	cg_max	6.0
CD000996	cg_threshold	6.0
CD000996	recall_threshold	1.0
CD000996	threshold	281
CD000996	recall@1.0%	0.0
CD000996	recall@2.0%	0.0
CD000996	recall@3.0%	0.0
CD000996	recall@4.0%	0.0
CD000996	recall@5.0%	0.0
CD000996	recall@6.0%	0.0
CD000996	recall@7.0%	0.167
CD000996	recall@8.0%	0.167
CD000996	recall@9.0%	0.167
CD000996	recall@10.0%	0.5
CD000996	recall@11.0%	0.667
CD000996	recall@12.0%	1.0
CD000996	recall@13.0%	1.0
CD000996	recall@14.0%	1.0
CD000996	recall@15.0%	1.0
CD000996	recall@16.0%	1.0
CD000996	recall@17.0%	1.0
CD000996	recall@18.0%	1.0
CD000996	recall@19.0%	1.0
CD000996	recall@20.0%	1.0
CD000996	recall@21.0%	1.0
CD000996	recall@22.0%	1.0
CD000996	recall@23.0%	1.0
CD000996	recall@24.0%	1.0
CD000996	recall@25.0%	1.0
CD000996	recall@26.0%	1.0
CD000996	recall@27.0%	1.0
CD000996	recall@28.0%	1.0
CD000996	recall@29.0%	1.0
CD000996	recall@30.0%	1.0
CD000996	recall@31.0%	1.0
CD000996	recall@32.0%	1.0
CD000996	recall@33.0%	1.0
CD000996	recall@34.0%	1.0
CD000996	recall@35.0%	1.0
CD000996	recall@36.0%	1.0
CD000996	recall@37.0%	1.0
CD000996	recall@38.0%	1.0
CD000996	recall@39.0%	1.0
CD000996	recall@40.0%	1.0
CD000996	recall@41.0%	1.0
CD000996	recall@42.0%	1.0
CD000996	recall@43.0%	1.0
CD000996	recall@44.0%	1.0
CD000996	recall@45.0%	1.0
CD000996	recall@46.0%	1.0
CD000996	recall@47.0%	1.0
CD000996	recall@48.0%	1.0
CD000996	recall@49.0%	1.0
CD000996	recall@50.0%	1.0
CD000996	recall@51.0%	1.0
CD000996	recall@52.0%	1.0
CD000996	recall@53.0%	1.0
CD000996	recall@54.0%	1.0
CD000996	recall@55.0%	1.0
CD000996	recall@56.0%	1.0
CD000996	recall@57.0%	1.0
CD000996	recall@58.0%	1.0
CD000996	recall@59.0%	1.0
CD000996	recall@60.0%	1.0
CD000996	recall@61.0%	1.0
CD000996	recall@62.0%	1.0
CD000996	recall@63.0%	1.0
CD000996	recall@64.0%	1.0
CD000996	recall@65.0%	1.0
CD000996	recall@66.0%	1.0
CD000996	recall@67.0%	1.0
CD000996	recall@68.0%	1.0
CD000996	recall@69.0%	1.0
CD000996	recall@70.0%	1.0
CD000996	recall@71.0%	1.0
CD000996	recall@72.0%	1.0
CD000996	recall@73.0%	1.0
CD000996	recall@74.0%	1.0
CD000996	recall@75.0%	1.0
CD000996	recall@76.0%	1.0
CD000996	recall@77.0%	1.0
CD000996	recall@78.0%	1.0
CD000996	recall@79.0%	1.0
CD000996	recall@80.0%	1.0
CD000996	recall@81.0%	1.0
CD000996	recall@82.0%	1.0
CD000996	recall@83.0%	1.0
CD000996	recall@84.0%	1.0
CD000996	recall@85.0%	1.0
CD000996	recall@86.0%	1.0
CD000996	recall@87.0%	1.0
CD000996	recall@88.0%	1.0
CD000996	recall@89.0%	1.0
CD000996	recall@90.0%	1.0
CD000996	recall@91.0%	1.0
CD000996	recall@92.0%	1.0
CD000996	recall@93.0%	1.0
CD000996	recall@94.0%	1.0
CD000996	recall@95.0%	1.0
CD000996	recall@96.0%	1.0
CD000996	recall@97.0%	1.0
CD000996	recall@98.0%	1.0
CD000996	recall@99.0%	1.0
CD000996	recall@100.0%	1.0
CD000996	total_cost	161.0
CD000996	norm_area	0.912
CD000996	ap	0.119
CD000996	r	1.0
CD000996	loss_e	0.89
CD000996	loss_r	0.0
CD000996	loss_er	0.89
CD001261	num_shown	571
CD001261	rels_found	22
CD001261	num_rels	22
CD001261	last_rel	105
CD001261	norm_last_rel	0.184
CD001261	threshold	571
CD001261	norm_threshold	1.0
CD001261	wss_100	0.816
CD001261	wss_95	0.77
CD001261	cg_total	22.0
CD001261	cg_max	22.0
CD001261	cg_threshold	22.0
CD001261	recall_threshold	1.0
CD001261	threshold	571
CD001261	recall@1.0%	0.0
CD001261	recall@2.0%	0.0
CD001261	recall@3.0%	0.0
CD001261	recall@4.0%	0.0
CD001261	recall@5.0%	0.091
CD001261	recall@6.0%	0.136
CD001261	recall@7.0%	0.182
CD001261	recall@8.0%	0.227
CD001261	recall@9.0%	0.273
CD001261	recall@10.0%	0.318
CD001261	recall@11.0%	0.318
CD001261	recall@12.0%	0.409
CD001261	recall@13.0%	0.5
CD001261	recall@14.0%	0.591
CD001261	recall@15.0%	0.682
CD001261	recall@16.0%	0.818
CD001261	recall@17.0%	0.818
CD001261	recall@18.0%	0.955
CD001261	recall@19.0%	1.0
CD001261	recall@20.0%	1.0
CD001261	recall@21.0%	1.0
CD001261	recall@22.0%	1.0
CD001261	recall@23.0%	1.0
CD001261	recall@24.0%	1.0
CD001261	recall@25.0%	1.0
CD001261	recall@26.0%	1.0
CD001261	recall@27.0%	1.0
CD001261	recall@28.0%	1.0
CD001261	recall@29.0%	1.0
CD001261	recall@30.0%	1.0
CD001261	recall@31.0%	1.0
CD001261	recall@32.0%	1.0
CD001261	recall@33.0%	1.0
CD001261	recall@34.0%	1.0
CD001261	recall@35.0%	1.0
CD001261	recall@36.0%	1.0
CD001261	recall@37.0%	1.0
CD001261	recall@38.0%	1.0
CD001261	recall@39.0%	1.0
CD001261	recall@40.0%	1.0
CD001261	recall@41.0%	1.0
CD001261	recall@42.0%	1.0
CD001261	recall@43.0%	1.0
CD001261	recall@44.0%	1.0
CD001261	recall@45.0%	1.0
CD001261	recall@46.0%	1.0
CD001261	recall@47.0%	1.0
CD001261	recall@48.0%	1.0
CD001261	recall@49.0%	1.0
CD001261	recall@50.0%	1.0
CD001261	recall@51.0%	1.0
CD001261	recall@52.0%	1.0
CD001261	recall@53.0%	1.0
CD001261	recall@54.0%	1.0
CD001261	recall@55.0%	1.0
CD001261	recall@56.0%	1.0
CD001261	recall@57.0%	1.0
CD001261	recall@58.0%	1.0
CD001261	recall@59.0%	1.0
CD001261	recall@60.0%	1.0
CD001261	recall@61.0%	1.0
CD001261	recall@62.0%	1.0
CD001261	recall@63.0%	1.0
CD001261	recall@64.0%	1.0
CD001261	recall@65.0%	1.0
CD001261	recall@66.0%	1.0
CD001261	recall@67.0%	1.0
CD001261	recall@68.0%	1.0
CD001261	recall@69.0%	1.0
CD001261	recall@70.0%	1.0
CD001261	recall@71.0%	1.0
CD001261	recall@72.0%	1.0
CD001261	recall@73.0%	1.0
CD001261	recall@74.0%	1.0
CD001261	recall@75.0%	1.0
CD001261	recall@76.0%	1.0
CD001261	recall@77.0%	1.0
CD001261	recall@78.0%	1.0
CD001261	recall@79.0%	1.0
CD001261	recall@80.0%	1.0
CD001261	recall@81.0%	1.0
CD001261	recall@82.0%	1.0
CD001261	recall@83.0%	1.0
CD001261	recall@84.0%	1.0
CD001261	recall@85.0%	1.0
CD001261	recall@86.0%	1.0
CD001261	recall@87.0%	1.0
CD001261	recall@88.0%	1.0
CD001261	recall@89.0%	1.0
CD001261	recall@90.0%	1.0
CD001261	recall@91.0%	1.0
CD001261	recall@92.0%	1.0
CD001261	recall@93.0%	1.0
CD001261	recall@94.0%	1.0
CD001261	recall@95.0%	1.0
CD001261	recall@96.0%	1.0
CD001261	recall@97.0%	1.0
CD001261	recall@98.0%	1.0
CD001261	recall@99.0%	1.0
CD001261	recall@100.0%	1.0
CD001261	total_cost	131.0
CD001261	norm_area	0.896
CD001261	ap	0.149
CD001261	r	1.0
CD001261	loss_e	0.672
CD001261	loss_r	0.0
CD001261	loss_er	0.672
CD004414	num_shown	336
CD004414	rels_found	7
CD004414	num_rels	7
CD004414	last_rel	29
CD004414	norm_last_rel	0.086
CD004414	threshold	336
CD004414	norm_threshold	1.0
CD004414	wss_100	0.914
CD004414	wss_95	0.864
CD004414	cg_total	7.0
CD004414	cg_max	7.0
CD004414	cg_threshold	7.0
CD004414	recall_threshold	1.0
CD004414	threshold	336
CD004414	recall@1.0%	0.143
CD004414	recall@2.0%	0.143
CD004414	recall@3.0%	0.143
CD004414	recall@4.0%	0.143
CD004414	recall@5.0%	0.143
CD004414	recall@6.0%	0.429
CD004414	recall@7.0%	0.857
CD004414	recall@8.0%	0.857
CD004414	recall@9.0%	1.0
CD004414	recall@10.0%	1.0
CD004414	recall@11.0%	1.0
CD004414	recall@12.0%	1.0
CD004414	recall@13.0%	1.0
CD004414	recall@14.0%	1.0
CD004414	recall@15.0%	1.0
CD004414	recall@16.0%	1.0
CD004414	recall@17.0%	1.0
CD004414	recall@18.0%	1.0
CD004414	recall@19.0%	1.0
CD004414	recall@20.0%	1.0
CD004414	recall@21.0%	1.0
CD004414	recall@22.0%	1.0
CD004414	recall@23.0%	1.0
CD004414	recall@24.0%	1.0
CD004414	recall@25.0%	1.0
CD004414	recall@26.0%	1.0
CD004414	recall@27.0%	1.0
CD004414	recall@28.0%	1.0
CD004414	recall@29.0%	1.0
CD004414	recall@30.0%	1.0
CD004414	recall@31.0%	1.0
CD004414	recall@32.0%	1.0
CD004414	recall@33.0%	1.0
CD004414	recall@34.0%	1.0
CD004414	recall@35.0%	1.0
CD004414	recall@36.0%	1.0
CD004414	recall@37.0%	1.0
CD004414	recall@38.0%	1.0
CD004414	recall@39.0%	1.0
CD004414	recall@40.0%	1.0
CD004414	recall@41.0%	1.0
CD004414	recall@42.0%	1.0
CD004414	recall@43.0%	1.0
CD004414	recall@44.0%	1.0
CD004414	recall@45.0%	1.0
CD004414	recall@46.0%	1.0
CD004414	recall@47.0%	1.0
CD004414	recall@48.0%	1.0
CD004414	recall@49.0%	1.0
CD004414	recall@50.0%	1.0
CD004414	recall@51.0%	1.0
CD004414	recall@52.0%	1.0
CD004414	recall@53.0%	1.0
CD004414	recall@54.0%	1.0
CD004414	recall@55.0%	1.0
CD004414	recall@56.0%	1.0
CD004414	recall@57.0%	1.0
CD004414	recall@58.0%	1.0
CD004414	recall@59.0%	1.0
CD004414	recall@60.0%	1.0
CD004414	recall@61.0%	1.0
CD004414	recall@62.0%	1.0
CD004414	recall@63.0%	1.0
CD004414	recall@64.0%	1.0
CD004414	recall@65.0%	1.0
CD004414	recall@66.0%	1.0
CD004414	recall@67.0%	1.0
CD004414	recall@68.0%	1.0
CD004414	recall@69.0%	1.0
CD004414	recall@70.0%	1.0
CD004414	recall@71.0%	1.0
CD004414	recall@72.0%	1.0
CD004414	recall@73.0%	1.0
CD004414	recall@74.0%	1.0
CD004414	recall@75.0%	1.0
CD004414	recall@76.0%	1.0
CD004414	recall@77.0%	1.0
CD004414	recall@78.0%	1.0
CD004414	recall@79.0%	1.0
CD004414	recall@80.0%	1.0
CD004414	recall@81.0%	1.0
CD004414	recall@82.0%	1.0
CD004414	recall@83.0%	1.0
CD004414	recall@84.0%	1.0
CD004414	recall@85.0%	1.0
CD004414	recall@86.0%	1.0
CD004414	recall@87.0%	1.0
CD004414	recall@88.0%	1.0
CD004414	recall@89.0%	1.0
CD004414	recall@90.0%	1.0
CD004414	recall@91.0%	1.0
CD004414	recall@92.0%	1.0
CD004414	recall@93.0%	1.0
CD004414	recall@94.0%	1.0
CD004414	recall@95.0%	1.0
CD004414	recall@96.0%	1.0
CD004414	recall@97.0%	1.0
CD004414	recall@98.0%	1.0
CD004414	recall@99.0%	1.0
CD004414	recall@100.0%	1.0
CD004414	total_cost	196.0
CD004414	norm_area	0.954
CD004414	ap	0.239
CD004414	r	1.0
CD004414	loss_e	0.873
CD004414	loss_r	0.0
CD004414	loss_er	0.873
CD006468	num_shown	3874
CD006468	rels_found	12
CD006468	num_rels	12
CD006468	last_rel	258
CD006468	norm_last_rel	0.067
CD006468	threshold	2967
CD006468	norm_threshold	0.766
CD006468	wss_100	0.933
CD006468	wss_95	0.926
CD006468	cg_total	12.0
CD006468	cg_max	12.0
CD006468	cg_threshold	12.0
CD006468	recall_threshold	1.0
CD006468	threshold	2967
CD006468	recall@1.0%	0.083
CD006468	recall@2.0%	0.833
CD006468	recall@3.0%	0.917
CD006468	recall@4.0%	0.917
CD006468	recall@5.0%	0.917
CD006468	recall@6.0%	0.917
CD006468	recall@7.0%	1.0
CD006468	recall@8.0%	1.0
CD006468	recall@9.0%	1.0
CD006468	recall@10.0%	1.0
CD006468	recall@11.0%	1.0
CD006468	recall@12.0%	1.0
CD006468	recall@13.0%	1.0
CD006468	recall@14.0%	1.0
CD006468	recall@15.0%	1.0
CD006468	recall@16.0%	1.0
CD006468	recall@17.0%	1.0
CD006468	recall@18.0%	1.0
CD006468	recall@19.0%	1.0
CD006468	recall@20.0%	1.0
CD006468	recall@21.0%	1.0
CD006468	recall@22.0%	1.0
CD006468	recall@23.0%	1.0
CD006468	recall@24.0%	1.0
CD006468	recall@25.0%	1.0
CD006468	recall@26.0%	1.0
CD006468	recall@27.0%	1.0
CD006468	recall@28.0%	1.0
CD006468	recall@29.0%	1.0
CD006468	recall@30.0%	1.0
CD006468	recall@31.0%	1.0
CD006468	recall@32.0%	1.0
CD006468	recall@33.0%	1.0
CD006468	recall@34.0%	1.0
CD006468	recall@35.0%	1.0
CD006468	recall@36.0%	1.0
CD006468	recall@37.0%	1.0
CD006468	recall@38.0%	1.0
CD006468	recall@39.0%	1.0
CD006468	recall@40.0%	1.0
CD006468	recall@41.0%	1.0
CD006468	recall@42.0%	1.0
CD006468	recall@43.0%	1.0
CD006468	recall@44.0%	1.0
CD006468	recall@45.0%	1.0
CD006468	recall@46.0%	1.0
CD006468	recall@47.0%	1.0
CD006468	recall@48.0%	1.0
CD006468	recall@49.0%	1.0
CD006468	recall@50.0%	1.0
CD006468	recall@51.0%	1.0
CD006468	recall@52.0%	1.0
CD006468	recall@53.0%	1.0
CD006468	recall@54.0%	1.0
CD006468	recall@55.0%	1.0
CD006468	recall@56.0%	1.0
CD006468	recall@57.0%	1.0
CD006468	recall@58.0%	1.0
CD006468	recall@59.0%	1.0
CD006468	recall@60.0%	1.0
CD006468	recall@61.0%	1.0
CD006468	recall@62.0%	1.0
CD006468	recall@63.0%	1.0
CD006468	recall@64.0%	1.0
CD006468	recall@65.0%	1.0
CD006468	recall@66.0%	1.0
CD006468	recall@67.0%	1.0
CD006468	recall@68.0%	1.0
CD006468	recall@69.0%	1.0
CD006468	recall@70.0%	1.0
CD006468	recall@71.0%	1.0
CD006468	recall@72.0%	1.0
CD006468	recall@73.0%	1.0
CD006468	recall@74.0%	1.0
CD006468	recall@75.0%	1.0
CD006468	recall@76.0%	1.0
CD006468	recall@77.0%	1.0
CD006468	recall@78.0%	1.0
CD006468	recall@79.0%	1.0
CD006468	recall@80.0%	1.0
CD006468	recall@81.0%	1.0
CD006468	recall@82.0%	1.0
CD006468	recall@83.0%	1.0
CD006468	recall@84.0%	1.0
CD006468	recall@85.0%	1.0
CD006468	recall@86.0%	1.0
CD006468	recall@87.0%	1.0
CD006468	recall@88.0%	1.0
CD006468	recall@89.0%	1.0
CD006468	recall@90.0%	1.0
CD006468	recall@91.0%	1.0
CD006468	recall@92.0%	1.0
CD006468	recall@93.0%	1.0
CD006468	recall@94.0%	1.0
CD006468	recall@95.0%	1.0
CD006468	recall@96.0%	1.0
CD006468	recall@97.0%	1.0
CD006468	recall@98.0%	1.0
CD006468	recall@99.0%	1.0
CD006468	recall@100.0%	1.0
CD006468	total_cost	2727.0
CD006468	norm_area	0.984
CD006468	ap	0.109
CD006468	r	1.0
CD006468	loss_e	0.468
CD006468	loss_r	0.0
CD006468	loss_er	0.468
CD007867	num_shown	943
CD007867	rels_found	9
CD007867	num_rels	9
CD007867	last_rel	158
CD007867	norm_last_rel	0.168
CD007867	threshold	943
CD007867	norm_threshold	1.0
CD007867	wss_100	0.832
CD007867	wss_95	0.782
CD007867	cg_total	9.0
CD007867	cg_max	9.0
CD007867	cg_threshold	9.0
CD007867	recall_threshold	1.0
CD007867	threshold	943
CD007867	recall@1.0%	0.0
CD007867	recall@2.0%	0.222
CD007867	recall@3.0%	0.222
CD007867	recall@4.0%	0.222
CD007867	recall@5.0%	0.333
CD007867	recall@6.0%	0.333
CD007867	recall@7.0%	0.556
CD007867	recall@8.0%	0.556
CD007867	recall@9.0%	0.556
CD007867	recall@10.0%	0.556
CD007867	recall@11.0%	0.556
CD007867	recall@12.0%	0.556
CD007867	recall@13.0%	0.556
CD007867	recall@14.0%	0.667
CD007867	recall@15.0%	0.778
CD007867	recall@16.0%	0.778
CD007867	recall@17.0%	1.0
CD007867	recall@18.0%	1.0
CD007867	recall@19.0%	1.0
CD007867	recall@20.0%	1.0
CD007867	recall@21.0%	1.0
CD007867	recall@22.0%	1.0
CD007867	recall@23.0%	1.0
CD007867	recall@24.0%	1.0
CD007867	recall@25.0%	1.0
CD007867	recall@26.0%	1.0
CD007867	recall@27.0%	1.0
CD007867	recall@28.0%	1.0
CD007867	recall@29.0%	1.0
CD007867	recall@30.0%	1.0
CD007867	recall@31.0%	1.0
CD007867	recall@32.0%	1.0
CD007867	recall@33.0%	1.0
CD007867	recall@34.0%	1.0
CD007867	recall@35.0%	1.0
CD007867	recall@36.0%	1.0
CD007867	recall@37.0%	1.0
CD007867	recall@38.0%	1.0
CD007867	recall@39.0%	1.0
CD007867	recall@40.0%	1.0
CD007867	recall@41.0%	1.0
CD007867	recall@42.0%	1.0
CD007867	recall@43.0%	1.0
CD007867	recall@44.0%	1.0
CD007867	recall@45.0%	1.0
CD007867	recall@46.0%	1.0
CD007867	recall@47.0%	1.0
CD007867	recall@48.0%	1.0
CD007867	recall@49.0%	1.0
CD007867	recall@50.0%	1.0
CD007867	recall@51.0%	1.0
CD007867	recall@52.0%	1.0
CD007867	recall@53.0%	1.0
CD007867	recall@54.0%	1.0
CD007867	recall@55.0%	1.0
CD007867	recall@56.0%	1.0
CD007867	recall@57.0%	1.0
CD007867	recall@58.0%	1.0
CD007867	recall@59.0%	1.0
CD007867	recall@60.0%	1.0
CD007867	recall@61.0%	1.0
CD007867	recall@62.0%	1.0
CD007867	recall@63.0%	1.0
CD007867	recall@64.0%	1.0
CD007867	recall@65.0%	1.0
CD007867	recall@66.0%	1.0
CD007867	recall@67.0%	1.0
CD007867	recall@68.0%	1.0
CD007867	recall@69.0%	1.0
CD007867	recall@70.0%	1.0
CD007867	recall@71.0%	1.0
CD007867	recall@72.0%	1.0
CD007867	recall@73.0%	1.0
CD007867	recall@74.0%	1.0
CD007867	recall@75.0%	1.0
CD007867	recall@76.0%	1.0
CD007867	recall@77.0%	1.0
CD007867	recall@78.0%	1.0
CD007867	recall@79.0%	1.0
CD007867	recall@80.0%	1.0
CD007867	recall@81.0%	1.0
CD007867	recall@82.0%	1.0
CD007867	recall@83.0%	1.0
CD007867	recall@84.0%	1.0
CD007867	recall@85.0%	1.0
CD007867	recall@86.0%	1.0
CD007867	recall@87.0%	1.0
CD007867	recall@88.0%	1.0
CD007867	recall@89.0%	1.0
CD007867	recall@90.0%	1.0
CD007867	recall@91.0%	1.0
CD007867	recall@92.0%	1.0
CD007867	recall@93.0%	1.0
CD007867	recall@94.0%	1.0
CD007867	recall@95.0%	1.0
CD007867	recall@96.0%	1.0
CD007867	recall@97.0%	1.0
CD007867	recall@98.0%	1.0
CD007867	recall@99.0%	1.0
CD007867	recall@100.0%	1.0
CD007867	total_cost	763.0
CD007867	norm_area	0.913
CD007867	ap	0.067
CD007867	r	1.0
CD007867	loss_e	0.842
CD007867	loss_r	0.0
CD007867	loss_er	0.842
Skipping topic: CD008874
Skipping topic: CD009044
CD009069	num_shown	1757
CD009069	rels_found	5
CD009069	num_rels	5
CD009069	last_rel	223
CD009069	norm_last_rel	0.127
CD009069	threshold	1757
CD009069	norm_threshold	1.0
CD009069	wss_100	0.873
CD009069	wss_95	0.823
CD009069	cg_total	5.0
CD009069	cg_max	5.0
CD009069	cg_threshold	5.0
CD009069	recall_threshold	1.0
CD009069	threshold	1757
CD009069	recall@1.0%	0.0
CD009069	recall@2.0%	0.4
CD009069	recall@3.0%	0.6
CD009069	recall@4.0%	0.8
CD009069	recall@5.0%	0.8
CD009069	recall@6.0%	0.8
CD009069	recall@7.0%	0.8
CD009069	recall@8.0%	0.8
CD009069	recall@9.0%	0.8
CD009069	recall@10.0%	0.8
CD009069	recall@11.0%	0.8
CD009069	recall@12.0%	0.8
CD009069	recall@13.0%	1.0
CD009069	recall@14.0%	1.0
CD009069	recall@15.0%	1.0
CD009069	recall@16.0%	1.0
CD009069	recall@17.0%	1.0
CD009069	recall@18.0%	1.0
CD009069	recall@19.0%	1.0
CD009069	recall@20.0%	1.0
CD009069	recall@21.0%	1.0
CD009069	recall@22.0%	1.0
CD009069	recall@23.0%	1.0
CD009069	recall@24.0%	1.0
CD009069	recall@25.0%	1.0
CD009069	recall@26.0%	1.0
CD009069	recall@27.0%	1.0
CD009069	recall@28.0%	1.0
CD009069	recall@29.0%	1.0
CD009069	recall@30.0%	1.0
CD009069	recall@31.0%	1.0
CD009069	recall@32.0%	1.0
CD009069	recall@33.0%	1.0
CD009069	recall@34.0%	1.0
CD009069	recall@35.0%	1.0
CD009069	recall@36.0%	1.0
CD009069	recall@37.0%	1.0
CD009069	recall@38.0%	1.0
CD009069	recall@39.0%	1.0
CD009069	recall@40.0%	1.0
CD009069	recall@41.0%	1.0
CD009069	recall@42.0%	1.0
CD009069	recall@43.0%	1.0
CD009069	recall@44.0%	1.0
CD009069	recall@45.0%	1.0
CD009069	recall@46.0%	1.0
CD009069	recall@47.0%	1.0
CD009069	recall@48.0%	1.0
CD009069	recall@49.0%	1.0
CD009069	recall@50.0%	1.0
CD009069	recall@51.0%	1.0
CD009069	recall@52.0%	1.0
CD009069	recall@53.0%	1.0
CD009069	recall@54.0%	1.0
CD009069	recall@55.0%	1.0
CD009069	recall@56.0%	1.0
CD009069	recall@57.0%	1.0
CD009069	recall@58.0%	1.0
CD009069	recall@59.0%	1.0
CD009069	recall@60.0%	1.0
CD009069	recall@61.0%	1.0
CD009069	recall@62.0%	1.0
CD009069	recall@63.0%	1.0
CD009069	recall@64.0%	1.0
CD009069	recall@65.0%	1.0
CD009069	recall@66.0%	1.0
CD009069	recall@67.0%	1.0
CD009069	recall@68.0%	1.0
CD009069	recall@69.0%	1.0
CD009069	recall@70.0%	1.0
CD009069	recall@71.0%	1.0
CD009069	recall@72.0%	1.0
CD009069	recall@73.0%	1.0
CD009069	recall@74.0%	1.0
CD009069	recall@75.0%	1.0
CD009069	recall@76.0%	1.0
CD009069	recall@77.0%	1.0
CD009069	recall@78.0%	1.0
CD009069	recall@79.0%	1.0
CD009069	recall@80.0%	1.0
CD009069	recall@81.0%	1.0
CD009069	recall@82.0%	1.0
CD009069	recall@83.0%	1.0
CD009069	recall@84.0%	1.0
CD009069	recall@85.0%	1.0
CD009069	recall@86.0%	1.0
CD009069	recall@87.0%	1.0
CD009069	recall@88.0%	1.0
CD009069	recall@89.0%	1.0
CD009069	recall@90.0%	1.0
CD009069	recall@91.0%	1.0
CD009069	recall@92.0%	1.0
CD009069	recall@93.0%	1.0
CD009069	recall@94.0%	1.0
CD009069	recall@95.0%	1.0
CD009069	recall@96.0%	1.0
CD009069	recall@97.0%	1.0
CD009069	recall@98.0%	1.0
CD009069	recall@99.0%	1.0
CD009069	recall@100.0%	1.0
CD009069	total_cost	1657.0
CD009069	norm_area	0.957
CD009069	ap	0.049
CD009069	r	1.0
CD009069	loss_e	0.907
CD009069	loss_r	0.0
CD009069	loss_er	0.907
CD009642	num_shown	1922
CD009642	rels_found	50
CD009642	num_rels	50
CD009642	last_rel	832
CD009642	norm_last_rel	0.433
CD009642	threshold	1922
CD009642	norm_threshold	1.0
CD009642	wss_100	0.567
CD009642	wss_95	0.84
CD009642	cg_total	50.0
CD009642	cg_max	50.0
CD009642	cg_threshold	50.0
CD009642	recall_threshold	1.0
CD009642	threshold	1922
CD009642	recall@1.0%	0.26
CD009642	recall@2.0%	0.48
CD009642	recall@3.0%	0.58
CD009642	recall@4.0%	0.62
CD009642	recall@5.0%	0.7
CD009642	recall@6.0%	0.8
CD009642	recall@7.0%	0.86
CD009642	recall@8.0%	0.88
CD009642	recall@9.0%	0.9
CD009642	recall@10.0%	0.94
CD009642	recall@11.0%	0.96
CD009642	recall@12.0%	0.96
CD009642	recall@13.0%	0.96
CD009642	recall@14.0%	0.96
CD009642	recall@15.0%	0.96
CD009642	recall@16.0%	0.96
CD009642	recall@17.0%	0.96
CD009642	recall@18.0%	0.96
CD009642	recall@19.0%	0.96
CD009642	recall@20.0%	0.96
CD009642	recall@21.0%	0.96
CD009642	recall@22.0%	0.96
CD009642	recall@23.0%	0.96
CD009642	recall@24.0%	0.96
CD009642	recall@25.0%	0.96
CD009642	recall@26.0%	0.96
CD009642	recall@27.0%	0.96
CD009642	recall@28.0%	0.96
CD009642	recall@29.0%	0.96
CD009642	recall@30.0%	0.96
CD009642	recall@31.0%	0.96
CD009642	recall@32.0%	0.96
CD009642	recall@33.0%	0.96
CD009642	recall@34.0%	0.96
CD009642	recall@35.0%	0.96
CD009642	recall@36.0%	0.96
CD009642	recall@37.0%	0.96
CD009642	recall@38.0%	0.96
CD009642	recall@39.0%	0.96
CD009642	recall@40.0%	0.96
CD009642	recall@41.0%	0.98
CD009642	recall@42.0%	0.98
CD009642	recall@43.0%	0.98
CD009642	recall@44.0%	1.0
CD009642	recall@45.0%	1.0
CD009642	recall@46.0%	1.0
CD009642	recall@47.0%	1.0
CD009642	recall@48.0%	1.0
CD009642	recall@49.0%	1.0
CD009642	recall@50.0%	1.0
CD009642	recall@51.0%	1.0
CD009642	recall@52.0%	1.0
CD009642	recall@53.0%	1.0
CD009642	recall@54.0%	1.0
CD009642	recall@55.0%	1.0
CD009642	recall@56.0%	1.0
CD009642	recall@57.0%	1.0
CD009642	recall@58.0%	1.0
CD009642	recall@59.0%	1.0
CD009642	recall@60.0%	1.0
CD009642	recall@61.0%	1.0
CD009642	recall@62.0%	1.0
CD009642	recall@63.0%	1.0
CD009642	recall@64.0%	1.0
CD009642	recall@65.0%	1.0
CD009642	recall@66.0%	1.0
CD009642	recall@67.0%	1.0
CD009642	recall@68.0%	1.0
CD009642	recall@69.0%	1.0
CD009642	recall@70.0%	1.0
CD009642	recall@71.0%	1.0
CD009642	recall@72.0%	1.0
CD009642	recall@73.0%	1.0
CD009642	recall@74.0%	1.0
CD009642	recall@75.0%	1.0
CD009642	recall@76.0%	1.0
CD009642	recall@77.0%	1.0
CD009642	recall@78.0%	1.0
CD009642	recall@79.0%	1.0
CD009642	recall@80.0%	1.0
CD009642	recall@81.0%	1.0
CD009642	recall@82.0%	1.0
CD009642	recall@83.0%	1.0
CD009642	recall@84.0%	1.0
CD009642	recall@85.0%	1.0
CD009642	recall@86.0%	1.0
CD009642	recall@87.0%	1.0
CD009642	recall@88.0%	1.0
CD009642	recall@89.0%	1.0
CD009642	recall@90.0%	1.0
CD009642	recall@91.0%	1.0
CD009642	recall@92.0%	1.0
CD009642	recall@93.0%	1.0
CD009642	recall@94.0%	1.0
CD009642	recall@95.0%	1.0
CD009642	recall@96.0%	1.0
CD009642	recall@97.0%	1.0
CD009642	recall@98.0%	1.0
CD009642	recall@99.0%	1.0
CD009642	recall@100.0%	1.0
CD009642	total_cost	922.0
CD009642	norm_area	0.966
CD009642	ap	0.499
CD009642	r	1.0
CD009642	loss_e	0.444
CD009642	loss_r	0.0
CD009642	loss_er	0.444
CD010038	num_shown	8867
CD010038	rels_found	9
CD010038	num_rels	9
CD010038	last_rel	1749
CD010038	norm_last_rel	0.197
CD010038	threshold	2979
CD010038	norm_threshold	0.336
CD010038	wss_100	0.803
CD010038	wss_95	0.753
CD010038	cg_total	9.0
CD010038	cg_max	9.0
CD010038	cg_threshold	9.0
CD010038	recall_threshold	1.0
CD010038	threshold	2979
CD010038	recall@1.0%	0.444
CD010038	recall@2.0%	0.667
CD010038	recall@3.0%	0.778
CD010038	recall@4.0%	0.889
CD010038	recall@5.0%	0.889
CD010038	recall@6.0%	0.889
CD010038	recall@7.0%	0.889
CD010038	recall@8.0%	0.889
CD010038	recall@9.0%	0.889
CD010038	recall@10.0%	0.889
CD010038	recall@11.0%	0.889
CD010038	recall@12.0%	0.889
CD010038	recall@13.0%	0.889
CD010038	recall@14.0%	0.889
CD010038	recall@15.0%	0.889
CD010038	recall@16.0%	0.889
CD010038	recall@17.0%	0.889
CD010038	recall@18.0%	0.889
CD010038	recall@19.0%	0.889
CD010038	recall@20.0%	1.0
CD010038	recall@21.0%	1.0
CD010038	recall@22.0%	1.0
CD010038	recall@23.0%	1.0
CD010038	recall@24.0%	1.0
CD010038	recall@25.0%	1.0
CD010038	recall@26.0%	1.0
CD010038	recall@27.0%	1.0
CD010038	recall@28.0%	1.0
CD010038	recall@29.0%	1.0
CD010038	recall@30.0%	1.0
CD010038	recall@31.0%	1.0
CD010038	recall@32.0%	1.0
CD010038	recall@33.0%	1.0
CD010038	recall@34.0%	1.0
CD010038	recall@35.0%	1.0
CD010038	recall@36.0%	1.0
CD010038	recall@37.0%	1.0
CD010038	recall@38.0%	1.0
CD010038	recall@39.0%	1.0
CD010038	recall@40.0%	1.0
CD010038	recall@41.0%	1.0
CD010038	recall@42.0%	1.0
CD010038	recall@43.0%	1.0
CD010038	recall@44.0%	1.0
CD010038	recall@45.0%	1.0
CD010038	recall@46.0%	1.0
CD010038	recall@47.0%	1.0
CD010038	recall@48.0%	1.0
CD010038	recall@49.0%	1.0
CD010038	recall@50.0%	1.0
CD010038	recall@51.0%	1.0
CD010038	recall@52.0%	1.0
CD010038	recall@53.0%	1.0
CD010038	recall@54.0%	1.0
CD010038	recall@55.0%	1.0
CD010038	recall@56.0%	1.0
CD010038	recall@57.0%	1.0
CD010038	recall@58.0%	1.0
CD010038	recall@59.0%	1.0
CD010038	recall@60.0%	1.0
CD010038	recall@61.0%	1.0
CD010038	recall@62.0%	1.0
CD010038	recall@63.0%	1.0
CD010038	recall@64.0%	1.0
CD010038	recall@65.0%	1.0
CD010038	recall@66.0%	1.0
CD010038	recall@67.0%	1.0
CD010038	recall@68.0%	1.0
CD010038	recall@69.0%	1.0
CD010038	recall@70.0%	1.0
CD010038	recall@71.0%	1.0
CD010038	recall@72.0%	1.0
CD010038	recall@73.0%	1.0
CD010038	recall@74.0%	1.0
CD010038	recall@75.0%	1.0
CD010038	recall@76.0%	1.0
CD010038	recall@77.0%	1.0
CD010038	recall@78.0%	1.0
CD010038	recall@79.0%	1.0
CD010038	recall@80.0%	1.0
CD010038	recall@81.0%	1.0
CD010038	recall@82.0%	1.0
CD010038	recall@83.0%	1.0
CD010038	recall@84.0%	1.0
CD010038	recall@85.0%	1.0
CD010038	recall@86.0%	1.0
CD010038	recall@87.0%	1.0
CD010038	recall@88.0%	1.0
CD010038	recall@89.0%	1.0
CD010038	recall@90.0%	1.0
CD010038	recall@91.0%	1.0
CD010038	recall@92.0%	1.0
CD010038	recall@93.0%	1.0
CD010038	recall@94.0%	1.0
CD010038	recall@95.0%	1.0
CD010038	recall@96.0%	1.0
CD010038	recall@97.0%	1.0
CD010038	recall@98.0%	1.0
CD010038	recall@99.0%	1.0
CD010038	recall@100.0%	1.0
CD010038	total_cost	2799.0
CD010038	norm_area	0.966
CD010038	ap	0.035
CD010038	r	1.0
CD010038	loss_e	0.095
CD010038	loss_r	0.0
CD010038	loss_er	0.095
CD010239	num_shown	224
CD010239	rels_found	10
CD010239	num_rels	10
CD010239	last_rel	14
CD010239	norm_last_rel	0.062
CD010239	threshold	224
CD010239	norm_threshold	1.0
CD010239	wss_100	0.938
CD010239	wss_95	0.887
CD010239	cg_total	10.0
CD010239	cg_max	10.0
CD010239	cg_threshold	10.0
CD010239	recall_threshold	1.0
CD010239	threshold	224
CD010239	recall@1.0%	0.2
CD010239	recall@2.0%	0.3
CD010239	recall@3.0%	0.6
CD010239	recall@4.0%	0.7
CD010239	recall@5.0%	0.8
CD010239	recall@6.0%	0.9
CD010239	recall@7.0%	1.0
CD010239	recall@8.0%	1.0
CD010239	recall@9.0%	1.0
CD010239	recall@10.0%	1.0
CD010239	recall@11.0%	1.0
CD010239	recall@12.0%	1.0
CD010239	recall@13.0%	1.0
CD010239	recall@14.0%	1.0
CD010239	recall@15.0%	1.0
CD010239	recall@16.0%	1.0
CD010239	recall@17.0%	1.0
CD010239	recall@18.0%	1.0
CD010239	recall@19.0%	1.0
CD010239	recall@20.0%	1.0
CD010239	recall@21.0%	1.0
CD010239	recall@22.0%	1.0
CD010239	recall@23.0%	1.0
CD010239	recall@24.0%	1.0
CD010239	recall@25.0%	1.0
CD010239	recall@26.0%	1.0
CD010239	recall@27.0%	1.0
CD010239	recall@28.0%	1.0
CD010239	recall@29.0%	1.0
CD010239	recall@30.0%	1.0
CD010239	recall@31.0%	1.0
CD010239	recall@32.0%	1.0
CD010239	recall@33.0%	1.0
CD010239	recall@34.0%	1.0
CD010239	recall@35.0%	1.0
CD010239	recall@36.0%	1.0
CD010239	recall@37.0%	1.0
CD010239	recall@38.0%	1.0
CD010239	recall@39.0%	1.0
CD010239	recall@40.0%	1.0
CD010239	recall@41.0%	1.0
CD010239	recall@42.0%	1.0
CD010239	recall@43.0%	1.0
CD010239	recall@44.0%	1.0
CD010239	recall@45.0%	1.0
CD010239	recall@46.0%	1.0
CD010239	recall@47.0%	1.0
CD010239	recall@48.0%	1.0
CD010239	recall@49.0%	1.0
CD010239	recall@50.0%	1.0
CD010239	recall@51.0%	1.0
CD010239	recall@52.0%	1.0
CD010239	recall@53.0%	1.0
CD010239	recall@54.0%	1.0
CD010239	recall@55.0%	1.0
CD010239	recall@56.0%	1.0
CD010239	recall@57.0%	1.0
CD010239	recall@58.0%	1.0
CD010239	recall@59.0%	1.0
CD010239	recall@60.0%	1.0
CD010239	recall@61.0%	1.0
CD010239	recall@62.0%	1.0
CD010239	recall@63.0%	1.0
CD010239	recall@64.0%	1.0
CD010239	recall@65.0%	1.0
CD010239	recall@66.0%	1.0
CD010239	recall@67.0%	1.0
CD010239	recall@68.0%	1.0
CD010239	recall@69.0%	1.0
CD010239	recall@70.0%	1.0
CD010239	recall@71.0%	1.0
CD010239	recall@72.0%	1.0
CD010239	recall@73.0%	1.0
CD010239	recall@74.0%	1.0
CD010239	recall@75.0%	1.0
CD010239	recall@76.0%	1.0
CD010239	recall@77.0%	1.0
CD010239	recall@78.0%	1.0
CD010239	recall@79.0%	1.0
CD010239	recall@80.0%	1.0
CD010239	recall@81.0%	1.0
CD010239	recall@82.0%	1.0
CD010239	recall@83.0%	1.0
CD010239	recall@84.0%	1.0
CD010239	recall@85.0%	1.0
CD010239	recall@86.0%	1.0
CD010239	recall@87.0%	1.0
CD010239	recall@88.0%	1.0
CD010239	recall@89.0%	1.0
CD010239	recall@90.0%	1.0
CD010239	recall@91.0%	1.0
CD010239	recall@92.0%	1.0
CD010239	recall@93.0%	1.0
CD010239	recall@94.0%	1.0
CD010239	recall@95.0%	1.0
CD010239	recall@96.0%	1.0
CD010239	recall@97.0%	1.0
CD010239	recall@98.0%	1.0
CD010239	recall@99.0%	1.0
CD010239	recall@100.0%	1.0
CD010239	total_cost	24.0
CD010239	norm_area	0.993
CD010239	ap	0.821
CD010239	r	1.0
CD010239	loss_e	0.826
CD010239	loss_r	0.0
CD010239	loss_er	0.826
CD010558	num_shown	2815
CD010558	rels_found	10
CD010558	num_rels	10
CD010558	last_rel	178
CD010558	norm_last_rel	0.063
CD010558	threshold	2815
CD010558	norm_threshold	1.0
CD010558	wss_100	0.937
CD010558	wss_95	0.887
CD010558	cg_total	10.0
CD010558	cg_max	10.0
CD010558	cg_threshold	10.0
CD010558	recall_threshold	1.0
CD010558	threshold	2815
CD010558	recall@1.0%	0.2
CD010558	recall@2.0%	0.2
CD010558	recall@3.0%	0.2
CD010558	recall@4.0%	0.3
CD010558	recall@5.0%	0.4
CD010558	recall@6.0%	0.9
CD010558	recall@7.0%	1.0
CD010558	recall@8.0%	1.0
CD010558	recall@9.0%	1.0
CD010558	recall@10.0%	1.0
CD010558	recall@11.0%	1.0
CD010558	recall@12.0%	1.0
CD010558	recall@13.0%	1.0
CD010558	recall@14.0%	1.0
CD010558	recall@15.0%	1.0
CD010558	recall@16.0%	1.0
CD010558	recall@17.0%	1.0
CD010558	recall@18.0%	1.0
CD010558	recall@19.0%	1.0
CD010558	recall@20.0%	1.0
CD010558	recall@21.0%	1.0
CD010558	recall@22.0%	1.0
CD010558	recall@23.0%	1.0
CD010558	recall@24.0%	1.0
CD010558	recall@25.0%	1.0
CD010558	recall@26.0%	1.0
CD010558	recall@27.0%	1.0
CD010558	recall@28.0%	1.0
CD010558	recall@29.0%	1.0
CD010558	recall@30.0%	1.0
CD010558	recall@31.0%	1.0
CD010558	recall@32.0%	1.0
CD010558	recall@33.0%	1.0
CD010558	recall@34.0%	1.0
CD010558	recall@35.0%	1.0
CD010558	recall@36.0%	1.0
CD010558	recall@37.0%	1.0
CD010558	recall@38.0%	1.0
CD010558	recall@39.0%	1.0
CD010558	recall@40.0%	1.0
CD010558	recall@41.0%	1.0
CD010558	recall@42.0%	1.0
CD010558	recall@43.0%	1.0
CD010558	recall@44.0%	1.0
CD010558	recall@45.0%	1.0
CD010558	recall@46.0%	1.0
CD010558	recall@47.0%	1.0
CD010558	recall@48.0%	1.0
CD010558	recall@49.0%	1.0
CD010558	recall@50.0%	1.0
CD010558	recall@51.0%	1.0
CD010558	recall@52.0%	1.0
CD010558	recall@53.0%	1.0
CD010558	recall@54.0%	1.0
CD010558	recall@55.0%	1.0
CD010558	recall@56.0%	1.0
CD010558	recall@57.0%	1.0
CD010558	recall@58.0%	1.0
CD010558	recall@59.0%	1.0
CD010558	recall@60.0%	1.0
CD010558	recall@61.0%	1.0
CD010558	recall@62.0%	1.0
CD010558	recall@63.0%	1.0
CD010558	recall@64.0%	1.0
CD010558	recall@65.0%	1.0
CD010558	recall@66.0%	1.0
CD010558	recall@67.0%	1.0
CD010558	recall@68.0%	1.0
CD010558	recall@69.0%	1.0
CD010558	recall@70.0%	1.0
CD010558	recall@71.0%	1.0
CD010558	recall@72.0%	1.0
CD010558	recall@73.0%	1.0
CD010558	recall@74.0%	1.0
CD010558	recall@75.0%	1.0
CD010558	recall@76.0%	1.0
CD010558	recall@77.0%	1.0
CD010558	recall@78.0%	1.0
CD010558	recall@79.0%	1.0
CD010558	recall@80.0%	1.0
CD010558	recall@81.0%	1.0
CD010558	recall@82.0%	1.0
CD010558	recall@83.0%	1.0
CD010558	recall@84.0%	1.0
CD010558	recall@85.0%	1.0
CD010558	recall@86.0%	1.0
CD010558	recall@87.0%	1.0
CD010558	recall@88.0%	1.0
CD010558	recall@89.0%	1.0
CD010558	recall@90.0%	1.0
CD010558	recall@91.0%	1.0
CD010558	recall@92.0%	1.0
CD010558	recall@93.0%	1.0
CD010558	recall@94.0%	1.0
CD010558	recall@95.0%	1.0
CD010558	recall@96.0%	1.0
CD010558	recall@97.0%	1.0
CD010558	recall@98.0%	1.0
CD010558	recall@99.0%	1.0
CD010558	recall@100.0%	1.0
CD010558	total_cost	2615.0
CD010558	norm_area	0.959
CD010558	ap	0.056
CD010558	r	1.0
CD010558	loss_e	0.826
CD010558	loss_r	0.0
CD010558	loss_er	0.826
CD010753	num_shown	2539
CD010753	rels_found	20
CD010753	num_rels	20
CD010753	last_rel	1082
CD010753	norm_last_rel	0.426
CD010753	threshold	2539
CD010753	norm_threshold	1.0
CD010753	wss_100	0.574
CD010753	wss_95	0.541
CD010753	cg_total	20.0
CD010753	cg_max	20.0
CD010753	cg_threshold	20.0
CD010753	recall_threshold	1.0
CD010753	threshold	2539
CD010753	recall@1.0%	0.0
CD010753	recall@2.0%	0.0
CD010753	recall@3.0%	0.0
CD010753	recall@4.0%	0.05
CD010753	recall@5.0%	0.1
CD010753	recall@6.0%	0.1
CD010753	recall@7.0%	0.1
CD010753	recall@8.0%	0.25
CD010753	recall@9.0%	0.3
CD010753	recall@10.0%	0.3
CD010753	recall@11.0%	0.4
CD010753	recall@12.0%	0.6
CD010753	recall@13.0%	0.7
CD010753	recall@14.0%	0.7
CD010753	recall@15.0%	0.7
CD010753	recall@16.0%	0.7
CD010753	recall@17.0%	0.7
CD010753	recall@18.0%	0.7
CD010753	recall@19.0%	0.7
CD010753	recall@20.0%	0.7
CD010753	recall@21.0%	0.7
CD010753	recall@22.0%	0.75
CD010753	recall@23.0%	0.75
CD010753	recall@24.0%	0.75
CD010753	recall@25.0%	0.8
CD010753	recall@26.0%	0.8
CD010753	recall@27.0%	0.85
CD010753	recall@28.0%	0.85
CD010753	recall@29.0%	0.85
CD010753	recall@30.0%	0.85
CD010753	recall@31.0%	0.85
CD010753	recall@32.0%	0.85
CD010753	recall@33.0%	0.85
CD010753	recall@34.0%	0.85
CD010753	recall@35.0%	0.85
CD010753	recall@36.0%	0.85
CD010753	recall@37.0%	0.85
CD010753	recall@38.0%	0.85
CD010753	recall@39.0%	0.85
CD010753	recall@40.0%	0.9
CD010753	recall@41.0%	0.95
CD010753	recall@42.0%	0.95
CD010753	recall@43.0%	1.0
CD010753	recall@44.0%	1.0
CD010753	recall@45.0%	1.0
CD010753	recall@46.0%	1.0
CD010753	recall@47.0%	1.0
CD010753	recall@48.0%	1.0
CD010753	recall@49.0%	1.0
CD010753	recall@50.0%	1.0
CD010753	recall@51.0%	1.0
CD010753	recall@52.0%	1.0
CD010753	recall@53.0%	1.0
CD010753	recall@54.0%	1.0
CD010753	recall@55.0%	1.0
CD010753	recall@56.0%	1.0
CD010753	recall@57.0%	1.0
CD010753	recall@58.0%	1.0
CD010753	recall@59.0%	1.0
CD010753	recall@60.0%	1.0
CD010753	recall@61.0%	1.0
CD010753	recall@62.0%	1.0
CD010753	recall@63.0%	1.0
CD010753	recall@64.0%	1.0
CD010753	recall@65.0%	1.0
CD010753	recall@66.0%	1.0
CD010753	recall@67.0%	1.0
CD010753	recall@68.0%	1.0
CD010753	recall@69.0%	1.0
CD010753	recall@70.0%	1.0
CD010753	recall@71.0%	1.0
CD010753	recall@72.0%	1.0
CD010753	recall@73.0%	1.0
CD010753	recall@74.0%	1.0
CD010753	recall@75.0%	1.0
CD010753	recall@76.0%	1.0
CD010753	recall@77.0%	1.0
CD010753	recall@78.0%	1.0
CD010753	recall@79.0%	1.0
CD010753	recall@80.0%	1.0
CD010753	recall@81.0%	1.0
CD010753	recall@82.0%	1.0
CD010753	recall@83.0%	1.0
CD010753	recall@84.0%	1.0
CD010753	recall@85.0%	1.0
CD010753	recall@86.0%	1.0
CD010753	recall@87.0%	1.0
CD010753	recall@88.0%	1.0
CD010753	recall@89.0%	1.0
CD010753	recall@90.0%	1.0
CD010753	recall@91.0%	1.0
CD010753	recall@92.0%	1.0
CD010753	recall@93.0%	1.0
CD010753	recall@94.0%	1.0
CD010753	recall@95.0%	1.0
CD010753	recall@96.0%	1.0
CD010753	recall@97.0%	1.0
CD010753	recall@98.0%	1.0
CD010753	recall@99.0%	1.0
CD010753	recall@100.0%	1.0
CD010753	total_cost	2139.0
CD010753	norm_area	0.84
CD010753	ap	0.027
CD010753	r	1.0
CD010753	loss_e	0.694
CD010753	loss_r	0.0
CD010753	loss_er	0.694
Skipping topic: CD011140
Skipping topic: CD011558
CD011571	num_shown	146
CD011571	rels_found	6
CD011571	num_rels	6
CD011571	last_rel	17
CD011571	norm_last_rel	0.116
CD011571	threshold	146
CD011571	norm_threshold	1.0
CD011571	wss_100	0.884
CD011571	wss_95	0.834
CD011571	cg_total	6.0
CD011571	cg_max	6.0
CD011571	cg_threshold	6.0
CD011571	recall_threshold	1.0
CD011571	threshold	146
CD011571	recall@1.0%	0.0
CD011571	recall@2.0%	0.0
CD011571	recall@3.0%	0.167
CD011571	recall@4.0%	0.333
CD011571	recall@5.0%	0.333
CD011571	recall@6.0%	0.5
CD011571	recall@7.0%	0.5
CD011571	recall@8.0%	0.833
CD011571	recall@9.0%	0.833
CD011571	recall@10.0%	0.833
CD011571	recall@11.0%	0.833
CD011571	recall@12.0%	1.0
CD011571	recall@13.0%	1.0
CD011571	recall@14.0%	1.0
CD011571	recall@15.0%	1.0
CD011571	recall@16.0%	1.0
CD011571	recall@17.0%	1.0
CD011571	recall@18.0%	1.0
CD011571	recall@19.0%	1.0
CD011571	recall@20.0%	1.0
CD011571	recall@21.0%	1.0
CD011571	recall@22.0%	1.0
CD011571	recall@23.0%	1.0
CD011571	recall@24.0%	1.0
CD011571	recall@25.0%	1.0
CD011571	recall@26.0%	1.0
CD011571	recall@27.0%	1.0
CD011571	recall@28.0%	1.0
CD011571	recall@29.0%	1.0
CD011571	recall@30.0%	1.0
CD011571	recall@31.0%	1.0
CD011571	recall@32.0%	1.0
CD011571	recall@33.0%	1.0
CD011571	recall@34.0%	1.0
CD011571	recall@35.0%	1.0
CD011571	recall@36.0%	1.0
CD011571	recall@37.0%	1.0
CD011571	recall@38.0%	1.0
CD011571	recall@39.0%	1.0
CD011571	recall@40.0%	1.0
CD011571	recall@41.0%	1.0
CD011571	recall@42.0%	1.0
CD011571	recall@43.0%	1.0
CD011571	recall@44.0%	1.0
CD011571	recall@45.0%	1.0
CD011571	recall@46.0%	1.0
CD011571	recall@47.0%	1.0
CD011571	recall@48.0%	1.0
CD011571	recall@49.0%	1.0
CD011571	recall@50.0%	1.0
CD011571	recall@51.0%	1.0
CD011571	recall@52.0%	1.0
CD011571	recall@53.0%	1.0
CD011571	recall@54.0%	1.0
CD011571	recall@55.0%	1.0
CD011571	recall@56.0%	1.0
CD011571	recall@57.0%	1.0
CD011571	recall@58.0%	1.0
CD011571	recall@59.0%	1.0
CD011571	recall@60.0%	1.0
CD011571	recall@61.0%	1.0
CD011571	recall@62.0%	1.0
CD011571	recall@63.0%	1.0
CD011571	recall@64.0%	1.0
CD011571	recall@65.0%	1.0
CD011571	recall@66.0%	1.0
CD011571	recall@67.0%	1.0
CD011571	recall@68.0%	1.0
CD011571	recall@69.0%	1.0
CD011571	recall@70.0%	1.0
CD011571	recall@71.0%	1.0
CD011571	recall@72.0%	1.0
CD011571	recall@73.0%	1.0
CD011571	recall@74.0%	1.0
CD011571	recall@75.0%	1.0
CD011571	recall@76.0%	1.0
CD011571	recall@77.0%	1.0
CD011571	recall@78.0%	1.0
CD011571	recall@79.0%	1.0
CD011571	recall@80.0%	1.0
CD011571	recall@81.0%	1.0
CD011571	recall@82.0%	1.0
CD011571	recall@83.0%	1.0
CD011571	recall@84.0%	1.0
CD011571	recall@85.0%	1.0
CD011571	recall@86.0%	1.0
CD011571	recall@87.0%	1.0
CD011571	recall@88.0%	1.0
CD011571	recall@89.0%	1.0
CD011571	recall@90.0%	1.0
CD011571	recall@91.0%	1.0
CD011571	recall@92.0%	1.0
CD011571	recall@93.0%	1.0
CD011571	recall@94.0%	1.0
CD011571	recall@95.0%	1.0
CD011571	recall@96.0%	1.0
CD011571	recall@97.0%	1.0
CD011571	recall@98.0%	1.0
CD011571	recall@99.0%	1.0
CD011571	recall@100.0%	1.0
CD011571	total_cost	26.0
CD011571	norm_area	0.957
CD011571	ap	0.349
CD011571	r	1.0
CD011571	loss_e	0.89
CD011571	loss_r	0.0
CD011571	loss_er	0.89
Skipping topic: CD011686
CD011768	num_shown	9160
CD011768	rels_found	25
CD011768	num_rels	25
CD011768	last_rel	1464
CD011768	norm_last_rel	0.16
CD011768	threshold	2979
CD011768	norm_threshold	0.325
CD011768	wss_100	0.84
CD011768	wss_95	0.871
CD011768	cg_total	25.0
CD011768	cg_max	25.0
CD011768	cg_threshold	25.0
CD011768	recall_threshold	1.0
CD011768	threshold	2979
CD011768	recall@1.0%	0.44
CD011768	recall@2.0%	0.68
CD011768	recall@3.0%	0.8
CD011768	recall@4.0%	0.88
CD011768	recall@5.0%	0.92
CD011768	recall@6.0%	0.92
CD011768	recall@7.0%	0.92
CD011768	recall@8.0%	0.96
CD011768	recall@9.0%	0.96
CD011768	recall@10.0%	0.96
CD011768	recall@11.0%	0.96
CD011768	recall@12.0%	0.96
CD011768	recall@13.0%	0.96
CD011768	recall@14.0%	0.96
CD011768	recall@15.0%	0.96
CD011768	recall@16.0%	1.0
CD011768	recall@17.0%	1.0
CD011768	recall@18.0%	1.0
CD011768	recall@19.0%	1.0
CD011768	recall@20.0%	1.0
CD011768	recall@21.0%	1.0
CD011768	recall@22.0%	1.0
CD011768	recall@23.0%	1.0
CD011768	recall@24.0%	1.0
CD011768	recall@25.0%	1.0
CD011768	recall@26.0%	1.0
CD011768	recall@27.0%	1.0
CD011768	recall@28.0%	1.0
CD011768	recall@29.0%	1.0
CD011768	recall@30.0%	1.0
CD011768	recall@31.0%	1.0
CD011768	recall@32.0%	1.0
CD011768	recall@33.0%	1.0
CD011768	recall@34.0%	1.0
CD011768	recall@35.0%	1.0
CD011768	recall@36.0%	1.0
CD011768	recall@37.0%	1.0
CD011768	recall@38.0%	1.0
CD011768	recall@39.0%	1.0
CD011768	recall@40.0%	1.0
CD011768	recall@41.0%	1.0
CD011768	recall@42.0%	1.0
CD011768	recall@43.0%	1.0
CD011768	recall@44.0%	1.0
CD011768	recall@45.0%	1.0
CD011768	recall@46.0%	1.0
CD011768	recall@47.0%	1.0
CD011768	recall@48.0%	1.0
CD011768	recall@49.0%	1.0
CD011768	recall@50.0%	1.0
CD011768	recall@51.0%	1.0
CD011768	recall@52.0%	1.0
CD011768	recall@53.0%	1.0
CD011768	recall@54.0%	1.0
CD011768	recall@55.0%	1.0
CD011768	recall@56.0%	1.0
CD011768	recall@57.0%	1.0
CD011768	recall@58.0%	1.0
CD011768	recall@59.0%	1.0
CD011768	recall@60.0%	1.0
CD011768	recall@61.0%	1.0
CD011768	recall@62.0%	1.0
CD011768	recall@63.0%	1.0
CD011768	recall@64.0%	1.0
CD011768	recall@65.0%	1.0
CD011768	recall@66.0%	1.0
CD011768	recall@67.0%	1.0
CD011768	recall@68.0%	1.0
CD011768	recall@69.0%	1.0
CD011768	recall@70.0%	1.0
CD011768	recall@71.0%	1.0
CD011768	recall@72.0%	1.0
CD011768	recall@73.0%	1.0
CD011768	recall@74.0%	1.0
CD011768	recall@75.0%	1.0
CD011768	recall@76.0%	1.0
CD011768	recall@77.0%	1.0
CD011768	recall@78.0%	1.0
CD011768	recall@79.0%	1.0
CD011768	recall@80.0%	1.0
CD011768	recall@81.0%	1.0
CD011768	recall@82.0%	1.0
CD011768	recall@83.0%	1.0
CD011768	recall@84.0%	1.0
CD011768	recall@85.0%	1.0
CD011768	recall@86.0%	1.0
CD011768	recall@87.0%	1.0
CD011768	recall@88.0%	1.0
CD011768	recall@89.0%	1.0
CD011768	recall@90.0%	1.0
CD011768	recall@91.0%	1.0
CD011768	recall@92.0%	1.0
CD011768	recall@93.0%	1.0
CD011768	recall@94.0%	1.0
CD011768	recall@95.0%	1.0
CD011768	recall@96.0%	1.0
CD011768	recall@97.0%	1.0
CD011768	recall@98.0%	1.0
CD011768	recall@99.0%	1.0
CD011768	recall@100.0%	1.0
CD011768	total_cost	2479.0
CD011768	norm_area	0.98
CD011768	ap	0.147
CD011768	r	1.0
CD011768	loss_e	0.068
CD011768	loss_r	0.0
CD011768	loss_er	0.068
Skipping topic: CD011787
CD011977	num_shown	195
CD011977	rels_found	37
CD011977	num_rels	37
CD011977	last_rel	113
CD011977	norm_last_rel	0.579
CD011977	threshold	195
CD011977	norm_threshold	1.0
CD011977	wss_100	0.421
CD011977	wss_95	0.432
CD011977	cg_total	37.0
CD011977	cg_max	37.0
CD011977	cg_threshold	37.0
CD011977	recall_threshold	1.0
CD011977	threshold	195
CD011977	recall@1.0%	0.027
CD011977	recall@2.0%	0.054
CD011977	recall@3.0%	0.081
CD011977	recall@4.0%	0.108
CD011977	recall@5.0%	0.135
CD011977	recall@6.0%	0.189
CD011977	recall@7.0%	0.216
CD011977	recall@8.0%	0.243
CD011977	recall@9.0%	0.27
CD011977	recall@10.0%	0.297
CD011977	recall@11.0%	0.324
CD011977	recall@12.0%	0.351
CD011977	recall@13.0%	0.378
CD011977	recall@14.0%	0.405
CD011977	recall@15.0%	0.432
CD011977	recall@16.0%	0.459
CD011977	recall@17.0%	0.459
CD011977	recall@18.0%	0.486
CD011977	recall@19.0%	0.514
CD011977	recall@20.0%	0.541
CD011977	recall@21.0%	0.541
CD011977	recall@22.0%	0.568
CD011977	recall@23.0%	0.568
CD011977	recall@24.0%	0.622
CD011977	recall@25.0%	0.622
CD011977	recall@26.0%	0.622
CD011977	recall@27.0%	0.649
CD011977	recall@28.0%	0.676
CD011977	recall@29.0%	0.703
CD011977	recall@30.0%	0.73
CD011977	recall@31.0%	0.757
CD011977	recall@32.0%	0.757
CD011977	recall@33.0%	0.757
CD011977	recall@34.0%	0.784
CD011977	recall@35.0%	0.838
CD011977	recall@36.0%	0.865
CD011977	recall@37.0%	0.865
CD011977	recall@38.0%	0.865
CD011977	recall@39.0%	0.865
CD011977	recall@40.0%	0.865
CD011977	recall@41.0%	0.892
CD011977	recall@42.0%	0.892
CD011977	recall@43.0%	0.892
CD011977	recall@44.0%	0.892
CD011977	recall@45.0%	0.892
CD011977	recall@46.0%	0.892
CD011977	recall@47.0%	0.892
CD011977	recall@48.0%	0.919
CD011977	recall@49.0%	0.919
CD011977	recall@50.0%	0.919
CD011977	recall@51.0%	0.919
CD011977	recall@52.0%	0.946
CD011977	recall@53.0%	0.946
CD011977	recall@54.0%	0.946
CD011977	recall@55.0%	0.973
CD011977	recall@56.0%	0.973
CD011977	recall@57.0%	0.973
CD011977	recall@58.0%	1.0
CD011977	recall@59.0%	1.0
CD011977	recall@60.0%	1.0
CD011977	recall@61.0%	1.0
CD011977	recall@62.0%	1.0
CD011977	recall@63.0%	1.0
CD011977	recall@64.0%	1.0
CD011977	recall@65.0%	1.0
CD011977	recall@66.0%	1.0
CD011977	recall@67.0%	1.0
CD011977	recall@68.0%	1.0
CD011977	recall@69.0%	1.0
CD011977	recall@70.0%	1.0
CD011977	recall@71.0%	1.0
CD011977	recall@72.0%	1.0
CD011977	recall@73.0%	1.0
CD011977	recall@74.0%	1.0
CD011977	recall@75.0%	1.0
CD011977	recall@76.0%	1.0
CD011977	recall@77.0%	1.0
CD011977	recall@78.0%	1.0
CD011977	recall@79.0%	1.0
CD011977	recall@80.0%	1.0
CD011977	recall@81.0%	1.0
CD011977	recall@82.0%	1.0
CD011977	recall@83.0%	1.0
CD011977	recall@84.0%	1.0
CD011977	recall@85.0%	1.0
CD011977	recall@86.0%	1.0
CD011977	recall@87.0%	1.0
CD011977	recall@88.0%	1.0
CD011977	recall@89.0%	1.0
CD011977	recall@90.0%	1.0
CD011977	recall@91.0%	1.0
CD011977	recall@92.0%	1.0
CD011977	recall@93.0%	1.0
CD011977	recall@94.0%	1.0
CD011977	recall@95.0%	1.0
CD011977	recall@96.0%	1.0
CD011977	recall@97.0%	1.0
CD011977	recall@98.0%	1.0
CD011977	recall@99.0%	1.0
CD011977	recall@100.0%	1.0
CD011977	total_cost	-545.0
CD011977	norm_area	0.868
CD011977	ap	0.511
CD011977	r	1.0
CD011977	loss_e	0.533
CD011977	loss_r	0.0
CD011977	loss_er	0.533
CD012069	num_shown	3479
CD012069	rels_found	245
CD012069	num_rels	245
CD012069	last_rel	3057
CD012069	norm_last_rel	0.879
CD012069	threshold	2967
CD012069	norm_threshold	0.853
CD012069	wss_100	0.121
CD012069	wss_95	0.381
CD012069	cg_total	245.0
CD012069	cg_max	245.0
CD012069	cg_threshold	244.0
CD012069	recall_threshold	0.996
CD012069	threshold	2967
CD012069	recall@1.0%	0.073
CD012069	recall@2.0%	0.102
CD012069	recall@3.0%	0.159
CD012069	recall@4.0%	0.204
CD012069	recall@5.0%	0.245
CD012069	recall@6.0%	0.282
CD012069	recall@7.0%	0.314
CD012069	recall@8.0%	0.355
CD012069	recall@9.0%	0.367
CD012069	recall@10.0%	0.392
CD012069	recall@11.0%	0.4
CD012069	recall@12.0%	0.42
CD012069	recall@13.0%	0.445
CD012069	recall@14.0%	0.478
CD012069	recall@15.0%	0.502
CD012069	recall@16.0%	0.514
CD012069	recall@17.0%	0.527
CD012069	recall@18.0%	0.539
CD012069	recall@19.0%	0.543
CD012069	recall@20.0%	0.547
CD012069	recall@21.0%	0.567
CD012069	recall@22.0%	0.58
CD012069	recall@23.0%	0.604
CD012069	recall@24.0%	0.629
CD012069	recall@25.0%	0.637
CD012069	recall@26.0%	0.657
CD012069	recall@27.0%	0.678
CD012069	recall@28.0%	0.686
CD012069	recall@29.0%	0.694
CD012069	recall@30.0%	0.698
CD012069	recall@31.0%	0.706
CD012069	recall@32.0%	0.727
CD012069	recall@33.0%	0.727
CD012069	recall@34.0%	0.731
CD012069	recall@35.0%	0.739
CD012069	recall@36.0%	0.743
CD012069	recall@37.0%	0.751
CD012069	recall@38.0%	0.755
CD012069	recall@39.0%	0.755
CD012069	recall@40.0%	0.763
CD012069	recall@41.0%	0.776
CD012069	recall@42.0%	0.788
CD012069	recall@43.0%	0.804
CD012069	recall@44.0%	0.812
CD012069	recall@45.0%	0.82
CD012069	recall@46.0%	0.824
CD012069	recall@47.0%	0.833
CD012069	recall@48.0%	0.837
CD012069	recall@49.0%	0.853
CD012069	recall@50.0%	0.869
CD012069	recall@51.0%	0.894
CD012069	recall@52.0%	0.91
CD012069	recall@53.0%	0.914
CD012069	recall@54.0%	0.927
CD012069	recall@55.0%	0.935
CD012069	recall@56.0%	0.943
CD012069	recall@57.0%	0.951
CD012069	recall@58.0%	0.955
CD012069	recall@59.0%	0.963
CD012069	recall@60.0%	0.963
CD012069	recall@61.0%	0.963
CD012069	recall@62.0%	0.963
CD012069	recall@63.0%	0.963
CD012069	recall@64.0%	0.963
CD012069	recall@65.0%	0.967
CD012069	recall@66.0%	0.976
CD012069	recall@67.0%	0.98
CD012069	recall@68.0%	0.98
CD012069	recall@69.0%	0.98
CD012069	recall@70.0%	0.98
CD012069	recall@71.0%	0.98
CD012069	recall@72.0%	0.984
CD012069	recall@73.0%	0.984
CD012069	recall@74.0%	0.984
CD012069	recall@75.0%	0.984
CD012069	recall@76.0%	0.984
CD012069	recall@77.0%	0.988
CD012069	recall@78.0%	0.996
CD012069	recall@79.0%	0.996
CD012069	recall@80.0%	0.996
CD012069	recall@81.0%	0.996
CD012069	recall@82.0%	0.996
CD012069	recall@83.0%	0.996
CD012069	recall@84.0%	0.996
CD012069	recall@85.0%	0.996
CD012069	recall@86.0%	0.996
CD012069	recall@87.0%	0.996
CD012069	recall@88.0%	1.0
CD012069	recall@89.0%	1.0
CD012069	recall@90.0%	1.0
CD012069	recall@91.0%	1.0
CD012069	recall@92.0%	1.0
CD012069	recall@93.0%	1.0
CD012069	recall@94.0%	1.0
CD012069	recall@95.0%	1.0
CD012069	recall@96.0%	1.0
CD012069	recall@97.0%	1.0
CD012069	recall@98.0%	1.0
CD012069	recall@99.0%	1.0
CD012069	recall@100.0%	1.0
CD012069	total_cost	-1873.0
CD012069	norm_area	0.807
CD012069	ap	0.254
CD012069	r	0.996
CD012069	loss_e	0.061
CD012069	loss_r	0.0
CD012069	loss_er	0.061
Skipping topic: CD012080
CD012164	num_shown	62
CD012164	rels_found	3
CD012164	num_rels	3
CD012164	last_rel	16
CD012164	norm_last_rel	0.258
CD012164	threshold	61
CD012164	norm_threshold	0.984
CD012164	wss_100	0.742
CD012164	wss_95	0.692
CD012164	cg_total	3.0
CD012164	cg_max	3.0
CD012164	cg_threshold	3.0
CD012164	recall_threshold	1.0
CD012164	threshold	61
CD012164	recall@1.0%	0.0
CD012164	recall@2.0%	0.0
CD012164	recall@3.0%	0.333
CD012164	recall@4.0%	0.333
CD012164	recall@5.0%	0.333
CD012164	recall@6.0%	0.333
CD012164	recall@7.0%	0.333
CD012164	recall@8.0%	0.333
CD012164	recall@9.0%	0.333
CD012164	recall@10.0%	0.333
CD012164	recall@11.0%	0.333
CD012164	recall@12.0%	0.333
CD012164	recall@13.0%	0.333
CD012164	recall@14.0%	0.667
CD012164	recall@15.0%	0.667
CD012164	recall@16.0%	0.667
CD012164	recall@17.0%	0.667
CD012164	recall@18.0%	0.667
CD012164	recall@19.0%	0.667
CD012164	recall@20.0%	0.667
CD012164	recall@21.0%	0.667
CD012164	recall@22.0%	0.667
CD012164	recall@23.0%	0.667
CD012164	recall@24.0%	0.667
CD012164	recall@25.0%	0.667
CD012164	recall@26.0%	1.0
CD012164	recall@27.0%	1.0
CD012164	recall@28.0%	1.0
CD012164	recall@29.0%	1.0
CD012164	recall@30.0%	1.0
CD012164	recall@31.0%	1.0
CD012164	recall@32.0%	1.0
CD012164	recall@33.0%	1.0
CD012164	recall@34.0%	1.0
CD012164	recall@35.0%	1.0
CD012164	recall@36.0%	1.0
CD012164	recall@37.0%	1.0
CD012164	recall@38.0%	1.0
CD012164	recall@39.0%	1.0
CD012164	recall@40.0%	1.0
CD012164	recall@41.0%	1.0
CD012164	recall@42.0%	1.0
CD012164	recall@43.0%	1.0
CD012164	recall@44.0%	1.0
CD012164	recall@45.0%	1.0
CD012164	recall@46.0%	1.0
CD012164	recall@47.0%	1.0
CD012164	recall@48.0%	1.0
CD012164	recall@49.0%	1.0
CD012164	recall@50.0%	1.0
CD012164	recall@51.0%	1.0
CD012164	recall@52.0%	1.0
CD012164	recall@53.0%	1.0
CD012164	recall@54.0%	1.0
CD012164	recall@55.0%	1.0
CD012164	recall@56.0%	1.0
CD012164	recall@57.0%	1.0
CD012164	recall@58.0%	1.0
CD012164	recall@59.0%	1.0
CD012164	recall@60.0%	1.0
CD012164	recall@61.0%	1.0
CD012164	recall@62.0%	1.0
CD012164	recall@63.0%	1.0
CD012164	recall@64.0%	1.0
CD012164	recall@65.0%	1.0
CD012164	recall@66.0%	1.0
CD012164	recall@67.0%	1.0
CD012164	recall@68.0%	1.0
CD012164	recall@69.0%	1.0
CD012164	recall@70.0%	1.0
CD012164	recall@71.0%	1.0
CD012164	recall@72.0%	1.0
CD012164	recall@73.0%	1.0
CD012164	recall@74.0%	1.0
CD012164	recall@75.0%	1.0
CD012164	recall@76.0%	1.0
CD012164	recall@77.0%	1.0
CD012164	recall@78.0%	1.0
CD012164	recall@79.0%	1.0
CD012164	recall@80.0%	1.0
CD012164	recall@81.0%	1.0
CD012164	recall@82.0%	1.0
CD012164	recall@83.0%	1.0
CD012164	recall@84.0%	1.0
CD012164	recall@85.0%	1.0
CD012164	recall@86.0%	1.0
CD012164	recall@87.0%	1.0
CD012164	recall@88.0%	1.0
CD012164	recall@89.0%	1.0
CD012164	recall@90.0%	1.0
CD012164	recall@91.0%	1.0
CD012164	recall@92.0%	1.0
CD012164	recall@93.0%	1.0
CD012164	recall@94.0%	1.0
CD012164	recall@95.0%	1.0
CD012164	recall@96.0%	1.0
CD012164	recall@97.0%	1.0
CD012164	recall@98.0%	1.0
CD012164	recall@99.0%	1.0
CD012164	recall@100.0%	1.0
CD012164	total_cost	2.0
CD012164	norm_area	0.884
CD012164	ap	0.303
CD012164	r	1.0
CD012164	loss_e	0.943
CD012164	loss_r	0.0
CD012164	loss_er	0.943
Skipping topic: CD012233
Skipping topic: CD012342
CD012455	num_shown	1593
CD012455	rels_found	5
CD012455	num_rels	5
CD012455	last_rel	793
CD012455	norm_last_rel	0.498
CD012455	threshold	1593
CD012455	norm_threshold	1.0
CD012455	wss_100	0.502
CD012455	wss_95	0.452
CD012455	cg_total	5.0
CD012455	cg_max	5.0
CD012455	cg_threshold	5.0
CD012455	recall_threshold	1.0
CD012455	threshold	1593
CD012455	recall@1.0%	0.6
CD012455	recall@2.0%	0.8
CD012455	recall@3.0%	0.8
CD012455	recall@4.0%	0.8
CD012455	recall@5.0%	0.8
CD012455	recall@6.0%	0.8
CD012455	recall@7.0%	0.8
CD012455	recall@8.0%	0.8
CD012455	recall@9.0%	0.8
CD012455	recall@10.0%	0.8
CD012455	recall@11.0%	0.8
CD012455	recall@12.0%	0.8
CD012455	recall@13.0%	0.8
CD012455	recall@14.0%	0.8
CD012455	recall@15.0%	0.8
CD012455	recall@16.0%	0.8
CD012455	recall@17.0%	0.8
CD012455	recall@18.0%	0.8
CD012455	recall@19.0%	0.8
CD012455	recall@20.0%	0.8
CD012455	recall@21.0%	0.8
CD012455	recall@22.0%	0.8
CD012455	recall@23.0%	0.8
CD012455	recall@24.0%	0.8
CD012455	recall@25.0%	0.8
CD012455	recall@26.0%	0.8
CD012455	recall@27.0%	0.8
CD012455	recall@28.0%	0.8
CD012455	recall@29.0%	0.8
CD012455	recall@30.0%	0.8
CD012455	recall@31.0%	0.8
CD012455	recall@32.0%	0.8
CD012455	recall@33.0%	0.8
CD012455	recall@34.0%	0.8
CD012455	recall@35.0%	0.8
CD012455	recall@36.0%	0.8
CD012455	recall@37.0%	0.8
CD012455	recall@38.0%	0.8
CD012455	recall@39.0%	0.8
CD012455	recall@40.0%	0.8
CD012455	recall@41.0%	0.8
CD012455	recall@42.0%	0.8
CD012455	recall@43.0%	0.8
CD012455	recall@44.0%	0.8
CD012455	recall@45.0%	0.8
CD012455	recall@46.0%	0.8
CD012455	recall@47.0%	0.8
CD012455	recall@48.0%	0.8
CD012455	recall@49.0%	0.8
CD012455	recall@50.0%	1.0
CD012455	recall@51.0%	1.0
CD012455	recall@52.0%	1.0
CD012455	recall@53.0%	1.0
CD012455	recall@54.0%	1.0
CD012455	recall@55.0%	1.0
CD012455	recall@56.0%	1.0
CD012455	recall@57.0%	1.0
CD012455	recall@58.0%	1.0
CD012455	recall@59.0%	1.0
CD012455	recall@60.0%	1.0
CD012455	recall@61.0%	1.0
CD012455	recall@62.0%	1.0
CD012455	recall@63.0%	1.0
CD012455	recall@64.0%	1.0
CD012455	recall@65.0%	1.0
CD012455	recall@66.0%	1.0
CD012455	recall@67.0%	1.0
CD012455	recall@68.0%	1.0
CD012455	recall@69.0%	1.0
CD012455	recall@70.0%	1.0
CD012455	recall@71.0%	1.0
CD012455	recall@72.0%	1.0
CD012455	recall@73.0%	1.0
CD012455	recall@74.0%	1.0
CD012455	recall@75.0%	1.0
CD012455	recall@76.0%	1.0
CD012455	recall@77.0%	1.0
CD012455	recall@78.0%	1.0
CD012455	recall@79.0%	1.0
CD012455	recall@80.0%	1.0
CD012455	recall@81.0%	1.0
CD012455	recall@82.0%	1.0
CD012455	recall@83.0%	1.0
CD012455	recall@84.0%	1.0
CD012455	recall@85.0%	1.0
CD012455	recall@86.0%	1.0
CD012455	recall@87.0%	1.0
CD012455	recall@88.0%	1.0
CD012455	recall@89.0%	1.0
CD012455	recall@90.0%	1.0
CD012455	recall@91.0%	1.0
CD012455	recall@92.0%	1.0
CD012455	recall@93.0%	1.0
CD012455	recall@94.0%	1.0
CD012455	recall@95.0%	1.0
CD012455	recall@96.0%	1.0
CD012455	recall@97.0%	1.0
CD012455	recall@98.0%	1.0
CD012455	recall@99.0%	1.0
CD012455	recall@100.0%	1.0
CD012455	total_cost	1493.0
CD012455	norm_area	0.896
CD012455	ap	0.22
CD012455	r	1.0
CD012455	loss_e	0.907
CD012455	loss_r	0.0
CD012455	loss_er	0.907
CD012551	num_shown	591
CD012551	rels_found	29
CD012551	num_rels	29
CD012551	last_rel	324
CD012551	norm_last_rel	0.548
CD012551	threshold	591
CD012551	norm_threshold	1.0
CD012551	wss_100	0.452
CD012551	wss_95	0.409
CD012551	cg_total	29.0
CD012551	cg_max	29.0
CD012551	cg_threshold	29.0
CD012551	recall_threshold	1.0
CD012551	threshold	591
CD012551	recall@1.0%	0.034
CD012551	recall@2.0%	0.034
CD012551	recall@3.0%	0.069
CD012551	recall@4.0%	0.103
CD012551	recall@5.0%	0.138
CD012551	recall@6.0%	0.207
CD012551	recall@7.0%	0.241
CD012551	recall@8.0%	0.276
CD012551	recall@9.0%	0.31
CD012551	recall@10.0%	0.379
CD012551	recall@11.0%	0.414
CD012551	recall@12.0%	0.448
CD012551	recall@13.0%	0.448
CD012551	recall@14.0%	0.483
CD012551	recall@15.0%	0.517
CD012551	recall@16.0%	0.586
CD012551	recall@17.0%	0.586
CD012551	recall@18.0%	0.621
CD012551	recall@19.0%	0.621
CD012551	recall@20.0%	0.655
CD012551	recall@21.0%	0.655
CD012551	recall@22.0%	0.655
CD012551	recall@23.0%	0.655
CD012551	recall@24.0%	0.69
CD012551	recall@25.0%	0.69
CD012551	recall@26.0%	0.69
CD012551	recall@27.0%	0.69
CD012551	recall@28.0%	0.759
CD012551	recall@29.0%	0.759
CD012551	recall@30.0%	0.759
CD012551	recall@31.0%	0.759
CD012551	recall@32.0%	0.793
CD012551	recall@33.0%	0.793
CD012551	recall@34.0%	0.793
CD012551	recall@35.0%	0.793
CD012551	recall@36.0%	0.897
CD012551	recall@37.0%	0.897
CD012551	recall@38.0%	0.897
CD012551	recall@39.0%	0.897
CD012551	recall@40.0%	0.897
CD012551	recall@41.0%	0.897
CD012551	recall@42.0%	0.897
CD012551	recall@43.0%	0.897
CD012551	recall@44.0%	0.897
CD012551	recall@45.0%	0.897
CD012551	recall@46.0%	0.897
CD012551	recall@47.0%	0.897
CD012551	recall@48.0%	0.897
CD012551	recall@49.0%	0.897
CD012551	recall@50.0%	0.897
CD012551	recall@51.0%	0.897
CD012551	recall@52.0%	0.897
CD012551	recall@53.0%	0.931
CD012551	recall@54.0%	0.931
CD012551	recall@55.0%	1.0
CD012551	recall@56.0%	1.0
CD012551	recall@57.0%	1.0
CD012551	recall@58.0%	1.0
CD012551	recall@59.0%	1.0
CD012551	recall@60.0%	1.0
CD012551	recall@61.0%	1.0
CD012551	recall@62.0%	1.0
CD012551	recall@63.0%	1.0
CD012551	recall@64.0%	1.0
CD012551	recall@65.0%	1.0
CD012551	recall@66.0%	1.0
CD012551	recall@67.0%	1.0
CD012551	recall@68.0%	1.0
CD012551	recall@69.0%	1.0
CD012551	recall@70.0%	1.0
CD012551	recall@71.0%	1.0
CD012551	recall@72.0%	1.0
CD012551	recall@73.0%	1.0
CD012551	recall@74.0%	1.0
CD012551	recall@75.0%	1.0
CD012551	recall@76.0%	1.0
CD012551	recall@77.0%	1.0
CD012551	recall@78.0%	1.0
CD012551	recall@79.0%	1.0
CD012551	recall@80.0%	1.0
CD012551	recall@81.0%	1.0
CD012551	recall@82.0%	1.0
CD012551	recall@83.0%	1.0
CD012551	recall@84.0%	1.0
CD012551	recall@85.0%	1.0
CD012551	recall@86.0%	1.0
CD012551	recall@87.0%	1.0
CD012551	recall@88.0%	1.0
CD012551	recall@89.0%	1.0
CD012551	recall@90.0%	1.0
CD012551	recall@91.0%	1.0
CD012551	recall@92.0%	1.0
CD012551	recall@93.0%	1.0
CD012551	recall@94.0%	1.0
CD012551	recall@95.0%	1.0
CD012551	recall@96.0%	1.0
CD012551	recall@97.0%	1.0
CD012551	recall@98.0%	1.0
CD012551	recall@99.0%	1.0
CD012551	recall@100.0%	1.0
CD012551	total_cost	11.0
CD012551	norm_area	0.827
CD012551	ap	0.152
CD012551	r	1.0
CD012551	loss_e	0.601
CD012551	loss_r	0.0
CD012551	loss_er	0.601
Skipping topic: CD012567
Skipping topic: CD012661
Skipping topic: CD012669
Skipping topic: CD012768
ALL	num_shown	39355
ALL	rels_found	510
ALL	num_rels	510
ALL	last_rel	580.0
ALL	norm_last_rel	0.276
ALL	threshold	1437.0
ALL	norm_threshold	0.904
ALL	wss_100	0.724
ALL	wss_95	0.721
ALL	cg_total	28.0
ALL	cg_max	28.0
ALL	cg_threshold	28.0
ALL	recall_threshold	1.0
ALL	threshold	1437.0
ALL	recall@1.0%	0.112
ALL	recall@2.0%	0.194
ALL	recall@3.0%	0.257
ALL	recall@4.0%	0.302
ALL	recall@5.0%	0.347
ALL	recall@6.0%	0.402
ALL	recall@7.0%	0.447
ALL	recall@8.0%	0.486
ALL	recall@9.0%	0.504
ALL	recall@10.0%	0.531
ALL	recall@11.0%	0.547
ALL	recall@12.0%	0.578
ALL	recall@13.0%	0.602
ALL	recall@14.0%	0.629
ALL	recall@15.0%	0.651
ALL	recall@16.0%	0.671
ALL	recall@17.0%	0.68
ALL	recall@18.0%	0.696
ALL	recall@19.0%	0.702
ALL	recall@20.0%	0.71
ALL	recall@21.0%	0.72
ALL	recall@22.0%	0.729
ALL	recall@23.0%	0.741
ALL	recall@24.0%	0.759
ALL	recall@25.0%	0.765
ALL	recall@26.0%	0.776
ALL	recall@27.0%	0.79
ALL	recall@28.0%	0.8
ALL	recall@29.0%	0.806
ALL	recall@30.0%	0.81
ALL	recall@31.0%	0.816
ALL	recall@32.0%	0.827
ALL	recall@33.0%	0.827
ALL	recall@34.0%	0.831
ALL	recall@35.0%	0.839
ALL	recall@36.0%	0.849
ALL	recall@37.0%	0.853
ALL	recall@38.0%	0.855
ALL	recall@39.0%	0.855
ALL	recall@40.0%	0.861
ALL	recall@41.0%	0.873
ALL	recall@42.0%	0.878
ALL	recall@43.0%	0.888
ALL	recall@44.0%	0.894
ALL	recall@45.0%	0.898
ALL	recall@46.0%	0.9
ALL	recall@47.0%	0.904
ALL	recall@48.0%	0.908
ALL	recall@49.0%	0.916
ALL	recall@50.0%	0.925
ALL	recall@51.0%	0.937
ALL	recall@52.0%	0.947
ALL	recall@53.0%	0.951
ALL	recall@54.0%	0.957
ALL	recall@55.0%	0.967
ALL	recall@56.0%	0.971
ALL	recall@57.0%	0.975
ALL	recall@58.0%	0.978
ALL	recall@59.0%	0.982
ALL	recall@60.0%	0.982
ALL	recall@61.0%	0.982
ALL	recall@62.0%	0.982
ALL	recall@63.0%	0.982
ALL	recall@64.0%	0.982
ALL	recall@65.0%	0.984
ALL	recall@66.0%	0.988
ALL	recall@67.0%	0.99
ALL	recall@68.0%	0.99
ALL	recall@69.0%	0.99
ALL	recall@70.0%	0.99
ALL	recall@71.0%	0.99
ALL	recall@72.0%	0.992
ALL	recall@73.0%	0.992
ALL	recall@74.0%	0.992
ALL	recall@75.0%	0.992
ALL	recall@76.0%	0.992
ALL	recall@77.0%	0.994
ALL	recall@78.0%	0.998
ALL	recall@79.0%	0.998
ALL	recall@80.0%	0.998
ALL	recall@81.0%	0.998
ALL	recall@82.0%	0.998
ALL	recall@83.0%	0.998
ALL	recall@84.0%	0.998
ALL	recall@85.0%	0.998
ALL	recall@86.0%	0.998
ALL	recall@87.0%	0.998
ALL	recall@88.0%	1.0
ALL	recall@89.0%	1.0
ALL	recall@90.0%	1.0
ALL	recall@91.0%	1.0
ALL	recall@92.0%	1.0
ALL	recall@93.0%	1.0
ALL	recall@94.0%	1.0
ALL	recall@95.0%	1.0
ALL	recall@96.0%	1.0
ALL	recall@97.0%	1.0
ALL	recall@98.0%	1.0
ALL	recall@99.0%	1.0
ALL	recall@100.0%	1.0
ALL	total_cost	874.0
ALL	norm_area	0.92
ALL	ap	0.228
ALL	r	1.0
ALL	loss_e	0.641
ALL	loss_r	0.0
ALL	loss_er	0.641
