CD000996 Duplicate 17943909
CD000996 Duplicate 25135408
CD000996 Duplicate 11822102
CD000996 Duplicate 24433801
CD000996 Duplicate 398098
CD000996 Duplicate 22847639
CD000996	num_shown	281
CD000996	rels_found	6
CD000996	num_rels	6
CD000996	last_rel	33
CD000996	norm_last_rel	0.117
CD000996	threshold	177
CD000996	norm_threshold	0.63
CD000996	wss_100	0.883
CD000996	wss_95	0.833
CD000996	cg_total	6.0
CD000996	cg_max	6.0
CD000996	cg_threshold	6.0
CD000996	recall_threshold	1.0
CD000996	threshold	177
CD000996	recall@1.0%	0.0
CD000996	recall@2.0%	0.0
CD000996	recall@3.0%	0.0
CD000996	recall@4.0%	0.0
CD000996	recall@5.0%	0.0
CD000996	recall@6.0%	0.0
CD000996	recall@7.0%	0.167
CD000996	recall@8.0%	0.167
CD000996	recall@9.0%	0.167
CD000996	recall@10.0%	0.5
CD000996	recall@11.0%	0.667
CD000996	recall@12.0%	1.0
CD000996	recall@13.0%	1.0
CD000996	recall@14.0%	1.0
CD000996	recall@15.0%	1.0
CD000996	recall@16.0%	1.0
CD000996	recall@17.0%	1.0
CD000996	recall@18.0%	1.0
CD000996	recall@19.0%	1.0
CD000996	recall@20.0%	1.0
CD000996	recall@21.0%	1.0
CD000996	recall@22.0%	1.0
CD000996	recall@23.0%	1.0
CD000996	recall@24.0%	1.0
CD000996	recall@25.0%	1.0
CD000996	recall@26.0%	1.0
CD000996	recall@27.0%	1.0
CD000996	recall@28.0%	1.0
CD000996	recall@29.0%	1.0
CD000996	recall@30.0%	1.0
CD000996	recall@31.0%	1.0
CD000996	recall@32.0%	1.0
CD000996	recall@33.0%	1.0
CD000996	recall@34.0%	1.0
CD000996	recall@35.0%	1.0
CD000996	recall@36.0%	1.0
CD000996	recall@37.0%	1.0
CD000996	recall@38.0%	1.0
CD000996	recall@39.0%	1.0
CD000996	recall@40.0%	1.0
CD000996	recall@41.0%	1.0
CD000996	recall@42.0%	1.0
CD000996	recall@43.0%	1.0
CD000996	recall@44.0%	1.0
CD000996	recall@45.0%	1.0
CD000996	recall@46.0%	1.0
CD000996	recall@47.0%	1.0
CD000996	recall@48.0%	1.0
CD000996	recall@49.0%	1.0
CD000996	recall@50.0%	1.0
CD000996	recall@51.0%	1.0
CD000996	recall@52.0%	1.0
CD000996	recall@53.0%	1.0
CD000996	recall@54.0%	1.0
CD000996	recall@55.0%	1.0
CD000996	recall@56.0%	1.0
CD000996	recall@57.0%	1.0
CD000996	recall@58.0%	1.0
CD000996	recall@59.0%	1.0
CD000996	recall@60.0%	1.0
CD000996	recall@61.0%	1.0
CD000996	recall@62.0%	1.0
CD000996	recall@63.0%	1.0
CD000996	recall@64.0%	1.0
CD000996	recall@65.0%	1.0
CD000996	recall@66.0%	1.0
CD000996	recall@67.0%	1.0
CD000996	recall@68.0%	1.0
CD000996	recall@69.0%	1.0
CD000996	recall@70.0%	1.0
CD000996	recall@71.0%	1.0
CD000996	recall@72.0%	1.0
CD000996	recall@73.0%	1.0
CD000996	recall@74.0%	1.0
CD000996	recall@75.0%	1.0
CD000996	recall@76.0%	1.0
CD000996	recall@77.0%	1.0
CD000996	recall@78.0%	1.0
CD000996	recall@79.0%	1.0
CD000996	recall@80.0%	1.0
CD000996	recall@81.0%	1.0
CD000996	recall@82.0%	1.0
CD000996	recall@83.0%	1.0
CD000996	recall@84.0%	1.0
CD000996	recall@85.0%	1.0
CD000996	recall@86.0%	1.0
CD000996	recall@87.0%	1.0
CD000996	recall@88.0%	1.0
CD000996	recall@89.0%	1.0
CD000996	recall@90.0%	1.0
CD000996	recall@91.0%	1.0
CD000996	recall@92.0%	1.0
CD000996	recall@93.0%	1.0
CD000996	recall@94.0%	1.0
CD000996	recall@95.0%	1.0
CD000996	recall@96.0%	1.0
CD000996	recall@97.0%	1.0
CD000996	recall@98.0%	1.0
CD000996	recall@99.0%	1.0
CD000996	recall@100.0%	1.0
CD000996	total_cost	57.0
CD000996	norm_area	0.912
CD000996	ap	0.119
CD000996	r	1.0
CD000996	loss_e	0.353
CD000996	loss_r	0.0
CD000996	loss_er	0.353
CD001261 Duplicate 17928109
CD001261 Duplicate 2659560
CD001261 Duplicate 683932
CD001261 Duplicate 21411598
CD001261 Duplicate 4416631
CD001261 Duplicate 8211020
CD001261 Duplicate 2687324
CD001261 Duplicate 12854074
CD001261	num_shown	571
CD001261	rels_found	22
CD001261	num_rels	22
CD001261	last_rel	156
CD001261	norm_last_rel	0.273
CD001261	threshold	370
CD001261	norm_threshold	0.648
CD001261	wss_100	0.727
CD001261	wss_95	0.687
CD001261	cg_total	22.0
CD001261	cg_max	22.0
CD001261	cg_threshold	22.0
CD001261	recall_threshold	1.0
CD001261	threshold	370
CD001261	recall@1.0%	0.0
CD001261	recall@2.0%	0.0
CD001261	recall@3.0%	0.0
CD001261	recall@4.0%	0.0
CD001261	recall@5.0%	0.091
CD001261	recall@6.0%	0.136
CD001261	recall@7.0%	0.182
CD001261	recall@8.0%	0.227
CD001261	recall@9.0%	0.273
CD001261	recall@10.0%	0.318
CD001261	recall@11.0%	0.318
CD001261	recall@12.0%	0.409
CD001261	recall@13.0%	0.455
CD001261	recall@14.0%	0.455
CD001261	recall@15.0%	0.455
CD001261	recall@16.0%	0.5
CD001261	recall@17.0%	0.591
CD001261	recall@18.0%	0.682
CD001261	recall@19.0%	0.682
CD001261	recall@20.0%	0.727
CD001261	recall@21.0%	0.727
CD001261	recall@22.0%	0.727
CD001261	recall@23.0%	0.773
CD001261	recall@24.0%	0.818
CD001261	recall@25.0%	0.864
CD001261	recall@26.0%	0.909
CD001261	recall@27.0%	0.955
CD001261	recall@28.0%	1.0
CD001261	recall@29.0%	1.0
CD001261	recall@30.0%	1.0
CD001261	recall@31.0%	1.0
CD001261	recall@32.0%	1.0
CD001261	recall@33.0%	1.0
CD001261	recall@34.0%	1.0
CD001261	recall@35.0%	1.0
CD001261	recall@36.0%	1.0
CD001261	recall@37.0%	1.0
CD001261	recall@38.0%	1.0
CD001261	recall@39.0%	1.0
CD001261	recall@40.0%	1.0
CD001261	recall@41.0%	1.0
CD001261	recall@42.0%	1.0
CD001261	recall@43.0%	1.0
CD001261	recall@44.0%	1.0
CD001261	recall@45.0%	1.0
CD001261	recall@46.0%	1.0
CD001261	recall@47.0%	1.0
CD001261	recall@48.0%	1.0
CD001261	recall@49.0%	1.0
CD001261	recall@50.0%	1.0
CD001261	recall@51.0%	1.0
CD001261	recall@52.0%	1.0
CD001261	recall@53.0%	1.0
CD001261	recall@54.0%	1.0
CD001261	recall@55.0%	1.0
CD001261	recall@56.0%	1.0
CD001261	recall@57.0%	1.0
CD001261	recall@58.0%	1.0
CD001261	recall@59.0%	1.0
CD001261	recall@60.0%	1.0
CD001261	recall@61.0%	1.0
CD001261	recall@62.0%	1.0
CD001261	recall@63.0%	1.0
CD001261	recall@64.0%	1.0
CD001261	recall@65.0%	1.0
CD001261	recall@66.0%	1.0
CD001261	recall@67.0%	1.0
CD001261	recall@68.0%	1.0
CD001261	recall@69.0%	1.0
CD001261	recall@70.0%	1.0
CD001261	recall@71.0%	1.0
CD001261	recall@72.0%	1.0
CD001261	recall@73.0%	1.0
CD001261	recall@74.0%	1.0
CD001261	recall@75.0%	1.0
CD001261	recall@76.0%	1.0
CD001261	recall@77.0%	1.0
CD001261	recall@78.0%	1.0
CD001261	recall@79.0%	1.0
CD001261	recall@80.0%	1.0
CD001261	recall@81.0%	1.0
CD001261	recall@82.0%	1.0
CD001261	recall@83.0%	1.0
CD001261	recall@84.0%	1.0
CD001261	recall@85.0%	1.0
CD001261	recall@86.0%	1.0
CD001261	recall@87.0%	1.0
CD001261	recall@88.0%	1.0
CD001261	recall@89.0%	1.0
CD001261	recall@90.0%	1.0
CD001261	recall@91.0%	1.0
CD001261	recall@92.0%	1.0
CD001261	recall@93.0%	1.0
CD001261	recall@94.0%	1.0
CD001261	recall@95.0%	1.0
CD001261	recall@96.0%	1.0
CD001261	recall@97.0%	1.0
CD001261	recall@98.0%	1.0
CD001261	recall@99.0%	1.0
CD001261	recall@100.0%	1.0
CD001261	total_cost	-70.0
CD001261	norm_area	0.865
CD001261	ap	0.124
CD001261	r	1.0
CD001261	loss_e	0.282
CD001261	loss_r	0.0
CD001261	loss_er	0.282
CD004414 Duplicate 15996346
CD004414 Duplicate 393731
CD004414 Duplicate 23808934
CD004414 Duplicate 18704345
CD004414 Duplicate 12492966
CD004414 Duplicate 15612026
CD004414	num_shown	336
CD004414	rels_found	7
CD004414	num_rels	7
CD004414	last_rel	29
CD004414	norm_last_rel	0.086
CD004414	threshold	212
CD004414	norm_threshold	0.631
CD004414	wss_100	0.914
CD004414	wss_95	0.864
CD004414	cg_total	7.0
CD004414	cg_max	7.0
CD004414	cg_threshold	7.0
CD004414	recall_threshold	1.0
CD004414	threshold	212
CD004414	recall@1.0%	0.143
CD004414	recall@2.0%	0.143
CD004414	recall@3.0%	0.143
CD004414	recall@4.0%	0.143
CD004414	recall@5.0%	0.143
CD004414	recall@6.0%	0.429
CD004414	recall@7.0%	0.857
CD004414	recall@8.0%	0.857
CD004414	recall@9.0%	1.0
CD004414	recall@10.0%	1.0
CD004414	recall@11.0%	1.0
CD004414	recall@12.0%	1.0
CD004414	recall@13.0%	1.0
CD004414	recall@14.0%	1.0
CD004414	recall@15.0%	1.0
CD004414	recall@16.0%	1.0
CD004414	recall@17.0%	1.0
CD004414	recall@18.0%	1.0
CD004414	recall@19.0%	1.0
CD004414	recall@20.0%	1.0
CD004414	recall@21.0%	1.0
CD004414	recall@22.0%	1.0
CD004414	recall@23.0%	1.0
CD004414	recall@24.0%	1.0
CD004414	recall@25.0%	1.0
CD004414	recall@26.0%	1.0
CD004414	recall@27.0%	1.0
CD004414	recall@28.0%	1.0
CD004414	recall@29.0%	1.0
CD004414	recall@30.0%	1.0
CD004414	recall@31.0%	1.0
CD004414	recall@32.0%	1.0
CD004414	recall@33.0%	1.0
CD004414	recall@34.0%	1.0
CD004414	recall@35.0%	1.0
CD004414	recall@36.0%	1.0
CD004414	recall@37.0%	1.0
CD004414	recall@38.0%	1.0
CD004414	recall@39.0%	1.0
CD004414	recall@40.0%	1.0
CD004414	recall@41.0%	1.0
CD004414	recall@42.0%	1.0
CD004414	recall@43.0%	1.0
CD004414	recall@44.0%	1.0
CD004414	recall@45.0%	1.0
CD004414	recall@46.0%	1.0
CD004414	recall@47.0%	1.0
CD004414	recall@48.0%	1.0
CD004414	recall@49.0%	1.0
CD004414	recall@50.0%	1.0
CD004414	recall@51.0%	1.0
CD004414	recall@52.0%	1.0
CD004414	recall@53.0%	1.0
CD004414	recall@54.0%	1.0
CD004414	recall@55.0%	1.0
CD004414	recall@56.0%	1.0
CD004414	recall@57.0%	1.0
CD004414	recall@58.0%	1.0
CD004414	recall@59.0%	1.0
CD004414	recall@60.0%	1.0
CD004414	recall@61.0%	1.0
CD004414	recall@62.0%	1.0
CD004414	recall@63.0%	1.0
CD004414	recall@64.0%	1.0
CD004414	recall@65.0%	1.0
CD004414	recall@66.0%	1.0
CD004414	recall@67.0%	1.0
CD004414	recall@68.0%	1.0
CD004414	recall@69.0%	1.0
CD004414	recall@70.0%	1.0
CD004414	recall@71.0%	1.0
CD004414	recall@72.0%	1.0
CD004414	recall@73.0%	1.0
CD004414	recall@74.0%	1.0
CD004414	recall@75.0%	1.0
CD004414	recall@76.0%	1.0
CD004414	recall@77.0%	1.0
CD004414	recall@78.0%	1.0
CD004414	recall@79.0%	1.0
CD004414	recall@80.0%	1.0
CD004414	recall@81.0%	1.0
CD004414	recall@82.0%	1.0
CD004414	recall@83.0%	1.0
CD004414	recall@84.0%	1.0
CD004414	recall@85.0%	1.0
CD004414	recall@86.0%	1.0
CD004414	recall@87.0%	1.0
CD004414	recall@88.0%	1.0
CD004414	recall@89.0%	1.0
CD004414	recall@90.0%	1.0
CD004414	recall@91.0%	1.0
CD004414	recall@92.0%	1.0
CD004414	recall@93.0%	1.0
CD004414	recall@94.0%	1.0
CD004414	recall@95.0%	1.0
CD004414	recall@96.0%	1.0
CD004414	recall@97.0%	1.0
CD004414	recall@98.0%	1.0
CD004414	recall@99.0%	1.0
CD004414	recall@100.0%	1.0
CD004414	total_cost	72.0
CD004414	norm_area	0.954
CD004414	ap	0.239
CD004414	r	1.0
CD004414	loss_e	0.348
CD004414	loss_r	0.0
CD004414	loss_er	0.348
CD006468 Duplicate 4050080
CD006468 Duplicate 12801835
CD006468 Duplicate 26547474
CD006468 Duplicate 4974799
CD006468 Duplicate 6577843
CD006468 Duplicate 17599396
CD006468 Duplicate 16093811
CD006468 Duplicate 21676169
CD006468 Duplicate 20139361
CD006468 Duplicate 10833839
CD006468 Duplicate 19090502
CD006468 Duplicate 26985624
CD006468 Duplicate 9684760
CD006468 Duplicate 10800798
CD006468 Duplicate 28199364
CD006468 Duplicate 26088928
CD006468 Duplicate 24769074
CD006468 Duplicate 23422224
CD006468 Duplicate 15509484
CD006468 Duplicate 19755328
CD006468 Duplicate 27979674
CD006468 Duplicate 283593
CD006468 Duplicate 24325675
CD006468 Duplicate 19084210
CD006468 Duplicate 3407358
CD006468 Duplicate 16796836
CD006468 Duplicate 22334451
CD006468 Duplicate 16093981
CD006468 Duplicate 25158647
CD006468 Duplicate 25280062
CD006468 Duplicate 10448980
CD006468 Duplicate 23300270
CD006468 Duplicate 7384840
CD006468 Duplicate 24061558
CD006468 Duplicate 21162607
CD006468 Duplicate 2796884
CD006468 Duplicate 3565086
CD006468 Duplicate 23821377
CD006468 Duplicate 24825300
CD006468 Duplicate 15331796
CD006468 Duplicate 18197438
CD006468 Duplicate 22799324
CD006468 Duplicate 20082209
CD006468 Duplicate 26294737
CD006468 Duplicate 8821773
CD006468 Duplicate 7165
CD006468 Duplicate 17679257
CD006468 Duplicate 25899401
CD006468 Duplicate 22510554
CD006468 Duplicate 18416195
CD006468 Duplicate 17906973
CD006468 Duplicate 1658969
CD006468 Duplicate 1956034
CD006468 Duplicate 12162193
CD006468 Duplicate 16259529
CD006468 Duplicate 18640471
CD006468 Duplicate 22389165
CD006468 Duplicate 3585442
CD006468 Duplicate 23312256
CD006468 Duplicate 7630209
CD006468 Duplicate 24724505
CD006468 Duplicate 15171959
CD006468 Duplicate 23447529
CD006468 Duplicate 24228461
CD006468 Duplicate 26445544
CD006468 Duplicate 20440768
CD006468 Duplicate 25468376
CD006468 Duplicate 21063754
CD006468 Duplicate 25888999
CD006468 Duplicate 12974869
CD006468 Duplicate 2350105
CD006468	num_shown	3874
CD006468	rels_found	12
CD006468	num_rels	12
CD006468	last_rel	258
CD006468	norm_last_rel	0.067
CD006468	threshold	2499
CD006468	norm_threshold	0.645
CD006468	wss_100	0.933
CD006468	wss_95	0.926
CD006468	cg_total	12.0
CD006468	cg_max	12.0
CD006468	cg_threshold	12.0
CD006468	recall_threshold	1.0
CD006468	threshold	2499
CD006468	recall@1.0%	0.083
CD006468	recall@2.0%	0.833
CD006468	recall@3.0%	0.917
CD006468	recall@4.0%	0.917
CD006468	recall@5.0%	0.917
CD006468	recall@6.0%	0.917
CD006468	recall@7.0%	1.0
CD006468	recall@8.0%	1.0
CD006468	recall@9.0%	1.0
CD006468	recall@10.0%	1.0
CD006468	recall@11.0%	1.0
CD006468	recall@12.0%	1.0
CD006468	recall@13.0%	1.0
CD006468	recall@14.0%	1.0
CD006468	recall@15.0%	1.0
CD006468	recall@16.0%	1.0
CD006468	recall@17.0%	1.0
CD006468	recall@18.0%	1.0
CD006468	recall@19.0%	1.0
CD006468	recall@20.0%	1.0
CD006468	recall@21.0%	1.0
CD006468	recall@22.0%	1.0
CD006468	recall@23.0%	1.0
CD006468	recall@24.0%	1.0
CD006468	recall@25.0%	1.0
CD006468	recall@26.0%	1.0
CD006468	recall@27.0%	1.0
CD006468	recall@28.0%	1.0
CD006468	recall@29.0%	1.0
CD006468	recall@30.0%	1.0
CD006468	recall@31.0%	1.0
CD006468	recall@32.0%	1.0
CD006468	recall@33.0%	1.0
CD006468	recall@34.0%	1.0
CD006468	recall@35.0%	1.0
CD006468	recall@36.0%	1.0
CD006468	recall@37.0%	1.0
CD006468	recall@38.0%	1.0
CD006468	recall@39.0%	1.0
CD006468	recall@40.0%	1.0
CD006468	recall@41.0%	1.0
CD006468	recall@42.0%	1.0
CD006468	recall@43.0%	1.0
CD006468	recall@44.0%	1.0
CD006468	recall@45.0%	1.0
CD006468	recall@46.0%	1.0
CD006468	recall@47.0%	1.0
CD006468	recall@48.0%	1.0
CD006468	recall@49.0%	1.0
CD006468	recall@50.0%	1.0
CD006468	recall@51.0%	1.0
CD006468	recall@52.0%	1.0
CD006468	recall@53.0%	1.0
CD006468	recall@54.0%	1.0
CD006468	recall@55.0%	1.0
CD006468	recall@56.0%	1.0
CD006468	recall@57.0%	1.0
CD006468	recall@58.0%	1.0
CD006468	recall@59.0%	1.0
CD006468	recall@60.0%	1.0
CD006468	recall@61.0%	1.0
CD006468	recall@62.0%	1.0
CD006468	recall@63.0%	1.0
CD006468	recall@64.0%	1.0
CD006468	recall@65.0%	1.0
CD006468	recall@66.0%	1.0
CD006468	recall@67.0%	1.0
CD006468	recall@68.0%	1.0
CD006468	recall@69.0%	1.0
CD006468	recall@70.0%	1.0
CD006468	recall@71.0%	1.0
CD006468	recall@72.0%	1.0
CD006468	recall@73.0%	1.0
CD006468	recall@74.0%	1.0
CD006468	recall@75.0%	1.0
CD006468	recall@76.0%	1.0
CD006468	recall@77.0%	1.0
CD006468	recall@78.0%	1.0
CD006468	recall@79.0%	1.0
CD006468	recall@80.0%	1.0
CD006468	recall@81.0%	1.0
CD006468	recall@82.0%	1.0
CD006468	recall@83.0%	1.0
CD006468	recall@84.0%	1.0
CD006468	recall@85.0%	1.0
CD006468	recall@86.0%	1.0
CD006468	recall@87.0%	1.0
CD006468	recall@88.0%	1.0
CD006468	recall@89.0%	1.0
CD006468	recall@90.0%	1.0
CD006468	recall@91.0%	1.0
CD006468	recall@92.0%	1.0
CD006468	recall@93.0%	1.0
CD006468	recall@94.0%	1.0
CD006468	recall@95.0%	1.0
CD006468	recall@96.0%	1.0
CD006468	recall@97.0%	1.0
CD006468	recall@98.0%	1.0
CD006468	recall@99.0%	1.0
CD006468	recall@100.0%	1.0
CD006468	total_cost	2259.0
CD006468	norm_area	0.984
CD006468	ap	0.109
CD006468	r	1.0
CD006468	loss_e	0.332
CD006468	loss_r	0.0
CD006468	loss_er	0.332
CD007867 Duplicate 21287798
CD007867 Duplicate 8756812
CD007867 Duplicate 12405623
CD007867 Duplicate 21621886
CD007867 Duplicate 9508019
CD007867 Duplicate 23860247
CD007867 Duplicate 23539756
CD007867 Duplicate 24560584
CD007867 Duplicate 20103540
CD007867 Duplicate 23075590
CD007867 Duplicate 7582291
CD007867 Duplicate 11871738
CD007867 Duplicate 26791920
CD007867 Duplicate 9291014
CD007867 Duplicate 15333422
CD007867 Duplicate 12544991
CD007867 Duplicate 8299434
CD007867 Duplicate 24423748
CD007867 Duplicate 20558081
CD007867	num_shown	943
CD007867	rels_found	9
CD007867	num_rels	9
CD007867	last_rel	210
CD007867	norm_last_rel	0.223
CD007867	threshold	606
CD007867	norm_threshold	0.643
CD007867	wss_100	0.777
CD007867	wss_95	0.727
CD007867	cg_total	9.0
CD007867	cg_max	9.0
CD007867	cg_threshold	9.0
CD007867	recall_threshold	1.0
CD007867	threshold	606
CD007867	recall@1.0%	0.0
CD007867	recall@2.0%	0.222
CD007867	recall@3.0%	0.222
CD007867	recall@4.0%	0.222
CD007867	recall@5.0%	0.333
CD007867	recall@6.0%	0.333
CD007867	recall@7.0%	0.556
CD007867	recall@8.0%	0.556
CD007867	recall@9.0%	0.556
CD007867	recall@10.0%	0.556
CD007867	recall@11.0%	0.556
CD007867	recall@12.0%	0.556
CD007867	recall@13.0%	0.556
CD007867	recall@14.0%	0.556
CD007867	recall@15.0%	0.556
CD007867	recall@16.0%	0.556
CD007867	recall@17.0%	0.556
CD007867	recall@18.0%	0.778
CD007867	recall@19.0%	0.778
CD007867	recall@20.0%	0.889
CD007867	recall@21.0%	0.889
CD007867	recall@22.0%	0.889
CD007867	recall@23.0%	1.0
CD007867	recall@24.0%	1.0
CD007867	recall@25.0%	1.0
CD007867	recall@26.0%	1.0
CD007867	recall@27.0%	1.0
CD007867	recall@28.0%	1.0
CD007867	recall@29.0%	1.0
CD007867	recall@30.0%	1.0
CD007867	recall@31.0%	1.0
CD007867	recall@32.0%	1.0
CD007867	recall@33.0%	1.0
CD007867	recall@34.0%	1.0
CD007867	recall@35.0%	1.0
CD007867	recall@36.0%	1.0
CD007867	recall@37.0%	1.0
CD007867	recall@38.0%	1.0
CD007867	recall@39.0%	1.0
CD007867	recall@40.0%	1.0
CD007867	recall@41.0%	1.0
CD007867	recall@42.0%	1.0
CD007867	recall@43.0%	1.0
CD007867	recall@44.0%	1.0
CD007867	recall@45.0%	1.0
CD007867	recall@46.0%	1.0
CD007867	recall@47.0%	1.0
CD007867	recall@48.0%	1.0
CD007867	recall@49.0%	1.0
CD007867	recall@50.0%	1.0
CD007867	recall@51.0%	1.0
CD007867	recall@52.0%	1.0
CD007867	recall@53.0%	1.0
CD007867	recall@54.0%	1.0
CD007867	recall@55.0%	1.0
CD007867	recall@56.0%	1.0
CD007867	recall@57.0%	1.0
CD007867	recall@58.0%	1.0
CD007867	recall@59.0%	1.0
CD007867	recall@60.0%	1.0
CD007867	recall@61.0%	1.0
CD007867	recall@62.0%	1.0
CD007867	recall@63.0%	1.0
CD007867	recall@64.0%	1.0
CD007867	recall@65.0%	1.0
CD007867	recall@66.0%	1.0
CD007867	recall@67.0%	1.0
CD007867	recall@68.0%	1.0
CD007867	recall@69.0%	1.0
CD007867	recall@70.0%	1.0
CD007867	recall@71.0%	1.0
CD007867	recall@72.0%	1.0
CD007867	recall@73.0%	1.0
CD007867	recall@74.0%	1.0
CD007867	recall@75.0%	1.0
CD007867	recall@76.0%	1.0
CD007867	recall@77.0%	1.0
CD007867	recall@78.0%	1.0
CD007867	recall@79.0%	1.0
CD007867	recall@80.0%	1.0
CD007867	recall@81.0%	1.0
CD007867	recall@82.0%	1.0
CD007867	recall@83.0%	1.0
CD007867	recall@84.0%	1.0
CD007867	recall@85.0%	1.0
CD007867	recall@86.0%	1.0
CD007867	recall@87.0%	1.0
CD007867	recall@88.0%	1.0
CD007867	recall@89.0%	1.0
CD007867	recall@90.0%	1.0
CD007867	recall@91.0%	1.0
CD007867	recall@92.0%	1.0
CD007867	recall@93.0%	1.0
CD007867	recall@94.0%	1.0
CD007867	recall@95.0%	1.0
CD007867	recall@96.0%	1.0
CD007867	recall@97.0%	1.0
CD007867	recall@98.0%	1.0
CD007867	recall@99.0%	1.0
CD007867	recall@100.0%	1.0
CD007867	total_cost	426.0
CD007867	norm_area	0.896
CD007867	ap	0.063
CD007867	r	1.0
CD007867	loss_e	0.348
CD007867	loss_r	0.0
CD007867	loss_er	0.348
Skipping topic: CD008874
Skipping topic: CD009044
CD009069 Duplicate 26896686
CD009069 Duplicate 27934795
CD009069 Duplicate 22438987
CD009069 Duplicate 18026629
CD009069 Duplicate 21812170
CD009069 Duplicate 22684521
CD009069 Duplicate 17984124
CD009069 Duplicate 23834901
CD009069 Duplicate 25133822
CD009069 Duplicate 27255620
CD009069 Duplicate 19475481
CD009069 Duplicate 25843731
CD009069 Duplicate 17519896
CD009069 Duplicate 21418685
CD009069 Duplicate 21718442
CD009069 Duplicate 21161814
CD009069 Duplicate 26381919
CD009069 Duplicate 11172923
CD009069 Duplicate 23522561
CD009069 Duplicate 23115621
CD009069 Duplicate 22833090
CD009069 Duplicate 19951205
CD009069 Duplicate 22012564
CD009069 Duplicate 20592548
CD009069 Duplicate 26868093
CD009069 Duplicate 24815381
CD009069 Duplicate 18020847
CD009069 Duplicate 27279731
CD009069 Duplicate 22095092
CD009069 Duplicate 27070967
CD009069 Duplicate 17576336
CD009069 Duplicate 24088392
CD009069 Duplicate 23732901
CD009069 Duplicate 26954465
CD009069 Duplicate 17707077
CD009069 Duplicate 25924871
CD009069 Duplicate 22892147
CD009069 Duplicate 25524200
CD009069 Duplicate 26190804
CD009069 Duplicate 18251211
CD009069 Duplicate 15888272
CD009069 Duplicate 22608058
CD009069 Duplicate 21514348
CD009069	num_shown	1757
CD009069	rels_found	5
CD009069	num_rels	5
CD009069	last_rel	289
CD009069	norm_last_rel	0.164
CD009069	threshold	1119
CD009069	norm_threshold	0.637
CD009069	wss_100	0.836
CD009069	wss_95	0.786
CD009069	cg_total	5.0
CD009069	cg_max	5.0
CD009069	cg_threshold	5.0
CD009069	recall_threshold	1.0
CD009069	threshold	1119
CD009069	recall@1.0%	0.0
CD009069	recall@2.0%	0.4
CD009069	recall@3.0%	0.6
CD009069	recall@4.0%	0.8
CD009069	recall@5.0%	0.8
CD009069	recall@6.0%	0.8
CD009069	recall@7.0%	0.8
CD009069	recall@8.0%	0.8
CD009069	recall@9.0%	0.8
CD009069	recall@10.0%	0.8
CD009069	recall@11.0%	0.8
CD009069	recall@12.0%	0.8
CD009069	recall@13.0%	0.8
CD009069	recall@14.0%	0.8
CD009069	recall@15.0%	0.8
CD009069	recall@16.0%	0.8
CD009069	recall@17.0%	1.0
CD009069	recall@18.0%	1.0
CD009069	recall@19.0%	1.0
CD009069	recall@20.0%	1.0
CD009069	recall@21.0%	1.0
CD009069	recall@22.0%	1.0
CD009069	recall@23.0%	1.0
CD009069	recall@24.0%	1.0
CD009069	recall@25.0%	1.0
CD009069	recall@26.0%	1.0
CD009069	recall@27.0%	1.0
CD009069	recall@28.0%	1.0
CD009069	recall@29.0%	1.0
CD009069	recall@30.0%	1.0
CD009069	recall@31.0%	1.0
CD009069	recall@32.0%	1.0
CD009069	recall@33.0%	1.0
CD009069	recall@34.0%	1.0
CD009069	recall@35.0%	1.0
CD009069	recall@36.0%	1.0
CD009069	recall@37.0%	1.0
CD009069	recall@38.0%	1.0
CD009069	recall@39.0%	1.0
CD009069	recall@40.0%	1.0
CD009069	recall@41.0%	1.0
CD009069	recall@42.0%	1.0
CD009069	recall@43.0%	1.0
CD009069	recall@44.0%	1.0
CD009069	recall@45.0%	1.0
CD009069	recall@46.0%	1.0
CD009069	recall@47.0%	1.0
CD009069	recall@48.0%	1.0
CD009069	recall@49.0%	1.0
CD009069	recall@50.0%	1.0
CD009069	recall@51.0%	1.0
CD009069	recall@52.0%	1.0
CD009069	recall@53.0%	1.0
CD009069	recall@54.0%	1.0
CD009069	recall@55.0%	1.0
CD009069	recall@56.0%	1.0
CD009069	recall@57.0%	1.0
CD009069	recall@58.0%	1.0
CD009069	recall@59.0%	1.0
CD009069	recall@60.0%	1.0
CD009069	recall@61.0%	1.0
CD009069	recall@62.0%	1.0
CD009069	recall@63.0%	1.0
CD009069	recall@64.0%	1.0
CD009069	recall@65.0%	1.0
CD009069	recall@66.0%	1.0
CD009069	recall@67.0%	1.0
CD009069	recall@68.0%	1.0
CD009069	recall@69.0%	1.0
CD009069	recall@70.0%	1.0
CD009069	recall@71.0%	1.0
CD009069	recall@72.0%	1.0
CD009069	recall@73.0%	1.0
CD009069	recall@74.0%	1.0
CD009069	recall@75.0%	1.0
CD009069	recall@76.0%	1.0
CD009069	recall@77.0%	1.0
CD009069	recall@78.0%	1.0
CD009069	recall@79.0%	1.0
CD009069	recall@80.0%	1.0
CD009069	recall@81.0%	1.0
CD009069	recall@82.0%	1.0
CD009069	recall@83.0%	1.0
CD009069	recall@84.0%	1.0
CD009069	recall@85.0%	1.0
CD009069	recall@86.0%	1.0
CD009069	recall@87.0%	1.0
CD009069	recall@88.0%	1.0
CD009069	recall@89.0%	1.0
CD009069	recall@90.0%	1.0
CD009069	recall@91.0%	1.0
CD009069	recall@92.0%	1.0
CD009069	recall@93.0%	1.0
CD009069	recall@94.0%	1.0
CD009069	recall@95.0%	1.0
CD009069	recall@96.0%	1.0
CD009069	recall@97.0%	1.0
CD009069	recall@98.0%	1.0
CD009069	recall@99.0%	1.0
CD009069	recall@100.0%	1.0
CD009069	total_cost	1019.0
CD009069	norm_area	0.949
CD009069	ap	0.048
CD009069	r	1.0
CD009069	loss_e	0.368
CD009069	loss_r	0.0
CD009069	loss_er	0.368
CD009642 Duplicate 9627258
CD009642 Duplicate 6340015
CD009642 Duplicate 22763313
CD009642 Duplicate 23322191
CD009642 Duplicate 8487134
CD009642 Duplicate 12401606
CD009642 Duplicate 19843808
CD009642 Duplicate 9060789
CD009642 Duplicate 12664066
CD009642 Duplicate 24411542
CD009642 Duplicate 17728216
CD009642 Duplicate 24051391
CD009642 Duplicate 26330715
CD009642 Duplicate 25097089
CD009642 Duplicate 11172509
CD009642 Duplicate 3344961
CD009642 Duplicate 10071998
CD009642 Duplicate 14694502
CD009642 Duplicate 7717498
CD009642 Duplicate 20195031
CD009642 Duplicate 9174297
CD009642 Duplicate 12803269
CD009642 Duplicate 24835497
CD009642 Duplicate 25663279
CD009642 Duplicate 20399943
CD009642 Duplicate 6439023
CD009642 Duplicate 19371843
CD009642 Duplicate 16368585
CD009642 Duplicate 17828144
CD009642 Duplicate 15659891
CD009642 Duplicate 11880081
CD009642 Duplicate 19302077
CD009642 Duplicate 17377092
CD009642 Duplicate 23059790
CD009642 Duplicate 8135432
CD009642 Duplicate 10470387
CD009642 Duplicate 26471087
CD009642 Duplicate 16199701
CD009642 Duplicate 22134226
CD009642 Duplicate 10470630
CD009642 Duplicate 9623426
CD009642 Duplicate 20478123
CD009642	num_shown	1922
CD009642	rels_found	50
CD009642	num_rels	50
CD009642	last_rel	260
CD009642	norm_last_rel	0.135
CD009642	threshold	1231
CD009642	norm_threshold	0.64
CD009642	wss_100	0.865
CD009642	wss_95	0.845
CD009642	cg_total	50.0
CD009642	cg_max	50.0
CD009642	cg_threshold	50.0
CD009642	recall_threshold	1.0
CD009642	threshold	1231
CD009642	recall@1.0%	0.26
CD009642	recall@2.0%	0.48
CD009642	recall@3.0%	0.58
CD009642	recall@4.0%	0.62
CD009642	recall@5.0%	0.7
CD009642	recall@6.0%	0.8
CD009642	recall@7.0%	0.86
CD009642	recall@8.0%	0.88
CD009642	recall@9.0%	0.9
CD009642	recall@10.0%	0.94
CD009642	recall@11.0%	0.96
CD009642	recall@12.0%	0.98
CD009642	recall@13.0%	0.98
CD009642	recall@14.0%	1.0
CD009642	recall@15.0%	1.0
CD009642	recall@16.0%	1.0
CD009642	recall@17.0%	1.0
CD009642	recall@18.0%	1.0
CD009642	recall@19.0%	1.0
CD009642	recall@20.0%	1.0
CD009642	recall@21.0%	1.0
CD009642	recall@22.0%	1.0
CD009642	recall@23.0%	1.0
CD009642	recall@24.0%	1.0
CD009642	recall@25.0%	1.0
CD009642	recall@26.0%	1.0
CD009642	recall@27.0%	1.0
CD009642	recall@28.0%	1.0
CD009642	recall@29.0%	1.0
CD009642	recall@30.0%	1.0
CD009642	recall@31.0%	1.0
CD009642	recall@32.0%	1.0
CD009642	recall@33.0%	1.0
CD009642	recall@34.0%	1.0
CD009642	recall@35.0%	1.0
CD009642	recall@36.0%	1.0
CD009642	recall@37.0%	1.0
CD009642	recall@38.0%	1.0
CD009642	recall@39.0%	1.0
CD009642	recall@40.0%	1.0
CD009642	recall@41.0%	1.0
CD009642	recall@42.0%	1.0
CD009642	recall@43.0%	1.0
CD009642	recall@44.0%	1.0
CD009642	recall@45.0%	1.0
CD009642	recall@46.0%	1.0
CD009642	recall@47.0%	1.0
CD009642	recall@48.0%	1.0
CD009642	recall@49.0%	1.0
CD009642	recall@50.0%	1.0
CD009642	recall@51.0%	1.0
CD009642	recall@52.0%	1.0
CD009642	recall@53.0%	1.0
CD009642	recall@54.0%	1.0
CD009642	recall@55.0%	1.0
CD009642	recall@56.0%	1.0
CD009642	recall@57.0%	1.0
CD009642	recall@58.0%	1.0
CD009642	recall@59.0%	1.0
CD009642	recall@60.0%	1.0
CD009642	recall@61.0%	1.0
CD009642	recall@62.0%	1.0
CD009642	recall@63.0%	1.0
CD009642	recall@64.0%	1.0
CD009642	recall@65.0%	1.0
CD009642	recall@66.0%	1.0
CD009642	recall@67.0%	1.0
CD009642	recall@68.0%	1.0
CD009642	recall@69.0%	1.0
CD009642	recall@70.0%	1.0
CD009642	recall@71.0%	1.0
CD009642	recall@72.0%	1.0
CD009642	recall@73.0%	1.0
CD009642	recall@74.0%	1.0
CD009642	recall@75.0%	1.0
CD009642	recall@76.0%	1.0
CD009642	recall@77.0%	1.0
CD009642	recall@78.0%	1.0
CD009642	recall@79.0%	1.0
CD009642	recall@80.0%	1.0
CD009642	recall@81.0%	1.0
CD009642	recall@82.0%	1.0
CD009642	recall@83.0%	1.0
CD009642	recall@84.0%	1.0
CD009642	recall@85.0%	1.0
CD009642	recall@86.0%	1.0
CD009642	recall@87.0%	1.0
CD009642	recall@88.0%	1.0
CD009642	recall@89.0%	1.0
CD009642	recall@90.0%	1.0
CD009642	recall@91.0%	1.0
CD009642	recall@92.0%	1.0
CD009642	recall@93.0%	1.0
CD009642	recall@94.0%	1.0
CD009642	recall@95.0%	1.0
CD009642	recall@96.0%	1.0
CD009642	recall@97.0%	1.0
CD009642	recall@98.0%	1.0
CD009642	recall@99.0%	1.0
CD009642	recall@100.0%	1.0
CD009642	total_cost	231.0
CD009642	norm_area	0.978
CD009642	ap	0.505
CD009642	r	1.0
CD009642	loss_e	0.182
CD009642	loss_r	0.0
CD009642	loss_er	0.182
CD010038 Duplicate 7992349
CD010038 Duplicate 27123570
CD010038 Duplicate 9473150
CD010038 Duplicate 18690957
CD010038 Duplicate 6344756
CD010038 Duplicate 26233454
CD010038 Duplicate 23062388
CD010038 Duplicate 17989948
CD010038 Duplicate 15537272
CD010038 Duplicate 9842380
CD010038 Duplicate 24921044
CD010038 Duplicate 26733134
CD010038 Duplicate 18025890
CD010038 Duplicate 27198935
CD010038 Duplicate 22709952
CD010038 Duplicate 2301350
CD010038 Duplicate 19445105
CD010038 Duplicate 23265751
CD010038 Duplicate 22041468
CD010038 Duplicate 20724343
CD010038 Duplicate 24753525
CD010038 Duplicate 6913880
CD010038 Duplicate 11012402
CD010038 Duplicate 10256
CD010038 Duplicate 26478202
CD010038 Duplicate 22360928
CD010038 Duplicate 27617023
CD010038 Duplicate 18946457
CD010038 Duplicate 21750234
CD010038 Duplicate 15905921
CD010038 Duplicate 27084284
CD010038 Duplicate 19039899
CD010038 Duplicate 12392870
CD010038 Duplicate 10726678
CD010038 Duplicate 22743861
CD010038 Duplicate 9411052
CD010038 Duplicate 26078664
CD010038 Duplicate 8701046
CD010038 Duplicate 12532540
CD010038 Duplicate 20077733
CD010038 Duplicate 1609168
CD010038 Duplicate 10867750
CD010038 Duplicate 25066382
CD010038 Duplicate 25690459
CD010038 Duplicate 26147330
CD010038 Duplicate 20066648
CD010038 Duplicate 1984388
CD010038 Duplicate 14708159
CD010038 Duplicate 23555971
CD010038 Duplicate 10796443
CD010038 Duplicate 8557071
CD010038 Duplicate 16585300
CD010038 Duplicate 24794246
CD010038 Duplicate 9272336
CD010038 Duplicate 23265374
CD010038 Duplicate 23711015
CD010038 Duplicate 26517344
CD010038 Duplicate 23274003
CD010038 Duplicate 15778966
CD010038 Duplicate 7868350
CD010038 Duplicate 21208468
CD010038 Duplicate 11687025
CD010038 Duplicate 11934772
CD010038 Duplicate 22561030
CD010038 Duplicate 26332848
CD010038 Duplicate 11392342
CD010038 Duplicate 2280756
CD010038 Duplicate 16176419
CD010038 Duplicate 24593997
CD010038 Duplicate 15460299
CD010038 Duplicate 24374502
CD010038 Duplicate 17094039
CD010038 Duplicate 22664224
CD010038 Duplicate 26213497
CD010038 Duplicate 20508026
CD010038 Duplicate 26692181
CD010038 Duplicate 9247561
CD010038 Duplicate 27053135
CD010038 Duplicate 25228607
CD010038 Duplicate 9917465
CD010038 Duplicate 24459000
CD010038 Duplicate 19816396
CD010038 Duplicate 17621991
CD010038 Duplicate 19878402
CD010038 Duplicate 25885282
CD010038 Duplicate 23429005
CD010038 Duplicate 11817987
CD010038 Duplicate 24887239
CD010038 Duplicate 14511954
CD010038 Duplicate 25809379
CD010038 Duplicate 25691177
CD010038 Duplicate 24092458
CD010038 Duplicate 17850697
CD010038 Duplicate 11361464
CD010038 Duplicate 22516029
CD010038 Duplicate 10683019
CD010038 Duplicate 10372447
CD010038 Duplicate 12717358
CD010038 Duplicate 11435878
CD010038 Duplicate 11752732
CD010038 Duplicate 17721381
CD010038 Duplicate 8091754
CD010038 Duplicate 23573480
CD010038 Duplicate 9166832
CD010038 Duplicate 10858908
CD010038 Duplicate 26695080
CD010038 Duplicate 21366869
CD010038 Duplicate 22738621
CD010038 Duplicate 25569727
CD010038 Duplicate 16427376
CD010038 Duplicate 16903885
CD010038 Duplicate 21137657
CD010038 Duplicate 10869773
CD010038 Duplicate 22308120
CD010038 Duplicate 27255620
CD010038 Duplicate 8656233
CD010038 Duplicate 26209836
CD010038 Duplicate 1055858
CD010038 Duplicate 15825141
CD010038 Duplicate 16085554
CD010038 Duplicate 10451013
CD010038 Duplicate 19651001
CD010038 Duplicate 22467633
CD010038 Duplicate 21333236
CD010038 Duplicate 15042731
CD010038 Duplicate 504888
CD010038 Duplicate 18724570
CD010038 Duplicate 12891467
CD010038 Duplicate 25546337
CD010038 Duplicate 8408569
CD010038 Duplicate 19779400
CD010038 Duplicate 25240865
CD010038 Duplicate 10697887
CD010038 Duplicate 12462831
CD010038 Duplicate 14608264
CD010038 Duplicate 19669301
CD010038 Duplicate 11596715
CD010038 Duplicate 15227860
CD010038 Duplicate 17363890
CD010038 Duplicate 8831126
CD010038 Duplicate 25846308
CD010038 Duplicate 23560639
CD010038 Duplicate 3042653
CD010038 Duplicate 6718593
CD010038 Duplicate 8580126
CD010038 Duplicate 24235191
CD010038 Duplicate 15236784
CD010038 Duplicate 10437360
CD010038 Duplicate 22480928
CD010038 Duplicate 14703590
CD010038 Duplicate 17629378
CD010038 Duplicate 11364443
CD010038 Duplicate 24206143
CD010038 Duplicate 12531335
CD010038 Duplicate 25979319
CD010038 Duplicate 17668681
CD010038 Duplicate 24731129
CD010038 Duplicate 3912504
CD010038 Duplicate 8397752
CD010038	num_shown	8867
CD010038	rels_found	9
CD010038	num_rels	9
CD010038	last_rel	1690
CD010038	norm_last_rel	0.191
CD010038	threshold	5718
CD010038	norm_threshold	0.645
CD010038	wss_100	0.809
CD010038	wss_95	0.759
CD010038	cg_total	9.0
CD010038	cg_max	9.0
CD010038	cg_threshold	9.0
CD010038	recall_threshold	1.0
CD010038	threshold	5718
CD010038	recall@1.0%	0.444
CD010038	recall@2.0%	0.667
CD010038	recall@3.0%	0.778
CD010038	recall@4.0%	0.889
CD010038	recall@5.0%	0.889
CD010038	recall@6.0%	0.889
CD010038	recall@7.0%	0.889
CD010038	recall@8.0%	0.889
CD010038	recall@9.0%	0.889
CD010038	recall@10.0%	0.889
CD010038	recall@11.0%	0.889
CD010038	recall@12.0%	0.889
CD010038	recall@13.0%	0.889
CD010038	recall@14.0%	0.889
CD010038	recall@15.0%	0.889
CD010038	recall@16.0%	0.889
CD010038	recall@17.0%	0.889
CD010038	recall@18.0%	0.889
CD010038	recall@19.0%	0.889
CD010038	recall@20.0%	1.0
CD010038	recall@21.0%	1.0
CD010038	recall@22.0%	1.0
CD010038	recall@23.0%	1.0
CD010038	recall@24.0%	1.0
CD010038	recall@25.0%	1.0
CD010038	recall@26.0%	1.0
CD010038	recall@27.0%	1.0
CD010038	recall@28.0%	1.0
CD010038	recall@29.0%	1.0
CD010038	recall@30.0%	1.0
CD010038	recall@31.0%	1.0
CD010038	recall@32.0%	1.0
CD010038	recall@33.0%	1.0
CD010038	recall@34.0%	1.0
CD010038	recall@35.0%	1.0
CD010038	recall@36.0%	1.0
CD010038	recall@37.0%	1.0
CD010038	recall@38.0%	1.0
CD010038	recall@39.0%	1.0
CD010038	recall@40.0%	1.0
CD010038	recall@41.0%	1.0
CD010038	recall@42.0%	1.0
CD010038	recall@43.0%	1.0
CD010038	recall@44.0%	1.0
CD010038	recall@45.0%	1.0
CD010038	recall@46.0%	1.0
CD010038	recall@47.0%	1.0
CD010038	recall@48.0%	1.0
CD010038	recall@49.0%	1.0
CD010038	recall@50.0%	1.0
CD010038	recall@51.0%	1.0
CD010038	recall@52.0%	1.0
CD010038	recall@53.0%	1.0
CD010038	recall@54.0%	1.0
CD010038	recall@55.0%	1.0
CD010038	recall@56.0%	1.0
CD010038	recall@57.0%	1.0
CD010038	recall@58.0%	1.0
CD010038	recall@59.0%	1.0
CD010038	recall@60.0%	1.0
CD010038	recall@61.0%	1.0
CD010038	recall@62.0%	1.0
CD010038	recall@63.0%	1.0
CD010038	recall@64.0%	1.0
CD010038	recall@65.0%	1.0
CD010038	recall@66.0%	1.0
CD010038	recall@67.0%	1.0
CD010038	recall@68.0%	1.0
CD010038	recall@69.0%	1.0
CD010038	recall@70.0%	1.0
CD010038	recall@71.0%	1.0
CD010038	recall@72.0%	1.0
CD010038	recall@73.0%	1.0
CD010038	recall@74.0%	1.0
CD010038	recall@75.0%	1.0
CD010038	recall@76.0%	1.0
CD010038	recall@77.0%	1.0
CD010038	recall@78.0%	1.0
CD010038	recall@79.0%	1.0
CD010038	recall@80.0%	1.0
CD010038	recall@81.0%	1.0
CD010038	recall@82.0%	1.0
CD010038	recall@83.0%	1.0
CD010038	recall@84.0%	1.0
CD010038	recall@85.0%	1.0
CD010038	recall@86.0%	1.0
CD010038	recall@87.0%	1.0
CD010038	recall@88.0%	1.0
CD010038	recall@89.0%	1.0
CD010038	recall@90.0%	1.0
CD010038	recall@91.0%	1.0
CD010038	recall@92.0%	1.0
CD010038	recall@93.0%	1.0
CD010038	recall@94.0%	1.0
CD010038	recall@95.0%	1.0
CD010038	recall@96.0%	1.0
CD010038	recall@97.0%	1.0
CD010038	recall@98.0%	1.0
CD010038	recall@99.0%	1.0
CD010038	recall@100.0%	1.0
CD010038	total_cost	5538.0
CD010038	norm_area	0.966
CD010038	ap	0.035
CD010038	r	1.0
CD010038	loss_e	0.35
CD010038	loss_r	0.0
CD010038	loss_er	0.35
CD010239 Duplicate 11331696
CD010239 Duplicate 28180985
CD010239 Duplicate 17234653
CD010239 Duplicate 9475317
CD010239	num_shown	224
CD010239	rels_found	10
CD010239	num_rels	10
CD010239	last_rel	14
CD010239	norm_last_rel	0.062
CD010239	threshold	140
CD010239	norm_threshold	0.625
CD010239	wss_100	0.938
CD010239	wss_95	0.887
CD010239	cg_total	10.0
CD010239	cg_max	10.0
CD010239	cg_threshold	10.0
CD010239	recall_threshold	1.0
CD010239	threshold	140
CD010239	recall@1.0%	0.2
CD010239	recall@2.0%	0.3
CD010239	recall@3.0%	0.6
CD010239	recall@4.0%	0.7
CD010239	recall@5.0%	0.8
CD010239	recall@6.0%	0.9
CD010239	recall@7.0%	1.0
CD010239	recall@8.0%	1.0
CD010239	recall@9.0%	1.0
CD010239	recall@10.0%	1.0
CD010239	recall@11.0%	1.0
CD010239	recall@12.0%	1.0
CD010239	recall@13.0%	1.0
CD010239	recall@14.0%	1.0
CD010239	recall@15.0%	1.0
CD010239	recall@16.0%	1.0
CD010239	recall@17.0%	1.0
CD010239	recall@18.0%	1.0
CD010239	recall@19.0%	1.0
CD010239	recall@20.0%	1.0
CD010239	recall@21.0%	1.0
CD010239	recall@22.0%	1.0
CD010239	recall@23.0%	1.0
CD010239	recall@24.0%	1.0
CD010239	recall@25.0%	1.0
CD010239	recall@26.0%	1.0
CD010239	recall@27.0%	1.0
CD010239	recall@28.0%	1.0
CD010239	recall@29.0%	1.0
CD010239	recall@30.0%	1.0
CD010239	recall@31.0%	1.0
CD010239	recall@32.0%	1.0
CD010239	recall@33.0%	1.0
CD010239	recall@34.0%	1.0
CD010239	recall@35.0%	1.0
CD010239	recall@36.0%	1.0
CD010239	recall@37.0%	1.0
CD010239	recall@38.0%	1.0
CD010239	recall@39.0%	1.0
CD010239	recall@40.0%	1.0
CD010239	recall@41.0%	1.0
CD010239	recall@42.0%	1.0
CD010239	recall@43.0%	1.0
CD010239	recall@44.0%	1.0
CD010239	recall@45.0%	1.0
CD010239	recall@46.0%	1.0
CD010239	recall@47.0%	1.0
CD010239	recall@48.0%	1.0
CD010239	recall@49.0%	1.0
CD010239	recall@50.0%	1.0
CD010239	recall@51.0%	1.0
CD010239	recall@52.0%	1.0
CD010239	recall@53.0%	1.0
CD010239	recall@54.0%	1.0
CD010239	recall@55.0%	1.0
CD010239	recall@56.0%	1.0
CD010239	recall@57.0%	1.0
CD010239	recall@58.0%	1.0
CD010239	recall@59.0%	1.0
CD010239	recall@60.0%	1.0
CD010239	recall@61.0%	1.0
CD010239	recall@62.0%	1.0
CD010239	recall@63.0%	1.0
CD010239	recall@64.0%	1.0
CD010239	recall@65.0%	1.0
CD010239	recall@66.0%	1.0
CD010239	recall@67.0%	1.0
CD010239	recall@68.0%	1.0
CD010239	recall@69.0%	1.0
CD010239	recall@70.0%	1.0
CD010239	recall@71.0%	1.0
CD010239	recall@72.0%	1.0
CD010239	recall@73.0%	1.0
CD010239	recall@74.0%	1.0
CD010239	recall@75.0%	1.0
CD010239	recall@76.0%	1.0
CD010239	recall@77.0%	1.0
CD010239	recall@78.0%	1.0
CD010239	recall@79.0%	1.0
CD010239	recall@80.0%	1.0
CD010239	recall@81.0%	1.0
CD010239	recall@82.0%	1.0
CD010239	recall@83.0%	1.0
CD010239	recall@84.0%	1.0
CD010239	recall@85.0%	1.0
CD010239	recall@86.0%	1.0
CD010239	recall@87.0%	1.0
CD010239	recall@88.0%	1.0
CD010239	recall@89.0%	1.0
CD010239	recall@90.0%	1.0
CD010239	recall@91.0%	1.0
CD010239	recall@92.0%	1.0
CD010239	recall@93.0%	1.0
CD010239	recall@94.0%	1.0
CD010239	recall@95.0%	1.0
CD010239	recall@96.0%	1.0
CD010239	recall@97.0%	1.0
CD010239	recall@98.0%	1.0
CD010239	recall@99.0%	1.0
CD010239	recall@100.0%	1.0
CD010239	total_cost	-60.0
CD010239	norm_area	0.993
CD010239	ap	0.821
CD010239	r	1.0
CD010239	loss_e	0.323
CD010239	loss_r	0.0
CD010239	loss_er	0.323
CD010558 Duplicate 16942980
CD010558 Duplicate 25454337
CD010558 Duplicate 16094658
CD010558 Duplicate 12085711
CD010558 Duplicate 1845438
CD010558 Duplicate 21962978
CD010558 Duplicate 22417767
CD010558 Duplicate 11424169
CD010558 Duplicate 10632230
CD010558 Duplicate 23267529
CD010558 Duplicate 22545737
CD010558 Duplicate 15352931
CD010558 Duplicate 17475734
CD010558 Duplicate 17586832
CD010558 Duplicate 22162648
CD010558 Duplicate 20385376
CD010558 Duplicate 16645534
CD010558 Duplicate 2664883
CD010558 Duplicate 22397890
CD010558 Duplicate 22079151
CD010558 Duplicate 23521569
CD010558 Duplicate 21898711
CD010558 Duplicate 21447050
CD010558 Duplicate 25963932
CD010558 Duplicate 15514409
CD010558 Duplicate 19571597
CD010558 Duplicate 24821196
CD010558 Duplicate 20137481
CD010558 Duplicate 12801161
CD010558 Duplicate 26278231
CD010558 Duplicate 10920469
CD010558 Duplicate 19771197
CD010558 Duplicate 23709358
CD010558 Duplicate 23398269
CD010558 Duplicate 18824331
CD010558 Duplicate 25643201
CD010558 Duplicate 25122038
CD010558 Duplicate 26331072
CD010558 Duplicate 23466591
CD010558 Duplicate 20961620
CD010558 Duplicate 26044464
CD010558 Duplicate 26025780
CD010558 Duplicate 17548749
CD010558 Duplicate 12172337
CD010558 Duplicate 20600472
CD010558 Duplicate 996681
CD010558 Duplicate 14973988
CD010558 Duplicate 11313093
CD010558	num_shown	2815
CD010558	rels_found	10
CD010558	num_rels	10
CD010558	last_rel	178
CD010558	norm_last_rel	0.063
CD010558	threshold	1818
CD010558	norm_threshold	0.646
CD010558	wss_100	0.937
CD010558	wss_95	0.887
CD010558	cg_total	10.0
CD010558	cg_max	10.0
CD010558	cg_threshold	10.0
CD010558	recall_threshold	1.0
CD010558	threshold	1818
CD010558	recall@1.0%	0.2
CD010558	recall@2.0%	0.2
CD010558	recall@3.0%	0.2
CD010558	recall@4.0%	0.3
CD010558	recall@5.0%	0.4
CD010558	recall@6.0%	0.9
CD010558	recall@7.0%	1.0
CD010558	recall@8.0%	1.0
CD010558	recall@9.0%	1.0
CD010558	recall@10.0%	1.0
CD010558	recall@11.0%	1.0
CD010558	recall@12.0%	1.0
CD010558	recall@13.0%	1.0
CD010558	recall@14.0%	1.0
CD010558	recall@15.0%	1.0
CD010558	recall@16.0%	1.0
CD010558	recall@17.0%	1.0
CD010558	recall@18.0%	1.0
CD010558	recall@19.0%	1.0
CD010558	recall@20.0%	1.0
CD010558	recall@21.0%	1.0
CD010558	recall@22.0%	1.0
CD010558	recall@23.0%	1.0
CD010558	recall@24.0%	1.0
CD010558	recall@25.0%	1.0
CD010558	recall@26.0%	1.0
CD010558	recall@27.0%	1.0
CD010558	recall@28.0%	1.0
CD010558	recall@29.0%	1.0
CD010558	recall@30.0%	1.0
CD010558	recall@31.0%	1.0
CD010558	recall@32.0%	1.0
CD010558	recall@33.0%	1.0
CD010558	recall@34.0%	1.0
CD010558	recall@35.0%	1.0
CD010558	recall@36.0%	1.0
CD010558	recall@37.0%	1.0
CD010558	recall@38.0%	1.0
CD010558	recall@39.0%	1.0
CD010558	recall@40.0%	1.0
CD010558	recall@41.0%	1.0
CD010558	recall@42.0%	1.0
CD010558	recall@43.0%	1.0
CD010558	recall@44.0%	1.0
CD010558	recall@45.0%	1.0
CD010558	recall@46.0%	1.0
CD010558	recall@47.0%	1.0
CD010558	recall@48.0%	1.0
CD010558	recall@49.0%	1.0
CD010558	recall@50.0%	1.0
CD010558	recall@51.0%	1.0
CD010558	recall@52.0%	1.0
CD010558	recall@53.0%	1.0
CD010558	recall@54.0%	1.0
CD010558	recall@55.0%	1.0
CD010558	recall@56.0%	1.0
CD010558	recall@57.0%	1.0
CD010558	recall@58.0%	1.0
CD010558	recall@59.0%	1.0
CD010558	recall@60.0%	1.0
CD010558	recall@61.0%	1.0
CD010558	recall@62.0%	1.0
CD010558	recall@63.0%	1.0
CD010558	recall@64.0%	1.0
CD010558	recall@65.0%	1.0
CD010558	recall@66.0%	1.0
CD010558	recall@67.0%	1.0
CD010558	recall@68.0%	1.0
CD010558	recall@69.0%	1.0
CD010558	recall@70.0%	1.0
CD010558	recall@71.0%	1.0
CD010558	recall@72.0%	1.0
CD010558	recall@73.0%	1.0
CD010558	recall@74.0%	1.0
CD010558	recall@75.0%	1.0
CD010558	recall@76.0%	1.0
CD010558	recall@77.0%	1.0
CD010558	recall@78.0%	1.0
CD010558	recall@79.0%	1.0
CD010558	recall@80.0%	1.0
CD010558	recall@81.0%	1.0
CD010558	recall@82.0%	1.0
CD010558	recall@83.0%	1.0
CD010558	recall@84.0%	1.0
CD010558	recall@85.0%	1.0
CD010558	recall@86.0%	1.0
CD010558	recall@87.0%	1.0
CD010558	recall@88.0%	1.0
CD010558	recall@89.0%	1.0
CD010558	recall@90.0%	1.0
CD010558	recall@91.0%	1.0
CD010558	recall@92.0%	1.0
CD010558	recall@93.0%	1.0
CD010558	recall@94.0%	1.0
CD010558	recall@95.0%	1.0
CD010558	recall@96.0%	1.0
CD010558	recall@97.0%	1.0
CD010558	recall@98.0%	1.0
CD010558	recall@99.0%	1.0
CD010558	recall@100.0%	1.0
CD010558	total_cost	1618.0
CD010558	norm_area	0.959
CD010558	ap	0.056
CD010558	r	1.0
CD010558	loss_e	0.345
CD010558	loss_r	0.0
CD010558	loss_er	0.345
CD010753 Duplicate 2373128
CD010753 Duplicate 8843536
CD010753 Duplicate 16648332
CD010753 Duplicate 26253622
CD010753 Duplicate 24822235
CD010753 Duplicate 22540407
CD010753 Duplicate 23289899
CD010753 Duplicate 25191915
CD010753 Duplicate 11883552
CD010753 Duplicate 23652274
CD010753 Duplicate 11401006
CD010753 Duplicate 24170221
CD010753 Duplicate 28686987
CD010753 Duplicate 7489665
CD010753 Duplicate 19329546
CD010753 Duplicate 21694613
CD010753 Duplicate 8408980
CD010753 Duplicate 18753279
CD010753 Duplicate 6378895
CD010753 Duplicate 19568826
CD010753 Duplicate 19351799
CD010753 Duplicate 8104964
CD010753 Duplicate 9493920
CD010753 Duplicate 7045018
CD010753 Duplicate 10741812
CD010753 Duplicate 3324648
CD010753 Duplicate 11379842
CD010753 Duplicate 9310521
CD010753 Duplicate 9892856
CD010753 Duplicate 26982602
CD010753 Duplicate 29040947
CD010753 Duplicate 21476954
CD010753 Duplicate 9017762
CD010753 Duplicate 72654
CD010753 Duplicate 21608086
CD010753 Duplicate 169190
CD010753 Duplicate 26967681
CD010753 Duplicate 376079
CD010753 Duplicate 4260957
CD010753 Duplicate 16243620
CD010753 Duplicate 19439363
CD010753 Duplicate 17050507
CD010753 Duplicate 9752384
CD010753 Duplicate 24195548
CD010753 Duplicate 7202238
CD010753 Duplicate 28982121
CD010753 Duplicate 19487623
CD010753 Duplicate 10809190
CD010753 Duplicate 25466429
CD010753 Duplicate 12383038
CD010753 Duplicate 23338224
CD010753 Duplicate 7092489
CD010753 Duplicate 16802162
CD010753	num_shown	2539
CD010753	rels_found	20
CD010753	num_rels	20
CD010753	last_rel	1009
CD010753	norm_last_rel	0.397
CD010753	threshold	1628
CD010753	norm_threshold	0.641
CD010753	wss_100	0.603
CD010753	wss_95	0.584
CD010753	cg_total	20.0
CD010753	cg_max	20.0
CD010753	cg_threshold	20.0
CD010753	recall_threshold	1.0
CD010753	threshold	1628
CD010753	recall@1.0%	0.0
CD010753	recall@2.0%	0.0
CD010753	recall@3.0%	0.0
CD010753	recall@4.0%	0.05
CD010753	recall@5.0%	0.1
CD010753	recall@6.0%	0.1
CD010753	recall@7.0%	0.1
CD010753	recall@8.0%	0.25
CD010753	recall@9.0%	0.3
CD010753	recall@10.0%	0.3
CD010753	recall@11.0%	0.35
CD010753	recall@12.0%	0.55
CD010753	recall@13.0%	0.65
CD010753	recall@14.0%	0.7
CD010753	recall@15.0%	0.7
CD010753	recall@16.0%	0.7
CD010753	recall@17.0%	0.7
CD010753	recall@18.0%	0.7
CD010753	recall@19.0%	0.7
CD010753	recall@20.0%	0.7
CD010753	recall@21.0%	0.7
CD010753	recall@22.0%	0.75
CD010753	recall@23.0%	0.85
CD010753	recall@24.0%	0.85
CD010753	recall@25.0%	0.85
CD010753	recall@26.0%	0.9
CD010753	recall@27.0%	0.9
CD010753	recall@28.0%	0.9
CD010753	recall@29.0%	0.9
CD010753	recall@30.0%	0.9
CD010753	recall@31.0%	0.9
CD010753	recall@32.0%	0.9
CD010753	recall@33.0%	0.9
CD010753	recall@34.0%	0.9
CD010753	recall@35.0%	0.9
CD010753	recall@36.0%	0.9
CD010753	recall@37.0%	0.95
CD010753	recall@38.0%	0.95
CD010753	recall@39.0%	0.95
CD010753	recall@40.0%	1.0
CD010753	recall@41.0%	1.0
CD010753	recall@42.0%	1.0
CD010753	recall@43.0%	1.0
CD010753	recall@44.0%	1.0
CD010753	recall@45.0%	1.0
CD010753	recall@46.0%	1.0
CD010753	recall@47.0%	1.0
CD010753	recall@48.0%	1.0
CD010753	recall@49.0%	1.0
CD010753	recall@50.0%	1.0
CD010753	recall@51.0%	1.0
CD010753	recall@52.0%	1.0
CD010753	recall@53.0%	1.0
CD010753	recall@54.0%	1.0
CD010753	recall@55.0%	1.0
CD010753	recall@56.0%	1.0
CD010753	recall@57.0%	1.0
CD010753	recall@58.0%	1.0
CD010753	recall@59.0%	1.0
CD010753	recall@60.0%	1.0
CD010753	recall@61.0%	1.0
CD010753	recall@62.0%	1.0
CD010753	recall@63.0%	1.0
CD010753	recall@64.0%	1.0
CD010753	recall@65.0%	1.0
CD010753	recall@66.0%	1.0
CD010753	recall@67.0%	1.0
CD010753	recall@68.0%	1.0
CD010753	recall@69.0%	1.0
CD010753	recall@70.0%	1.0
CD010753	recall@71.0%	1.0
CD010753	recall@72.0%	1.0
CD010753	recall@73.0%	1.0
CD010753	recall@74.0%	1.0
CD010753	recall@75.0%	1.0
CD010753	recall@76.0%	1.0
CD010753	recall@77.0%	1.0
CD010753	recall@78.0%	1.0
CD010753	recall@79.0%	1.0
CD010753	recall@80.0%	1.0
CD010753	recall@81.0%	1.0
CD010753	recall@82.0%	1.0
CD010753	recall@83.0%	1.0
CD010753	recall@84.0%	1.0
CD010753	recall@85.0%	1.0
CD010753	recall@86.0%	1.0
CD010753	recall@87.0%	1.0
CD010753	recall@88.0%	1.0
CD010753	recall@89.0%	1.0
CD010753	recall@90.0%	1.0
CD010753	recall@91.0%	1.0
CD010753	recall@92.0%	1.0
CD010753	recall@93.0%	1.0
CD010753	recall@94.0%	1.0
CD010753	recall@95.0%	1.0
CD010753	recall@96.0%	1.0
CD010753	recall@97.0%	1.0
CD010753	recall@98.0%	1.0
CD010753	recall@99.0%	1.0
CD010753	recall@100.0%	1.0
CD010753	total_cost	1228.0
CD010753	norm_area	0.852
CD010753	ap	0.027
CD010753	r	1.0
CD010753	loss_e	0.286
CD010753	loss_r	0.0
CD010753	loss_er	0.286
Skipping topic: CD011140
Skipping topic: CD011558
CD011571 Duplicate 26837052
CD011571 Duplicate 4018330
CD011571 Duplicate 772654
CD011571 Duplicate 11057390
CD011571	num_shown	146
CD011571	rels_found	6
CD011571	num_rels	6
CD011571	last_rel	29
CD011571	norm_last_rel	0.199
CD011571	threshold	91
CD011571	norm_threshold	0.623
CD011571	wss_100	0.801
CD011571	wss_95	0.751
CD011571	cg_total	6.0
CD011571	cg_max	6.0
CD011571	cg_threshold	6.0
CD011571	recall_threshold	1.0
CD011571	threshold	91
CD011571	recall@1.0%	0.0
CD011571	recall@2.0%	0.0
CD011571	recall@3.0%	0.167
CD011571	recall@4.0%	0.333
CD011571	recall@5.0%	0.333
CD011571	recall@6.0%	0.5
CD011571	recall@7.0%	0.5
CD011571	recall@8.0%	0.833
CD011571	recall@9.0%	0.833
CD011571	recall@10.0%	0.833
CD011571	recall@11.0%	0.833
CD011571	recall@12.0%	0.833
CD011571	recall@13.0%	0.833
CD011571	recall@14.0%	0.833
CD011571	recall@15.0%	0.833
CD011571	recall@16.0%	0.833
CD011571	recall@17.0%	0.833
CD011571	recall@18.0%	0.833
CD011571	recall@19.0%	0.833
CD011571	recall@20.0%	1.0
CD011571	recall@21.0%	1.0
CD011571	recall@22.0%	1.0
CD011571	recall@23.0%	1.0
CD011571	recall@24.0%	1.0
CD011571	recall@25.0%	1.0
CD011571	recall@26.0%	1.0
CD011571	recall@27.0%	1.0
CD011571	recall@28.0%	1.0
CD011571	recall@29.0%	1.0
CD011571	recall@30.0%	1.0
CD011571	recall@31.0%	1.0
CD011571	recall@32.0%	1.0
CD011571	recall@33.0%	1.0
CD011571	recall@34.0%	1.0
CD011571	recall@35.0%	1.0
CD011571	recall@36.0%	1.0
CD011571	recall@37.0%	1.0
CD011571	recall@38.0%	1.0
CD011571	recall@39.0%	1.0
CD011571	recall@40.0%	1.0
CD011571	recall@41.0%	1.0
CD011571	recall@42.0%	1.0
CD011571	recall@43.0%	1.0
CD011571	recall@44.0%	1.0
CD011571	recall@45.0%	1.0
CD011571	recall@46.0%	1.0
CD011571	recall@47.0%	1.0
CD011571	recall@48.0%	1.0
CD011571	recall@49.0%	1.0
CD011571	recall@50.0%	1.0
CD011571	recall@51.0%	1.0
CD011571	recall@52.0%	1.0
CD011571	recall@53.0%	1.0
CD011571	recall@54.0%	1.0
CD011571	recall@55.0%	1.0
CD011571	recall@56.0%	1.0
CD011571	recall@57.0%	1.0
CD011571	recall@58.0%	1.0
CD011571	recall@59.0%	1.0
CD011571	recall@60.0%	1.0
CD011571	recall@61.0%	1.0
CD011571	recall@62.0%	1.0
CD011571	recall@63.0%	1.0
CD011571	recall@64.0%	1.0
CD011571	recall@65.0%	1.0
CD011571	recall@66.0%	1.0
CD011571	recall@67.0%	1.0
CD011571	recall@68.0%	1.0
CD011571	recall@69.0%	1.0
CD011571	recall@70.0%	1.0
CD011571	recall@71.0%	1.0
CD011571	recall@72.0%	1.0
CD011571	recall@73.0%	1.0
CD011571	recall@74.0%	1.0
CD011571	recall@75.0%	1.0
CD011571	recall@76.0%	1.0
CD011571	recall@77.0%	1.0
CD011571	recall@78.0%	1.0
CD011571	recall@79.0%	1.0
CD011571	recall@80.0%	1.0
CD011571	recall@81.0%	1.0
CD011571	recall@82.0%	1.0
CD011571	recall@83.0%	1.0
CD011571	recall@84.0%	1.0
CD011571	recall@85.0%	1.0
CD011571	recall@86.0%	1.0
CD011571	recall@87.0%	1.0
CD011571	recall@88.0%	1.0
CD011571	recall@89.0%	1.0
CD011571	recall@90.0%	1.0
CD011571	recall@91.0%	1.0
CD011571	recall@92.0%	1.0
CD011571	recall@93.0%	1.0
CD011571	recall@94.0%	1.0
CD011571	recall@95.0%	1.0
CD011571	recall@96.0%	1.0
CD011571	recall@97.0%	1.0
CD011571	recall@98.0%	1.0
CD011571	recall@99.0%	1.0
CD011571	recall@100.0%	1.0
CD011571	total_cost	-29.0
CD011571	norm_area	0.943
CD011571	ap	0.324
CD011571	r	1.0
CD011571	loss_e	0.346
CD011571	loss_r	0.0
CD011571	loss_er	0.346
Skipping topic: CD011686
CD011768 Duplicate 19298231
CD011768 Duplicate 22189253
CD011768 Duplicate 279164
CD011768 Duplicate 8143007
CD011768 Duplicate 2255818
CD011768 Duplicate 3127228
CD011768 Duplicate 21505367
CD011768 Duplicate 19317918
CD011768 Duplicate 27502513
CD011768 Duplicate 26465137
CD011768 Duplicate 17990420
CD011768 Duplicate 26280211
CD011768 Duplicate 10476149
CD011768 Duplicate 28137906
CD011768 Duplicate 8573235
CD011768 Duplicate 22284769
CD011768 Duplicate 24336236
CD011768 Duplicate 6540862
CD011768 Duplicate 19712656
CD011768 Duplicate 16454884
CD011768 Duplicate 1359506
CD011768 Duplicate 15601351
CD011768 Duplicate 27060371
CD011768 Duplicate 11048911
CD011768 Duplicate 25306930
CD011768 Duplicate 22237870
CD011768 Duplicate 12771346
CD011768 Duplicate 7919750
CD011768 Duplicate 11722961
CD011768 Duplicate 1526902
CD011768 Duplicate 18624780
CD011768 Duplicate 8193689
CD011768 Duplicate 2895129
CD011768 Duplicate 1972084
CD011768 Duplicate 22679922
CD011768 Duplicate 527527
CD011768 Duplicate 11216748
CD011768 Duplicate 12682716
CD011768 Duplicate 20718169
CD011768 Duplicate 26238695
CD011768 Duplicate 11413828
CD011768 Duplicate 8726725
CD011768 Duplicate 10877363
CD011768 Duplicate 1496120
CD011768 Duplicate 22044902
CD011768 Duplicate 7745174
CD011768 Duplicate 8636523
CD011768 Duplicate 12643477
CD011768 Duplicate 19082281
CD011768 Duplicate 15251236
CD011768 Duplicate 11374532
CD011768 Duplicate 8826172
CD011768 Duplicate 24083002
CD011768 Duplicate 9668743
CD011768 Duplicate 19846010
CD011768 Duplicate 17661605
CD011768 Duplicate 19839992
CD011768 Duplicate 18838027
CD011768 Duplicate 3745586
CD011768 Duplicate 3198533
CD011768 Duplicate 21550373
CD011768 Duplicate 17371795
CD011768 Duplicate 11831518
CD011768 Duplicate 24616887
CD011768 Duplicate 23078885
CD011768 Duplicate 24895245
CD011768 Duplicate 15243563
CD011768 Duplicate 1486520
CD011768 Duplicate 24923516
CD011768 Duplicate 18716652
CD011768 Duplicate 25518876
CD011768 Duplicate 16756782
CD011768 Duplicate 6462632
CD011768 Duplicate 8657386
CD011768 Duplicate 15806450
CD011768 Duplicate 22748455
CD011768 Duplicate 25725185
CD011768 Duplicate 21389794
CD011768 Duplicate 8780904
CD011768 Duplicate 23973795
CD011768 Duplicate 25343026
CD011768 Duplicate 23136309
CD011768 Duplicate 19136396
CD011768 Duplicate 10917918
CD011768 Duplicate 6731685
CD011768 Duplicate 12022635
CD011768 Duplicate 19343527
CD011768 Duplicate 21342214
CD011768 Duplicate 26178463
CD011768 Duplicate 26158454
CD011768 Duplicate 10521048
CD011768 Duplicate 1944470
CD011768 Duplicate 10845745
CD011768 Duplicate 21883560
CD011768 Duplicate 22785179
CD011768 Duplicate 14599037
CD011768 Duplicate 8087768
CD011768 Duplicate 17182816
CD011768 Duplicate 10341507
CD011768 Duplicate 3471892
CD011768 Duplicate 11765387
CD011768 Duplicate 8339645
CD011768 Duplicate 27784808
CD011768 Duplicate 14506982
CD011768 Duplicate 20562219
CD011768 Duplicate 12114357
CD011768 Duplicate 26381448
CD011768 Duplicate 27805961
CD011768 Duplicate 22520877
CD011768 Duplicate 24427264
CD011768 Duplicate 26266176
CD011768 Duplicate 7932932
CD011768 Duplicate 19874618
CD011768 Duplicate 2311178
CD011768 Duplicate 18441079
CD011768 Duplicate 2384039
CD011768 Duplicate 6341621
CD011768 Duplicate 16784562
CD011768 Duplicate 3603216
CD011768 Duplicate 26668300
CD011768 Duplicate 8492262
CD011768 Duplicate 4077988
CD011768 Duplicate 25862325
CD011768 Duplicate 25651022
CD011768 Duplicate 18273812
CD011768 Duplicate 24482759
CD011768 Duplicate 15484959
CD011768 Duplicate 27005303
CD011768 Duplicate 27898850
CD011768 Duplicate 15050853
CD011768 Duplicate 8704753
CD011768 Duplicate 240252
CD011768 Duplicate 11182170
CD011768 Duplicate 8165074
CD011768 Duplicate 19255988
CD011768 Duplicate 11665892
CD011768 Duplicate 9440573
CD011768 Duplicate 6147646
CD011768 Duplicate 27530940
CD011768 Duplicate 23887076
CD011768 Duplicate 15152445
CD011768 Duplicate 10823391
CD011768 Duplicate 11040234
CD011768 Duplicate 9369812
CD011768 Duplicate 19349568
CD011768 Duplicate 6663575
CD011768 Duplicate 28107883
CD011768 Duplicate 10854630
CD011768 Duplicate 2179834
CD011768 Duplicate 10643833
CD011768 Duplicate 22983837
CD011768 Duplicate 23614363
CD011768 Duplicate 18378130
CD011768 Duplicate 10422950
CD011768 Duplicate 10958805
CD011768 Duplicate 20434279
CD011768 Duplicate 24183179
CD011768 Duplicate 19672817
CD011768 Duplicate 6810298
CD011768 Duplicate 9295826
CD011768 Duplicate 8649228
CD011768 Duplicate 12226043
CD011768 Duplicate 28215682
CD011768 Duplicate 16427057
CD011768 Duplicate 18791156
CD011768 Duplicate 25840708
CD011768 Duplicate 23961062
CD011768 Duplicate 7988130
CD011768 Duplicate 21937504
CD011768 Duplicate 26445179
CD011768 Duplicate 22585788
CD011768 Duplicate 18344879
CD011768 Duplicate 12379996
CD011768 Duplicate 10732102
CD011768 Duplicate 1921918
CD011768 Duplicate 12790423
CD011768 Duplicate 25155621
CD011768 Duplicate 11479129
CD011768 Duplicate 19160297
CD011768 Duplicate 19335110
CD011768 Duplicate 24254764
CD011768 Duplicate 12806265
CD011768 Duplicate 6595443
CD011768 Duplicate 15545616
CD011768 Duplicate 25738800
CD011768 Duplicate 26819773
CD011768 Duplicate 10695933
CD011768 Duplicate 2676452
CD011768 Duplicate 22034008
CD011768 Duplicate 22431707
CD011768 Duplicate 22836556
CD011768 Duplicate 8233978
CD011768 Duplicate 26359029
CD011768 Duplicate 28418804
CD011768 Duplicate 12280344
CD011768 Duplicate 8338440
CD011768 Duplicate 20664221
CD011768 Duplicate 8973624
CD011768 Duplicate 23304530
CD011768	num_shown	9160
CD011768	rels_found	25
CD011768	num_rels	25
CD011768	last_rel	1013
CD011768	norm_last_rel	0.111
CD011768	threshold	5877
CD011768	norm_threshold	0.642
CD011768	wss_100	0.889
CD011768	wss_95	0.871
CD011768	cg_total	25.0
CD011768	cg_max	25.0
CD011768	cg_threshold	25.0
CD011768	recall_threshold	1.0
CD011768	threshold	5877
CD011768	recall@1.0%	0.44
CD011768	recall@2.0%	0.68
CD011768	recall@3.0%	0.8
CD011768	recall@4.0%	0.88
CD011768	recall@5.0%	0.92
CD011768	recall@6.0%	0.92
CD011768	recall@7.0%	0.92
CD011768	recall@8.0%	0.96
CD011768	recall@9.0%	0.96
CD011768	recall@10.0%	0.96
CD011768	recall@11.0%	0.96
CD011768	recall@12.0%	1.0
CD011768	recall@13.0%	1.0
CD011768	recall@14.0%	1.0
CD011768	recall@15.0%	1.0
CD011768	recall@16.0%	1.0
CD011768	recall@17.0%	1.0
CD011768	recall@18.0%	1.0
CD011768	recall@19.0%	1.0
CD011768	recall@20.0%	1.0
CD011768	recall@21.0%	1.0
CD011768	recall@22.0%	1.0
CD011768	recall@23.0%	1.0
CD011768	recall@24.0%	1.0
CD011768	recall@25.0%	1.0
CD011768	recall@26.0%	1.0
CD011768	recall@27.0%	1.0
CD011768	recall@28.0%	1.0
CD011768	recall@29.0%	1.0
CD011768	recall@30.0%	1.0
CD011768	recall@31.0%	1.0
CD011768	recall@32.0%	1.0
CD011768	recall@33.0%	1.0
CD011768	recall@34.0%	1.0
CD011768	recall@35.0%	1.0
CD011768	recall@36.0%	1.0
CD011768	recall@37.0%	1.0
CD011768	recall@38.0%	1.0
CD011768	recall@39.0%	1.0
CD011768	recall@40.0%	1.0
CD011768	recall@41.0%	1.0
CD011768	recall@42.0%	1.0
CD011768	recall@43.0%	1.0
CD011768	recall@44.0%	1.0
CD011768	recall@45.0%	1.0
CD011768	recall@46.0%	1.0
CD011768	recall@47.0%	1.0
CD011768	recall@48.0%	1.0
CD011768	recall@49.0%	1.0
CD011768	recall@50.0%	1.0
CD011768	recall@51.0%	1.0
CD011768	recall@52.0%	1.0
CD011768	recall@53.0%	1.0
CD011768	recall@54.0%	1.0
CD011768	recall@55.0%	1.0
CD011768	recall@56.0%	1.0
CD011768	recall@57.0%	1.0
CD011768	recall@58.0%	1.0
CD011768	recall@59.0%	1.0
CD011768	recall@60.0%	1.0
CD011768	recall@61.0%	1.0
CD011768	recall@62.0%	1.0
CD011768	recall@63.0%	1.0
CD011768	recall@64.0%	1.0
CD011768	recall@65.0%	1.0
CD011768	recall@66.0%	1.0
CD011768	recall@67.0%	1.0
CD011768	recall@68.0%	1.0
CD011768	recall@69.0%	1.0
CD011768	recall@70.0%	1.0
CD011768	recall@71.0%	1.0
CD011768	recall@72.0%	1.0
CD011768	recall@73.0%	1.0
CD011768	recall@74.0%	1.0
CD011768	recall@75.0%	1.0
CD011768	recall@76.0%	1.0
CD011768	recall@77.0%	1.0
CD011768	recall@78.0%	1.0
CD011768	recall@79.0%	1.0
CD011768	recall@80.0%	1.0
CD011768	recall@81.0%	1.0
CD011768	recall@82.0%	1.0
CD011768	recall@83.0%	1.0
CD011768	recall@84.0%	1.0
CD011768	recall@85.0%	1.0
CD011768	recall@86.0%	1.0
CD011768	recall@87.0%	1.0
CD011768	recall@88.0%	1.0
CD011768	recall@89.0%	1.0
CD011768	recall@90.0%	1.0
CD011768	recall@91.0%	1.0
CD011768	recall@92.0%	1.0
CD011768	recall@93.0%	1.0
CD011768	recall@94.0%	1.0
CD011768	recall@95.0%	1.0
CD011768	recall@96.0%	1.0
CD011768	recall@97.0%	1.0
CD011768	recall@98.0%	1.0
CD011768	recall@99.0%	1.0
CD011768	recall@100.0%	1.0
CD011768	total_cost	5377.0
CD011768	norm_area	0.982
CD011768	ap	0.148
CD011768	r	1.0
CD011768	loss_e	0.263
CD011768	loss_r	0.0
CD011768	loss_er	0.263
Skipping topic: CD011787
CD011977 Duplicate 19575919
CD011977 Duplicate 19304088
CD011977 Duplicate 21183103
CD011977 Duplicate 17534810
CD011977 Duplicate 26471051
CD011977 Duplicate 25103657
CD011977	num_shown	195
CD011977	rels_found	37
CD011977	num_rels	37
CD011977	last_rel	113
CD011977	norm_last_rel	0.579
CD011977	threshold	120
CD011977	norm_threshold	0.615
CD011977	wss_100	0.421
CD011977	wss_95	0.401
CD011977	cg_total	37.0
CD011977	cg_max	37.0
CD011977	cg_threshold	37.0
CD011977	recall_threshold	1.0
CD011977	threshold	120
CD011977	recall@1.0%	0.027
CD011977	recall@2.0%	0.054
CD011977	recall@3.0%	0.081
CD011977	recall@4.0%	0.108
CD011977	recall@5.0%	0.135
CD011977	recall@6.0%	0.189
CD011977	recall@7.0%	0.216
CD011977	recall@8.0%	0.243
CD011977	recall@9.0%	0.27
CD011977	recall@10.0%	0.297
CD011977	recall@11.0%	0.324
CD011977	recall@12.0%	0.351
CD011977	recall@13.0%	0.405
CD011977	recall@14.0%	0.432
CD011977	recall@15.0%	0.459
CD011977	recall@16.0%	0.459
CD011977	recall@17.0%	0.486
CD011977	recall@18.0%	0.514
CD011977	recall@19.0%	0.541
CD011977	recall@20.0%	0.568
CD011977	recall@21.0%	0.595
CD011977	recall@22.0%	0.622
CD011977	recall@23.0%	0.649
CD011977	recall@24.0%	0.649
CD011977	recall@25.0%	0.649
CD011977	recall@26.0%	0.676
CD011977	recall@27.0%	0.676
CD011977	recall@28.0%	0.676
CD011977	recall@29.0%	0.676
CD011977	recall@30.0%	0.703
CD011977	recall@31.0%	0.73
CD011977	recall@32.0%	0.73
CD011977	recall@33.0%	0.73
CD011977	recall@34.0%	0.784
CD011977	recall@35.0%	0.811
CD011977	recall@36.0%	0.838
CD011977	recall@37.0%	0.838
CD011977	recall@38.0%	0.838
CD011977	recall@39.0%	0.865
CD011977	recall@40.0%	0.865
CD011977	recall@41.0%	0.865
CD011977	recall@42.0%	0.892
CD011977	recall@43.0%	0.892
CD011977	recall@44.0%	0.892
CD011977	recall@45.0%	0.892
CD011977	recall@46.0%	0.892
CD011977	recall@47.0%	0.892
CD011977	recall@48.0%	0.892
CD011977	recall@49.0%	0.892
CD011977	recall@50.0%	0.892
CD011977	recall@51.0%	0.892
CD011977	recall@52.0%	0.892
CD011977	recall@53.0%	0.892
CD011977	recall@54.0%	0.919
CD011977	recall@55.0%	0.946
CD011977	recall@56.0%	0.946
CD011977	recall@57.0%	0.946
CD011977	recall@58.0%	1.0
CD011977	recall@59.0%	1.0
CD011977	recall@60.0%	1.0
CD011977	recall@61.0%	1.0
CD011977	recall@62.0%	1.0
CD011977	recall@63.0%	1.0
CD011977	recall@64.0%	1.0
CD011977	recall@65.0%	1.0
CD011977	recall@66.0%	1.0
CD011977	recall@67.0%	1.0
CD011977	recall@68.0%	1.0
CD011977	recall@69.0%	1.0
CD011977	recall@70.0%	1.0
CD011977	recall@71.0%	1.0
CD011977	recall@72.0%	1.0
CD011977	recall@73.0%	1.0
CD011977	recall@74.0%	1.0
CD011977	recall@75.0%	1.0
CD011977	recall@76.0%	1.0
CD011977	recall@77.0%	1.0
CD011977	recall@78.0%	1.0
CD011977	recall@79.0%	1.0
CD011977	recall@80.0%	1.0
CD011977	recall@81.0%	1.0
CD011977	recall@82.0%	1.0
CD011977	recall@83.0%	1.0
CD011977	recall@84.0%	1.0
CD011977	recall@85.0%	1.0
CD011977	recall@86.0%	1.0
CD011977	recall@87.0%	1.0
CD011977	recall@88.0%	1.0
CD011977	recall@89.0%	1.0
CD011977	recall@90.0%	1.0
CD011977	recall@91.0%	1.0
CD011977	recall@92.0%	1.0
CD011977	recall@93.0%	1.0
CD011977	recall@94.0%	1.0
CD011977	recall@95.0%	1.0
CD011977	recall@96.0%	1.0
CD011977	recall@97.0%	1.0
CD011977	recall@98.0%	1.0
CD011977	recall@99.0%	1.0
CD011977	recall@100.0%	1.0
CD011977	total_cost	-620.0
CD011977	norm_area	0.868
CD011977	ap	0.521
CD011977	r	1.0
CD011977	loss_e	0.202
CD011977	loss_r	0.0
CD011977	loss_er	0.202
CD012069 Duplicate 17201625
CD012069 Duplicate 16816217
CD012069 Duplicate 16832317
CD012069 Duplicate 12894927
CD012069 Duplicate 889324
CD012069 Duplicate 17200281
CD012069 Duplicate 4944193
CD012069 Duplicate 19752258
CD012069 Duplicate 1580893
CD012069 Duplicate 19188195
CD012069 Duplicate 14294789
CD012069 Duplicate 5845239
CD012069 Duplicate 6588853
CD012069 Duplicate 5090403
CD012069 Duplicate 10933114
CD012069 Duplicate 3549871
CD012069 Duplicate 19928542
CD012069 Duplicate 24875071
CD012069 Duplicate 21901418
CD012069 Duplicate 1944967
CD012069 Duplicate 15809411
CD012069 Duplicate 2808257
CD012069 Duplicate 17690058
CD012069 Duplicate 1757710
CD012069 Duplicate 3052064
CD012069 Duplicate 20445837
CD012069 Duplicate 2768616
CD012069 Duplicate 11888837
CD012069 Duplicate 23139692
CD012069 Duplicate 24780832
CD012069 Duplicate 8420693
CD012069 Duplicate 10079039
CD012069 Duplicate 15950020
CD012069 Duplicate 2723129
CD012069 Duplicate 19630612
CD012069 Duplicate 2663900
CD012069 Duplicate 1938802
CD012069 Duplicate 1487590
CD012069 Duplicate 14726726
CD012069 Duplicate 15969353
CD012069 Duplicate 21050810
CD012069 Duplicate 11764019
CD012069 Duplicate 20425295
CD012069 Duplicate 16178931
CD012069 Duplicate 20112604
CD012069 Duplicate 8927677
CD012069 Duplicate 16179159
CD012069 Duplicate 19540225
CD012069 Duplicate 25379431
CD012069 Duplicate 11288780
CD012069 Duplicate 1093506
CD012069 Duplicate 16082688
CD012069 Duplicate 10376129
CD012069 Duplicate 1247096
CD012069 Duplicate 7982869
CD012069 Duplicate 20570115
CD012069 Duplicate 23143347
CD012069 Duplicate 15352535
CD012069 Duplicate 8374642
CD012069 Duplicate 11803523
CD012069 Duplicate 6728524
CD012069 Duplicate 26441688
CD012069 Duplicate 18465700
CD012069 Duplicate 23390434
CD012069 Duplicate 18957001
CD012069 Duplicate 15006715
CD012069	num_shown	3479
CD012069	rels_found	245
CD012069	num_rels	245
CD012069	last_rel	3134
CD012069	norm_last_rel	0.901
CD012069	threshold	2237
CD012069	norm_threshold	0.643
CD012069	wss_100	0.099
CD012069	wss_95	0.31
CD012069	cg_total	245.0
CD012069	cg_max	245.0
CD012069	cg_threshold	234.0
CD012069	recall_threshold	0.955
CD012069	threshold	2237
CD012069	recall@1.0%	0.073
CD012069	recall@2.0%	0.102
CD012069	recall@3.0%	0.159
CD012069	recall@4.0%	0.204
CD012069	recall@5.0%	0.245
CD012069	recall@6.0%	0.282
CD012069	recall@7.0%	0.314
CD012069	recall@8.0%	0.355
CD012069	recall@9.0%	0.367
CD012069	recall@10.0%	0.392
CD012069	recall@11.0%	0.42
CD012069	recall@12.0%	0.441
CD012069	recall@13.0%	0.445
CD012069	recall@14.0%	0.457
CD012069	recall@15.0%	0.494
CD012069	recall@16.0%	0.506
CD012069	recall@17.0%	0.514
CD012069	recall@18.0%	0.531
CD012069	recall@19.0%	0.547
CD012069	recall@20.0%	0.551
CD012069	recall@21.0%	0.571
CD012069	recall@22.0%	0.588
CD012069	recall@23.0%	0.604
CD012069	recall@24.0%	0.612
CD012069	recall@25.0%	0.612
CD012069	recall@26.0%	0.62
CD012069	recall@27.0%	0.624
CD012069	recall@28.0%	0.629
CD012069	recall@29.0%	0.641
CD012069	recall@30.0%	0.641
CD012069	recall@31.0%	0.653
CD012069	recall@32.0%	0.661
CD012069	recall@33.0%	0.661
CD012069	recall@34.0%	0.673
CD012069	recall@35.0%	0.682
CD012069	recall@36.0%	0.694
CD012069	recall@37.0%	0.698
CD012069	recall@38.0%	0.727
CD012069	recall@39.0%	0.739
CD012069	recall@40.0%	0.755
CD012069	recall@41.0%	0.763
CD012069	recall@42.0%	0.771
CD012069	recall@43.0%	0.776
CD012069	recall@44.0%	0.784
CD012069	recall@45.0%	0.808
CD012069	recall@46.0%	0.812
CD012069	recall@47.0%	0.82
CD012069	recall@48.0%	0.829
CD012069	recall@49.0%	0.833
CD012069	recall@50.0%	0.833
CD012069	recall@51.0%	0.845
CD012069	recall@52.0%	0.845
CD012069	recall@53.0%	0.849
CD012069	recall@54.0%	0.861
CD012069	recall@55.0%	0.882
CD012069	recall@56.0%	0.89
CD012069	recall@57.0%	0.89
CD012069	recall@58.0%	0.89
CD012069	recall@59.0%	0.89
CD012069	recall@60.0%	0.89
CD012069	recall@61.0%	0.89
CD012069	recall@62.0%	0.91
CD012069	recall@63.0%	0.935
CD012069	recall@64.0%	0.951
CD012069	recall@65.0%	0.959
CD012069	recall@66.0%	0.963
CD012069	recall@67.0%	0.971
CD012069	recall@68.0%	0.971
CD012069	recall@69.0%	0.971
CD012069	recall@70.0%	0.98
CD012069	recall@71.0%	0.98
CD012069	recall@72.0%	0.98
CD012069	recall@73.0%	0.98
CD012069	recall@74.0%	0.988
CD012069	recall@75.0%	0.992
CD012069	recall@76.0%	0.992
CD012069	recall@77.0%	0.996
CD012069	recall@78.0%	0.996
CD012069	recall@79.0%	0.996
CD012069	recall@80.0%	0.996
CD012069	recall@81.0%	0.996
CD012069	recall@82.0%	0.996
CD012069	recall@83.0%	0.996
CD012069	recall@84.0%	0.996
CD012069	recall@85.0%	0.996
CD012069	recall@86.0%	0.996
CD012069	recall@87.0%	0.996
CD012069	recall@88.0%	0.996
CD012069	recall@89.0%	0.996
CD012069	recall@90.0%	0.996
CD012069	recall@91.0%	1.0
CD012069	recall@92.0%	1.0
CD012069	recall@93.0%	1.0
CD012069	recall@94.0%	1.0
CD012069	recall@95.0%	1.0
CD012069	recall@96.0%	1.0
CD012069	recall@97.0%	1.0
CD012069	recall@98.0%	1.0
CD012069	recall@99.0%	1.0
CD012069	recall@100.0%	1.0
CD012069	total_cost	-2003.0
CD012069	norm_area	0.789
CD012069	ap	0.248
CD012069	r	0.955
CD012069	loss_e	0.035
CD012069	loss_r	0.002
CD012069	loss_er	0.037
Skipping topic: CD012080
CD012164 Duplicate 27590190
CD012164 Duplicate 10192031
CD012164	num_shown	62
CD012164	rels_found	3
CD012164	num_rels	3
CD012164	last_rel	45
CD012164	norm_last_rel	0.726
CD012164	threshold	38
CD012164	norm_threshold	0.613
CD012164	wss_100	0.274
CD012164	wss_95	0.224
CD012164	cg_total	3.0
CD012164	cg_max	3.0
CD012164	cg_threshold	2.0
CD012164	recall_threshold	0.667
CD012164	threshold	38
CD012164	recall@1.0%	0.0
CD012164	recall@2.0%	0.0
CD012164	recall@3.0%	0.333
CD012164	recall@4.0%	0.333
CD012164	recall@5.0%	0.333
CD012164	recall@6.0%	0.333
CD012164	recall@7.0%	0.333
CD012164	recall@8.0%	0.333
CD012164	recall@9.0%	0.333
CD012164	recall@10.0%	0.333
CD012164	recall@11.0%	0.333
CD012164	recall@12.0%	0.333
CD012164	recall@13.0%	0.333
CD012164	recall@14.0%	0.333
CD012164	recall@15.0%	0.333
CD012164	recall@16.0%	0.333
CD012164	recall@17.0%	0.333
CD012164	recall@18.0%	0.333
CD012164	recall@19.0%	0.333
CD012164	recall@20.0%	0.333
CD012164	recall@21.0%	0.333
CD012164	recall@22.0%	0.333
CD012164	recall@23.0%	0.333
CD012164	recall@24.0%	0.333
CD012164	recall@25.0%	0.333
CD012164	recall@26.0%	0.333
CD012164	recall@27.0%	0.333
CD012164	recall@28.0%	0.333
CD012164	recall@29.0%	0.333
CD012164	recall@30.0%	0.333
CD012164	recall@31.0%	0.333
CD012164	recall@32.0%	0.333
CD012164	recall@33.0%	0.333
CD012164	recall@34.0%	0.333
CD012164	recall@35.0%	0.333
CD012164	recall@36.0%	0.333
CD012164	recall@37.0%	0.333
CD012164	recall@38.0%	0.333
CD012164	recall@39.0%	0.333
CD012164	recall@40.0%	0.333
CD012164	recall@41.0%	0.333
CD012164	recall@42.0%	0.333
CD012164	recall@43.0%	0.333
CD012164	recall@44.0%	0.333
CD012164	recall@45.0%	0.333
CD012164	recall@46.0%	0.333
CD012164	recall@47.0%	0.333
CD012164	recall@48.0%	0.333
CD012164	recall@49.0%	0.333
CD012164	recall@50.0%	0.333
CD012164	recall@51.0%	0.333
CD012164	recall@52.0%	0.333
CD012164	recall@53.0%	0.333
CD012164	recall@54.0%	0.333
CD012164	recall@55.0%	0.333
CD012164	recall@56.0%	0.333
CD012164	recall@57.0%	0.333
CD012164	recall@58.0%	0.333
CD012164	recall@59.0%	0.333
CD012164	recall@60.0%	0.333
CD012164	recall@61.0%	0.333
CD012164	recall@62.0%	0.667
CD012164	recall@63.0%	0.667
CD012164	recall@64.0%	0.667
CD012164	recall@65.0%	0.667
CD012164	recall@66.0%	0.667
CD012164	recall@67.0%	0.667
CD012164	recall@68.0%	0.667
CD012164	recall@69.0%	0.667
CD012164	recall@70.0%	0.667
CD012164	recall@71.0%	0.667
CD012164	recall@72.0%	0.667
CD012164	recall@73.0%	1.0
CD012164	recall@74.0%	1.0
CD012164	recall@75.0%	1.0
CD012164	recall@76.0%	1.0
CD012164	recall@77.0%	1.0
CD012164	recall@78.0%	1.0
CD012164	recall@79.0%	1.0
CD012164	recall@80.0%	1.0
CD012164	recall@81.0%	1.0
CD012164	recall@82.0%	1.0
CD012164	recall@83.0%	1.0
CD012164	recall@84.0%	1.0
CD012164	recall@85.0%	1.0
CD012164	recall@86.0%	1.0
CD012164	recall@87.0%	1.0
CD012164	recall@88.0%	1.0
CD012164	recall@89.0%	1.0
CD012164	recall@90.0%	1.0
CD012164	recall@91.0%	1.0
CD012164	recall@92.0%	1.0
CD012164	recall@93.0%	1.0
CD012164	recall@94.0%	1.0
CD012164	recall@95.0%	1.0
CD012164	recall@96.0%	1.0
CD012164	recall@97.0%	1.0
CD012164	recall@98.0%	1.0
CD012164	recall@99.0%	1.0
CD012164	recall@100.0%	1.0
CD012164	total_cost	38.0
CD012164	norm_area	0.565
CD012164	ap	0.206
CD012164	r	0.667
CD012164	loss_e	0.366
CD012164	loss_r	0.111
CD012164	loss_er	0.477
Skipping topic: CD012233
Skipping topic: CD012342
CD012455 Duplicate 25520823
CD012455 Duplicate 25004177
CD012455 Duplicate 23305914
CD012455 Duplicate 12074417
CD012455 Duplicate 28707741
CD012455 Duplicate 15562083
CD012455 Duplicate 2240506
CD012455 Duplicate 20299990
CD012455 Duplicate 3186477
CD012455 Duplicate 8988992
CD012455 Duplicate 21979104
CD012455 Duplicate 23752755
CD012455 Duplicate 9493671
CD012455 Duplicate 23470248
CD012455 Duplicate 17579949
CD012455 Duplicate 19241511
CD012455 Duplicate 3501221
CD012455 Duplicate 23192725
CD012455 Duplicate 21288146
CD012455 Duplicate 23953789
CD012455 Duplicate 18191669
CD012455 Duplicate 25638740
CD012455 Duplicate 15083762
CD012455 Duplicate 25864723
CD012455 Duplicate 7954994
CD012455	num_shown	1593
CD012455	rels_found	5
CD012455	num_rels	5
CD012455	last_rel	270
CD012455	norm_last_rel	0.169
CD012455	threshold	1028
CD012455	norm_threshold	0.645
CD012455	wss_100	0.831
CD012455	wss_95	0.781
CD012455	cg_total	5.0
CD012455	cg_max	5.0
CD012455	cg_threshold	5.0
CD012455	recall_threshold	1.0
CD012455	threshold	1028
CD012455	recall@1.0%	0.6
CD012455	recall@2.0%	0.8
CD012455	recall@3.0%	0.8
CD012455	recall@4.0%	0.8
CD012455	recall@5.0%	0.8
CD012455	recall@6.0%	0.8
CD012455	recall@7.0%	0.8
CD012455	recall@8.0%	0.8
CD012455	recall@9.0%	0.8
CD012455	recall@10.0%	0.8
CD012455	recall@11.0%	0.8
CD012455	recall@12.0%	0.8
CD012455	recall@13.0%	0.8
CD012455	recall@14.0%	0.8
CD012455	recall@15.0%	0.8
CD012455	recall@16.0%	0.8
CD012455	recall@17.0%	1.0
CD012455	recall@18.0%	1.0
CD012455	recall@19.0%	1.0
CD012455	recall@20.0%	1.0
CD012455	recall@21.0%	1.0
CD012455	recall@22.0%	1.0
CD012455	recall@23.0%	1.0
CD012455	recall@24.0%	1.0
CD012455	recall@25.0%	1.0
CD012455	recall@26.0%	1.0
CD012455	recall@27.0%	1.0
CD012455	recall@28.0%	1.0
CD012455	recall@29.0%	1.0
CD012455	recall@30.0%	1.0
CD012455	recall@31.0%	1.0
CD012455	recall@32.0%	1.0
CD012455	recall@33.0%	1.0
CD012455	recall@34.0%	1.0
CD012455	recall@35.0%	1.0
CD012455	recall@36.0%	1.0
CD012455	recall@37.0%	1.0
CD012455	recall@38.0%	1.0
CD012455	recall@39.0%	1.0
CD012455	recall@40.0%	1.0
CD012455	recall@41.0%	1.0
CD012455	recall@42.0%	1.0
CD012455	recall@43.0%	1.0
CD012455	recall@44.0%	1.0
CD012455	recall@45.0%	1.0
CD012455	recall@46.0%	1.0
CD012455	recall@47.0%	1.0
CD012455	recall@48.0%	1.0
CD012455	recall@49.0%	1.0
CD012455	recall@50.0%	1.0
CD012455	recall@51.0%	1.0
CD012455	recall@52.0%	1.0
CD012455	recall@53.0%	1.0
CD012455	recall@54.0%	1.0
CD012455	recall@55.0%	1.0
CD012455	recall@56.0%	1.0
CD012455	recall@57.0%	1.0
CD012455	recall@58.0%	1.0
CD012455	recall@59.0%	1.0
CD012455	recall@60.0%	1.0
CD012455	recall@61.0%	1.0
CD012455	recall@62.0%	1.0
CD012455	recall@63.0%	1.0
CD012455	recall@64.0%	1.0
CD012455	recall@65.0%	1.0
CD012455	recall@66.0%	1.0
CD012455	recall@67.0%	1.0
CD012455	recall@68.0%	1.0
CD012455	recall@69.0%	1.0
CD012455	recall@70.0%	1.0
CD012455	recall@71.0%	1.0
CD012455	recall@72.0%	1.0
CD012455	recall@73.0%	1.0
CD012455	recall@74.0%	1.0
CD012455	recall@75.0%	1.0
CD012455	recall@76.0%	1.0
CD012455	recall@77.0%	1.0
CD012455	recall@78.0%	1.0
CD012455	recall@79.0%	1.0
CD012455	recall@80.0%	1.0
CD012455	recall@81.0%	1.0
CD012455	recall@82.0%	1.0
CD012455	recall@83.0%	1.0
CD012455	recall@84.0%	1.0
CD012455	recall@85.0%	1.0
CD012455	recall@86.0%	1.0
CD012455	recall@87.0%	1.0
CD012455	recall@88.0%	1.0
CD012455	recall@89.0%	1.0
CD012455	recall@90.0%	1.0
CD012455	recall@91.0%	1.0
CD012455	recall@92.0%	1.0
CD012455	recall@93.0%	1.0
CD012455	recall@94.0%	1.0
CD012455	recall@95.0%	1.0
CD012455	recall@96.0%	1.0
CD012455	recall@97.0%	1.0
CD012455	recall@98.0%	1.0
CD012455	recall@99.0%	1.0
CD012455	recall@100.0%	1.0
CD012455	total_cost	928.0
CD012455	norm_area	0.961
CD012455	ap	0.223
CD012455	r	1.0
CD012455	loss_e	0.378
CD012455	loss_r	0.0
CD012455	loss_er	0.378
CD012551 Duplicate 17084960
CD012551 Duplicate 17695413
CD012551 Duplicate 21798389
CD012551 Duplicate 20446070
CD012551 Duplicate 24439688
CD012551 Duplicate 19467677
CD012551 Duplicate 22279784
CD012551 Duplicate 18622677
CD012551 Duplicate 23936942
CD012551 Duplicate 24819236
CD012551 Duplicate 12056038
CD012551 Duplicate 26106574
CD012551 Duplicate 10464960
CD012551	num_shown	591
CD012551	rels_found	29
CD012551	num_rels	29
CD012551	last_rel	402
CD012551	norm_last_rel	0.68
CD012551	threshold	377
CD012551	norm_threshold	0.638
CD012551	wss_100	0.32
CD012551	wss_95	0.463
CD012551	cg_total	29.0
CD012551	cg_max	29.0
CD012551	cg_threshold	28.0
CD012551	recall_threshold	0.966
CD012551	threshold	377
CD012551	recall@1.0%	0.034
CD012551	recall@2.0%	0.034
CD012551	recall@3.0%	0.069
CD012551	recall@4.0%	0.103
CD012551	recall@5.0%	0.138
CD012551	recall@6.0%	0.207
CD012551	recall@7.0%	0.241
CD012551	recall@8.0%	0.276
CD012551	recall@9.0%	0.31
CD012551	recall@10.0%	0.379
CD012551	recall@11.0%	0.379
CD012551	recall@12.0%	0.379
CD012551	recall@13.0%	0.414
CD012551	recall@14.0%	0.448
CD012551	recall@15.0%	0.448
CD012551	recall@16.0%	0.448
CD012551	recall@17.0%	0.483
CD012551	recall@18.0%	0.517
CD012551	recall@19.0%	0.517
CD012551	recall@20.0%	0.517
CD012551	recall@21.0%	0.552
CD012551	recall@22.0%	0.552
CD012551	recall@23.0%	0.552
CD012551	recall@24.0%	0.621
CD012551	recall@25.0%	0.69
CD012551	recall@26.0%	0.69
CD012551	recall@27.0%	0.724
CD012551	recall@28.0%	0.724
CD012551	recall@29.0%	0.724
CD012551	recall@30.0%	0.759
CD012551	recall@31.0%	0.793
CD012551	recall@32.0%	0.793
CD012551	recall@33.0%	0.828
CD012551	recall@34.0%	0.828
CD012551	recall@35.0%	0.828
CD012551	recall@36.0%	0.862
CD012551	recall@37.0%	0.862
CD012551	recall@38.0%	0.862
CD012551	recall@39.0%	0.862
CD012551	recall@40.0%	0.862
CD012551	recall@41.0%	0.897
CD012551	recall@42.0%	0.897
CD012551	recall@43.0%	0.897
CD012551	recall@44.0%	0.931
CD012551	recall@45.0%	0.931
CD012551	recall@46.0%	0.931
CD012551	recall@47.0%	0.931
CD012551	recall@48.0%	0.931
CD012551	recall@49.0%	0.966
CD012551	recall@50.0%	0.966
CD012551	recall@51.0%	0.966
CD012551	recall@52.0%	0.966
CD012551	recall@53.0%	0.966
CD012551	recall@54.0%	0.966
CD012551	recall@55.0%	0.966
CD012551	recall@56.0%	0.966
CD012551	recall@57.0%	0.966
CD012551	recall@58.0%	0.966
CD012551	recall@59.0%	0.966
CD012551	recall@60.0%	0.966
CD012551	recall@61.0%	0.966
CD012551	recall@62.0%	0.966
CD012551	recall@63.0%	0.966
CD012551	recall@64.0%	0.966
CD012551	recall@65.0%	0.966
CD012551	recall@66.0%	0.966
CD012551	recall@67.0%	0.966
CD012551	recall@68.0%	1.0
CD012551	recall@69.0%	1.0
CD012551	recall@70.0%	1.0
CD012551	recall@71.0%	1.0
CD012551	recall@72.0%	1.0
CD012551	recall@73.0%	1.0
CD012551	recall@74.0%	1.0
CD012551	recall@75.0%	1.0
CD012551	recall@76.0%	1.0
CD012551	recall@77.0%	1.0
CD012551	recall@78.0%	1.0
CD012551	recall@79.0%	1.0
CD012551	recall@80.0%	1.0
CD012551	recall@81.0%	1.0
CD012551	recall@82.0%	1.0
CD012551	recall@83.0%	1.0
CD012551	recall@84.0%	1.0
CD012551	recall@85.0%	1.0
CD012551	recall@86.0%	1.0
CD012551	recall@87.0%	1.0
CD012551	recall@88.0%	1.0
CD012551	recall@89.0%	1.0
CD012551	recall@90.0%	1.0
CD012551	recall@91.0%	1.0
CD012551	recall@92.0%	1.0
CD012551	recall@93.0%	1.0
CD012551	recall@94.0%	1.0
CD012551	recall@95.0%	1.0
CD012551	recall@96.0%	1.0
CD012551	recall@97.0%	1.0
CD012551	recall@98.0%	1.0
CD012551	recall@99.0%	1.0
CD012551	recall@100.0%	1.0
CD012551	total_cost	-143.0
CD012551	norm_area	0.815
CD012551	ap	0.142
CD012551	r	0.966
CD012551	loss_e	0.245
CD012551	loss_r	0.001
CD012551	loss_er	0.246
Skipping topic: CD012567
Skipping topic: CD012661
Skipping topic: CD012669
Skipping topic: CD012768
ALL	num_shown	39355
ALL	rels_found	510
ALL	num_rels	510
ALL	last_rel	507.0
ALL	norm_last_rel	0.286
ALL	threshold	1405.0
ALL	norm_threshold	0.636
ALL	wss_100	0.714
ALL	wss_95	0.699
ALL	cg_total	28.0
ALL	cg_max	28.0
ALL	cg_threshold	28.0
ALL	recall_threshold	0.977
ALL	threshold	1405.0
ALL	recall@1.0%	0.112
ALL	recall@2.0%	0.194
ALL	recall@3.0%	0.257
ALL	recall@4.0%	0.302
ALL	recall@5.0%	0.347
ALL	recall@6.0%	0.402
ALL	recall@7.0%	0.447
ALL	recall@8.0%	0.486
ALL	recall@9.0%	0.504
ALL	recall@10.0%	0.531
ALL	recall@11.0%	0.553
ALL	recall@12.0%	0.584
ALL	recall@13.0%	0.598
ALL	recall@14.0%	0.612
ALL	recall@15.0%	0.631
ALL	recall@16.0%	0.639
ALL	recall@17.0%	0.655
ALL	recall@18.0%	0.675
ALL	recall@19.0%	0.684
ALL	recall@20.0%	0.696
ALL	recall@21.0%	0.71
ALL	recall@22.0%	0.722
ALL	recall@23.0%	0.739
ALL	recall@24.0%	0.749
ALL	recall@25.0%	0.755
ALL	recall@26.0%	0.765
ALL	recall@27.0%	0.771
ALL	recall@28.0%	0.775
ALL	recall@29.0%	0.78
ALL	recall@30.0%	0.784
ALL	recall@31.0%	0.794
ALL	recall@32.0%	0.798
ALL	recall@33.0%	0.8
ALL	recall@34.0%	0.81
ALL	recall@35.0%	0.816
ALL	recall@36.0%	0.825
ALL	recall@37.0%	0.829
ALL	recall@38.0%	0.843
ALL	recall@39.0%	0.851
ALL	recall@40.0%	0.861
ALL	recall@41.0%	0.867
ALL	recall@42.0%	0.873
ALL	recall@43.0%	0.875
ALL	recall@44.0%	0.88
ALL	recall@45.0%	0.892
ALL	recall@46.0%	0.894
ALL	recall@47.0%	0.898
ALL	recall@48.0%	0.902
ALL	recall@49.0%	0.906
ALL	recall@50.0%	0.906
ALL	recall@51.0%	0.912
ALL	recall@52.0%	0.912
ALL	recall@53.0%	0.914
ALL	recall@54.0%	0.922
ALL	recall@55.0%	0.933
ALL	recall@56.0%	0.937
ALL	recall@57.0%	0.937
ALL	recall@58.0%	0.941
ALL	recall@59.0%	0.941
ALL	recall@60.0%	0.941
ALL	recall@61.0%	0.941
ALL	recall@62.0%	0.953
ALL	recall@63.0%	0.965
ALL	recall@64.0%	0.973
ALL	recall@65.0%	0.976
ALL	recall@66.0%	0.978
ALL	recall@67.0%	0.982
ALL	recall@68.0%	0.984
ALL	recall@69.0%	0.984
ALL	recall@70.0%	0.988
ALL	recall@71.0%	0.988
ALL	recall@72.0%	0.988
ALL	recall@73.0%	0.99
ALL	recall@74.0%	0.994
ALL	recall@75.0%	0.996
ALL	recall@76.0%	0.996
ALL	recall@77.0%	0.998
ALL	recall@78.0%	0.998
ALL	recall@79.0%	0.998
ALL	recall@80.0%	0.998
ALL	recall@81.0%	0.998
ALL	recall@82.0%	0.998
ALL	recall@83.0%	0.998
ALL	recall@84.0%	0.998
ALL	recall@85.0%	0.998
ALL	recall@86.0%	0.998
ALL	recall@87.0%	0.998
ALL	recall@88.0%	0.998
ALL	recall@89.0%	0.998
ALL	recall@90.0%	0.998
ALL	recall@91.0%	1.0
ALL	recall@92.0%	1.0
ALL	recall@93.0%	1.0
ALL	recall@94.0%	1.0
ALL	recall@95.0%	1.0
ALL	recall@96.0%	1.0
ALL	recall@97.0%	1.0
ALL	recall@98.0%	1.0
ALL	recall@99.0%	1.0
ALL	recall@100.0%	1.0
ALL	total_cost	881.0
ALL	norm_area	0.902
ALL	ap	0.22
ALL	r	0.977
ALL	loss_e	0.297
ALL	loss_r	0.006
ALL	loss_er	0.304
