Skipping topic: CD000996
Skipping topic: CD001261
Skipping topic: CD004414
Skipping topic: CD006468
Skipping topic: CD007867
Skipping topic: CD008874
Skipping topic: CD009044
Skipping topic: CD009069
Skipping topic: CD009642
Skipping topic: CD010038
Skipping topic: CD010239
Skipping topic: CD010558
Skipping topic: CD010753
Skipping topic: CD011140
Skipping topic: CD011558
Skipping topic: CD011571
Skipping topic: CD011686
Skipping topic: CD011768
Skipping topic: CD011787
Skipping topic: CD011977
Skipping topic: CD012069
Skipping topic: CD012080
Skipping topic: CD012164
Skipping topic: CD012233
Skipping topic: CD012342
Skipping topic: CD012455
Skipping topic: CD012551
Skipping topic: CD012567
CD012661	num_shown	3367
CD012661	rels_found	192
CD012661	num_rels	192
CD012661	last_rel	2885
CD012661	norm_last_rel	0.857
CD012661	threshold	1221
CD012661	norm_threshold	0.363
CD012661	wss_100	0.143
CD012661	wss_95	0.591
CD012661	cg_total	192.0
CD012661	cg_max	192.0
CD012661	cg_threshold	182.0
CD012661	recall_threshold	0.948
CD012661	threshold	1221
CD012661	recall@1.0%	0.177
CD012661	recall@2.0%	0.349
CD012661	recall@3.0%	0.438
CD012661	recall@4.0%	0.505
CD012661	recall@5.0%	0.562
CD012661	recall@6.0%	0.589
CD012661	recall@7.0%	0.625
CD012661	recall@8.0%	0.667
CD012661	recall@9.0%	0.693
CD012661	recall@10.0%	0.714
CD012661	recall@11.0%	0.729
CD012661	recall@12.0%	0.75
CD012661	recall@13.0%	0.771
CD012661	recall@14.0%	0.797
CD012661	recall@15.0%	0.823
CD012661	recall@16.0%	0.839
CD012661	recall@17.0%	0.839
CD012661	recall@18.0%	0.854
CD012661	recall@19.0%	0.87
CD012661	recall@20.0%	0.875
CD012661	recall@21.0%	0.885
CD012661	recall@22.0%	0.885
CD012661	recall@23.0%	0.891
CD012661	recall@24.0%	0.891
CD012661	recall@25.0%	0.891
CD012661	recall@26.0%	0.901
CD012661	recall@27.0%	0.901
CD012661	recall@28.0%	0.911
CD012661	recall@29.0%	0.911
CD012661	recall@30.0%	0.911
CD012661	recall@31.0%	0.922
CD012661	recall@32.0%	0.922
CD012661	recall@33.0%	0.938
CD012661	recall@34.0%	0.943
CD012661	recall@35.0%	0.943
CD012661	recall@36.0%	0.948
CD012661	recall@37.0%	0.948
CD012661	recall@38.0%	0.958
CD012661	recall@39.0%	0.958
CD012661	recall@40.0%	0.958
CD012661	recall@41.0%	0.964
CD012661	recall@42.0%	0.969
CD012661	recall@43.0%	0.969
CD012661	recall@44.0%	0.969
CD012661	recall@45.0%	0.969
CD012661	recall@46.0%	0.974
CD012661	recall@47.0%	0.974
CD012661	recall@48.0%	0.974
CD012661	recall@49.0%	0.974
CD012661	recall@50.0%	0.979
CD012661	recall@51.0%	0.979
CD012661	recall@52.0%	0.979
CD012661	recall@53.0%	0.979
CD012661	recall@54.0%	0.979
CD012661	recall@55.0%	0.979
CD012661	recall@56.0%	0.979
CD012661	recall@57.0%	0.979
CD012661	recall@58.0%	0.979
CD012661	recall@59.0%	0.979
CD012661	recall@60.0%	0.979
CD012661	recall@61.0%	0.979
CD012661	recall@62.0%	0.979
CD012661	recall@63.0%	0.984
CD012661	recall@64.0%	0.984
CD012661	recall@65.0%	0.984
CD012661	recall@66.0%	0.984
CD012661	recall@67.0%	0.984
CD012661	recall@68.0%	0.984
CD012661	recall@69.0%	0.984
CD012661	recall@70.0%	0.984
CD012661	recall@71.0%	0.99
CD012661	recall@72.0%	0.995
CD012661	recall@73.0%	0.995
CD012661	recall@74.0%	0.995
CD012661	recall@75.0%	0.995
CD012661	recall@76.0%	0.995
CD012661	recall@77.0%	0.995
CD012661	recall@78.0%	0.995
CD012661	recall@79.0%	0.995
CD012661	recall@80.0%	0.995
CD012661	recall@81.0%	0.995
CD012661	recall@82.0%	0.995
CD012661	recall@83.0%	0.995
CD012661	recall@84.0%	0.995
CD012661	recall@85.0%	0.995
CD012661	recall@86.0%	1.0
CD012661	recall@87.0%	1.0
CD012661	recall@88.0%	1.0
CD012661	recall@89.0%	1.0
CD012661	recall@90.0%	1.0
CD012661	recall@91.0%	1.0
CD012661	recall@92.0%	1.0
CD012661	recall@93.0%	1.0
CD012661	recall@94.0%	1.0
CD012661	recall@95.0%	1.0
CD012661	recall@96.0%	1.0
CD012661	recall@97.0%	1.0
CD012661	recall@98.0%	1.0
CD012661	recall@99.0%	1.0
CD012661	recall@100.0%	1.0
CD012661	total_cost	-2019.0
CD012661	norm_area	0.933
CD012661	ap	0.673
CD012661	r	0.948
CD012661	loss_e	0.015
CD012661	loss_r	0.003
CD012661	loss_er	0.018
Skipping topic: CD012669
Skipping topic: CD012768
ALL	num_shown	3367
ALL	rels_found	192
ALL	num_rels	192
ALL	last_rel	2885.0
ALL	norm_last_rel	0.857
ALL	threshold	1221.0
ALL	norm_threshold	0.363
ALL	wss_100	0.143
ALL	wss_95	0.591
ALL	cg_total	192.0
ALL	cg_max	192.0
ALL	cg_threshold	182.0
ALL	recall_threshold	0.948
ALL	threshold	1221.0
ALL	recall@1.0%	0.177
ALL	recall@2.0%	0.349
ALL	recall@3.0%	0.438
ALL	recall@4.0%	0.505
ALL	recall@5.0%	0.562
ALL	recall@6.0%	0.589
ALL	recall@7.0%	0.625
ALL	recall@8.0%	0.667
ALL	recall@9.0%	0.693
ALL	recall@10.0%	0.714
ALL	recall@11.0%	0.729
ALL	recall@12.0%	0.75
ALL	recall@13.0%	0.771
ALL	recall@14.0%	0.797
ALL	recall@15.0%	0.823
ALL	recall@16.0%	0.839
ALL	recall@17.0%	0.839
ALL	recall@18.0%	0.854
ALL	recall@19.0%	0.87
ALL	recall@20.0%	0.875
ALL	recall@21.0%	0.885
ALL	recall@22.0%	0.885
ALL	recall@23.0%	0.891
ALL	recall@24.0%	0.891
ALL	recall@25.0%	0.891
ALL	recall@26.0%	0.901
ALL	recall@27.0%	0.901
ALL	recall@28.0%	0.911
ALL	recall@29.0%	0.911
ALL	recall@30.0%	0.911
ALL	recall@31.0%	0.922
ALL	recall@32.0%	0.922
ALL	recall@33.0%	0.938
ALL	recall@34.0%	0.943
ALL	recall@35.0%	0.943
ALL	recall@36.0%	0.948
ALL	recall@37.0%	0.948
ALL	recall@38.0%	0.958
ALL	recall@39.0%	0.958
ALL	recall@40.0%	0.958
ALL	recall@41.0%	0.964
ALL	recall@42.0%	0.969
ALL	recall@43.0%	0.969
ALL	recall@44.0%	0.969
ALL	recall@45.0%	0.969
ALL	recall@46.0%	0.974
ALL	recall@47.0%	0.974
ALL	recall@48.0%	0.974
ALL	recall@49.0%	0.974
ALL	recall@50.0%	0.979
ALL	recall@51.0%	0.979
ALL	recall@52.0%	0.979
ALL	recall@53.0%	0.979
ALL	recall@54.0%	0.979
ALL	recall@55.0%	0.979
ALL	recall@56.0%	0.979
ALL	recall@57.0%	0.979
ALL	recall@58.0%	0.979
ALL	recall@59.0%	0.979
ALL	recall@60.0%	0.979
ALL	recall@61.0%	0.979
ALL	recall@62.0%	0.979
ALL	recall@63.0%	0.984
ALL	recall@64.0%	0.984
ALL	recall@65.0%	0.984
ALL	recall@66.0%	0.984
ALL	recall@67.0%	0.984
ALL	recall@68.0%	0.984
ALL	recall@69.0%	0.984
ALL	recall@70.0%	0.984
ALL	recall@71.0%	0.99
ALL	recall@72.0%	0.995
ALL	recall@73.0%	0.995
ALL	recall@74.0%	0.995
ALL	recall@75.0%	0.995
ALL	recall@76.0%	0.995
ALL	recall@77.0%	0.995
ALL	recall@78.0%	0.995
ALL	recall@79.0%	0.995
ALL	recall@80.0%	0.995
ALL	recall@81.0%	0.995
ALL	recall@82.0%	0.995
ALL	recall@83.0%	0.995
ALL	recall@84.0%	0.995
ALL	recall@85.0%	0.995
ALL	recall@86.0%	1.0
ALL	recall@87.0%	1.0
ALL	recall@88.0%	1.0
ALL	recall@89.0%	1.0
ALL	recall@90.0%	1.0
ALL	recall@91.0%	1.0
ALL	recall@92.0%	1.0
ALL	recall@93.0%	1.0
ALL	recall@94.0%	1.0
ALL	recall@95.0%	1.0
ALL	recall@96.0%	1.0
ALL	recall@97.0%	1.0
ALL	recall@98.0%	1.0
ALL	recall@99.0%	1.0
ALL	recall@100.0%	1.0
ALL	total_cost	-2019.0
ALL	norm_area	0.933
ALL	ap	0.673
ALL	r	0.948
ALL	loss_e	0.015
ALL	loss_r	0.003
ALL	loss_er	0.018
